<?xml version="1.0" encoding="UTF-8"?>
<!-- Generated by org.testng.reporters.JUnitXMLReporter -->
<testsuite hostname="DESKTOP-2VD0QVH" ignored="0" name="Command line test" tests="129" failures="73" timestamp="10 окт 2017 14:10:39 GMT" time="653.692" errors="0">
  <testcase name="TestAboutShare1" time="3.448" classname="Tests.BlogTest"/>
  <testcase name="TestAboutShare10" time="4.068" classname="Tests.BlogTest"/>
  <testcase name="TestAboutShare11" time="4.105" classname="Tests.BlogTest"/>
  <testcase name="TestAboutShare12" time="4.223" classname="Tests.BlogTest"/>
  <testcase name="TestAboutShare13" time="4.267" classname="Tests.BlogTest"/>
  <testcase name="TestAboutShare14" time="4.251" classname="Tests.BlogTest"/>
  <testcase name="TestAboutShare15" time="4.159" classname="Tests.BlogTest"/>
  <testcase name="TestAboutShare16" time="4.969" classname="Tests.BlogTest"/>
  <testcase name="TestAboutShare17" time="4.287" classname="Tests.BlogTest"/>
  <testcase name="TestAboutShare18" time="3.992" classname="Tests.BlogTest"/>
  <testcase name="TestAboutShare19" time="4.136" classname="Tests.BlogTest"/>
  <testcase name="TestAboutShare2" time="2.487" classname="Tests.BlogTest"/>
  <testcase name="TestAboutShare20" time="4.046" classname="Tests.BlogTest"/>
  <testcase name="TestAboutShare21" time="4.226" classname="Tests.BlogTest"/>
  <testcase name="TestAboutShare22" time="4.099" classname="Tests.BlogTest"/>
  <testcase name="TestAboutShare23" time="4.093" classname="Tests.BlogTest"/>
  <testcase name="TestAboutShare24" time="4.313" classname="Tests.BlogTest"/>
  <testcase name="TestAboutShare25" time="3.728" classname="Tests.BlogTest"/>
  <testcase name="TestAboutShare26" time="4.125" classname="Tests.BlogTest"/>
  <testcase name="TestAboutShare27" time="4.302" classname="Tests.BlogTest"/>
  <testcase name="TestAboutShare28" time="4.253" classname="Tests.BlogTest"/>
  <testcase name="TestAboutShare29" time="4.345" classname="Tests.BlogTest"/>
  <testcase name="TestAboutShare3" time="2.751" classname="Tests.BlogTest"/>
  <testcase name="TestAboutShare30" time="4.019" classname="Tests.BlogTest"/>
  <testcase name="TestAboutShare31" time="4.309" classname="Tests.BlogTest"/>
  <testcase name="TestAboutShare32" time="9.69" classname="Tests.BlogTest"/>
  <testcase name="TestAboutShare33" time="13.024" classname="Tests.BlogTest"/>
  <testcase name="TestAboutShare34" time="13.031" classname="Tests.BlogTest"/>
  <testcase name="TestAboutShare35" time="13.959" classname="Tests.BlogTest">
    <failure type="java.lang.AssertionError" message="The following asserts failed:
	expected [Семестр университета в Украине стоит недешево и даже если речь идет о бюджетной форме, расходов не избежать: канцелярия, учебники, аренда жилья, оплата курсов и даже проезд домой. Где взять деньги и что делать, если они нужны уже сегодня?] but found [Когда начинают звонить сотрудники коллекторской компании, начинаешь думать о том, насколько законны их действия и стоит ли им платить? Имеет ли банк право «подключить» к работе 3-х лиц, если процесс взыскания станет эффективнее?],
	expected [http://dev2.mycredit.com.ua/ru/blog/gde-vzyat-kredit-studentam-na-obuchenie/] but found [http://dev2.mycredit.com.ua/ru/blog/kak-ne-platit-kredit-kollektoram-v-ukraine/]">
      <![CDATA[java.lang.AssertionError: The following asserts failed:
	expected [Семестр университета в Украине стоит недешево и даже если речь идет о бюджетной форме, расходов не избежать: канцелярия, учебники, аренда жилья, оплата курсов и даже проезд домой. Где взять деньги и что делать, если они нужны уже сегодня?] but found [Когда начинают звонить сотрудники коллекторской компании, начинаешь думать о том, насколько законны их действия и стоит ли им платить? Имеет ли банк право «подключить» к работе 3-х лиц, если процесс взыскания станет эффективнее?],
	expected [http://dev2.mycredit.com.ua/ru/blog/gde-vzyat-kredit-studentam-na-obuchenie/] but found [http://dev2.mycredit.com.ua/ru/blog/kak-ne-platit-kredit-kollektoram-v-ukraine/]
	at Tests.BlogTest.TestAboutShare35(BlogTest.java:495)
... Removed 36 stack frames]]>
    </failure>
  </testcase> <!-- TestAboutShare35 -->
  <testcase name="TestAboutShare36" time="18.492" classname="Tests.BlogTest">
    <failure type="org.openqa.selenium.NoSuchElementException" message="no such element: Unable to locate element: {&amp;quot;method&amp;quot;:&amp;quot;xpath&amp;quot;,&amp;quot;selector&amp;quot;:&amp;quot;/html/body/div[1]/div[4]/div/div[2]/div/div[2]/div/div[1]/div[2]/p[1]&amp;quot;}
  (Session info: chrome=61.0.3163.100)
  (Driver info: chromedriver=2.33.506120 (e3e53437346286c0bc2d2dc9aa4915ba81d9023f),platform=Windows NT 10.0.15063 x86_64) (WARNING: The server did not provide any stacktrace information)
Command duration or timeout: 7.03 seconds
For documentation on this error, please visit: http://seleniumhq.org/exceptions/no_such_element.html
Build info: version: &amp;apos;2.53.1&amp;apos;, revision: &amp;apos;a36b8b1cd5757287168e54b817830adce9b0158d&amp;apos;, time: &amp;apos;2016-06-30 19:26:09&amp;apos;
System info: host: &amp;apos;DESKTOP-2VD0QVH&amp;apos;, ip: &amp;apos;192.168.1.118&amp;apos;, os.name: &amp;apos;Windows 10&amp;apos;, os.arch: &amp;apos;amd64&amp;apos;, os.version: &amp;apos;10.0&amp;apos;, java.version: &amp;apos;1.8.0_144&amp;apos;
Driver info: org.openqa.selenium.chrome.ChromeDriver
Capabilities [{applicationCacheEnabled=false, rotatable=false, mobileEmulationEnabled=false, networkConnectionEnabled=false, chrome={chromedriverVersion=2.33.506120 (e3e53437346286c0bc2d2dc9aa4915ba81d9023f), userDataDir=C:\Users\user\AppData\Local\Temp\scoped_dir51096_23193}, takesHeapSnapshot=true, pageLoadStrategy=normal, databaseEnabled=false, handlesAlerts=true, hasTouchScreen=false, version=61.0.3163.100, platform=XP, browserConnectionEnabled=false, nativeEvents=true, acceptSslCerts=true, locationContextEnabled=true, webStorageEnabled=true, browserName=chrome, takesScreenshot=true, javascriptEnabled=true, cssSelectorsEnabled=true, setWindowRect=true, unexpectedAlertBehaviour=}]
Session ID: 3fb7fe4d91a211b6eda11b6c4514f329
*** Element info: {Using=xpath, value=/html/body/div[1]/div[4]/div/div[2]/div/div[2]/div/div[1]/div[2]/p[1]}">
      <![CDATA[org.openqa.selenium.NoSuchElementException: no such element: Unable to locate element: {"method":"xpath","selector":"/html/body/div[1]/div[4]/div/div[2]/div/div[2]/div/div[1]/div[2]/p[1]"}
  (Session info: chrome=61.0.3163.100)
  (Driver info: chromedriver=2.33.506120 (e3e53437346286c0bc2d2dc9aa4915ba81d9023f),platform=Windows NT 10.0.15063 x86_64) (WARNING: The server did not provide any stacktrace information)
Command duration or timeout: 7.03 seconds
For documentation on this error, please visit: http://seleniumhq.org/exceptions/no_such_element.html
Build info: version: '2.53.1', revision: 'a36b8b1cd5757287168e54b817830adce9b0158d', time: '2016-06-30 19:26:09'
System info: host: 'DESKTOP-2VD0QVH', ip: '192.168.1.118', os.name: 'Windows 10', os.arch: 'amd64', os.version: '10.0', java.version: '1.8.0_144'
Driver info: org.openqa.selenium.chrome.ChromeDriver
Capabilities [{applicationCacheEnabled=false, rotatable=false, mobileEmulationEnabled=false, networkConnectionEnabled=false, chrome={chromedriverVersion=2.33.506120 (e3e53437346286c0bc2d2dc9aa4915ba81d9023f), userDataDir=C:\Users\user\AppData\Local\Temp\scoped_dir51096_23193}, takesHeapSnapshot=true, pageLoadStrategy=normal, databaseEnabled=false, handlesAlerts=true, hasTouchScreen=false, version=61.0.3163.100, platform=XP, browserConnectionEnabled=false, nativeEvents=true, acceptSslCerts=true, locationContextEnabled=true, webStorageEnabled=true, browserName=chrome, takesScreenshot=true, javascriptEnabled=true, cssSelectorsEnabled=true, setWindowRect=true, unexpectedAlertBehaviour=}]
Session ID: 3fb7fe4d91a211b6eda11b6c4514f329
*** Element info: {Using=xpath, value=/html/body/div[1]/div[4]/div/div[2]/div/div[2]/div/div[1]/div[2]/p[1]}
	at org.openqa.selenium.remote.ErrorHandler.createThrowable(ErrorHandler.java:206)
	at org.openqa.selenium.remote.ErrorHandler.throwIfResponseFailed(ErrorHandler.java:158)
	at org.openqa.selenium.remote.RemoteWebDriver.execute(RemoteWebDriver.java:678)
	at org.openqa.selenium.remote.RemoteWebDriver.findElement(RemoteWebDriver.java:363)
	at org.openqa.selenium.remote.RemoteWebDriver.findElementByXPath(RemoteWebDriver.java:500)
	at org.openqa.selenium.By$ByXPath.findElement(By.java:361)
	at org.openqa.selenium.remote.RemoteWebDriver.findElement(RemoteWebDriver.java:355)
	at Pages.BlogPage.Gettext(BlogPage.java:105)
	at Tests.BlogTest.TestAboutShare36(BlogTest.java:503)
... Removed 39 stack frames]]>
    </failure>
  </testcase> <!-- TestAboutShare36 -->
  <testcase name="TestAboutShare37" time="18.644" classname="Tests.BlogTest">
    <failure type="org.openqa.selenium.NoSuchElementException" message="no such element: Unable to locate element: {&amp;quot;method&amp;quot;:&amp;quot;xpath&amp;quot;,&amp;quot;selector&amp;quot;:&amp;quot;/html/body/div[1]/div[4]/div/div[2]/div/div[2]/div/div[1]/div[2]/p[1]&amp;quot;}
  (Session info: chrome=61.0.3163.100)
  (Driver info: chromedriver=2.33.506120 (e3e53437346286c0bc2d2dc9aa4915ba81d9023f),platform=Windows NT 10.0.15063 x86_64) (WARNING: The server did not provide any stacktrace information)
Command duration or timeout: 7.07 seconds
For documentation on this error, please visit: http://seleniumhq.org/exceptions/no_such_element.html
Build info: version: &amp;apos;2.53.1&amp;apos;, revision: &amp;apos;a36b8b1cd5757287168e54b817830adce9b0158d&amp;apos;, time: &amp;apos;2016-06-30 19:26:09&amp;apos;
System info: host: &amp;apos;DESKTOP-2VD0QVH&amp;apos;, ip: &amp;apos;192.168.1.118&amp;apos;, os.name: &amp;apos;Windows 10&amp;apos;, os.arch: &amp;apos;amd64&amp;apos;, os.version: &amp;apos;10.0&amp;apos;, java.version: &amp;apos;1.8.0_144&amp;apos;
Driver info: org.openqa.selenium.chrome.ChromeDriver
Capabilities [{applicationCacheEnabled=false, rotatable=false, mobileEmulationEnabled=false, networkConnectionEnabled=false, chrome={chromedriverVersion=2.33.506120 (e3e53437346286c0bc2d2dc9aa4915ba81d9023f), userDataDir=C:\Users\user\AppData\Local\Temp\scoped_dir51096_23193}, takesHeapSnapshot=true, pageLoadStrategy=normal, databaseEnabled=false, handlesAlerts=true, hasTouchScreen=false, version=61.0.3163.100, platform=XP, browserConnectionEnabled=false, nativeEvents=true, acceptSslCerts=true, locationContextEnabled=true, webStorageEnabled=true, browserName=chrome, takesScreenshot=true, javascriptEnabled=true, cssSelectorsEnabled=true, setWindowRect=true, unexpectedAlertBehaviour=}]
Session ID: 3fb7fe4d91a211b6eda11b6c4514f329
*** Element info: {Using=xpath, value=/html/body/div[1]/div[4]/div/div[2]/div/div[2]/div/div[1]/div[2]/p[1]}">
      <![CDATA[org.openqa.selenium.NoSuchElementException: no such element: Unable to locate element: {"method":"xpath","selector":"/html/body/div[1]/div[4]/div/div[2]/div/div[2]/div/div[1]/div[2]/p[1]"}
  (Session info: chrome=61.0.3163.100)
  (Driver info: chromedriver=2.33.506120 (e3e53437346286c0bc2d2dc9aa4915ba81d9023f),platform=Windows NT 10.0.15063 x86_64) (WARNING: The server did not provide any stacktrace information)
Command duration or timeout: 7.07 seconds
For documentation on this error, please visit: http://seleniumhq.org/exceptions/no_such_element.html
Build info: version: '2.53.1', revision: 'a36b8b1cd5757287168e54b817830adce9b0158d', time: '2016-06-30 19:26:09'
System info: host: 'DESKTOP-2VD0QVH', ip: '192.168.1.118', os.name: 'Windows 10', os.arch: 'amd64', os.version: '10.0', java.version: '1.8.0_144'
Driver info: org.openqa.selenium.chrome.ChromeDriver
Capabilities [{applicationCacheEnabled=false, rotatable=false, mobileEmulationEnabled=false, networkConnectionEnabled=false, chrome={chromedriverVersion=2.33.506120 (e3e53437346286c0bc2d2dc9aa4915ba81d9023f), userDataDir=C:\Users\user\AppData\Local\Temp\scoped_dir51096_23193}, takesHeapSnapshot=true, pageLoadStrategy=normal, databaseEnabled=false, handlesAlerts=true, hasTouchScreen=false, version=61.0.3163.100, platform=XP, browserConnectionEnabled=false, nativeEvents=true, acceptSslCerts=true, locationContextEnabled=true, webStorageEnabled=true, browserName=chrome, takesScreenshot=true, javascriptEnabled=true, cssSelectorsEnabled=true, setWindowRect=true, unexpectedAlertBehaviour=}]
Session ID: 3fb7fe4d91a211b6eda11b6c4514f329
*** Element info: {Using=xpath, value=/html/body/div[1]/div[4]/div/div[2]/div/div[2]/div/div[1]/div[2]/p[1]}
	at org.openqa.selenium.remote.ErrorHandler.createThrowable(ErrorHandler.java:206)
	at org.openqa.selenium.remote.ErrorHandler.throwIfResponseFailed(ErrorHandler.java:158)
	at org.openqa.selenium.remote.RemoteWebDriver.execute(RemoteWebDriver.java:678)
	at org.openqa.selenium.remote.RemoteWebDriver.findElement(RemoteWebDriver.java:363)
	at org.openqa.selenium.remote.RemoteWebDriver.findElementByXPath(RemoteWebDriver.java:500)
	at org.openqa.selenium.By$ByXPath.findElement(By.java:361)
	at org.openqa.selenium.remote.RemoteWebDriver.findElement(RemoteWebDriver.java:355)
	at Pages.BlogPage.Gettext(BlogPage.java:105)
	at Tests.BlogTest.TestAboutShare37(BlogTest.java:523)
... Removed 39 stack frames]]>
    </failure>
  </testcase> <!-- TestAboutShare37 -->
  <testcase name="TestAboutShare38" time="18.677" classname="Tests.BlogTest">
    <failure type="org.openqa.selenium.NoSuchElementException" message="no such element: Unable to locate element: {&amp;quot;method&amp;quot;:&amp;quot;xpath&amp;quot;,&amp;quot;selector&amp;quot;:&amp;quot;/html/body/div[1]/div[4]/div/div[2]/div/div[2]/div/div[1]/div[2]/p[1]&amp;quot;}
  (Session info: chrome=61.0.3163.100)
  (Driver info: chromedriver=2.33.506120 (e3e53437346286c0bc2d2dc9aa4915ba81d9023f),platform=Windows NT 10.0.15063 x86_64) (WARNING: The server did not provide any stacktrace information)
Command duration or timeout: 7.01 seconds
For documentation on this error, please visit: http://seleniumhq.org/exceptions/no_such_element.html
Build info: version: &amp;apos;2.53.1&amp;apos;, revision: &amp;apos;a36b8b1cd5757287168e54b817830adce9b0158d&amp;apos;, time: &amp;apos;2016-06-30 19:26:09&amp;apos;
System info: host: &amp;apos;DESKTOP-2VD0QVH&amp;apos;, ip: &amp;apos;192.168.1.118&amp;apos;, os.name: &amp;apos;Windows 10&amp;apos;, os.arch: &amp;apos;amd64&amp;apos;, os.version: &amp;apos;10.0&amp;apos;, java.version: &amp;apos;1.8.0_144&amp;apos;
Driver info: org.openqa.selenium.chrome.ChromeDriver
Capabilities [{applicationCacheEnabled=false, rotatable=false, mobileEmulationEnabled=false, networkConnectionEnabled=false, chrome={chromedriverVersion=2.33.506120 (e3e53437346286c0bc2d2dc9aa4915ba81d9023f), userDataDir=C:\Users\user\AppData\Local\Temp\scoped_dir51096_23193}, takesHeapSnapshot=true, pageLoadStrategy=normal, databaseEnabled=false, handlesAlerts=true, hasTouchScreen=false, version=61.0.3163.100, platform=XP, browserConnectionEnabled=false, nativeEvents=true, acceptSslCerts=true, locationContextEnabled=true, webStorageEnabled=true, browserName=chrome, takesScreenshot=true, javascriptEnabled=true, cssSelectorsEnabled=true, setWindowRect=true, unexpectedAlertBehaviour=}]
Session ID: 3fb7fe4d91a211b6eda11b6c4514f329
*** Element info: {Using=xpath, value=/html/body/div[1]/div[4]/div/div[2]/div/div[2]/div/div[1]/div[2]/p[1]}">
      <![CDATA[org.openqa.selenium.NoSuchElementException: no such element: Unable to locate element: {"method":"xpath","selector":"/html/body/div[1]/div[4]/div/div[2]/div/div[2]/div/div[1]/div[2]/p[1]"}
  (Session info: chrome=61.0.3163.100)
  (Driver info: chromedriver=2.33.506120 (e3e53437346286c0bc2d2dc9aa4915ba81d9023f),platform=Windows NT 10.0.15063 x86_64) (WARNING: The server did not provide any stacktrace information)
Command duration or timeout: 7.01 seconds
For documentation on this error, please visit: http://seleniumhq.org/exceptions/no_such_element.html
Build info: version: '2.53.1', revision: 'a36b8b1cd5757287168e54b817830adce9b0158d', time: '2016-06-30 19:26:09'
System info: host: 'DESKTOP-2VD0QVH', ip: '192.168.1.118', os.name: 'Windows 10', os.arch: 'amd64', os.version: '10.0', java.version: '1.8.0_144'
Driver info: org.openqa.selenium.chrome.ChromeDriver
Capabilities [{applicationCacheEnabled=false, rotatable=false, mobileEmulationEnabled=false, networkConnectionEnabled=false, chrome={chromedriverVersion=2.33.506120 (e3e53437346286c0bc2d2dc9aa4915ba81d9023f), userDataDir=C:\Users\user\AppData\Local\Temp\scoped_dir51096_23193}, takesHeapSnapshot=true, pageLoadStrategy=normal, databaseEnabled=false, handlesAlerts=true, hasTouchScreen=false, version=61.0.3163.100, platform=XP, browserConnectionEnabled=false, nativeEvents=true, acceptSslCerts=true, locationContextEnabled=true, webStorageEnabled=true, browserName=chrome, takesScreenshot=true, javascriptEnabled=true, cssSelectorsEnabled=true, setWindowRect=true, unexpectedAlertBehaviour=}]
Session ID: 3fb7fe4d91a211b6eda11b6c4514f329
*** Element info: {Using=xpath, value=/html/body/div[1]/div[4]/div/div[2]/div/div[2]/div/div[1]/div[2]/p[1]}
	at org.openqa.selenium.remote.ErrorHandler.createThrowable(ErrorHandler.java:206)
	at org.openqa.selenium.remote.ErrorHandler.throwIfResponseFailed(ErrorHandler.java:158)
	at org.openqa.selenium.remote.RemoteWebDriver.execute(RemoteWebDriver.java:678)
	at org.openqa.selenium.remote.RemoteWebDriver.findElement(RemoteWebDriver.java:363)
	at org.openqa.selenium.remote.RemoteWebDriver.findElementByXPath(RemoteWebDriver.java:500)
	at org.openqa.selenium.By$ByXPath.findElement(By.java:361)
	at org.openqa.selenium.remote.RemoteWebDriver.findElement(RemoteWebDriver.java:355)
	at Pages.BlogPage.Gettext(BlogPage.java:105)
	at Tests.BlogTest.TestAboutShare38(BlogTest.java:534)
... Removed 39 stack frames]]>
    </failure>
  </testcase> <!-- TestAboutShare38 -->
  <testcase name="TestAboutShare39" time="8.242" classname="Tests.BlogTest">
    <failure type="java.lang.AssertionError" message="The following asserts failed:
	expected [Семестр университета в Украине стоит недешево и даже если речь идет о бюджетной форме, расходов не избежать: канцелярия, учебники, аренда жилья, оплата курсов и даже проезд домой. Где взять деньги и что делать, если они нужны уже сегодня?] but found [Когда начинают звонить сотрудники коллекторской компании, начинаешь думать о том, насколько законны их действия и стоит ли им платить? Имеет ли банк право «подключить» к работе 3-х лиц, если процесс взыскания станет эффективнее?],
	expected [http://dev2.mycredit.com.ua/ru/blog/gde-vzyat-kredit-studentam-na-obuchenie/] but found [http://dev2.mycredit.com.ua/ru/blog/kak-ne-platit-kredit-kollektoram-v-ukraine/]">
      <![CDATA[java.lang.AssertionError: The following asserts failed:
	expected [Семестр университета в Украине стоит недешево и даже если речь идет о бюджетной форме, расходов не избежать: канцелярия, учебники, аренда жилья, оплата курсов и даже проезд домой. Где взять деньги и что делать, если они нужны уже сегодня?] but found [Когда начинают звонить сотрудники коллекторской компании, начинаешь думать о том, насколько законны их действия и стоит ли им платить? Имеет ли банк право «подключить» к работе 3-х лиц, если процесс взыскания станет эффективнее?],
	expected [http://dev2.mycredit.com.ua/ru/blog/gde-vzyat-kredit-studentam-na-obuchenie/] but found [http://dev2.mycredit.com.ua/ru/blog/kak-ne-platit-kredit-kollektoram-v-ukraine/]
	at Tests.BlogTest.TestAboutShare39(BlogTest.java:548)
... Removed 36 stack frames]]>
    </failure>
  </testcase> <!-- TestAboutShare39 -->
  <testcase name="TestAboutShare4" time="3.257" classname="Tests.BlogTest">
    <failure type="java.lang.AssertionError" message="The following asserts failed:
	expected [Семестр университета в Украине стоит недешево и даже если речь идет о бюджетной форме, расходов не избежать: канцелярия, учебники, аренда жилья, оплата курсов и даже проезд домой. Где взять деньги и что делать, если они нужны уже сегодня?] but found [Когда начинают звонить сотрудники коллекторской компании, начинаешь думать о том, насколько законны их действия и стоит ли им платить? Имеет ли банк право «подключить» к работе 3-х лиц, если процесс взыскания станет эффективнее?],
	expected [http://dev2.mycredit.com.ua/ru/blog/gde-vzyat-kredit-studentam-na-obuchenie/] but found [http://dev2.mycredit.com.ua/ru/blog/kak-ne-platit-kredit-kollektoram-v-ukraine/]">
      <![CDATA[java.lang.AssertionError: The following asserts failed:
	expected [Семестр университета в Украине стоит недешево и даже если речь идет о бюджетной форме, расходов не избежать: канцелярия, учебники, аренда жилья, оплата курсов и даже проезд домой. Где взять деньги и что делать, если они нужны уже сегодня?] but found [Когда начинают звонить сотрудники коллекторской компании, начинаешь думать о том, насколько законны их действия и стоит ли им платить? Имеет ли банк право «подключить» к работе 3-х лиц, если процесс взыскания станет эффективнее?],
	expected [http://dev2.mycredit.com.ua/ru/blog/gde-vzyat-kredit-studentam-na-obuchenie/] but found [http://dev2.mycredit.com.ua/ru/blog/kak-ne-platit-kredit-kollektoram-v-ukraine/]
	at Tests.BlogTest.TestAboutShare4(BlogTest.java:86)
... Removed 36 stack frames]]>
    </failure>
  </testcase> <!-- TestAboutShare4 -->
  <testcase name="TestAboutShare40" time="4.006" classname="Tests.BlogTest">
    <failure type="java.lang.AssertionError" message="The following asserts failed:
	expected [Семестр университета в Украине стоит недешево и даже если речь идет о бюджетной форме, расходов не избежать: канцелярия, учебники, аренда жилья, оплата курсов и даже проезд домой. Где взять деньги и что делать, если они нужны уже сегодня?] but found [Когда начинают звонить сотрудники коллекторской компании, начинаешь думать о том, насколько законны их действия и стоит ли им платить? Имеет ли банк право «подключить» к работе 3-х лиц, если процесс взыскания станет эффективнее?],
	expected [http://dev2.mycredit.com.ua/ru/blog/gde-vzyat-kredit-studentam-na-obuchenie/] but found [http://dev2.mycredit.com.ua/ru/blog/kak-ne-platit-kredit-kollektoram-v-ukraine/]">
      <![CDATA[java.lang.AssertionError: The following asserts failed:
	expected [Семестр университета в Украине стоит недешево и даже если речь идет о бюджетной форме, расходов не избежать: канцелярия, учебники, аренда жилья, оплата курсов и даже проезд домой. Где взять деньги и что делать, если они нужны уже сегодня?] but found [Когда начинают звонить сотрудники коллекторской компании, начинаешь думать о том, насколько законны их действия и стоит ли им платить? Имеет ли банк право «подключить» к работе 3-х лиц, если процесс взыскания станет эффективнее?],
	expected [http://dev2.mycredit.com.ua/ru/blog/gde-vzyat-kredit-studentam-na-obuchenie/] but found [http://dev2.mycredit.com.ua/ru/blog/kak-ne-platit-kredit-kollektoram-v-ukraine/]
	at Tests.BlogTest.TestAboutShare40(BlogTest.java:559)
... Removed 36 stack frames]]>
    </failure>
  </testcase> <!-- TestAboutShare40 -->
  <testcase name="TestAboutShare41" time="4.239" classname="Tests.BlogTest">
    <failure type="java.lang.AssertionError" message="The following asserts failed:
	expected [Семестр университета в Украине стоит недешево и даже если речь идет о бюджетной форме, расходов не избежать: канцелярия, учебники, аренда жилья, оплата курсов и даже проезд домой. Где взять деньги и что делать, если они нужны уже сегодня?] but found [Когда начинают звонить сотрудники коллекторской компании, начинаешь думать о том, насколько законны их действия и стоит ли им платить? Имеет ли банк право «подключить» к работе 3-х лиц, если процесс взыскания станет эффективнее?],
	expected [http://dev2.mycredit.com.ua/ru/blog/gde-vzyat-kredit-studentam-na-obuchenie/] but found [http://dev2.mycredit.com.ua/ru/blog/kak-ne-platit-kredit-kollektoram-v-ukraine/]">
      <![CDATA[java.lang.AssertionError: The following asserts failed:
	expected [Семестр университета в Украине стоит недешево и даже если речь идет о бюджетной форме, расходов не избежать: канцелярия, учебники, аренда жилья, оплата курсов и даже проезд домой. Где взять деньги и что делать, если они нужны уже сегодня?] but found [Когда начинают звонить сотрудники коллекторской компании, начинаешь думать о том, насколько законны их действия и стоит ли им платить? Имеет ли банк право «подключить» к работе 3-х лиц, если процесс взыскания станет эффективнее?],
	expected [http://dev2.mycredit.com.ua/ru/blog/gde-vzyat-kredit-studentam-na-obuchenie/] but found [http://dev2.mycredit.com.ua/ru/blog/kak-ne-platit-kredit-kollektoram-v-ukraine/]
	at Tests.BlogTest.TestAboutShare41(BlogTest.java:570)
... Removed 36 stack frames]]>
    </failure>
  </testcase> <!-- TestAboutShare41 -->
  <testcase name="TestAboutShare42" time="4.222" classname="Tests.BlogTest">
    <failure type="java.lang.AssertionError" message="The following asserts failed:
	expected [Семестр университета в Украине стоит недешево и даже если речь идет о бюджетной форме, расходов не избежать: канцелярия, учебники, аренда жилья, оплата курсов и даже проезд домой. Где взять деньги и что делать, если они нужны уже сегодня?] but found [Когда начинают звонить сотрудники коллекторской компании, начинаешь думать о том, насколько законны их действия и стоит ли им платить? Имеет ли банк право «подключить» к работе 3-х лиц, если процесс взыскания станет эффективнее?],
	expected [http://dev2.mycredit.com.ua/ru/blog/gde-vzyat-kredit-studentam-na-obuchenie/] but found [http://dev2.mycredit.com.ua/ru/blog/kak-ne-platit-kredit-kollektoram-v-ukraine/]">
      <![CDATA[java.lang.AssertionError: The following asserts failed:
	expected [Семестр университета в Украине стоит недешево и даже если речь идет о бюджетной форме, расходов не избежать: канцелярия, учебники, аренда жилья, оплата курсов и даже проезд домой. Где взять деньги и что делать, если они нужны уже сегодня?] but found [Когда начинают звонить сотрудники коллекторской компании, начинаешь думать о том, насколько законны их действия и стоит ли им платить? Имеет ли банк право «подключить» к работе 3-х лиц, если процесс взыскания станет эффективнее?],
	expected [http://dev2.mycredit.com.ua/ru/blog/gde-vzyat-kredit-studentam-na-obuchenie/] but found [http://dev2.mycredit.com.ua/ru/blog/kak-ne-platit-kredit-kollektoram-v-ukraine/]
	at Tests.BlogTest.TestAboutShare42(BlogTest.java:581)
... Removed 36 stack frames]]>
    </failure>
  </testcase> <!-- TestAboutShare42 -->
  <testcase name="TestAboutShare43" time="4.266" classname="Tests.BlogTest">
    <failure type="java.lang.AssertionError" message="The following asserts failed:
	expected [Семестр университета в Украине стоит недешево и даже если речь идет о бюджетной форме, расходов не избежать: канцелярия, учебники, аренда жилья, оплата курсов и даже проезд домой. Где взять деньги и что делать, если они нужны уже сегодня?] but found [Когда начинают звонить сотрудники коллекторской компании, начинаешь думать о том, насколько законны их действия и стоит ли им платить? Имеет ли банк право «подключить» к работе 3-х лиц, если процесс взыскания станет эффективнее?],
	expected [http://dev2.mycredit.com.ua/ru/blog/gde-vzyat-kredit-studentam-na-obuchenie/] but found [http://dev2.mycredit.com.ua/ru/blog/kak-ne-platit-kredit-kollektoram-v-ukraine/]">
      <![CDATA[java.lang.AssertionError: The following asserts failed:
	expected [Семестр университета в Украине стоит недешево и даже если речь идет о бюджетной форме, расходов не избежать: канцелярия, учебники, аренда жилья, оплата курсов и даже проезд домой. Где взять деньги и что делать, если они нужны уже сегодня?] but found [Когда начинают звонить сотрудники коллекторской компании, начинаешь думать о том, насколько законны их действия и стоит ли им платить? Имеет ли банк право «подключить» к работе 3-х лиц, если процесс взыскания станет эффективнее?],
	expected [http://dev2.mycredit.com.ua/ru/blog/gde-vzyat-kredit-studentam-na-obuchenie/] but found [http://dev2.mycredit.com.ua/ru/blog/kak-ne-platit-kredit-kollektoram-v-ukraine/]
	at Tests.BlogTest.TestAboutShare43(BlogTest.java:601)
... Removed 36 stack frames]]>
    </failure>
  </testcase> <!-- TestAboutShare43 -->
  <testcase name="TestAboutShare44" time="4.261" classname="Tests.BlogTest">
    <failure type="java.lang.AssertionError" message="The following asserts failed:
	expected [Семестр университета в Украине стоит недешево и даже если речь идет о бюджетной форме, расходов не избежать: канцелярия, учебники, аренда жилья, оплата курсов и даже проезд домой. Где взять деньги и что делать, если они нужны уже сегодня?] but found [Когда начинают звонить сотрудники коллекторской компании, начинаешь думать о том, насколько законны их действия и стоит ли им платить? Имеет ли банк право «подключить» к работе 3-х лиц, если процесс взыскания станет эффективнее?],
	expected [http://dev2.mycredit.com.ua/ru/blog/gde-vzyat-kredit-studentam-na-obuchenie/] but found [http://dev2.mycredit.com.ua/ru/blog/kak-ne-platit-kredit-kollektoram-v-ukraine/]">
      <![CDATA[java.lang.AssertionError: The following asserts failed:
	expected [Семестр университета в Украине стоит недешево и даже если речь идет о бюджетной форме, расходов не избежать: канцелярия, учебники, аренда жилья, оплата курсов и даже проезд домой. Где взять деньги и что делать, если они нужны уже сегодня?] but found [Когда начинают звонить сотрудники коллекторской компании, начинаешь думать о том, насколько законны их действия и стоит ли им платить? Имеет ли банк право «подключить» к работе 3-х лиц, если процесс взыскания станет эффективнее?],
	expected [http://dev2.mycredit.com.ua/ru/blog/gde-vzyat-kredit-studentam-na-obuchenie/] but found [http://dev2.mycredit.com.ua/ru/blog/kak-ne-platit-kredit-kollektoram-v-ukraine/]
	at Tests.BlogTest.TestAboutShare44(BlogTest.java:612)
... Removed 36 stack frames]]>
    </failure>
  </testcase> <!-- TestAboutShare44 -->
  <testcase name="TestAboutShare45" time="4.178" classname="Tests.BlogTest">
    <failure type="java.lang.AssertionError" message="The following asserts failed:
	expected [Семестр университета в Украине стоит недешево и даже если речь идет о бюджетной форме, расходов не избежать: канцелярия, учебники, аренда жилья, оплата курсов и даже проезд домой. Где взять деньги и что делать, если они нужны уже сегодня?] but found [Когда начинают звонить сотрудники коллекторской компании, начинаешь думать о том, насколько законны их действия и стоит ли им платить? Имеет ли банк право «подключить» к работе 3-х лиц, если процесс взыскания станет эффективнее?],
	expected [http://dev2.mycredit.com.ua/ru/blog/gde-vzyat-kredit-studentam-na-obuchenie/] but found [http://dev2.mycredit.com.ua/ru/blog/kak-ne-platit-kredit-kollektoram-v-ukraine/]">
      <![CDATA[java.lang.AssertionError: The following asserts failed:
	expected [Семестр университета в Украине стоит недешево и даже если речь идет о бюджетной форме, расходов не избежать: канцелярия, учебники, аренда жилья, оплата курсов и даже проезд домой. Где взять деньги и что делать, если они нужны уже сегодня?] but found [Когда начинают звонить сотрудники коллекторской компании, начинаешь думать о том, насколько законны их действия и стоит ли им платить? Имеет ли банк право «подключить» к работе 3-х лиц, если процесс взыскания станет эффективнее?],
	expected [http://dev2.mycredit.com.ua/ru/blog/gde-vzyat-kredit-studentam-na-obuchenie/] but found [http://dev2.mycredit.com.ua/ru/blog/kak-ne-platit-kredit-kollektoram-v-ukraine/]
	at Tests.BlogTest.TestAboutShare45(BlogTest.java:623)
... Removed 36 stack frames]]>
    </failure>
  </testcase> <!-- TestAboutShare45 -->
  <testcase name="TestAboutShare46" time="4.106" classname="Tests.BlogTest">
    <failure type="java.lang.AssertionError" message="The following asserts failed:
	expected [Семестр университета в Украине стоит недешево и даже если речь идет о бюджетной форме, расходов не избежать: канцелярия, учебники, аренда жилья, оплата курсов и даже проезд домой. Где взять деньги и что делать, если они нужны уже сегодня?] but found [Когда начинают звонить сотрудники коллекторской компании, начинаешь думать о том, насколько законны их действия и стоит ли им платить? Имеет ли банк право «подключить» к работе 3-х лиц, если процесс взыскания станет эффективнее?],
	expected [http://dev2.mycredit.com.ua/ru/blog/gde-vzyat-kredit-studentam-na-obuchenie/] but found [http://dev2.mycredit.com.ua/ru/blog/kak-ne-platit-kredit-kollektoram-v-ukraine/]">
      <![CDATA[java.lang.AssertionError: The following asserts failed:
	expected [Семестр университета в Украине стоит недешево и даже если речь идет о бюджетной форме, расходов не избежать: канцелярия, учебники, аренда жилья, оплата курсов и даже проезд домой. Где взять деньги и что делать, если они нужны уже сегодня?] but found [Когда начинают звонить сотрудники коллекторской компании, начинаешь думать о том, насколько законны их действия и стоит ли им платить? Имеет ли банк право «подключить» к работе 3-х лиц, если процесс взыскания станет эффективнее?],
	expected [http://dev2.mycredit.com.ua/ru/blog/gde-vzyat-kredit-studentam-na-obuchenie/] but found [http://dev2.mycredit.com.ua/ru/blog/kak-ne-platit-kredit-kollektoram-v-ukraine/]
	at Tests.BlogTest.TestAboutShare46(BlogTest.java:634)
... Removed 36 stack frames]]>
    </failure>
  </testcase> <!-- TestAboutShare46 -->
  <testcase name="TestAboutShare47" time="3.578" classname="Tests.BlogTest">
    <failure type="java.lang.AssertionError" message="The following asserts failed:
	expected [Семестр университета в Украине стоит недешево и даже если речь идет о бюджетной форме, расходов не избежать: канцелярия, учебники, аренда жилья, оплата курсов и даже проезд домой. Где взять деньги и что делать, если они нужны уже сегодня?] but found [Когда начинают звонить сотрудники коллекторской компании, начинаешь думать о том, насколько законны их действия и стоит ли им платить? Имеет ли банк право «подключить» к работе 3-х лиц, если процесс взыскания станет эффективнее?],
	expected [http://dev2.mycredit.com.ua/ru/blog/gde-vzyat-kredit-studentam-na-obuchenie/] but found [http://dev2.mycredit.com.ua/ru/blog/kak-ne-platit-kredit-kollektoram-v-ukraine/]">
      <![CDATA[java.lang.AssertionError: The following asserts failed:
	expected [Семестр университета в Украине стоит недешево и даже если речь идет о бюджетной форме, расходов не избежать: канцелярия, учебники, аренда жилья, оплата курсов и даже проезд домой. Где взять деньги и что делать, если они нужны уже сегодня?] but found [Когда начинают звонить сотрудники коллекторской компании, начинаешь думать о том, насколько законны их действия и стоит ли им платить? Имеет ли банк право «подключить» к работе 3-х лиц, если процесс взыскания станет эффективнее?],
	expected [http://dev2.mycredit.com.ua/ru/blog/gde-vzyat-kredit-studentam-na-obuchenie/] but found [http://dev2.mycredit.com.ua/ru/blog/kak-ne-platit-kredit-kollektoram-v-ukraine/]
	at Tests.BlogTest.TestAboutShare47(BlogTest.java:645)
... Removed 36 stack frames]]>
    </failure>
  </testcase> <!-- TestAboutShare47 -->
  <testcase name="TestAboutShare48" time="4.208" classname="Tests.BlogTest">
    <failure type="java.lang.AssertionError" message="The following asserts failed:
	expected [Семестр университета в Украине стоит недешево и даже если речь идет о бюджетной форме, расходов не избежать: канцелярия, учебники, аренда жилья, оплата курсов и даже проезд домой. Где взять деньги и что делать, если они нужны уже сегодня?] but found [Когда начинают звонить сотрудники коллекторской компании, начинаешь думать о том, насколько законны их действия и стоит ли им платить? Имеет ли банк право «подключить» к работе 3-х лиц, если процесс взыскания станет эффективнее?],
	expected [http://dev2.mycredit.com.ua/ru/blog/gde-vzyat-kredit-studentam-na-obuchenie/] but found [http://dev2.mycredit.com.ua/ru/blog/kak-ne-platit-kredit-kollektoram-v-ukraine/]">
      <![CDATA[java.lang.AssertionError: The following asserts failed:
	expected [Семестр университета в Украине стоит недешево и даже если речь идет о бюджетной форме, расходов не избежать: канцелярия, учебники, аренда жилья, оплата курсов и даже проезд домой. Где взять деньги и что делать, если они нужны уже сегодня?] but found [Когда начинают звонить сотрудники коллекторской компании, начинаешь думать о том, насколько законны их действия и стоит ли им платить? Имеет ли банк право «подключить» к работе 3-х лиц, если процесс взыскания станет эффективнее?],
	expected [http://dev2.mycredit.com.ua/ru/blog/gde-vzyat-kredit-studentam-na-obuchenie/] but found [http://dev2.mycredit.com.ua/ru/blog/kak-ne-platit-kredit-kollektoram-v-ukraine/]
	at Tests.BlogTest.TestAboutShare48(BlogTest.java:656)
... Removed 36 stack frames]]>
    </failure>
  </testcase> <!-- TestAboutShare48 -->
  <testcase name="TestAboutShare49" time="13.579" classname="Tests.BlogTest">
    <failure type="java.lang.AssertionError" message="The following asserts failed:
	expected [Семестр университета в Украине стоит недешево и даже если речь идет о бюджетной форме, расходов не избежать: канцелярия, учебники, аренда жилья, оплата курсов и даже проезд домой. Где взять деньги и что делать, если они нужны уже сегодня?] but found [Когда начинают звонить сотрудники коллекторской компании, начинаешь думать о том, насколько законны их действия и стоит ли им платить? Имеет ли банк право «подключить» к работе 3-х лиц, если процесс взыскания станет эффективнее?],
	expected [http://dev2.mycredit.com.ua/ru/blog/gde-vzyat-kredit-studentam-na-obuchenie/] but found [http://dev2.mycredit.com.ua/ru/blog/kak-ne-platit-kredit-kollektoram-v-ukraine/]">
      <![CDATA[java.lang.AssertionError: The following asserts failed:
	expected [Семестр университета в Украине стоит недешево и даже если речь идет о бюджетной форме, расходов не избежать: канцелярия, учебники, аренда жилья, оплата курсов и даже проезд домой. Где взять деньги и что делать, если они нужны уже сегодня?] but found [Когда начинают звонить сотрудники коллекторской компании, начинаешь думать о том, насколько законны их действия и стоит ли им платить? Имеет ли банк право «подключить» к работе 3-х лиц, если процесс взыскания станет эффективнее?],
	expected [http://dev2.mycredit.com.ua/ru/blog/gde-vzyat-kredit-studentam-na-obuchenie/] but found [http://dev2.mycredit.com.ua/ru/blog/kak-ne-platit-kredit-kollektoram-v-ukraine/]
	at Tests.BlogTest.TestAboutShare49(BlogTest.java:676)
... Removed 36 stack frames]]>
    </failure>
  </testcase> <!-- TestAboutShare49 -->
  <testcase name="TestAboutShare5" time="13.247" classname="Tests.BlogTest">
    <failure type="org.openqa.selenium.NoSuchElementException" message="no such element: Unable to locate element: {&amp;quot;method&amp;quot;:&amp;quot;xpath&amp;quot;,&amp;quot;selector&amp;quot;:&amp;quot;/html/body/div[1]/div[4]/div/div[2]/div/div[2]/div/div[1]/div[2]/p[1]&amp;quot;}
  (Session info: chrome=61.0.3163.100)
  (Driver info: chromedriver=2.33.506120 (e3e53437346286c0bc2d2dc9aa4915ba81d9023f),platform=Windows NT 10.0.15063 x86_64) (WARNING: The server did not provide any stacktrace information)
Command duration or timeout: 7.05 seconds
For documentation on this error, please visit: http://seleniumhq.org/exceptions/no_such_element.html
Build info: version: &amp;apos;2.53.1&amp;apos;, revision: &amp;apos;a36b8b1cd5757287168e54b817830adce9b0158d&amp;apos;, time: &amp;apos;2016-06-30 19:26:09&amp;apos;
System info: host: &amp;apos;DESKTOP-2VD0QVH&amp;apos;, ip: &amp;apos;192.168.1.118&amp;apos;, os.name: &amp;apos;Windows 10&amp;apos;, os.arch: &amp;apos;amd64&amp;apos;, os.version: &amp;apos;10.0&amp;apos;, java.version: &amp;apos;1.8.0_144&amp;apos;
Driver info: org.openqa.selenium.chrome.ChromeDriver
Capabilities [{applicationCacheEnabled=false, rotatable=false, mobileEmulationEnabled=false, networkConnectionEnabled=false, chrome={chromedriverVersion=2.33.506120 (e3e53437346286c0bc2d2dc9aa4915ba81d9023f), userDataDir=C:\Users\user\AppData\Local\Temp\scoped_dir51096_23193}, takesHeapSnapshot=true, pageLoadStrategy=normal, databaseEnabled=false, handlesAlerts=true, hasTouchScreen=false, version=61.0.3163.100, platform=XP, browserConnectionEnabled=false, nativeEvents=true, acceptSslCerts=true, locationContextEnabled=true, webStorageEnabled=true, browserName=chrome, takesScreenshot=true, javascriptEnabled=true, cssSelectorsEnabled=true, setWindowRect=true, unexpectedAlertBehaviour=}]
Session ID: 3fb7fe4d91a211b6eda11b6c4514f329
*** Element info: {Using=xpath, value=/html/body/div[1]/div[4]/div/div[2]/div/div[2]/div/div[1]/div[2]/p[1]}">
      <![CDATA[org.openqa.selenium.NoSuchElementException: no such element: Unable to locate element: {"method":"xpath","selector":"/html/body/div[1]/div[4]/div/div[2]/div/div[2]/div/div[1]/div[2]/p[1]"}
  (Session info: chrome=61.0.3163.100)
  (Driver info: chromedriver=2.33.506120 (e3e53437346286c0bc2d2dc9aa4915ba81d9023f),platform=Windows NT 10.0.15063 x86_64) (WARNING: The server did not provide any stacktrace information)
Command duration or timeout: 7.05 seconds
For documentation on this error, please visit: http://seleniumhq.org/exceptions/no_such_element.html
Build info: version: '2.53.1', revision: 'a36b8b1cd5757287168e54b817830adce9b0158d', time: '2016-06-30 19:26:09'
System info: host: 'DESKTOP-2VD0QVH', ip: '192.168.1.118', os.name: 'Windows 10', os.arch: 'amd64', os.version: '10.0', java.version: '1.8.0_144'
Driver info: org.openqa.selenium.chrome.ChromeDriver
Capabilities [{applicationCacheEnabled=false, rotatable=false, mobileEmulationEnabled=false, networkConnectionEnabled=false, chrome={chromedriverVersion=2.33.506120 (e3e53437346286c0bc2d2dc9aa4915ba81d9023f), userDataDir=C:\Users\user\AppData\Local\Temp\scoped_dir51096_23193}, takesHeapSnapshot=true, pageLoadStrategy=normal, databaseEnabled=false, handlesAlerts=true, hasTouchScreen=false, version=61.0.3163.100, platform=XP, browserConnectionEnabled=false, nativeEvents=true, acceptSslCerts=true, locationContextEnabled=true, webStorageEnabled=true, browserName=chrome, takesScreenshot=true, javascriptEnabled=true, cssSelectorsEnabled=true, setWindowRect=true, unexpectedAlertBehaviour=}]
Session ID: 3fb7fe4d91a211b6eda11b6c4514f329
*** Element info: {Using=xpath, value=/html/body/div[1]/div[4]/div/div[2]/div/div[2]/div/div[1]/div[2]/p[1]}
	at org.openqa.selenium.remote.ErrorHandler.createThrowable(ErrorHandler.java:206)
	at org.openqa.selenium.remote.ErrorHandler.throwIfResponseFailed(ErrorHandler.java:158)
	at org.openqa.selenium.remote.RemoteWebDriver.execute(RemoteWebDriver.java:678)
	at org.openqa.selenium.remote.RemoteWebDriver.findElement(RemoteWebDriver.java:363)
	at org.openqa.selenium.remote.RemoteWebDriver.findElementByXPath(RemoteWebDriver.java:500)
	at org.openqa.selenium.By$ByXPath.findElement(By.java:361)
	at org.openqa.selenium.remote.RemoteWebDriver.findElement(RemoteWebDriver.java:355)
	at Pages.BlogPage.Gettext(BlogPage.java:105)
	at Tests.BlogTest.TestAboutShare5(BlogTest.java:94)
... Removed 39 stack frames]]>
    </failure>
  </testcase> <!-- TestAboutShare5 -->
  <testcase name="TestAboutShare50" time="26.204" classname="Tests.BlogTest">
    <failure type="org.openqa.selenium.NoSuchElementException" message="no such element: Unable to locate element: {&amp;quot;method&amp;quot;:&amp;quot;xpath&amp;quot;,&amp;quot;selector&amp;quot;:&amp;quot;/html/body/div[1]/div[4]/div/div[2]/div/div[2]/div/div[1]/div[2]/p[1]&amp;quot;}
  (Session info: chrome=61.0.3163.100)
  (Driver info: chromedriver=2.33.506120 (e3e53437346286c0bc2d2dc9aa4915ba81d9023f),platform=Windows NT 10.0.15063 x86_64) (WARNING: The server did not provide any stacktrace information)
Command duration or timeout: 14.57 seconds
For documentation on this error, please visit: http://seleniumhq.org/exceptions/no_such_element.html
Build info: version: &amp;apos;2.53.1&amp;apos;, revision: &amp;apos;a36b8b1cd5757287168e54b817830adce9b0158d&amp;apos;, time: &amp;apos;2016-06-30 19:26:09&amp;apos;
System info: host: &amp;apos;DESKTOP-2VD0QVH&amp;apos;, ip: &amp;apos;192.168.1.118&amp;apos;, os.name: &amp;apos;Windows 10&amp;apos;, os.arch: &amp;apos;amd64&amp;apos;, os.version: &amp;apos;10.0&amp;apos;, java.version: &amp;apos;1.8.0_144&amp;apos;
Driver info: org.openqa.selenium.chrome.ChromeDriver
Capabilities [{applicationCacheEnabled=false, rotatable=false, mobileEmulationEnabled=false, networkConnectionEnabled=false, chrome={chromedriverVersion=2.33.506120 (e3e53437346286c0bc2d2dc9aa4915ba81d9023f), userDataDir=C:\Users\user\AppData\Local\Temp\scoped_dir51096_23193}, takesHeapSnapshot=true, pageLoadStrategy=normal, databaseEnabled=false, handlesAlerts=true, hasTouchScreen=false, version=61.0.3163.100, platform=XP, browserConnectionEnabled=false, nativeEvents=true, acceptSslCerts=true, locationContextEnabled=true, webStorageEnabled=true, browserName=chrome, takesScreenshot=true, javascriptEnabled=true, cssSelectorsEnabled=true, setWindowRect=true, unexpectedAlertBehaviour=}]
Session ID: 3fb7fe4d91a211b6eda11b6c4514f329
*** Element info: {Using=xpath, value=/html/body/div[1]/div[4]/div/div[2]/div/div[2]/div/div[1]/div[2]/p[1]}">
      <![CDATA[org.openqa.selenium.NoSuchElementException: no such element: Unable to locate element: {"method":"xpath","selector":"/html/body/div[1]/div[4]/div/div[2]/div/div[2]/div/div[1]/div[2]/p[1]"}
  (Session info: chrome=61.0.3163.100)
  (Driver info: chromedriver=2.33.506120 (e3e53437346286c0bc2d2dc9aa4915ba81d9023f),platform=Windows NT 10.0.15063 x86_64) (WARNING: The server did not provide any stacktrace information)
Command duration or timeout: 14.57 seconds
For documentation on this error, please visit: http://seleniumhq.org/exceptions/no_such_element.html
Build info: version: '2.53.1', revision: 'a36b8b1cd5757287168e54b817830adce9b0158d', time: '2016-06-30 19:26:09'
System info: host: 'DESKTOP-2VD0QVH', ip: '192.168.1.118', os.name: 'Windows 10', os.arch: 'amd64', os.version: '10.0', java.version: '1.8.0_144'
Driver info: org.openqa.selenium.chrome.ChromeDriver
Capabilities [{applicationCacheEnabled=false, rotatable=false, mobileEmulationEnabled=false, networkConnectionEnabled=false, chrome={chromedriverVersion=2.33.506120 (e3e53437346286c0bc2d2dc9aa4915ba81d9023f), userDataDir=C:\Users\user\AppData\Local\Temp\scoped_dir51096_23193}, takesHeapSnapshot=true, pageLoadStrategy=normal, databaseEnabled=false, handlesAlerts=true, hasTouchScreen=false, version=61.0.3163.100, platform=XP, browserConnectionEnabled=false, nativeEvents=true, acceptSslCerts=true, locationContextEnabled=true, webStorageEnabled=true, browserName=chrome, takesScreenshot=true, javascriptEnabled=true, cssSelectorsEnabled=true, setWindowRect=true, unexpectedAlertBehaviour=}]
Session ID: 3fb7fe4d91a211b6eda11b6c4514f329
*** Element info: {Using=xpath, value=/html/body/div[1]/div[4]/div/div[2]/div/div[2]/div/div[1]/div[2]/p[1]}
	at org.openqa.selenium.remote.ErrorHandler.createThrowable(ErrorHandler.java:206)
	at org.openqa.selenium.remote.ErrorHandler.throwIfResponseFailed(ErrorHandler.java:158)
	at org.openqa.selenium.remote.RemoteWebDriver.execute(RemoteWebDriver.java:678)
	at org.openqa.selenium.remote.RemoteWebDriver.findElement(RemoteWebDriver.java:363)
	at org.openqa.selenium.remote.RemoteWebDriver.findElementByXPath(RemoteWebDriver.java:500)
	at org.openqa.selenium.By$ByXPath.findElement(By.java:361)
	at org.openqa.selenium.remote.RemoteWebDriver.findElement(RemoteWebDriver.java:355)
	at Pages.BlogPage.Gettext(BlogPage.java:105)
	at Tests.BlogTest.TestAboutShare50(BlogTest.java:684)
... Removed 39 stack frames]]>
    </failure>
  </testcase> <!-- TestAboutShare50 -->
  <testcase name="TestAboutShare51" time="4.503" classname="Tests.BlogTest">
    <failure type="java.lang.AssertionError" message="The following asserts failed:
	expected [Семестр университета в Украине стоит недешево и даже если речь идет о бюджетной форме, расходов не избежать: канцелярия, учебники, аренда жилья, оплата курсов и даже проезд домой. Где взять деньги и что делать, если они нужны уже сегодня?] but found [Когда начинают звонить сотрудники коллекторской компании, начинаешь думать о том, насколько законны их действия и стоит ли им платить? Имеет ли банк право «подключить» к работе 3-х лиц, если процесс взыскания станет эффективнее?],
	expected [http://dev2.mycredit.com.ua/ru/blog/gde-vzyat-kredit-studentam-na-obuchenie/] but found [http://dev2.mycredit.com.ua/ru/blog/kak-ne-platit-kredit-kollektoram-v-ukraine/]">
      <![CDATA[java.lang.AssertionError: The following asserts failed:
	expected [Семестр университета в Украине стоит недешево и даже если речь идет о бюджетной форме, расходов не избежать: канцелярия, учебники, аренда жилья, оплата курсов и даже проезд домой. Где взять деньги и что делать, если они нужны уже сегодня?] but found [Когда начинают звонить сотрудники коллекторской компании, начинаешь думать о том, насколько законны их действия и стоит ли им платить? Имеет ли банк право «подключить» к работе 3-х лиц, если процесс взыскания станет эффективнее?],
	expected [http://dev2.mycredit.com.ua/ru/blog/gde-vzyat-kredit-studentam-na-obuchenie/] but found [http://dev2.mycredit.com.ua/ru/blog/kak-ne-platit-kredit-kollektoram-v-ukraine/]
	at Tests.BlogTest.TestAboutShare51(BlogTest.java:698)
... Removed 36 stack frames]]>
    </failure>
  </testcase> <!-- TestAboutShare51 -->
  <testcase name="TestAboutShare52" time="4.213" classname="Tests.BlogTest">
    <failure type="java.lang.AssertionError" message="The following asserts failed:
	expected [Семестр университета в Украине стоит недешево и даже если речь идет о бюджетной форме, расходов не избежать: канцелярия, учебники, аренда жилья, оплата курсов и даже проезд домой. Где взять деньги и что делать, если они нужны уже сегодня?] but found [Когда начинают звонить сотрудники коллекторской компании, начинаешь думать о том, насколько законны их действия и стоит ли им платить? Имеет ли банк право «подключить» к работе 3-х лиц, если процесс взыскания станет эффективнее?],
	expected [http://dev2.mycredit.com.ua/ru/blog/gde-vzyat-kredit-studentam-na-obuchenie/] but found [http://dev2.mycredit.com.ua/ru/blog/kak-ne-platit-kredit-kollektoram-v-ukraine/]">
      <![CDATA[java.lang.AssertionError: The following asserts failed:
	expected [Семестр университета в Украине стоит недешево и даже если речь идет о бюджетной форме, расходов не избежать: канцелярия, учебники, аренда жилья, оплата курсов и даже проезд домой. Где взять деньги и что делать, если они нужны уже сегодня?] but found [Когда начинают звонить сотрудники коллекторской компании, начинаешь думать о том, насколько законны их действия и стоит ли им платить? Имеет ли банк право «подключить» к работе 3-х лиц, если процесс взыскания станет эффективнее?],
	expected [http://dev2.mycredit.com.ua/ru/blog/gde-vzyat-kredit-studentam-na-obuchenie/] but found [http://dev2.mycredit.com.ua/ru/blog/kak-ne-platit-kredit-kollektoram-v-ukraine/]
	at Tests.BlogTest.TestAboutShare52(BlogTest.java:709)
... Removed 36 stack frames]]>
    </failure>
  </testcase> <!-- TestAboutShare52 -->
  <testcase name="TestAboutShare53" time="3.542" classname="Tests.BlogTest">
    <failure type="java.lang.AssertionError" message="The following asserts failed:
	expected [Семестр университета в Украине стоит недешево и даже если речь идет о бюджетной форме, расходов не избежать: канцелярия, учебники, аренда жилья, оплата курсов и даже проезд домой. Где взять деньги и что делать, если они нужны уже сегодня?] but found [Когда начинают звонить сотрудники коллекторской компании, начинаешь думать о том, насколько законны их действия и стоит ли им платить? Имеет ли банк право «подключить» к работе 3-х лиц, если процесс взыскания станет эффективнее?],
	expected [http://dev2.mycredit.com.ua/ru/blog/gde-vzyat-kredit-studentam-na-obuchenie/] but found [http://dev2.mycredit.com.ua/ru/blog/kak-ne-platit-kredit-kollektoram-v-ukraine/]">
      <![CDATA[java.lang.AssertionError: The following asserts failed:
	expected [Семестр университета в Украине стоит недешево и даже если речь идет о бюджетной форме, расходов не избежать: канцелярия, учебники, аренда жилья, оплата курсов и даже проезд домой. Где взять деньги и что делать, если они нужны уже сегодня?] but found [Когда начинают звонить сотрудники коллекторской компании, начинаешь думать о том, насколько законны их действия и стоит ли им платить? Имеет ли банк право «подключить» к работе 3-х лиц, если процесс взыскания станет эффективнее?],
	expected [http://dev2.mycredit.com.ua/ru/blog/gde-vzyat-kredit-studentam-na-obuchenie/] but found [http://dev2.mycredit.com.ua/ru/blog/kak-ne-platit-kredit-kollektoram-v-ukraine/]
	at Tests.BlogTest.TestAboutShare53(BlogTest.java:720)
... Removed 36 stack frames]]>
    </failure>
  </testcase> <!-- TestAboutShare53 -->
  <testcase name="TestAboutShare54" time="4.112" classname="Tests.BlogTest">
    <failure type="java.lang.AssertionError" message="The following asserts failed:
	expected [Семестр университета в Украине стоит недешево и даже если речь идет о бюджетной форме, расходов не избежать: канцелярия, учебники, аренда жилья, оплата курсов и даже проезд домой. Где взять деньги и что делать, если они нужны уже сегодня?] but found [Когда начинают звонить сотрудники коллекторской компании, начинаешь думать о том, насколько законны их действия и стоит ли им платить? Имеет ли банк право «подключить» к работе 3-х лиц, если процесс взыскания станет эффективнее?],
	expected [http://dev2.mycredit.com.ua/ru/blog/gde-vzyat-kredit-studentam-na-obuchenie/] but found [http://dev2.mycredit.com.ua/ru/blog/kak-ne-platit-kredit-kollektoram-v-ukraine/]">
      <![CDATA[java.lang.AssertionError: The following asserts failed:
	expected [Семестр университета в Украине стоит недешево и даже если речь идет о бюджетной форме, расходов не избежать: канцелярия, учебники, аренда жилья, оплата курсов и даже проезд домой. Где взять деньги и что делать, если они нужны уже сегодня?] but found [Когда начинают звонить сотрудники коллекторской компании, начинаешь думать о том, насколько законны их действия и стоит ли им платить? Имеет ли банк право «подключить» к работе 3-х лиц, если процесс взыскания станет эффективнее?],
	expected [http://dev2.mycredit.com.ua/ru/blog/gde-vzyat-kredit-studentam-na-obuchenie/] but found [http://dev2.mycredit.com.ua/ru/blog/kak-ne-platit-kredit-kollektoram-v-ukraine/]
	at Tests.BlogTest.TestAboutShare54(BlogTest.java:731)
... Removed 36 stack frames]]>
    </failure>
  </testcase> <!-- TestAboutShare54 -->
  <testcase name="TestAboutShare55" time="4.255" classname="Tests.BlogTest">
    <failure type="java.lang.AssertionError" message="The following asserts failed:
	expected [Семестр университета в Украине стоит недешево и даже если речь идет о бюджетной форме, расходов не избежать: канцелярия, учебники, аренда жилья, оплата курсов и даже проезд домой. Где взять деньги и что делать, если они нужны уже сегодня?] but found [Когда начинают звонить сотрудники коллекторской компании, начинаешь думать о том, насколько законны их действия и стоит ли им платить? Имеет ли банк право «подключить» к работе 3-х лиц, если процесс взыскания станет эффективнее?],
	expected [http://dev2.mycredit.com.ua/ru/blog/gde-vzyat-kredit-studentam-na-obuchenie/] but found [http://dev2.mycredit.com.ua/ru/blog/kak-ne-platit-kredit-kollektoram-v-ukraine/]">
      <![CDATA[java.lang.AssertionError: The following asserts failed:
	expected [Семестр университета в Украине стоит недешево и даже если речь идет о бюджетной форме, расходов не избежать: канцелярия, учебники, аренда жилья, оплата курсов и даже проезд домой. Где взять деньги и что делать, если они нужны уже сегодня?] but found [Когда начинают звонить сотрудники коллекторской компании, начинаешь думать о том, насколько законны их действия и стоит ли им платить? Имеет ли банк право «подключить» к работе 3-х лиц, если процесс взыскания станет эффективнее?],
	expected [http://dev2.mycredit.com.ua/ru/blog/gde-vzyat-kredit-studentam-na-obuchenie/] but found [http://dev2.mycredit.com.ua/ru/blog/kak-ne-platit-kredit-kollektoram-v-ukraine/]
	at Tests.BlogTest.TestAboutShare55(BlogTest.java:751)
... Removed 36 stack frames]]>
    </failure>
  </testcase> <!-- TestAboutShare55 -->
  <testcase name="TestAboutShare56" time="4.135" classname="Tests.BlogTest">
    <failure type="java.lang.AssertionError" message="The following asserts failed:
	expected [Семестр университета в Украине стоит недешево и даже если речь идет о бюджетной форме, расходов не избежать: канцелярия, учебники, аренда жилья, оплата курсов и даже проезд домой. Где взять деньги и что делать, если они нужны уже сегодня?] but found [Когда начинают звонить сотрудники коллекторской компании, начинаешь думать о том, насколько законны их действия и стоит ли им платить? Имеет ли банк право «подключить» к работе 3-х лиц, если процесс взыскания станет эффективнее?],
	expected [http://dev2.mycredit.com.ua/ru/blog/gde-vzyat-kredit-studentam-na-obuchenie/] but found [http://dev2.mycredit.com.ua/ru/blog/kak-ne-platit-kredit-kollektoram-v-ukraine/]">
      <![CDATA[java.lang.AssertionError: The following asserts failed:
	expected [Семестр университета в Украине стоит недешево и даже если речь идет о бюджетной форме, расходов не избежать: канцелярия, учебники, аренда жилья, оплата курсов и даже проезд домой. Где взять деньги и что делать, если они нужны уже сегодня?] but found [Когда начинают звонить сотрудники коллекторской компании, начинаешь думать о том, насколько законны их действия и стоит ли им платить? Имеет ли банк право «подключить» к работе 3-х лиц, если процесс взыскания станет эффективнее?],
	expected [http://dev2.mycredit.com.ua/ru/blog/gde-vzyat-kredit-studentam-na-obuchenie/] but found [http://dev2.mycredit.com.ua/ru/blog/kak-ne-platit-kredit-kollektoram-v-ukraine/]
	at Tests.BlogTest.TestAboutShare56(BlogTest.java:762)
... Removed 36 stack frames]]>
    </failure>
  </testcase> <!-- TestAboutShare56 -->
  <testcase name="TestAboutShare57" time="4.091" classname="Tests.BlogTest">
    <failure type="java.lang.AssertionError" message="The following asserts failed:
	expected [Семестр университета в Украине стоит недешево и даже если речь идет о бюджетной форме, расходов не избежать: канцелярия, учебники, аренда жилья, оплата курсов и даже проезд домой. Где взять деньги и что делать, если они нужны уже сегодня?] but found [Когда начинают звонить сотрудники коллекторской компании, начинаешь думать о том, насколько законны их действия и стоит ли им платить? Имеет ли банк право «подключить» к работе 3-х лиц, если процесс взыскания станет эффективнее?],
	expected [http://dev2.mycredit.com.ua/ru/blog/gde-vzyat-kredit-studentam-na-obuchenie/] but found [http://dev2.mycredit.com.ua/ru/blog/kak-ne-platit-kredit-kollektoram-v-ukraine/]">
      <![CDATA[java.lang.AssertionError: The following asserts failed:
	expected [Семестр университета в Украине стоит недешево и даже если речь идет о бюджетной форме, расходов не избежать: канцелярия, учебники, аренда жилья, оплата курсов и даже проезд домой. Где взять деньги и что делать, если они нужны уже сегодня?] but found [Когда начинают звонить сотрудники коллекторской компании, начинаешь думать о том, насколько законны их действия и стоит ли им платить? Имеет ли банк право «подключить» к работе 3-х лиц, если процесс взыскания станет эффективнее?],
	expected [http://dev2.mycredit.com.ua/ru/blog/gde-vzyat-kredit-studentam-na-obuchenie/] but found [http://dev2.mycredit.com.ua/ru/blog/kak-ne-platit-kredit-kollektoram-v-ukraine/]
	at Tests.BlogTest.TestAboutShare57(BlogTest.java:773)
... Removed 36 stack frames]]>
    </failure>
  </testcase> <!-- TestAboutShare57 -->
  <testcase name="TestAboutShare58" time="4.091" classname="Tests.BlogTest">
    <failure type="java.lang.AssertionError" message="The following asserts failed:
	expected [Семестр университета в Украине стоит недешево и даже если речь идет о бюджетной форме, расходов не избежать: канцелярия, учебники, аренда жилья, оплата курсов и даже проезд домой. Где взять деньги и что делать, если они нужны уже сегодня?] but found [Когда начинают звонить сотрудники коллекторской компании, начинаешь думать о том, насколько законны их действия и стоит ли им платить? Имеет ли банк право «подключить» к работе 3-х лиц, если процесс взыскания станет эффективнее?],
	expected [http://dev2.mycredit.com.ua/ru/blog/gde-vzyat-kredit-studentam-na-obuchenie/] but found [http://dev2.mycredit.com.ua/ru/blog/kak-ne-platit-kredit-kollektoram-v-ukraine/]">
      <![CDATA[java.lang.AssertionError: The following asserts failed:
	expected [Семестр университета в Украине стоит недешево и даже если речь идет о бюджетной форме, расходов не избежать: канцелярия, учебники, аренда жилья, оплата курсов и даже проезд домой. Где взять деньги и что делать, если они нужны уже сегодня?] but found [Когда начинают звонить сотрудники коллекторской компании, начинаешь думать о том, насколько законны их действия и стоит ли им платить? Имеет ли банк право «подключить» к работе 3-х лиц, если процесс взыскания станет эффективнее?],
	expected [http://dev2.mycredit.com.ua/ru/blog/gde-vzyat-kredit-studentam-na-obuchenie/] but found [http://dev2.mycredit.com.ua/ru/blog/kak-ne-platit-kredit-kollektoram-v-ukraine/]
	at Tests.BlogTest.TestAboutShare58(BlogTest.java:784)
... Removed 36 stack frames]]>
    </failure>
  </testcase> <!-- TestAboutShare58 -->
  <testcase name="TestAboutShare59" time="4.172" classname="Tests.BlogTest">
    <failure type="java.lang.AssertionError" message="The following asserts failed:
	expected [Семестр университета в Украине стоит недешево и даже если речь идет о бюджетной форме, расходов не избежать: канцелярия, учебники, аренда жилья, оплата курсов и даже проезд домой. Где взять деньги и что делать, если они нужны уже сегодня?] but found [Когда начинают звонить сотрудники коллекторской компании, начинаешь думать о том, насколько законны их действия и стоит ли им платить? Имеет ли банк право «подключить» к работе 3-х лиц, если процесс взыскания станет эффективнее?],
	expected [http://dev2.mycredit.com.ua/ru/blog/gde-vzyat-kredit-studentam-na-obuchenie/] but found [http://dev2.mycredit.com.ua/ru/blog/kak-ne-platit-kredit-kollektoram-v-ukraine/]">
      <![CDATA[java.lang.AssertionError: The following asserts failed:
	expected [Семестр университета в Украине стоит недешево и даже если речь идет о бюджетной форме, расходов не избежать: канцелярия, учебники, аренда жилья, оплата курсов и даже проезд домой. Где взять деньги и что делать, если они нужны уже сегодня?] but found [Когда начинают звонить сотрудники коллекторской компании, начинаешь думать о том, насколько законны их действия и стоит ли им платить? Имеет ли банк право «подключить» к работе 3-х лиц, если процесс взыскания станет эффективнее?],
	expected [http://dev2.mycredit.com.ua/ru/blog/gde-vzyat-kredit-studentam-na-obuchenie/] but found [http://dev2.mycredit.com.ua/ru/blog/kak-ne-platit-kredit-kollektoram-v-ukraine/]
	at Tests.BlogTest.TestAboutShare59(BlogTest.java:795)
... Removed 36 stack frames]]>
    </failure>
  </testcase> <!-- TestAboutShare59 -->
  <testcase name="TestAboutShare6" time="2.614" classname="Tests.BlogTest">
    <failure type="java.lang.AssertionError" message="The following asserts failed:
	expected [Семестр университета в Украине стоит недешево и даже если речь идет о бюджетной форме, расходов не избежать: канцелярия, учебники, аренда жилья, оплата курсов и даже проезд домой. Где взять деньги и что делать, если они нужны уже сегодня?] but found [Когда начинают звонить сотрудники коллекторской компании, начинаешь думать о том, насколько законны их действия и стоит ли им платить? Имеет ли банк право «подключить» к работе 3-х лиц, если процесс взыскания станет эффективнее?],
	expected [http://dev2.mycredit.com.ua/ru/blog/gde-vzyat-kredit-studentam-na-obuchenie/] but found [http://dev2.mycredit.com.ua/ru/blog/kak-ne-platit-kredit-kollektoram-v-ukraine/]">
      <![CDATA[java.lang.AssertionError: The following asserts failed:
	expected [Семестр университета в Украине стоит недешево и даже если речь идет о бюджетной форме, расходов не избежать: канцелярия, учебники, аренда жилья, оплата курсов и даже проезд домой. Где взять деньги и что делать, если они нужны уже сегодня?] but found [Когда начинают звонить сотрудники коллекторской компании, начинаешь думать о том, насколько законны их действия и стоит ли им платить? Имеет ли банк право «подключить» к работе 3-х лиц, если процесс взыскания станет эффективнее?],
	expected [http://dev2.mycredit.com.ua/ru/blog/gde-vzyat-kredit-studentam-na-obuchenie/] but found [http://dev2.mycredit.com.ua/ru/blog/kak-ne-platit-kredit-kollektoram-v-ukraine/]
	at Tests.BlogTest.TestAboutShare6(BlogTest.java:108)
... Removed 36 stack frames]]>
    </failure>
  </testcase> <!-- TestAboutShare6 -->
  <testcase name="TestAboutShare60" time="4.104" classname="Tests.BlogTest">
    <failure type="java.lang.AssertionError" message="The following asserts failed:
	expected [Семестр университета в Украине стоит недешево и даже если речь идет о бюджетной форме, расходов не избежать: канцелярия, учебники, аренда жилья, оплата курсов и даже проезд домой. Где взять деньги и что делать, если они нужны уже сегодня?] but found [Когда начинают звонить сотрудники коллекторской компании, начинаешь думать о том, насколько законны их действия и стоит ли им платить? Имеет ли банк право «подключить» к работе 3-х лиц, если процесс взыскания станет эффективнее?],
	expected [http://dev2.mycredit.com.ua/ru/blog/gde-vzyat-kredit-studentam-na-obuchenie/] but found [http://dev2.mycredit.com.ua/ru/blog/kak-ne-platit-kredit-kollektoram-v-ukraine/]">
      <![CDATA[java.lang.AssertionError: The following asserts failed:
	expected [Семестр университета в Украине стоит недешево и даже если речь идет о бюджетной форме, расходов не избежать: канцелярия, учебники, аренда жилья, оплата курсов и даже проезд домой. Где взять деньги и что делать, если они нужны уже сегодня?] but found [Когда начинают звонить сотрудники коллекторской компании, начинаешь думать о том, насколько законны их действия и стоит ли им платить? Имеет ли банк право «подключить» к работе 3-х лиц, если процесс взыскания станет эффективнее?],
	expected [http://dev2.mycredit.com.ua/ru/blog/gde-vzyat-kredit-studentam-na-obuchenie/] but found [http://dev2.mycredit.com.ua/ru/blog/kak-ne-platit-kredit-kollektoram-v-ukraine/]
	at Tests.BlogTest.TestAboutShare60(BlogTest.java:806)
... Removed 36 stack frames]]>
    </failure>
  </testcase> <!-- TestAboutShare60 -->
  <testcase name="TestAboutShare61" time="4.845" classname="Tests.BlogTest">
    <failure type="java.lang.AssertionError" message="The following asserts failed:
	expected [Семестр университета в Украине стоит недешево и даже если речь идет о бюджетной форме, расходов не избежать: канцелярия, учебники, аренда жилья, оплата курсов и даже проезд домой. Где взять деньги и что делать, если они нужны уже сегодня?] but found [Когда начинают звонить сотрудники коллекторской компании, начинаешь думать о том, насколько законны их действия и стоит ли им платить? Имеет ли банк право «подключить» к работе 3-х лиц, если процесс взыскания станет эффективнее?],
	expected [http://dev2.mycredit.com.ua/ru/blog/gde-vzyat-kredit-studentam-na-obuchenie/] but found [http://dev2.mycredit.com.ua/ru/blog/kak-ne-platit-kredit-kollektoram-v-ukraine/]">
      <![CDATA[java.lang.AssertionError: The following asserts failed:
	expected [Семестр университета в Украине стоит недешево и даже если речь идет о бюджетной форме, расходов не избежать: канцелярия, учебники, аренда жилья, оплата курсов и даже проезд домой. Где взять деньги и что делать, если они нужны уже сегодня?] but found [Когда начинают звонить сотрудники коллекторской компании, начинаешь думать о том, насколько законны их действия и стоит ли им платить? Имеет ли банк право «подключить» к работе 3-х лиц, если процесс взыскания станет эффективнее?],
	expected [http://dev2.mycredit.com.ua/ru/blog/gde-vzyat-kredit-studentam-na-obuchenie/] but found [http://dev2.mycredit.com.ua/ru/blog/kak-ne-platit-kredit-kollektoram-v-ukraine/]
	at Tests.BlogTest.TestAboutShare61(BlogTest.java:826)
... Removed 36 stack frames]]>
    </failure>
  </testcase> <!-- TestAboutShare61 -->
  <testcase name="TestAboutShare62" time="24.946" classname="Tests.BlogTest">
    <failure type="java.lang.AssertionError" message="The following asserts failed:
	expected [Семестр университета в Украине стоит недешево и даже если речь идет о бюджетной форме, расходов не избежать: канцелярия, учебники, аренда жилья, оплата курсов и даже проезд домой. Где взять деньги и что делать, если они нужны уже сегодня?] but found [Когда начинают звонить сотрудники коллекторской компании, начинаешь думать о том, насколько законны их действия и стоит ли им платить? Имеет ли банк право «подключить» к работе 3-х лиц, если процесс взыскания станет эффективнее?],
	expected [http://dev2.mycredit.com.ua/ru/blog/gde-vzyat-kredit-studentam-na-obuchenie/] but found [http://dev2.mycredit.com.ua/ru/blog/kak-ne-platit-kredit-kollektoram-v-ukraine/]">
      <![CDATA[java.lang.AssertionError: The following asserts failed:
	expected [Семестр университета в Украине стоит недешево и даже если речь идет о бюджетной форме, расходов не избежать: канцелярия, учебники, аренда жилья, оплата курсов и даже проезд домой. Где взять деньги и что делать, если они нужны уже сегодня?] but found [Когда начинают звонить сотрудники коллекторской компании, начинаешь думать о том, насколько законны их действия и стоит ли им платить? Имеет ли банк право «подключить» к работе 3-х лиц, если процесс взыскания станет эффективнее?],
	expected [http://dev2.mycredit.com.ua/ru/blog/gde-vzyat-kredit-studentam-na-obuchenie/] but found [http://dev2.mycredit.com.ua/ru/blog/kak-ne-platit-kredit-kollektoram-v-ukraine/]
	at Tests.BlogTest.TestAboutShare62(BlogTest.java:837)
... Removed 36 stack frames]]>
    </failure>
  </testcase> <!-- TestAboutShare62 -->
  <testcase name="TestAboutShare63" time="4.294" classname="Tests.BlogTest">
    <failure type="java.lang.AssertionError" message="The following asserts failed:
	expected [Семестр университета в Украине стоит недешево и даже если речь идет о бюджетной форме, расходов не избежать: канцелярия, учебники, аренда жилья, оплата курсов и даже проезд домой. Где взять деньги и что делать, если они нужны уже сегодня?] but found [Когда начинают звонить сотрудники коллекторской компании, начинаешь думать о том, насколько законны их действия и стоит ли им платить? Имеет ли банк право «подключить» к работе 3-х лиц, если процесс взыскания станет эффективнее?],
	expected [http://dev2.mycredit.com.ua/ru/blog/gde-vzyat-kredit-studentam-na-obuchenie/] but found [http://dev2.mycredit.com.ua/ru/blog/kak-ne-platit-kredit-kollektoram-v-ukraine/]">
      <![CDATA[java.lang.AssertionError: The following asserts failed:
	expected [Семестр университета в Украине стоит недешево и даже если речь идет о бюджетной форме, расходов не избежать: канцелярия, учебники, аренда жилья, оплата курсов и даже проезд домой. Где взять деньги и что делать, если они нужны уже сегодня?] but found [Когда начинают звонить сотрудники коллекторской компании, начинаешь думать о том, насколько законны их действия и стоит ли им платить? Имеет ли банк право «подключить» к работе 3-х лиц, если процесс взыскания станет эффективнее?],
	expected [http://dev2.mycredit.com.ua/ru/blog/gde-vzyat-kredit-studentam-na-obuchenie/] but found [http://dev2.mycredit.com.ua/ru/blog/kak-ne-platit-kredit-kollektoram-v-ukraine/]
	at Tests.BlogTest.TestAboutShare63(BlogTest.java:848)
... Removed 36 stack frames]]>
    </failure>
  </testcase> <!-- TestAboutShare63 -->
  <testcase name="TestAboutShare64" time="3.805" classname="Tests.BlogTest">
    <failure type="java.lang.AssertionError" message="The following asserts failed:
	expected [Семестр университета в Украине стоит недешево и даже если речь идет о бюджетной форме, расходов не избежать: канцелярия, учебники, аренда жилья, оплата курсов и даже проезд домой. Где взять деньги и что делать, если они нужны уже сегодня?] but found [Когда начинают звонить сотрудники коллекторской компании, начинаешь думать о том, насколько законны их действия и стоит ли им платить? Имеет ли банк право «подключить» к работе 3-х лиц, если процесс взыскания станет эффективнее?],
	expected [http://dev2.mycredit.com.ua/ru/blog/gde-vzyat-kredit-studentam-na-obuchenie/] but found [http://dev2.mycredit.com.ua/ru/blog/kak-ne-platit-kredit-kollektoram-v-ukraine/]">
      <![CDATA[java.lang.AssertionError: The following asserts failed:
	expected [Семестр университета в Украине стоит недешево и даже если речь идет о бюджетной форме, расходов не избежать: канцелярия, учебники, аренда жилья, оплата курсов и даже проезд домой. Где взять деньги и что делать, если они нужны уже сегодня?] but found [Когда начинают звонить сотрудники коллекторской компании, начинаешь думать о том, насколько законны их действия и стоит ли им платить? Имеет ли банк право «подключить» к работе 3-х лиц, если процесс взыскания станет эффективнее?],
	expected [http://dev2.mycredit.com.ua/ru/blog/gde-vzyat-kredit-studentam-na-obuchenie/] but found [http://dev2.mycredit.com.ua/ru/blog/kak-ne-platit-kredit-kollektoram-v-ukraine/]
	at Tests.BlogTest.TestAboutShare64(BlogTest.java:859)
... Removed 36 stack frames]]>
    </failure>
  </testcase> <!-- TestAboutShare64 -->
  <testcase name="TestAboutShare65" time="4.161" classname="Tests.BlogTest">
    <failure type="java.lang.AssertionError" message="The following asserts failed:
	expected [Семестр университета в Украине стоит недешево и даже если речь идет о бюджетной форме, расходов не избежать: канцелярия, учебники, аренда жилья, оплата курсов и даже проезд домой. Где взять деньги и что делать, если они нужны уже сегодня?] but found [Когда начинают звонить сотрудники коллекторской компании, начинаешь думать о том, насколько законны их действия и стоит ли им платить? Имеет ли банк право «подключить» к работе 3-х лиц, если процесс взыскания станет эффективнее?],
	expected [http://dev2.mycredit.com.ua/ru/blog/gde-vzyat-kredit-studentam-na-obuchenie/] but found [http://dev2.mycredit.com.ua/ru/blog/kak-ne-platit-kredit-kollektoram-v-ukraine/]">
      <![CDATA[java.lang.AssertionError: The following asserts failed:
	expected [Семестр университета в Украине стоит недешево и даже если речь идет о бюджетной форме, расходов не избежать: канцелярия, учебники, аренда жилья, оплата курсов и даже проезд домой. Где взять деньги и что делать, если они нужны уже сегодня?] but found [Когда начинают звонить сотрудники коллекторской компании, начинаешь думать о том, насколько законны их действия и стоит ли им платить? Имеет ли банк право «подключить» к работе 3-х лиц, если процесс взыскания станет эффективнее?],
	expected [http://dev2.mycredit.com.ua/ru/blog/gde-vzyat-kredit-studentam-na-obuchenie/] but found [http://dev2.mycredit.com.ua/ru/blog/kak-ne-platit-kredit-kollektoram-v-ukraine/]
	at Tests.BlogTest.TestAboutShare65(BlogTest.java:870)
... Removed 36 stack frames]]>
    </failure>
  </testcase> <!-- TestAboutShare65 -->
  <testcase name="TestAboutShare66" time="4.215" classname="Tests.BlogTest">
    <failure type="java.lang.AssertionError" message="The following asserts failed:
	expected [Семестр университета в Украине стоит недешево и даже если речь идет о бюджетной форме, расходов не избежать: канцелярия, учебники, аренда жилья, оплата курсов и даже проезд домой. Где взять деньги и что делать, если они нужны уже сегодня?] but found [Когда начинают звонить сотрудники коллекторской компании, начинаешь думать о том, насколько законны их действия и стоит ли им платить? Имеет ли банк право «подключить» к работе 3-х лиц, если процесс взыскания станет эффективнее?],
	expected [http://dev2.mycredit.com.ua/ru/blog/gde-vzyat-kredit-studentam-na-obuchenie/] but found [http://dev2.mycredit.com.ua/ru/blog/kak-ne-platit-kredit-kollektoram-v-ukraine/]">
      <![CDATA[java.lang.AssertionError: The following asserts failed:
	expected [Семестр университета в Украине стоит недешево и даже если речь идет о бюджетной форме, расходов не избежать: канцелярия, учебники, аренда жилья, оплата курсов и даже проезд домой. Где взять деньги и что делать, если они нужны уже сегодня?] but found [Когда начинают звонить сотрудники коллекторской компании, начинаешь думать о том, насколько законны их действия и стоит ли им платить? Имеет ли банк право «подключить» к работе 3-х лиц, если процесс взыскания станет эффективнее?],
	expected [http://dev2.mycredit.com.ua/ru/blog/gde-vzyat-kredit-studentam-na-obuchenie/] but found [http://dev2.mycredit.com.ua/ru/blog/kak-ne-platit-kredit-kollektoram-v-ukraine/]
	at Tests.BlogTest.TestAboutShare66(BlogTest.java:881)
... Removed 36 stack frames]]>
    </failure>
  </testcase> <!-- TestAboutShare66 -->
  <testcase name="TestAboutShare67" time="4.157" classname="Tests.BlogTest">
    <failure type="java.lang.AssertionError" message="The following asserts failed:
	expected [Семестр университета в Украине стоит недешево и даже если речь идет о бюджетной форме, расходов не избежать: канцелярия, учебники, аренда жилья, оплата курсов и даже проезд домой. Где взять деньги и что делать, если они нужны уже сегодня?] but found [Когда начинают звонить сотрудники коллекторской компании, начинаешь думать о том, насколько законны их действия и стоит ли им платить? Имеет ли банк право «подключить» к работе 3-х лиц, если процесс взыскания станет эффективнее?],
	expected [http://dev2.mycredit.com.ua/ru/blog/gde-vzyat-kredit-studentam-na-obuchenie/] but found [http://dev2.mycredit.com.ua/ru/blog/kak-ne-platit-kredit-kollektoram-v-ukraine/]">
      <![CDATA[java.lang.AssertionError: The following asserts failed:
	expected [Семестр университета в Украине стоит недешево и даже если речь идет о бюджетной форме, расходов не избежать: канцелярия, учебники, аренда жилья, оплата курсов и даже проезд домой. Где взять деньги и что делать, если они нужны уже сегодня?] but found [Когда начинают звонить сотрудники коллекторской компании, начинаешь думать о том, насколько законны их действия и стоит ли им платить? Имеет ли банк право «подключить» к работе 3-х лиц, если процесс взыскания станет эффективнее?],
	expected [http://dev2.mycredit.com.ua/ru/blog/gde-vzyat-kredit-studentam-na-obuchenie/] but found [http://dev2.mycredit.com.ua/ru/blog/kak-ne-platit-kredit-kollektoram-v-ukraine/]
	at Tests.BlogTest.TestAboutShare67(BlogTest.java:901)
... Removed 36 stack frames]]>
    </failure>
  </testcase> <!-- TestAboutShare67 -->
  <testcase name="TestAboutShare68" time="4.166" classname="Tests.BlogTest">
    <failure type="java.lang.AssertionError" message="The following asserts failed:
	expected [Семестр университета в Украине стоит недешево и даже если речь идет о бюджетной форме, расходов не избежать: канцелярия, учебники, аренда жилья, оплата курсов и даже проезд домой. Где взять деньги и что делать, если они нужны уже сегодня?] but found [Когда начинают звонить сотрудники коллекторской компании, начинаешь думать о том, насколько законны их действия и стоит ли им платить? Имеет ли банк право «подключить» к работе 3-х лиц, если процесс взыскания станет эффективнее?],
	expected [http://dev2.mycredit.com.ua/ru/blog/gde-vzyat-kredit-studentam-na-obuchenie/] but found [http://dev2.mycredit.com.ua/ru/blog/kak-ne-platit-kredit-kollektoram-v-ukraine/]">
      <![CDATA[java.lang.AssertionError: The following asserts failed:
[...]
	expected [http://dev2.mycredit.com.ua/ru/blog/gde-vzyat-kredit-studentam-na-obuchenie/] but found [http://dev2.mycredit.com.ua/ru/blog/kak-ne-platit-kredit-kollektoram-v-ukraine/]
	at Tests.BlogTest.TestButtonSeven(BlogTest.java:515)
... Removed 36 stack frames]]>
    </failure>
  </testcase> <!-- TestButtonSeven -->
  <testcase name="TestButtonSix" time="2.357" classname="Tests.BlogTest">
    <failure type="java.lang.AssertionError" message="The following asserts failed:
	expected [Семестр университета в Украине стоит недешево и даже если речь идет о бюджетной форме, расходов не избежать: канцелярия, учебники, аренда жилья, оплата курсов и даже проезд домой. Где взять деньги и что делать, если они нужны уже сегодня?] but found [Когда начинают звонить сотрудники коллекторской компании, начинаешь думать о том, насколько законны их действия и стоит ли им платить? Имеет ли банк право «подключить» к работе 3-х лиц, если процесс взыскания станет эффективнее?],
	expected [http://dev2.mycredit.com.ua/ru/blog/gde-vzyat-kredit-studentam-na-obuchenie/] but found [http://dev2.mycredit.com.ua/ru/blog/kak-ne-platit-kredit-kollektoram-v-ukraine/]">
      <![CDATA[java.lang.AssertionError: The following asserts failed:
	expected [Семестр университета в Украине стоит недешево и даже если речь идет о бюджетной форме, расходов не избежать: канцелярия, учебники, аренда жилья, оплата курсов и даже проезд домой. Где взять деньги и что делать, если они нужны уже сегодня?] but found [Когда начинают звонить сотрудники коллекторской компании, начинаешь думать о том, насколько законны их действия и стоит ли им платить? Имеет ли банк право «подключить» к работе 3-х лиц, если процесс взыскания станет эффективнее?],
	expected [http://dev2.mycredit.com.ua/ru/blog/gde-vzyat-kredit-studentam-na-obuchenie/] but found [http://dev2.mycredit.com.ua/ru/blog/kak-ne-platit-kredit-kollektoram-v-ukraine/]
	at Tests.BlogTest.TestButtonSix(BlogTest.java:440)
... Removed 36 stack frames]]>
    </failure>
  </testcase> <!-- TestButtonSix -->
  <testcase name="TestButtonTen" time="2.507" classname="Tests.BlogTest">
    <failure type="java.lang.AssertionError" message="The following asserts failed:
	expected [Семестр университета в Украине стоит недешево и даже если речь идет о бюджетной форме, расходов не избежать: канцелярия, учебники, аренда жилья, оплата курсов и даже проезд домой. Где взять деньги и что делать, если они нужны уже сегодня?] but found [Когда начинают звонить сотрудники коллекторской компании, начинаешь думать о том, насколько законны их действия и стоит ли им платить? Имеет ли банк право «подключить» к работе 3-х лиц, если процесс взыскания станет эффективнее?],
	expected [http://dev2.mycredit.com.ua/ru/blog/gde-vzyat-kredit-studentam-na-obuchenie/] but found [http://dev2.mycredit.com.ua/ru/blog/kak-ne-platit-kredit-kollektoram-v-ukraine/]">
      <![CDATA[java.lang.AssertionError: The following asserts failed:
	expected [Семестр университета в Украине стоит недешево и даже если речь идет о бюджетной форме, расходов не избежать: канцелярия, учебники, аренда жилья, оплата курсов и даже проезд домой. Где взять деньги и что делать, если они нужны уже сегодня?] but found [Когда начинают звонить сотрудники коллекторской компании, начинаешь думать о том, насколько законны их действия и стоит ли им платить? Имеет ли банк право «подключить» к работе 3-х лиц, если процесс взыскания станет эффективнее?],
	expected [http://dev2.mycredit.com.ua/ru/blog/gde-vzyat-kredit-studentam-na-obuchenie/] but found [http://dev2.mycredit.com.ua/ru/blog/kak-ne-platit-kredit-kollektoram-v-ukraine/]
	at Tests.BlogTest.TestButtonTen(BlogTest.java:740)
... Removed 36 stack frames]]>
    </failure>
  </testcase> <!-- TestButtonTen -->
  <testcase name="TestButtonThirteen" time="2.366" classname="Tests.BlogTest">
    <failure type="java.lang.AssertionError" message="The following asserts failed:
	expected [Семестр университета в Украине стоит недешево и даже если речь идет о бюджетной форме, расходов не избежать: канцелярия, учебники, аренда жилья, оплата курсов и даже проезд домой. Где взять деньги и что делать, если они нужны уже сегодня?] but found [Когда начинают звонить сотрудники коллекторской компании, начинаешь думать о том, насколько законны их действия и стоит ли им платить? Имеет ли банк право «подключить» к работе 3-х лиц, если процесс взыскания станет эффективнее?],
	expected [http://dev2.mycredit.com.ua/ru/blog/gde-vzyat-kredit-studentam-na-obuchenie/] but found [http://dev2.mycredit.com.ua/ru/blog/kak-ne-platit-kredit-kollektoram-v-ukraine/]">
      <![CDATA[java.lang.AssertionError: The following asserts failed:
	expected [Семестр университета в Украине стоит недешево и даже если речь идет о бюджетной форме, расходов не избежать: канцелярия, учебники, аренда жилья, оплата курсов и даже проезд домой. Где взять деньги и что делать, если они нужны уже сегодня?] but found [Когда начинают звонить сотрудники коллекторской компании, начинаешь думать о том, насколько законны их действия и стоит ли им платить? Имеет ли банк право «подключить» к работе 3-х лиц, если процесс взыскания станет эффективнее?],
	expected [http://dev2.mycredit.com.ua/ru/blog/gde-vzyat-kredit-studentam-na-obuchenie/] but found [http://dev2.mycredit.com.ua/ru/blog/kak-ne-platit-kredit-kollektoram-v-ukraine/]
	at Tests.BlogTest.TestButtonThirteen(BlogTest.java:965)
... Removed 36 stack frames]]>
    </failure>
  </testcase> <!-- TestButtonThirteen -->
  <testcase name="TestButtonThree" time="2.453" classname="Tests.BlogTest">
    <failure type="java.lang.AssertionError" message="The following asserts failed:
	expected [Семестр университета в Украине стоит недешево и даже если речь идет о бюджетной форме, расходов не избежать: канцелярия, учебники, аренда жилья, оплата курсов и даже проезд домой. Где взять деньги и что делать, если они нужны уже сегодня?] but found [Когда начинают звонить сотрудники коллекторской компании, начинаешь думать о том, насколько законны их действия и стоит ли им платить? Имеет ли банк право «подключить» к работе 3-х лиц, если процесс взыскания станет эффективнее?],
	expected [http://dev2.mycredit.com.ua/ru/blog/gde-vzyat-kredit-studentam-na-obuchenie/] but found [http://dev2.mycredit.com.ua/ru/blog/kak-ne-platit-kredit-kollektoram-v-ukraine/]">
      <![CDATA[java.lang.AssertionError: The following asserts failed:
	expected [Семестр университета в Украине стоит недешево и даже если речь идет о бюджетной форме, расходов не избежать: канцелярия, учебники, аренда жилья, оплата курсов и даже проезд домой. Где взять деньги и что делать, если они нужны уже сегодня?] but found [Когда начинают звонить сотрудники коллекторской компании, начинаешь думать о том, насколько законны их действия и стоит ли им платить? Имеет ли банк право «подключить» к работе 3-х лиц, если процесс взыскания станет эффективнее?],
	expected [http://dev2.mycredit.com.ua/ru/blog/gde-vzyat-kredit-studentam-na-obuchenie/] but found [http://dev2.mycredit.com.ua/ru/blog/kak-ne-platit-kredit-kollektoram-v-ukraine/]
	at Tests.BlogTest.TestButtonThree(BlogTest.java:215)
... Removed 36 stack frames]]>
    </failure>
  </testcase> <!-- TestButtonThree -->
  <testcase name="TestButtonTwelwe" time="2.938" classname="Tests.BlogTest">
    <failure type="java.lang.AssertionError" message="The following asserts failed:
	expected [Семестр университета в Украине стоит недешево и даже если речь идет о бюджетной форме, расходов не избежать: канцелярия, учебники, аренда жилья, оплата курсов и даже проезд домой. Где взять деньги и что делать, если они нужны уже сегодня?] but found [Когда начинают звонить сотрудники коллекторской компании, начинаешь думать о том, насколько законны их действия и стоит ли им платить? Имеет ли банк право «подключить» к работе 3-х лиц, если процесс взыскания станет эффективнее?],
	expected [http://dev2.mycredit.com.ua/ru/blog/gde-vzyat-kredit-studentam-na-obuchenie/] but found [http://dev2.mycredit.com.ua/ru/blog/kak-ne-platit-kredit-kollektoram-v-ukraine/]">
      <![CDATA[java.lang.AssertionError: The following asserts failed:
	expected [Семестр университета в Украине стоит недешево и даже если речь идет о бюджетной форме, расходов не избежать: канцелярия, учебники, аренда жилья, оплата курсов и даже проезд домой. Где взять деньги и что делать, если они нужны уже сегодня?] but found [Когда начинают звонить сотрудники коллекторской компании, начинаешь думать о том, насколько законны их действия и стоит ли им платить? Имеет ли банк право «подключить» к работе 3-х лиц, если процесс взыскания станет эффективнее?],
	expected [http://dev2.mycredit.com.ua/ru/blog/gde-vzyat-kredit-studentam-na-obuchenie/] but found [http://dev2.mycredit.com.ua/ru/blog/kak-ne-platit-kredit-kollektoram-v-ukraine/]
	at Tests.BlogTest.TestButtonTwelwe(BlogTest.java:890)
... Removed 36 stack frames]]>
    </failure>
  </testcase> <!-- TestButtonTwelwe -->
  <testcase name="TestButtonTwo" time="2.434" classname="Tests.BlogTest">
    <failure type="java.lang.AssertionError" message="The following asserts failed:
	expected [Семестр университета в Украине стоит недешево и даже если речь идет о бюджетной форме, расходов не избежать: канцелярия, учебники, аренда жилья, оплата курсов и даже проезд домой. Где взять деньги и что делать, если они нужны уже сегодня?] but found [Когда начинают звонить сотрудники коллекторской компании, начинаешь думать о том, насколько законны их действия и стоит ли им платить? Имеет ли банк право «подключить» к работе 3-х лиц, если процесс взыскания станет эффективнее?],
	expected [http://dev2.mycredit.com.ua/ru/blog/gde-vzyat-kredit-studentam-na-obuchenie/] but found [http://dev2.mycredit.com.ua/ru/blog/kak-ne-platit-kredit-kollektoram-v-ukraine/]">
      <![CDATA[java.lang.AssertionError: The following asserts failed:
	expected [Семестр университета в Украине стоит недешево и даже если речь идет о бюджетной форме, расходов не избежать: канцелярия, учебники, аренда жилья, оплата курсов и даже проезд домой. Где взять деньги и что делать, если они нужны уже сегодня?] but found [Когда начинают звонить сотрудники коллекторской компании, начинаешь думать о том, насколько законны их действия и стоит ли им платить? Имеет ли банк право «подключить» к работе 3-х лиц, если процесс взыскания станет эффективнее?],
	expected [http://dev2.mycredit.com.ua/ru/blog/gde-vzyat-kredit-studentam-na-obuchenie/] but found [http://dev2.mycredit.com.ua/ru/blog/kak-ne-platit-kredit-kollektoram-v-ukraine/]
	at Tests.BlogTest.TestButtonTwo(BlogTest.java:140)
... Removed 36 stack frames]]>
    </failure>
  </testcase> <!-- TestButtonTwo -->
  <testcase name="TestButtonsbar" time="3.562" classname="Tests.BlogTest">
    <failure type="java.lang.AssertionError" message="The following asserts failed:
	expected [Семестр университета в Украине стоит недешево и даже если речь идет о бюджетной форме, расходов не избежать: канцелярия, учебники, аренда жилья, оплата курсов и даже проезд домой. Где взять деньги и что делать, если они нужны уже сегодня?] but found [Когда начинают звонить сотрудники коллекторской компании, начинаешь думать о том, насколько законны их действия и стоит ли им платить? Имеет ли банк право «подключить» к работе 3-х лиц, если процесс взыскания станет эффективнее?],
	expected [http://dev2.mycredit.com.ua/ru/blog/gde-vzyat-kredit-studentam-na-obuchenie/] but found [http://dev2.mycredit.com.ua/ru/blog/kak-ne-platit-kredit-kollektoram-v-ukraine/]">
      <![CDATA[java.lang.AssertionError: The following asserts failed:
	expected [Семестр университета в Украине стоит недешево и даже если речь идет о бюджетной форме, расходов не избежать: канцелярия, учебники, аренда жилья, оплата курсов и даже проезд домой. Где взять деньги и что делать, если они нужны уже сегодня?] but found [Когда начинают звонить сотрудники коллекторской компании, начинаешь думать о том, насколько законны их действия и стоит ли им платить? Имеет ли банк право «подключить» к работе 3-х лиц, если процесс взыскания станет эффективнее?],
	expected [http://dev2.mycredit.com.ua/ru/blog/gde-vzyat-kredit-studentam-na-obuchenie/] but found [http://dev2.mycredit.com.ua/ru/blog/kak-ne-platit-kredit-kollektoram-v-ukraine/]
	at Tests.BlogTest.TestButtonsbar(BlogTest.java:131)
... Removed 36 stack frames]]>
    </failure>
  </testcase> <!-- TestButtonsbar -->
  <testcase name="TestCalculator" time="2.751" classname="Tests.BlogTest">
    <failure type="java.lang.AssertionError" message="The following asserts failed:
	expected [Семестр университета в Украине стоит недешево и даже если речь идет о бюджетной форме, расходов не избежать: канцелярия, учебники, аренда жилья, оплата курсов и даже проезд домой. Где взять деньги и что делать, если они нужны уже сегодня?] but found [Когда начинают звонить сотрудники коллекторской компании, начинаешь думать о том, насколько законны их действия и стоит ли им платить? Имеет ли банк право «подключить» к работе 3-х лиц, если процесс взыскания станет эффективнее?],
	expected [http://dev2.mycredit.com.ua/ru/blog/gde-vzyat-kredit-studentam-na-obuchenie/] but found [http://dev2.mycredit.com.ua/ru/blog/kak-ne-platit-kredit-kollektoram-v-ukraine/]">
      <![CDATA[java.lang.AssertionError: The following asserts failed:
	expected [Семестр университета в Украине стоит недешево и даже если речь идет о бюджетной форме, расходов не избежать: канцелярия, учебники, аренда жилья, оплата курсов и даже проезд домой. Где взять деньги и что делать, если они нужны уже сегодня?] but found [Когда начинают звонить сотрудники коллекторской компании, начинаешь думать о том, насколько законны их действия и стоит ли им платить? Имеет ли банк право «подключить» к работе 3-х лиц, если процесс взыскания станет эффективнее?],
	expected [http://dev2.mycredit.com.ua/ru/blog/gde-vzyat-kredit-studentam-na-obuchenie/] but found [http://dev2.mycredit.com.ua/ru/blog/kak-ne-platit-kredit-kollektoram-v-ukraine/]
	at Tests.BlogTest.TestCalculator(BlogTest.java:1215)
... Removed 36 stack frames]]>
    </failure>
  </testcase> <!-- TestCalculator -->
  <testcase name="TestShareSitebar" time="5.379" classname="Tests.BlogTest">
    <failure type="java.lang.AssertionError" message="The following asserts failed:
	expected [Семестр университета в Украине стоит недешево и даже если речь идет о бюджетной форме, расходов не избежать: канцелярия, учебники, аренда жилья, оплата курсов и даже проезд домой. Где взять деньги и что делать, если они нужны уже сегодня?] but found [Когда начинают звонить сотрудники коллекторской компании, начинаешь думать о том, насколько законны их действия и стоит ли им платить? Имеет ли банк право «подключить» к работе 3-х лиц, если процесс взыскания станет эффективнее?],
	expected [http://dev2.mycredit.com.ua/ru/blog/gde-vzyat-kredit-studentam-na-obuchenie/] but found [http://dev2.mycredit.com.ua/ru/blog/kak-ne-platit-kredit-kollektoram-v-ukraine/]">
      <![CDATA[java.lang.AssertionError: The following asserts failed:
	expected [Семестр университета в Украине стоит недешево и даже если речь идет о бюджетной форме, расходов не избежать: канцелярия, учебники, аренда жилья, оплата курсов и даже проезд домой. Где взять деньги и что делать, если они нужны уже сегодня?] but found [Когда начинают звонить сотрудники коллекторской компании, начинаешь думать о том, насколько законны их действия и стоит ли им платить? Имеет ли банк право «подключить» к работе 3-х лиц, если процесс взыскания станет эффективнее?],
	expected [http://dev2.mycredit.com.ua/ru/blog/gde-vzyat-kredit-studentam-na-obuchenie/] but found [http://dev2.mycredit.com.ua/ru/blog/kak-ne-platit-kredit-kollektoram-v-ukraine/]
	at Tests.BlogTest.TestShareSitebar(BlogTest.java:1204)
... Removed 36 stack frames]]>
    </failure>
  </testcase> <!-- TestShareSitebar -->
  <testcase name="TestSharesHeader" time="1.603" classname="Tests.BlogTest">
    <failure type="java.lang.AssertionError" message="The following asserts failed:
	expected [Семестр университета в Украине стоит недешево и даже если речь идет о бюджетной форме, расходов не избежать: канцелярия, учебники, аренда жилья, оплата курсов и даже проезд домой. Где взять деньги и что делать, если они нужны уже сегодня?] but found [Когда начинают звонить сотрудники коллекторской компании, начинаешь думать о том, насколько законны их действия и стоит ли им платить? Имеет ли банк право «подключить» к работе 3-х лиц, если процесс взыскания станет эффективнее?],
	expected [http://dev2.mycredit.com.ua/ru/blog/gde-vzyat-kredit-studentam-na-obuchenie/] but found [http://dev2.mycredit.com.ua/ru/blog/kak-ne-platit-kredit-kollektoram-v-ukraine/]">
      <![CDATA[java.lang.AssertionError: The following asserts failed:
	expected [Семестр университета в Украине стоит недешево и даже если речь идет о бюджетной форме, расходов не избежать: канцелярия, учебники, аренда жилья, оплата курсов и даже проезд домой. Где взять деньги и что делать, если они нужны уже сегодня?] but found [Когда начинают звонить сотрудники коллекторской компании, начинаешь думать о том, насколько законны их действия и стоит ли им платить? Имеет ли банк право «подключить» к работе 3-х лиц, если процесс взыскания станет эффективнее?],
	expected [http://dev2.mycredit.com.ua/ru/blog/gde-vzyat-kredit-studentam-na-obuchenie/] but found [http://dev2.mycredit.com.ua/ru/blog/kak-ne-platit-kredit-kollektoram-v-ukraine/]
	at Tests.BlogTest.TestSharesHeader(BlogTest.java:42)
... Removed 36 stack frames]]>
    </failure>
  </testcase> <!-- TestSharesHeader -->
  <testcase name="TestAboutShare1" time="3.422" classname="Tests.SharesTest"/>
  <testcase name="TestAboutShare10" time="3.939" classname="Tests.SharesTest"/>
  <testcase name="TestAboutShare11" time="4.042" classname="Tests.SharesTest"/>
  <testcase name="TestAboutShare12" time="4.226" classname="Tests.SharesTest"/>
  <testcase name="TestAboutShare13" time="3.869" classname="Tests.SharesTest"/>
  <testcase name="TestAboutShare14" time="4.127" classname="Tests.SharesTest"/>
  <testcase name="TestAboutShare15" time="4.349" classname="Tests.SharesTest"/>
  <testcase name="TestAboutShare16" time="4.055" classname="Tests.SharesTest"/>
  <testcase name="TestAboutShare17" time="4.082" classname="Tests.SharesTest"/>
  <testcase name="TestAboutShare18" time="3.939" classname="Tests.SharesTest"/>
  <testcase name="TestAboutShare19" time="4.936" classname="Tests.SharesTest"/>
  <testcase name="TestAboutShare2" time="2.565" classname="Tests.SharesTest"/>
  <testcase name="TestAboutShare20" time="4.209" classname="Tests.SharesTest"/>
  <testcase name="TestAboutShare21" time="3.889" classname="Tests.SharesTest"/>
  <testcase name="TestAboutShare3" time="2.574" classname="Tests.SharesTest"/>
  <testcase name="TestAboutShare4" time="2.655" classname="Tests.SharesTest"/>
  <testcase name="TestAboutShare5" time="2.644" classname="Tests.SharesTest"/>
  <testcase name="TestAboutShare6" time="1.969" classname="Tests.SharesTest"/>
  <testcase name="TestAboutShare7" time="4.173" classname="Tests.SharesTest"/>
  <testcase name="TestAboutShare8" time="4.173" classname="Tests.SharesTest"/>
  <testcase name="TestAboutShare9" time="4.215" classname="Tests.SharesTest"/>
  <testcase name="TestButtonFour" time="2.999" classname="Tests.SharesTest"/>
  <testcase name="TestButtonThree" time="2.977" classname="Tests.SharesTest"/>
  <testcase name="TestButtonsbar" time="3.078" classname="Tests.SharesTest"/>
  <testcase name="TestButtontwo" time="2.94" classname="Tests.SharesTest"/>
  <testcase name="TestCalculator" time="3.485" classname="Tests.SharesTest"/>
  <testcase name="TestShareSitebar" time="3.323" classname="Tests.SharesTest"/>
  <testcase name="TestSharesHeader" time="1.501" classname="Tests.SharesTest"/>
</testsuite> <!-- Command line test -->
