<!DOCTYPE html>

<html>
  <head>
  <meta charset='utf-8'>
  <title>TestNG reports</title>

    <link type="text/css" href="testng-reports.css" rel="stylesheet" />
    <script type="text/javascript" src="jquery-1.7.1.min.js"></script>
    <script type="text/javascript" src="testng-reports.js"></script>
    <script type="text/javascript" src="https://www.google.com/jsapi"></script>
    <script type='text/javascript'>
      google.load('visualization', '1', {packages:['table']});
      google.setOnLoadCallback(drawTable);
      var suiteTableInitFunctions = new Array();
      var suiteTableData = new Array();
    </script>
    <!--
      <script type="text/javascript" src="jquery-ui/js/jquery-ui-1.8.16.custom.min.js"></script>
     -->
  </head>

  <body>
    <div class="top-banner-root">
      <span class="top-banner-title-font">Test results</span>
      <br/>
      <span class="top-banner-font-1">1 suite, 73 failed tests</span>
    </div> <!-- top-banner-root -->
    <div class="navigator-root">
      <div class="navigator-suite-header">
        <span>All suites</span>
        <a href="#" class="collapse-all-link" title="Collapse/expand all the suites">
          <img class="collapse-all-icon" src="collapseall.gif">
          </img> <!-- collapse-all-icon -->
        </a> <!-- collapse-all-link -->
      </div> <!-- navigator-suite-header -->
      <div class="suite">
        <div class="rounded-window">
          <div class="suite-header light-rounded-window-top">
            <a href="#" class="navigator-link" panel-name="suite-Command_line_suite">
              <span class="suite-name border-failed">Command line suite</span>
            </a> <!-- navigator-link -->
          </div> <!-- suite-header light-rounded-window-top -->
          <div class="navigator-suite-content">
            <div class="suite-section-title">
              <span>Info</span>
            </div> <!-- suite-section-title -->
            <div class="suite-section-content">
              <ul>
                <li>
                  <a href="#" class="navigator-link " panel-name="test-xml-Command_line_suite">
                    <span>[unset file name]</span>
                  </a> <!-- navigator-link  -->
                </li>
                <li>
                  <a href="#" class="navigator-link " panel-name="testlist-Command_line_suite">
                    <span class="test-stats">1 test</span>
                  </a> <!-- navigator-link  -->
                </li>
                <li>
                  <a href="#" class="navigator-link " panel-name="group-Command_line_suite">
                    <span>0 groups</span>
                  </a> <!-- navigator-link  -->
                </li>
                <li>
                  <a href="#" class="navigator-link " panel-name="times-Command_line_suite">
                    <span>Times</span>
                  </a> <!-- navigator-link  -->
                </li>
                <li>
                  <a href="#" class="navigator-link " panel-name="reporter-Command_line_suite">
                    <span>Reporter output</span>
                  </a> <!-- navigator-link  -->
                </li>
                <li>
                  <a href="#" class="navigator-link " panel-name="ignored-methods-Command_line_suite">
                    <span>Ignored methods</span>
                  </a> <!-- navigator-link  -->
                </li>
                <li>
                  <a href="#" class="navigator-link " panel-name="chronological-Command_line_suite">
                    <span>Chronological view</span>
                  </a> <!-- navigator-link  -->
                </li>
              </ul>
            </div> <!-- suite-section-content -->
            <div class="result-section">
              <div class="suite-section-title">
                <span>Results</span>
              </div> <!-- suite-section-title -->
              <div class="suite-section-content">
                <ul>
                  <li>
                    <span class="method-stats">129 methods, 73 failed,   56 passed</span>
                  </li>
                  <li>
                    <span class="method-list-title failed">Failed methods</span>
                    <span class="show-or-hide-methods failed">
                      <a href="#" panel-name="suite-Command_line_suite" class="hide-methods failed suite-Command_line_suite"> (hide)</a> <!-- hide-methods failed suite-Command_line_suite -->
                      <a href="#" panel-name="suite-Command_line_suite" class="show-methods failed suite-Command_line_suite"> (show)</a> <!-- show-methods failed suite-Command_line_suite -->
                    </span>
                    <div class="method-list-content failed suite-Command_line_suite">
                      <span>
                        <img width="3%" src="failed.png"/>
                        <a href="#" class="method navigator-link" panel-name="suite-Command_line_suite" title="Tests.BlogTest" hash-for-method="TestAboutShare35">TestAboutShare35</a> <!-- method navigator-link -->
                      </span>
                      <br/>
                      <span>
                        <img width="3%" src="failed.png"/>
                        <a href="#" class="method navigator-link" panel-name="suite-Command_line_suite" title="Tests.BlogTest" hash-for-method="TestAboutShare36">TestAboutShare36</a> <!-- method navigator-link -->
                      </span>
                      <br/>
                      <span>
                        <img width="3%" src="failed.png"/>
                        <a href="#" class="method navigator-link" panel-name="suite-Command_line_suite" title="Tests.BlogTest" hash-for-method="TestAboutShare37">TestAboutShare37</a> <!-- method navigator-link -->
                      </span>
                      <br/>
                      <span>
                        <img width="3%" src="failed.png"/>
                        <a href="#" class="method navigator-link" panel-name="suite-Command_line_suite" title="Tests.BlogTest" hash-for-method="TestAboutShare38">TestAboutShare38</a> <!-- method navigator-link -->
                      </span>
                      <br/>
                      <span>
                        <img width="3%" src="failed.png"/>
                        <a href="#" class="method navigator-link" panel-name="suite-Command_line_suite" title="Tests.BlogTest" hash-for-method="TestAboutShare39">TestAboutShare39</a> <!-- method navigator-link -->
                      </span>
                      <br/>
                      <span>
                        <img width="3%" src="failed.png"/>
                        <a href="#" class="method navigator-link" panel-name="suite-Command_line_suite" title="Tests.BlogTest" hash-for-method="TestAboutShare4">TestAboutShare4</a> <!-- method navigator-link -->
                      </span>
                      <br/>
                      <span>
                        <img width="3%" src="failed.png"/>
                        <a href="#" class="method navigator-link" panel-name="suite-Command_line_suite" title="Tests.BlogTest" hash-for-method="TestAboutShare40">TestAboutShare40</a> <!-- method navigator-link -->
                      </span>
                      <br/>
                      <span>
                        <img width="3%" src="failed.png"/>
                        <a href="#" class="method navigator-link" panel-name="suite-Command_line_suite" title="Tests.BlogTest" hash-for-method="TestAboutShare41">TestAboutShare41</a> <!-- method navigator-link -->
                      </span>
                      <br/>
                      <span>
                        <img width="3%" src="failed.png"/>
                        <a href="#" class="method navigator-link" panel-name="suite-Command_line_suite" title="Tests.BlogTest" hash-for-method="TestAboutShare42">TestAboutShare42</a> <!-- method navigator-link -->
                      </span>
                      <br/>
                      <span>
                        <img width="3%" src="failed.png"/>
                        <a href="#" class="method navigator-link" panel-name="suite-Command_line_suite" title="Tests.BlogTest" hash-for-method="TestAboutShare43">TestAboutShare43</a> <!-- method navigator-link -->
                      </span>
                      <br/>
                      <span>
                        <img width="3%" src="failed.png"/>
                        <a href="#" class="method navigator-link" panel-name="suite-Command_line_suite" title="Tests.BlogTest" hash-for-method="TestAboutShare44">TestAboutShare44</a> <!-- method navigator-link -->
                      </span>
                      <br/>
                      <span>
                        <img width="3%" src="failed.png"/>
                        <a href="#" class="method navigator-link" panel-name="suite-Command_line_suite" title="Tests.BlogTest" hash-for-method="TestAboutShare45">TestAboutShare45</a> <!-- method navigator-link -->
                      </span>
                      <br/>
                      <span>
                        <img width="3%" src="failed.png"/>
                        <a href="#" class="method navigator-link" panel-name="suite-Command_line_suite" title="Tests.BlogTest" hash-for-method="TestAboutShare46">TestAboutShare46</a> <!-- method navigator-link -->
                      </span>
                      <br/>
                      <span>
                        <img width="3%" src="failed.png"/>
                        <a href="#" class="method navigator-link" panel-name="suite-Command_line_suite" title="Tests.BlogTest" hash-for-method="TestAboutShare47">TestAboutShare47</a> <!-- method navigator-link -->
                      </span>
                      <br/>
                      <span>
                        <img width="3%" src="failed.png"/>
                        <a href="#" class="method navigator-link" panel-name="suite-Command_line_suite" title="Tests.BlogTest" hash-for-method="TestAboutShare48">TestAboutShare48</a> <!-- method navigator-link -->
                      </span>
                      <br/>
                      <span>
                        <img width="3%" src="failed.png"/>
                        <a href="#" class="method navigator-link" panel-name="suite-Command_line_suite" title="Tests.BlogTest" hash-for-method="TestAboutShare49">TestAboutShare49</a> <!-- method navigator-link -->
                      </span>
                      <br/>
                      <span>
                        <img width="3%" src="failed.png"/>
                        <a href="#" class="method navigator-link" panel-name="suite-Command_line_suite" title="Tests.BlogTest" hash-for-method="TestAboutShare5">TestAboutShare5</a> <!-- method navigator-link -->
                      </span>
                      <br/>
                      <span>
                        <img width="3%" src="failed.png"/>
                        <a href="#" class="method navigator-link" panel-name="suite-Command_line_suite" title="Tests.BlogTest" hash-for-method="TestAboutShare50">TestAboutShare50</a> <!-- method navigator-link -->
                      </span>
                      <br/>
                      <span>
                        <img width="3%" src="failed.png"/>
                        <a href="#" class="method navigator-link" panel-name="suite-Command_line_suite" title="Tests.BlogTest" hash-for-method="TestAboutShare51">TestAboutShare51</a> <!-- method navigator-link -->
                      </span>
                      <br/>
                      <span>
                        <img width="3%" src="failed.png"/>
                        <a href="#" class="method navigator-link" panel-name="suite-Command_line_suite" title="Tests.BlogTest" hash-for-method="TestAboutShare52">TestAboutShare52</a> <!-- method navigator-link -->
                      </span>
                      <br/>
                      <span>
                        <img width="3%" src="failed.png"/>
                        <a href="#" class="method navigator-link" panel-name="suite-Command_line_suite" title="Tests.BlogTest" hash-for-method="TestAboutShare53">TestAboutShare53</a> <!-- method navigator-link -->
                      </span>
                      <br/>
                      <span>
                        <img width="3%" src="failed.png"/>
                        <a href="#" class="method navigator-link" panel-name="suite-Command_line_suite" title="Tests.BlogTest" hash-for-method="TestAboutShare54">TestAboutShare54</a> <!-- method navigator-link -->
                      </span>
                      <br/>
                      <span>
                        <img width="3%" src="failed.png"/>
                        <a href="#" class="method navigator-link" panel-name="suite-Command_line_suite" title="Tests.BlogTest" hash-for-method="TestAboutShare55">TestAboutShare55</a> <!-- method navigator-link -->
                      </span>
                      <br/>
                      <span>
                        <img width="3%" src="failed.png"/>
                        <a href="#" class="method navigator-link" panel-name="suite-Command_line_suite" title="Tests.BlogTest" hash-for-method="TestAboutShare56">TestAboutShare56</a> <!-- method navigator-link -->
                      </span>
                      <br/>
                      <span>
                        <img width="3%" src="failed.png"/>
                        <a href="#" class="method navigator-link" panel-name="suite-Command_line_suite" title="Tests.BlogTest" hash-for-method="TestAboutShare57">TestAboutShare57</a> <!-- method navigator-link -->
                      </span>
                      <br/>
                      <span>
                        <img width="3%" src="failed.png"/>
                        <a href="#" class="method navigator-link" panel-name="suite-Command_line_suite" title="Tests.BlogTest" hash-for-method="TestAboutShare58">TestAboutShare58</a> <!-- method navigator-link -->
                      </span>
                      <br/>
                      <span>
                        <img width="3%" src="failed.png"/>
                        <a href="#" class="method navigator-link" panel-name="suite-Command_line_suite" title="Tests.BlogTest" hash-for-method="TestAboutShare59">TestAboutShare59</a> <!-- method navigator-link -->
                      </span>
                      <br/>
                      <span>
                        <img width="3%" src="failed.png"/>
                        <a href="#" class="method navigator-link" panel-name="suite-Command_line_suite" title="Tests.BlogTest" hash-for-method="TestAboutShare6">TestAboutShare6</a> <!-- method navigator-link -->
                      </span>
                      <br/>
                      <span>
                        <img width="3%" src="failed.png"/>
                        <a href="#" class="method navigator-link" panel-name="suite-Command_line_suite" title="Tests.BlogTest" hash-for-method="TestAboutShare60">TestAboutShare60</a> <!-- method navigator-link -->
                      </span>
                      <br/>
                      <span>
                        <img width="3%" src="failed.png"/>
                        <a href="#" class="method navigator-link" panel-name="suite-Command_line_suite" title="Tests.BlogTest" hash-for-method="TestAboutShare61">TestAboutShare61</a> <!-- method navigator-link -->
                      </span>
                      <br/>
                      <span>
                        <img width="3%" src="failed.png"/>
                        <a href="#" class="method navigator-link" panel-name="suite-Command_line_suite" title="Tests.BlogTest" hash-for-method="TestAboutShare62">TestAboutShare62</a> <!-- method navigator-link -->
                      </span>
                      <br/>
                      <span>
                        <img width="3%" src="failed.png"/>
                        <a href="#" class="method navigator-link" panel-name="suite-Command_line_suite" title="Tests.BlogTest" hash-for-method="TestAboutShare63">TestAboutShare63</a> <!-- method navigator-link -->
                      </span>
                      <br/>
                      <span>
                        <img width="3%" src="failed.png"/>
                        <a href="#" class="method navigator-link" panel-name="suite-Command_line_suite" title="Tests.BlogTest" hash-for-method="TestAboutShare64">TestAboutShare64</a> <!-- method navigator-link -->
                      </span>
                      <br/>
                      <span>
                        <img width="3%" src="failed.png"/>
                        <a href="#" class="method navigator-link" panel-name="suite-Command_line_suite" title="Tests.BlogTest" hash-for-method="TestAboutShare65">TestAboutShare65</a> <!-- method navigator-link -->
                      </span>
                      <br/>
                      <span>
                        <img width="3%" src="failed.png"/>
                        <a href="#" class="method navigator-link" panel-name="suite-Command_line_suite" title="Tests.BlogTest" hash-for-method="TestAboutShare66">TestAboutShare66</a> <!-- method navigator-link -->
                      </span>
                      <br/>
                      <span>
                        <img width="3%" src="failed.png"/>
                        <a href="#" class="method navigator-link" panel-name="suite-Command_line_suite" title="Tests.BlogTest" hash-for-method="TestAboutShare67">TestAboutShare67</a> <!-- method navigator-link -->
                      </span>
                      <br/>
                      <span>
                        <img width="3%" src="failed.png"/>
                        <a href="#" class="method navigator-link" panel-name="suite-Command_line_suite" title="Tests.BlogTest" hash-for-method="TestAboutShare68">TestAboutShare68</a> <!-- method navigator-link -->
                      </span>
                      <br/>
                      <span>
                        <img width="3%" src="failed.png"/>
                        <a href="#" class="method navigator-link" panel-name="suite-Command_line_suite" title="Tests.BlogTest" hash-for-method="TestAboutShare69">TestAboutShare69</a> <!-- method navigator-link -->
                      </span>
                      <br/>
                      <span>
                        <img width="3%" src="failed.png"/>
                        <a href="#" class="method navigator-link" panel-name="suite-Command_line_suite" title="Tests.BlogTest" hash-for-method="TestAboutShare7">TestAboutShare7</a> <!-- method navigator-link -->
                      </span>
                      <br/>
                      <span>
                        <img width="3%" src="failed.png"/>
                        <a href="#" class="method navigator-link" panel-name="suite-Command_line_suite" title="Tests.BlogTest" hash-for-method="TestAboutShare70">TestAboutShare70</a> <!-- method navigator-link -->
                      </span>
                      <br/>
                      <span>
                        <img width="3%" src="failed.png"/>
                        <a href="#" class="method navigator-link" panel-name="suite-Command_line_suite" title="Tests.BlogTest" hash-for-method="TestAboutShare71">TestAboutShare71</a> <!-- method navigator-link -->
                      </span>
                      <br/>
                      <span>
                        <img width="3%" src="failed.png"/>
                        <a href="#" class="method navigator-link" panel-name="suite-Command_line_suite" title="Tests.BlogTest" hash-for-method="TestAboutShare72">TestAboutShare72</a> <!-- method navigator-link -->
                      </span>
                      <br/>
                      <span>
                        <img width="3%" src="failed.png"/>
                        <a href="#" class="method navigator-link" panel-name="suite-Command_line_suite" title="Tests.BlogTest" hash-for-method="TestAboutShare73">TestAboutShare73</a> <!-- method navigator-link -->
                      </span>
                      <br/>
                      <span>
                        <img width="3%" src="failed.png"/>
                        <a href="#" class="method navigator-link" panel-name="suite-Command_line_suite" title="Tests.BlogTest" hash-for-method="TestAboutShare74">TestAboutShare74</a> <!-- method navigator-link -->
                      </span>
                      <br/>
                      <span>
                        <img width="3%" src="failed.png"/>
                        <a href="#" class="method navigator-link" panel-name="suite-Command_line_suite" title="Tests.BlogTest" hash-for-method="TestAboutShare75">TestAboutShare75</a> <!-- method navigator-link -->
                      </span>
                      <br/>
                      <span>
                        <img width="3%" src="failed.png"/>
                        <a href="#" class="method navigator-link" panel-name="suite-Command_line_suite" title="Tests.BlogTest" hash-for-method="TestAboutShare76">TestAboutShare76</a> <!-- method navigator-link -->
                      </span>
                      <br/>
                      <span>
                        <img width="3%" src="failed.png"/>
                        <a href="#" class="method navigator-link" panel-name="suite-Command_line_suite" title="Tests.BlogTest" hash-for-method="TestAboutShare77">TestAboutShare77</a> <!-- method navigator-link -->
                      </span>
                      <br/>
                      <span>
                        <img width="3%" src="failed.png"/>
                        <a href="#" class="method navigator-link" panel-name="suite-Command_line_suite" title="Tests.BlogTest" hash-for-method="TestAboutShare78">TestAboutShare78</a> <!-- method navigator-link -->
                      </span>
                      <br/>
                      <span>
                        <img width="3%" src="failed.png"/>
                        <a href="#" class="method navigator-link" panel-name="suite-Command_line_suite" title="Tests.BlogTest" hash-for-method="TestAboutShare79">TestAboutShare79</a> <!-- method navigator-link -->
                      </span>
                      <br/>
                      <span>
                        <img width="3%" src="failed.png"/>
                        <a href="#" class="method navigator-link" panel-name="suite-Command_line_suite" title="Tests.BlogTest" hash-for-method="TestAboutShare8">TestAboutShare8</a> <!-- method navigator-link -->
                      </span>
                      <br/>
                      <span>
                        <img width="3%" src="failed.png"/>
                        <a href="#" class="method navigator-link" panel-name="suite-Command_line_suite" title="Tests.BlogTest" hash-for-method="TestAboutShare80">TestAboutShare80</a> <!-- method navigator-link -->
                      </span>
                      <br/>
                      <span>
                        <img width="3%" src="failed.png"/>
                        <a href="#" class="method navigator-link" panel-name="suite-Command_line_suite" title="Tests.BlogTest" hash-for-method="TestAboutShare81">TestAboutShare81</a> <!-- method navigator-link -->
                      </span>
                      <br/>
                      <span>
                        <img width="3%" src="failed.png"/>
                        <a href="#" class="method navigator-link" panel-name="suite-Command_line_suite" title="Tests.BlogTest" hash-for-method="TestAboutShare82">TestAboutShare82</a> <!-- method navigator-link -->
                      </span>
                      <br/>
                      <span>
                        <img width="3%" src="failed.png"/>
                        <a href="#" class="method navigator-link" panel-name="suite-Command_line_suite" title="Tests.BlogTest" hash-for-method="TestAboutShare83">TestAboutShare83</a> <!-- method navigator-link -->
                      </span>
                      <br/>
                      <span>
                        <img width="3%" src="failed.png"/>
                        <a href="#" class="method navigator-link" panel-name="suite-Command_line_suite" title="Tests.BlogTest" hash-for-method="TestAboutShare84">TestAboutShare84</a> <!-- method navigator-link -->
                      </span>
                      <br/>
                      <span>
                        <img width="3%" src="failed.png"/>
                        <a href="#" class="method navigator-link" panel-name="suite-Command_line_suite" title="Tests.BlogTest" hash-for-method="TestAboutShare9">TestAboutShare9</a> <!-- method navigator-link -->
                      </span>
                      <br/>
                      <span>
                        <img width="3%" src="failed.png"/>
                        <a href="#" class="method navigator-link" panel-name="suite-Command_line_suite" title="Tests.BlogTest" hash-for-method="TestButtonEight">TestButtonEight</a> <!-- method navigator-link -->
                      </span>
                      <br/>
                      <span>
                        <img width="3%" src="failed.png"/>
                        <a href="#" class="method navigator-link" panel-name="suite-Command_line_suite" title="Tests.BlogTest" hash-for-method="TestButtonEleven">TestButtonEleven</a> <!-- method navigator-link -->
                      </span>
                      <br/>
                      <span>
                        <img width="3%" src="failed.png"/>
                        <a href="#" class="method navigator-link" panel-name="suite-Command_line_suite" title="Tests.BlogTest" hash-for-method="TestButtonFive">TestButtonFive</a> <!-- method navigator-link -->
                      </span>
                      <br/>
                      <span>
                        <img width="3%" src="failed.png"/>
                        <a href="#" class="method navigator-link" panel-name="suite-Command_line_suite" title="Tests.BlogTest" hash-for-method="TestButtonFour">TestButtonFour</a> <!-- method navigator-link -->
                      </span>
                      <br/>
                      <span>
                        <img width="3%" src="failed.png"/>
                        <a href="#" class="method navigator-link" panel-name="suite-Command_line_suite" title="Tests.BlogTest" hash-for-method="TestButtonFourteen">TestButtonFourteen</a> <!-- method navigator-link -->
                      </span>
                      <br/>
                      <span>
                        <img width="3%" src="failed.png"/>
                        <a href="#" class="method navigator-link" panel-name="suite-Command_line_suite" title="Tests.BlogTest" hash-for-method="TestButtonNine">TestButtonNine</a> <!-- method navigator-link -->
                      </span>
                      <br/>
                      <span>
                        <img width="3%" src="failed.png"/>
                        <a href="#" class="method navigator-link" panel-name="suite-Command_line_suite" title="Tests.BlogTest" hash-for-method="TestButtonSeven">TestButtonSeven</a> <!-- method navigator-link -->
                      </span>
                      <br/>
                      <span>
                        <img width="3%" src="failed.png"/>
                        <a href="#" class="method navigator-link" panel-name="suite-Command_line_suite" title="Tests.BlogTest" hash-for-method="TestButtonSix">TestButtonSix</a> <!-- method navigator-link -->
                      </span>
                      <br/>
                      <span>
                        <img width="3%" src="failed.png"/>
                        <a href="#" class="method navigator-link" panel-name="suite-Command_line_suite" title="Tests.BlogTest" hash-for-method="TestButtonTen">TestButtonTen</a> <!-- method navigator-link -->
                      </span>
                      <br/>
                      <span>
                        <img width="3%" src="failed.png"/>
                        <a href="#" class="method navigator-link" panel-name="suite-Command_line_suite" title="Tests.BlogTest" hash-for-method="TestButtonThirteen">TestButtonThirteen</a> <!-- method navigator-link -->
                      </span>
                      <br/>
                      <span>
                        <img width="3%" src="failed.png"/>
                        <a href="#" class="method navigator-link" panel-name="suite-Command_line_suite" title="Tests.BlogTest" hash-for-method="TestButtonThree">TestButtonThree</a> <!-- method navigator-link -->
                      </span>
                      <br/>
                      <span>
                        <img width="3%" src="failed.png"/>
                        <a href="#" class="method navigator-link" panel-name="suite-Command_line_suite" title="Tests.BlogTest" hash-for-method="TestButtonTwelwe">TestButtonTwelwe</a> <!-- method navigator-link -->
                      </span>
                      <br/>
                      <span>
                        <img width="3%" src="failed.png"/>
                        <a href="#" class="method navigator-link" panel-name="suite-Command_line_suite" title="Tests.BlogTest" hash-for-method="TestButtonTwo">TestButtonTwo</a> <!-- method navigator-link -->
                      </span>
                      <br/>
                      <span>
                        <img width="3%" src="failed.png"/>
                        <a href="#" class="method navigator-link" panel-name="suite-Command_line_suite" title="Tests.BlogTest" hash-for-method="TestButtonsbar">TestButtonsbar</a> <!-- method navigator-link -->
                      </span>
                      <br/>
                      <span>
                        <img width="3%" src="failed.png"/>
                        <a href="#" class="method navigator-link" panel-name="suite-Command_line_suite" title="Tests.BlogTest" hash-for-method="TestCalculator">TestCalculator</a> <!-- method navigator-link -->
                      </span>
                      <br/>
                      <span>
                        <img width="3%" src="failed.png"/>
                        <a href="#" class="method navigator-link" panel-name="suite-Command_line_suite" title="Tests.BlogTest" hash-for-method="TestShareSitebar">TestShareSitebar</a> <!-- method navigator-link -->
                      </span>
                      <br/>
                      <span>
                        <img width="3%" src="failed.png"/>
                        <a href="#" class="method navigator-link" panel-name="suite-Command_line_suite" title="Tests.BlogTest" hash-for-method="TestSharesHeader">TestSharesHeader</a> <!-- method navigator-link -->
                      </span>
                      <br/>
                    </div> <!-- method-list-content failed suite-Command_line_suite -->
                  </li>
                  <li>
                    <span class="method-list-title passed">Passed methods</span>
                    <span class="show-or-hide-methods passed">
                      <a href="#" panel-name="suite-Command_line_suite" class="hide-methods passed suite-Command_line_suite"> (hide)</a> <!-- hide-methods passed suite-Command_line_suite -->
                      <a href="#" panel-name="suite-Command_line_suite" class="show-methods passed suite-Command_line_suite"> (show)</a> <!-- show-methods passed suite-Command_line_suite -->
                    </span>
                    <div class="method-list-content passed suite-Command_line_suite">
                      <span>
                        <img width="3%" src="passed.png"/>
                        <a href="#" class="method navigator-link" panel-name="suite-Command_line_suite" title="Tests.SharesTest" hash-for-method="TestAboutShare1">TestAboutShare1</a> <!-- method navigator-link -->
                      </span>
                      <br/>
                      <span>
                        <img width="3%" src="passed.png"/>
                        <a href="#" class="method navigator-link" panel-name="suite-Command_line_suite" title="Tests.BlogTest" hash-for-method="TestAboutShare1">TestAboutShare1</a> <!-- method navigator-link -->
                      </span>
                      <br/>
                      <span>
                        <img width="3%" src="passed.png"/>
                        <a href="#" class="method navigator-link" panel-name="suite-Command_line_suite" title="Tests.SharesTest" hash-for-method="TestAboutShare10">TestAboutShare10</a> <!-- method navigator-link -->
                      </span>
                      <br/>
                      <span>
                        <img width="3%" src="passed.png"/>
                        <a href="#" class="method navigator-link" panel-name="suite-Command_line_suite" title="Tests.BlogTest" hash-for-method="TestAboutShare10">TestAboutShare10</a> <!-- method navigator-link -->
                      </span>
                      <br/>
                      <span>
                        <img width="3%" src="passed.png"/>
                        <a href="#" class="method navigator-link" panel-name="suite-Command_line_suite" title="Tests.SharesTest" hash-for-method="TestAboutShare11">TestAboutShare11</a> <!-- method navigator-link -->
                      </span>
                      <br/>
                      <span>
                        <img width="3%" src="passed.png"/>
                        <a href="#" class="method navigator-link" panel-name="suite-Command_line_suite" title="Tests.BlogTest" hash-for-method="TestAboutShare11">TestAboutShare11</a> <!-- method navigator-link -->
                      </span>
                      <br/>
                      <span>
                        <img width="3%" src="passed.png"/>
                        <a href="#" class="method navigator-link" panel-name="suite-Command_line_suite" title="Tests.BlogTest" hash-for-method="TestAboutShare12">TestAboutShare12</a> <!-- method navigator-link -->
                      </span>
                      <br/>
                      <span>
                        <img width="3%" src="passed.png"/>
                        <a href="#" class="method navigator-link" panel-name="suite-Command_line_suite" title="Tests.SharesTest" hash-for-method="TestAboutShare12">TestAboutShare12</a> <!-- method navigator-link -->
                      </span>
                      <br/>
                      <span>
                        <img width="3%" src="passed.png"/>
                        <a href="#" class="method navigator-link" panel-name="suite-Command_line_suite" title="Tests.BlogTest" hash-for-method="TestAboutShare13">TestAboutShare13</a> <!-- method navigator-link -->
                      </span>
                      <br/>
                      <span>
                        <img width="3%" src="passed.png"/>
                        <a href="#" class="method navigator-link" panel-name="suite-Command_line_suite" title="Tests.SharesTest" hash-for-method="TestAboutShare13">TestAboutShare13</a> <!-- method navigator-link -->
                      </span>
                      <br/>
                      <span>
                        <img width="3%" src="passed.png"/>
                        <a href="#" class="method navigator-link" panel-name="suite-Command_line_suite" title="Tests.SharesTest" hash-for-method="TestAboutShare14">TestAboutShare14</a> <!-- method navigator-link -->
                      </span>
                      <br/>
                      <span>
                        <img width="3%" src="passed.png"/>
                        <a href="#" class="method navigator-link" panel-name="suite-Command_line_suite" title="Tests.BlogTest" hash-for-method="TestAboutShare14">TestAboutShare14</a> <!-- method navigator-link -->
                      </span>
                      <br/>
                      <span>
                        <img width="3%" src="passed.png"/>
                        <a href="#" class="method navigator-link" panel-name="suite-Command_line_suite" title="Tests.BlogTest" hash-for-method="TestAboutShare15">TestAboutShare15</a> <!-- method navigator-link -->
                      </span>
                      <br/>
                      <span>
                        <img width="3%" src="passed.png"/>
                        <a href="#" class="method navigator-link" panel-name="suite-Command_line_suite" title="Tests.SharesTest" hash-for-method="TestAboutShare15">TestAboutShare15</a> <!-- method navigator-link -->
                      </span>
                      <br/>
                      <span>
                        <img width="3%" src="passed.png"/>
                        <a href="#" class="method navigator-link" panel-name="suite-Command_line_suite" title="Tests.SharesTest" hash-for-method="TestAboutShare16">TestAboutShare16</a> <!-- method navigator-link -->
                      </span>
                      <br/>
                      <span>
                        <img width="3%" src="passed.png"/>
                        <a href="#" class="method navigator-link" panel-name="suite-Command_line_suite" title="Tests.BlogTest" hash-for-method="TestAboutShare16">TestAboutShare16</a> <!-- method navigator-link -->
                      </span>
                      <br/>
                      <span>
                        <img width="3%" src="passed.png"/>
                        <a href="#" class="method navigator-link" panel-name="suite-Command_line_suite" title="Tests.BlogTest" hash-for-method="TestAboutShare17">TestAboutShare17</a> <!-- method navigator-link -->
                      </span>
                      <br/>
                      <span>
                        <img width="3%" src="passed.png"/>
                        <a href="#" class="method navigator-link" panel-name="suite-Command_line_suite" title="Tests.SharesTest" hash-for-method="TestAboutShare17">TestAboutShare17</a> <!-- method navigator-link -->
                      </span>
                      <br/>
                      <span>
                        <img width="3%" src="passed.png"/>
                        <a href="#" class="method navigator-link" panel-name="suite-Command_line_suite" title="Tests.SharesTest" hash-for-method="TestAboutShare18">TestAboutShare18</a> <!-- method navigator-link -->
                      </span>
                      <br/>
                      <span>
                        <img width="3%" src="passed.png"/>
                        <a href="#" class="method navigator-link" panel-name="suite-Command_line_suite" title="Tests.BlogTest" hash-for-method="TestAboutShare18">TestAboutShare18</a> <!-- method navigator-link -->
                      </span>
                      <br/>
                      <span>
                        <img width="3%" src="passed.png"/>
                        <a href="#" class="method navigator-link" panel-name="suite-Command_line_suite" title="Tests.BlogTest" hash-for-method="TestAboutShare19">TestAboutShare19</a> <!-- method navigator-link -->
                      </span>
                      <br/>
                      <span>
                        <img width="3%" src="passed.png"/>
                        <a href="#" class="method navigator-link" panel-name="suite-Command_line_suite" title="Tests.SharesTest" hash-for-method="TestAboutShare19">TestAboutShare19</a> <!-- method navigator-link -->
                      </span>
                      <br/>
                      <span>
                        <img width="3%" src="passed.png"/>
                        <a href="#" class="method navigator-link" panel-name="suite-Command_line_suite" title="Tests.BlogTest" hash-for-method="TestAboutShare2">TestAboutShare2</a> <!-- method navigator-link -->
                      </span>
                      <br/>
                      <span>
                        <img width="3%" src="passed.png"/>
                        <a href="#" class="method navigator-link" panel-name="suite-Command_line_suite" title="Tests.SharesTest" hash-for-method="TestAboutShare2">TestAboutShare2</a> <!-- method navigator-link -->
                      </span>
                      <br/>
                      <span>
                        <img width="3%" src="passed.png"/>
                        <a href="#" class="method navigator-link" panel-name="suite-Command_line_suite" title="Tests.BlogTest" hash-for-method="TestAboutShare20">TestAboutShare20</a> <!-- method navigator-link -->
                      </span>
                      <br/>
                      <span>
                        <img width="3%" src="passed.png"/>
                        <a href="#" class="method navigator-link" panel-name="suite-Command_line_suite" title="Tests.SharesTest" hash-for-method="TestAboutShare20">TestAboutShare20</a> <!-- method navigator-link -->
                      </span>
                      <br/>
                      <span>
                        <img width="3%" src="passed.png"/>
                        <a href="#" class="method navigator-link" panel-name="suite-Command_line_suite" title="Tests.BlogTest" hash-for-method="TestAboutShare21">TestAboutShare21</a> <!-- method navigator-link -->
                      </span>
                      <br/>
                      <span>
                        <img width="3%" src="passed.png"/>
                        <a href="#" class="method navigator-link" panel-name="suite-Command_line_suite" title="Tests.SharesTest" hash-for-method="TestAboutShare21">TestAboutShare21</a> <!-- method navigator-link -->
                      </span>
                      <br/>
                      <span>
                        <img width="3%" src="passed.png"/>
                        <a href="#" class="method navigator-link" panel-name="suite-Command_line_suite" title="Tests.BlogTest" hash-for-method="TestAboutShare22">TestAboutShare22</a> <!-- method navigator-link -->
                      </span>
                      <br/>
                      <span>
                        <img width="3%" src="passed.png"/>
                        <a href="#" class="method navigator-link" panel-name="suite-Command_line_suite" title="Tests.BlogTest" hash-for-method="TestAboutShare23">TestAboutShare23</a> <!-- method navigator-link -->
                      </span>
                      <br/>
                      <span>
                        <img width="3%" src="passed.png"/>
                        <a href="#" class="method navigator-link" panel-name="suite-Command_line_suite" title="Tests.BlogTest" hash-for-method="TestAboutShare24">TestAboutShare24</a> <!-- method navigator-link -->
                      </span>
                      <br/>
                      <span>
                        <img width="3%" src="passed.png"/>
                        <a href="#" class="method navigator-link" panel-name="suite-Command_line_suite" title="Tests.BlogTest" hash-for-method="TestAboutShare25">TestAboutShare25</a> <!-- method navigator-link -->
                      </span>
                      <br/>
                      <span>
                        <img width="3%" src="passed.png"/>
                        <a href="#" class="method navigator-link" panel-name="suite-Command_line_suite" title="Tests.BlogTest" hash-for-method="TestAboutShare26">TestAboutShare26</a> <!-- method navigator-link -->
                      </span>
                      <br/>
                      <span>
                        <img width="3%" src="passed.png"/>
                        <a href="#" class="method navigator-link" panel-name="suite-Command_line_suite" title="Tests.BlogTest" hash-for-method="TestAboutShare27">TestAboutShare27</a> <!-- method navigator-link -->
                      </span>
                      <br/>
                      <span>
                        <img width="3%" src="passed.png"/>
                        <a href="#" class="method navigator-link" panel-name="suite-Command_line_suite" title="Tests.BlogTest" hash-for-method="TestAboutShare28">TestAboutShare28</a> <!-- method navigator-link -->
                      </span>
                      <br/>
                      <span>
                        <img width="3%" src="passed.png"/>
                        <a href="#" class="method navigator-link" panel-name="suite-Command_line_suite" title="Tests.BlogTest" hash-for-method="TestAboutShare29">TestAboutShare29</a> <!-- method navigator-link -->
                      </span>
                      <br/>
                      <span>
                        <img width="3%" src="passed.png"/>
                        <a href="#" class="method navigator-link" panel-name="suite-Command_line_suite" title="Tests.SharesTest" hash-for-method="TestAboutShare3">TestAboutShare3</a> <!-- method navigator-link -->
                      </span>
                      <br/>
                      <span>
                        <img width="3%" src="passed.png"/>
                        <a href="#" class="method navigator-link" panel-name="suite-Command_line_suite" title="Tests.BlogTest" hash-for-method="TestAboutShare3">TestAboutShare3</a> <!-- method navigator-link -->
                      </span>
                      <br/>
                      <span>
                        <img width="3%" src="passed.png"/>
                        <a href="#" class="method navigator-link" panel-name="suite-Command_line_suite" title="Tests.BlogTest" hash-for-method="TestAboutShare30">TestAboutShare30</a> <!-- method navigator-link -->
                      </span>
                      <br/>
                      <span>
                        <img width="3%" src="passed.png"/>
                        <a href="#" class="method navigator-link" panel-name="suite-Command_line_suite" title="Tests.BlogTest" hash-for-method="TestAboutShare31">TestAboutShare31</a> <!-- method navigator-link -->
                      </span>
                      <br/>
                      <span>
                        <img width="3%" src="passed.png"/>
                        <a href="#" class="method navigator-link" panel-name="suite-Command_line_suite" title="Tests.BlogTest" hash-for-method="TestAboutShare32">TestAboutShare32</a> <!-- method navigator-link -->
                      </span>
                      <br/>
                      <span>
                        <img width="3%" src="passed.png"/>
                        <a href="#" class="method navigator-link" panel-name="suite-Command_line_suite" title="Tests.BlogTest" hash-for-method="TestAboutShare33">TestAboutShare33</a> <!-- method navigator-link -->
                      </span>
                      <br/>
                      <span>
                        <img width="3%" src="passed.png"/>
                        <a href="#" class="method navigator-link" panel-name="suite-Command_line_suite" title="Tests.BlogTest" hash-for-method="TestAboutShare34">TestAboutShare34</a> <!-- method navigator-link -->
                      </span>
                      <br/>
                      <span>
                        <img width="3%" src="passed.png"/>
                        <a href="#" class="method navigator-link" panel-name="suite-Command_line_suite" title="Tests.SharesTest" hash-for-method="TestAboutShare4">TestAboutShare4</a> <!-- method navigator-link -->
                      </span>
                      <br/>
                      <span>
                        <img width="3%" src="passed.png"/>
                        <a href="#" class="method navigator-link" panel-name="suite-Command_line_suite" title="Tests.SharesTest" hash-for-method="TestAboutShare5">TestAboutShare5</a> <!-- method navigator-link -->
                      </span>
                      <br/>
                      <span>
                        <img width="3%" src="passed.png"/>
                        <a href="#" class="method navigator-link" panel-name="suite-Command_line_suite" title="Tests.SharesTest" hash-for-method="TestAboutShare6">TestAboutShare6</a> <!-- method navigator-link -->
                      </span>
                      <br/>
                      <span>
                        <img width="3%" src="passed.png"/>
                        <a href="#" class="method navigator-link" panel-name="suite-Command_line_suite" title="Tests.SharesTest" hash-for-method="TestAboutShare7">TestAboutShare7</a> <!-- method navigator-link -->
                      </span>
                      <br/>
                      <span>
                        <img width="3%" src="passed.png"/>
                        <a href="#" class="method navigator-link" panel-name="suite-Command_line_suite" title="Tests.SharesTest" hash-for-method="TestAboutShare8">TestAboutShare8</a> <!-- method navigator-link -->
                      </span>
                      <br/>
                      <span>
                        <img width="3%" src="passed.png"/>
                        <a href="#" class="method navigator-link" panel-name="suite-Command_line_suite" title="Tests.SharesTest" hash-for-method="TestAboutShare9">TestAboutShare9</a> <!-- method navigator-link -->
                      </span>
                      <br/>
                      <span>
                        <img width="3%" src="passed.png"/>
                        <a href="#" class="method navigator-link" panel-name="suite-Command_line_suite" title="Tests.SharesTest" hash-for-method="TestButtonFour">TestButtonFour</a> <!-- method navigator-link -->
                      </span>
                      <br/>
                      <span>
                        <img width="3%" src="passed.png"/>
                        <a href="#" class="method navigator-link" panel-name="suite-Command_line_suite" title="Tests.SharesTest" hash-for-method="TestButtonThree">TestButtonThree</a> <!-- method navigator-link -->
                      </span>
                      <br/>
                      <span>
                        <img width="3%" src="passed.png"/>
                        <a href="#" class="method navigator-link" panel-name="suite-Command_line_suite" title="Tests.SharesTest" hash-for-method="TestButtonsbar">TestButtonsbar</a> <!-- method navigator-link -->
                      </span>
                      <br/>
                      <span>
                        <img width="3%" src="passed.png"/>
                        <a href="#" class="method navigator-link" panel-name="suite-Command_line_suite" title="Tests.SharesTest" hash-for-method="TestButtontwo">TestButtontwo</a> <!-- method navigator-link -->
                      </span>
                      <br/>
                      <span>
                        <img width="3%" src="passed.png"/>
                        <a href="#" class="method navigator-link" panel-name="suite-Command_line_suite" title="Tests.SharesTest" hash-for-method="TestCalculator">TestCalculator</a> <!-- method navigator-link -->
                      </span>
                      <br/>
                      <span>
                        <img width="3%" src="passed.png"/>
                        <a href="#" class="method navigator-link" panel-name="suite-Command_line_suite" title="Tests.SharesTest" hash-for-method="TestShareSitebar">TestShareSitebar</a> <!-- method navigator-link -->
                      </span>
                      <br/>
                      <span>
                        <img width="3%" src="passed.png"/>
                        <a href="#" class="method navigator-link" panel-name="suite-Command_line_suite" title="Tests.SharesTest" hash-for-method="TestSharesHeader">TestSharesHeader</a> <!-- method navigator-link -->
                      </span>
                      <br/>
                    </div> <!-- method-list-content passed suite-Command_line_suite -->
                  </li>
                </ul>
              </div> <!-- suite-section-content -->
            </div> <!-- result-section -->
          </div> <!-- navigator-suite-content -->
        </div> <!-- rounded-window -->
      </div> <!-- suite -->
    </div> <!-- navigator-root -->
    <div class="wrapper">
      <div class="main-panel-root">
        <div panel-name="suite-Command_line_suite" class="panel Command_line_suite">
          <div class="suite-Command_line_suite-class-failed">
            <div class="main-panel-header rounded-window-top">
              <img src="failed.png"/>
              <span class="class-name">Tests.BlogTest</span>
            </div> <!-- main-panel-header rounded-window-top -->
            <div class="main-panel-content rounded-window-bottom">
              <div class="method">
                <div class="method-content">
                  <a name="TestAboutShare35">
                  </a> <!-- TestAboutShare35 -->
                  <span class="method-name">TestAboutShare35</span>
                  <div class="stack-trace">java.lang.AssertionError: The following asserts failed:
	expected [             ,   : , ,  ,      .      ,     ?] but found [     ,    ,         ?        3- ,     ?],
	expected [http://dev2.mycredit.com.ua/ru/blog/gde-vzyat-kredit-studentam-na-obuchenie/] but found [http://dev2.mycredit.com.ua/ru/blog/kak-ne-platit-kredit-kollektoram-v-ukraine/]
	at Tests.BlogTest.TestAboutShare35(BlogTest.java:495)
... Removed 36 stack frames
</div> <!-- stack-trace -->
                </div> <!-- method-content -->
              </div> <!-- method -->
              <div class="method">
                <div class="method-content">
                  <a name="TestAboutShare36">
                  </a> <!-- TestAboutShare36 -->
                  <span class="method-name">TestAboutShare36</span>
                  <div class="stack-trace">org.openqa.selenium.NoSuchElementException: no such element: Unable to locate element: {&quot;method&quot;:&quot;xpath&quot;,&quot;selector&quot;:&quot;/html/body/div[1]/div[4]/div/div[2]/div/div[2]/div/div[1]/div[2]/p[1]&quot;}
  (Session info: chrome=61.0.3163.100)
  (Driver info: chromedriver=2.33.506120 (e3e53437346286c0bc2d2dc9aa4915ba81d9023f),platform=Windows NT 10.0.15063 x86_64) (WARNING: The server did not provide any stacktrace information)
Command duration or timeout: 7.03 seconds
For documentation on this error, please visit: http://seleniumhq.org/exceptions/no_such_element.html
Build info: version: &apos;2.53.1&apos;, revision: &apos;a36b8b1cd5757287168e54b817830adce9b0158d&apos;, time: &apos;2016-06-30 19:26:09&apos;
System info: host: &apos;DESKTOP-2VD0QVH&apos;, ip: &apos;192.168.1.118&apos;, os.name: &apos;Windows 10&apos;, os.arch: &apos;amd64&apos;, os.version: &apos;10.0&apos;, java.version: &apos;1.8.0_144&apos;
Driver info: org.openqa.selenium.chrome.ChromeDriver
Capabilities [{applicationCacheEnabled=false, rotatable=false, mobileEmulationEnabled=false, networkConnectionEnabled=false, chrome={chromedriverVersion=2.33.506120 (e3e53437346286c0bc2d2dc9aa4915ba81d9023f), userDataDir=C:\Users\user\AppData\Local\Temp\scoped_dir51096_23193}, takesHeapSnapshot=true, pageLoadStrategy=normal, databaseEnabled=false, handlesAlerts=true, hasTouchScreen=false, version=61.0.3163.100, platform=XP, browserConnectionEnabled=false, nativeEvents=true, acceptSslCerts=true, locationContextEnabled=true, webStorageEnabled=true, browserName=chrome, takesScreenshot=true, javascriptEnabled=true, cssSelectorsEnabled=true, setWindowRect=true, unexpectedAlertBehaviour=}]
Session ID: 3fb7fe4d91a211b6eda11b6c4514f329
*** Element info: {Using=xpath, value=/html/body/div[1]/div[4]/div/div[2]/div/div[2]/div/div[1]/div[2]/p[1]}
	at org.openqa.selenium.remote.ErrorHandler.createThrowable(ErrorHandler.java:206)
	at org.openqa.selenium.remote.ErrorHandler.throwIfResponseFailed(ErrorHandler.java:158)
	at org.openqa.selenium.remote.RemoteWebDriver.execute(RemoteWebDriver.java:678)
	at org.openqa.selenium.remote.RemoteWebDriver.findElement(RemoteWebDriver.java:363)
	at org.openqa.selenium.remote.RemoteWebDriver.findElementByXPath(RemoteWebDriver.java:500)
	at org.openqa.selenium.By$ByXPath.findElement(By.java:361)
	at org.openqa.selenium.remote.RemoteWebDriver.findElement(RemoteWebDriver.java:355)
	at Pages.BlogPage.Gettext(BlogPage.java:105)
	at Tests.BlogTest.TestAboutShare36(BlogTest.java:503)
... Removed 39 stack frames
</div> <!-- stack-trace -->
                </div> <!-- method-content -->
              </div> <!-- method -->
              <div class="method">
                <div class="method-content">
                  <a name="TestAboutShare37">
                  </a> <!-- TestAboutShare37 -->
                  <span class="method-name">TestAboutShare37</span>
                  <div class="stack-trace">org.openqa.selenium.NoSuchElementException: no such element: Unable to locate element: {&quot;method&quot;:&quot;xpath&quot;,&quot;selector&quot;:&quot;/html/body/div[1]/div[4]/div/div[2]/div/div[2]/div/div[1]/div[2]/p[1]&quot;}
  (Session info: chrome=61.0.3163.100)
  (Driver info: chromedriver=2.33.506120 (e3e53437346286c0bc2d2dc9aa4915ba81d9023f),platform=Windows NT 10.0.15063 x86_64) (WARNING: The server did not provide any stacktrace information)
Command duration or timeout: 7.07 seconds
For documentation on this error, please visit: http://seleniumhq.org/exceptions/no_such_element.html
Build info: version: &apos;2.53.1&apos;, revision: &apos;a36b8b1cd5757287168e54b817830adce9b0158d&apos;, time: &apos;2016-06-30 19:26:09&apos;
System info: host: &apos;DESKTOP-2VD0QVH&apos;, ip: &apos;192.168.1.118&apos;, os.name: &apos;Windows 10&apos;, os.arch: &apos;amd64&apos;, os.version: &apos;10.0&apos;, java.version: &apos;1.8.0_144&apos;
Driver info: org.openqa.selenium.chrome.ChromeDriver
Capabilities [{applicationCacheEnabled=false, rotatable=false, mobileEmulationEnabled=false, networkConnectionEnabled=false, chrome={chromedriverVersion=2.33.506120 (e3e53437346286c0bc2d2dc9aa4915ba81d9023f), userDataDir=C:\Users\user\AppData\Local\Temp\scoped_dir51096_23193}, takesHeapSnapshot=true, pageLoadStrategy=normal, databaseEnabled=false, handlesAlerts=true, hasTouchScreen=false, version=61.0.3163.100, platform=XP, browserConnectionEnabled=false, nativeEvents=true, acceptSslCerts=true, locationContextEnabled=true, webStorageEnabled=true, browserName=chrome, takesScreenshot=true, javascriptEnabled=true, cssSelectorsEnabled=true, setWindowRect=true, unexpectedAlertBehaviour=}]
Session ID: 3fb7fe4d91a211b6eda11b6c4514f329
*** Element info: {Using=xpath, value=/html/body/div[1]/div[4]/div/div[2]/div/div[2]/div/div[1]/div[2]/p[1]}
	at org.openqa.selenium.remote.ErrorHandler.createThrowable(ErrorHandler.java:206)
	at org.openqa.selenium.remote.ErrorHandler.throwIfResponseFailed(ErrorHandler.java:158)
	at org.openqa.selenium.remote.RemoteWebDriver.execute(RemoteWebDriver.java:678)
	at org.openqa.selenium.remote.RemoteWebDriver.findElement(RemoteWebDriver.java:363)
	at org.openqa.selenium.remote.RemoteWebDriver.findElementByXPath(RemoteWebDriver.java:500)
	at org.openqa.selenium.By$ByXPath.findElement(By.java:361)
	at org.openqa.selenium.remote.RemoteWebDriver.findElement(RemoteWebDriver.java:355)
	at Pages.BlogPage.Gettext(BlogPage.java:105)
	at Tests.BlogTest.TestAboutShare37(BlogTest.java:523)
... Removed 39 stack frames
</div> <!-- stack-trace -->
                </div> <!-- method-content -->
              </div> <!-- method -->
              <div class="method">
                <div class="method-content">
                  <a name="TestAboutShare38">
                  </a> <!-- TestAboutShare38 -->
                  <span class="method-name">TestAboutShare38</span>
                  <div class="stack-trace">org.openqa.selenium.NoSuchElementException: no such element: Unable to locate element: {&quot;method&quot;:&quot;xpath&quot;,&quot;selector&quot;:&quot;/html/body/div[1]/div[4]/div/div[2]/div/div[2]/div/div[1]/div[2]/p[1]&quot;}
  (Session info: chrome=61.0.3163.100)
  (Driver info: chromedriver=2.33.506120 (e3e53437346286c0bc2d2dc9aa4915ba81d9023f),platform=Windows NT 10.0.15063 x86_64) (WARNING: The server did not provide any stacktrace information)
Command duration or timeout: 7.01 seconds
For documentation on this error, please visit: http://seleniumhq.org/exceptions/no_such_element.html
Build info: version: &apos;2.53.1&apos;, revision: &apos;a36b8b1cd5757287168e54b817830adce9b0158d&apos;, time: &apos;2016-06-30 19:26:09&apos;
System info: host: &apos;DESKTOP-2VD0QVH&apos;, ip: &apos;192.168.1.118&apos;, os.name: &apos;Windows 10&apos;, os.arch: &apos;amd64&apos;, os.version: &apos;10.0&apos;, java.version: &apos;1.8.0_144&apos;
Driver info: org.openqa.selenium.chrome.ChromeDriver
Capabilities [{applicationCacheEnabled=false, rotatable=false, mobileEmulationEnabled=false, networkConnectionEnabled=false, chrome={chromedriverVersion=2.33.506120 (e3e53437346286c0bc2d2dc9aa4915ba81d9023f), userDataDir=C:\Users\user\AppData\Local\Temp\scoped_dir51096_23193}, takesHeapSnapshot=true, pageLoadStrategy=normal, databaseEnabled=false, handlesAlerts=true, hasTouchScreen=false, version=61.0.3163.100, platform=XP, browserConnectionEnabled=false, nativeEvents=true, acceptSslCerts=true, locationContextEnabled=true, webStorageEnabled=true, browserName=chrome, takesScreenshot=true, javascriptEnabled=true, cssSelectorsEnabled=true, setWindowRect=true, unexpectedAlertBehaviour=}]
Session ID: 3fb7fe4d91a211b6eda11b6c4514f329
*** Element info: {Using=xpath, value=/html/body/div[1]/div[4]/div/div[2]/div/div[2]/div/div[1]/div[2]/p[1]}
	at org.openqa.selenium.remote.ErrorHandler.createThrowable(ErrorHandler.java:206)
	at org.openqa.selenium.remote.ErrorHandler.throwIfResponseFailed(ErrorHandler.java:158)
	at org.openqa.selenium.remote.RemoteWebDriver.execute(RemoteWebDriver.java:678)
	at org.openqa.selenium.remote.RemoteWebDriver.findElement(RemoteWebDriver.java:363)
	at org.openqa.selenium.remote.RemoteWebDriver.findElementByXPath(RemoteWebDriver.java:500)
	at org.openqa.selenium.By$ByXPath.findElement(By.java:361)
	at org.openqa.selenium.remote.RemoteWebDriver.findElement(RemoteWebDriver.java:355)
	at Pages.BlogPage.Gettext(BlogPage.java:105)
	at Tests.BlogTest.TestAboutShare38(BlogTest.java:534)
... Removed 39 stack frames
</div> <!-- stack-trace -->
                </div> <!-- method-content -->
              </div> <!-- method -->
              <div class="method">
                <div class="method-content">
                  <a name="TestAboutShare39">
                  </a> <!-- TestAboutShare39 -->
                  <span class="method-name">TestAboutShare39</span>
                  <div class="stack-trace">java.lang.AssertionError: The following asserts failed:
	expected [             ,   : , ,  ,      .      ,     ?] but found [     ,    ,         ?        3- ,     ?],
	expected [http://dev2.mycredit.com.ua/ru/blog/gde-vzyat-kredit-studentam-na-obuchenie/] but found [http://dev2.mycredit.com.ua/ru/blog/kak-ne-platit-kredit-kollektoram-v-ukraine/]
	at Tests.BlogTest.TestAboutShare39(BlogTest.java:548)
... Removed 36 stack frames
</div> <!-- stack-trace -->
                </div> <!-- method-content -->
              </div> <!-- method -->
              <div class="method">
                <div class="method-content">
                  <a name="TestAboutShare4">
                  </a> <!-- TestAboutShare4 -->
                  <span class="method-name">TestAboutShare4</span>
                  <div class="stack-trace">java.lang.AssertionError: The following asserts failed:
	expected [             ,   : , ,  ,      .      ,     ?] but found [     ,    ,         ?        3- ,     ?],
	expected [http://dev2.mycredit.com.ua/ru/blog/gde-vzyat-kredit-studentam-na-obuchenie/] but found [http://dev2.mycredit.com.ua/ru/blog/kak-ne-platit-kredit-kollektoram-v-ukraine/]
	at Tests.BlogTest.TestAboutShare4(BlogTest.java:86)
... Removed 36 stack frames
</div> <!-- stack-trace -->
                </div> <!-- method-content -->
              </div> <!-- method -->
              <div class="method">
                <div class="method-content">
                  <a name="TestAboutShare40">
                  </a> <!-- TestAboutShare40 -->
                  <span class="method-name">TestAboutShare40</span>
                  <div class="stack-trace">java.lang.AssertionError: The following asserts failed:
	expected [             ,   : , ,  ,      .      ,     ?] but found [     ,    ,         ?        3- ,     ?],
	expected [http://dev2.mycredit.com.ua/ru/blog/gde-vzyat-kredit-studentam-na-obuchenie/] but found [http://dev2.mycredit.com.ua/ru/blog/kak-ne-platit-kredit-kollektoram-v-ukraine/]
	at Tests.BlogTest.TestAboutShare40(BlogTest.java:559)
... Removed 36 stack frames
</div> <!-- stack-trace -->
                </div> <!-- method-content -->
              </div> <!-- method -->
              <div class="method">
                <div class="method-content">
                  <a name="TestAboutShare41">
                  </a> <!-- TestAboutShare41 -->
                  <span class="method-name">TestAboutShare41</span>
                  <div class="stack-trace">java.lang.AssertionError: The following asserts failed:
	expected [             ,   : , ,  ,      .      ,     ?] but found [     ,    ,         ?        3- ,     ?],
	expected [http://dev2.mycredit.com.ua/ru/blog/gde-vzyat-kredit-studentam-na-obuchenie/] but found [http://dev2.mycredit.com.ua/ru/blog/kak-ne-platit-kredit-kollektoram-v-ukraine/]
	at Tests.BlogTest.TestAboutShare41(BlogTest.java:570)
... Removed 36 stack frames
</div> <!-- stack-trace -->
                </div> <!-- method-content -->
              </div> <!-- method -->
              <div class="method">
                <div class="method-content">
                  <a name="TestAboutShare42">
                  </a> <!-- TestAboutShare42 -->
                  <span class="method-name">TestAboutShare42</span>
                  <div class="stack-trace">java.lang.AssertionError: The following asserts failed:
	expected [             ,   : , ,  ,      .      ,     ?] but found [     ,    ,         ?        3- ,     ?],
	expected [http://dev2.mycredit.com.ua/ru/blog/gde-vzyat-kredit-studentam-na-obuchenie/] but found [http://dev2.mycredit.com.ua/ru/blog/kak-ne-platit-kredit-kollektoram-v-ukraine/]
	at Tests.BlogTest.TestAboutShare42(BlogTest.java:581)
... Removed 36 stack frames
</div> <!-- stack-trace -->
                </div> <!-- method-content -->
              </div> <!-- method -->
              <div class="method">
                <div class="method-content">
                  <a name="TestAboutShare43">
                  </a> <!-- TestAboutShare43 -->
                  <span class="method-name">TestAboutShare43</span>
                  <div class="stack-trace">java.lang.AssertionError: The following asserts failed:
	expected [             ,   : , ,  ,      .      ,     ?] but found [     ,    ,         ?        3- ,     ?],
	expected [http://dev2.mycredit.com.ua/ru/blog/gde-vzyat-kredit-studentam-na-obuchenie/] but found [http://dev2.mycredit.com.ua/ru/blog/kak-ne-platit-kredit-kollektoram-v-ukraine/]
	at Tests.BlogTest.TestAboutShare43(BlogTest.java:601)
... Removed 36 stack frames
</div> <!-- stack-trace -->
                </div> <!-- method-content -->
              </div> <!-- method -->
              <div class="method">
                <div class="method-content">
                  <a name="TestAboutShare44">
                  </a> <!-- TestAboutShare44 -->
                  <span class="method-name">TestAboutShare44</span>
                  <div class="stack-trace">java.lang.AssertionError: The following asserts failed:
	expected [             ,   : , ,  ,      .      ,     ?] but found [     ,    ,         ?        3- ,     ?],
	expected [http://dev2.mycredit.com.ua/ru/blog/gde-vzyat-kredit-studentam-na-obuchenie/] but found [http://dev2.mycredit.com.ua/ru/blog/kak-ne-platit-kredit-kollektoram-v-ukraine/]
	at Tests.BlogTest.TestAboutShare44(BlogTest.java:612)
... Removed 36 stack frames
</div> <!-- stack-trace -->
                </div> <!-- method-content -->
              </div> <!-- method -->
              <div class="method">
                <div class="method-content">
                  <a name="TestAboutShare45">
                  </a> <!-- TestAboutShare45 -->
                  <span class="method-name">TestAboutShare45</span>
                  <div class="stack-trace">java.lang.AssertionError: The following asserts failed:
	expected [             ,   : , ,  ,      .      ,     ?] but found [     ,    ,         ?        3- ,     ?],
	expected [http://dev2.mycredit.com.ua/ru/blog/gde-vzyat-kredit-studentam-na-obuchenie/] but found [http://dev2.mycredit.com.ua/ru/blog/kak-ne-platit-kredit-kollektoram-v-ukraine/]
	at Tests.BlogTest.TestAboutShare45(BlogTest.java:623)
... Removed 36 stack frames
</div> <!-- stack-trace -->
                </div> <!-- method-content -->
              </div> <!-- method -->
              <div class="method">
                <div class="method-content">
                  <a name="TestAboutShare46">
                  </a> <!-- TestAboutShare46 -->
                  <span class="method-name">TestAboutShare46</span>
                  <div class="stack-trace">java.lang.AssertionError: The following asserts failed:
	expected [             ,   : , ,  ,      .      ,     ?] but found [     ,    ,         ?        3- ,     ?],
	expected [http://dev2.mycredit.com.ua/ru/blog/gde-vzyat-kredit-studentam-na-obuchenie/] but found [http://dev2.mycredit.com.ua/ru/blog/kak-ne-platit-kredit-kollektoram-v-ukraine/]
	at Tests.BlogTest.TestAboutShare46(BlogTest.java:634)
... Removed 36 stack frames
</div> <!-- stack-trace -->
                </div> <!-- method-content -->
              </div> <!-- method -->
              <div class="method">
                <div class="method-content">
                  <a name="TestAboutShare47">
                  </a> <!-- TestAboutShare47 -->
                  <span class="method-name">TestAboutShare47</span>
                  <div class="stack-trace">java.lang.AssertionError: The following asserts failed:
	expected [             ,   : , ,  ,      .      ,     ?] but found [     ,    ,         ?        3- ,     ?],
	expected [http://dev2.mycredit.com.ua/ru/blog/gde-vzyat-kredit-studentam-na-obuchenie/] but found [http://dev2.mycredit.com.ua/ru/blog/kak-ne-platit-kredit-kollektoram-v-ukraine/]
	at Tests.BlogTest.TestAboutShare47(BlogTest.java:645)
... Removed 36 stack frames
</div> <!-- stack-trace -->
                </div> <!-- method-content -->
              </div> <!-- method -->
              <div class="method">
                <div class="method-content">
                  <a name="TestAboutShare48">
                  </a> <!-- TestAboutShare48 -->
                  <span class="method-name">TestAboutShare48</span>
                  <div class="stack-trace">java.lang.AssertionError: The following asserts failed:
	expected [             ,   : , ,  ,      .      ,     ?] but found [     ,    ,         ?        3- ,     ?],
	expected [http://dev2.mycredit.com.ua/ru/blog/gde-vzyat-kredit-studentam-na-obuchenie/] but found [http://dev2.mycredit.com.ua/ru/blog/kak-ne-platit-kredit-kollektoram-v-ukraine/]
	at Tests.BlogTest.TestAboutShare48(BlogTest.java:656)
... Removed 36 stack frames
</div> <!-- stack-trace -->
                </div> <!-- method-content -->
              </div> <!-- method -->
              <div class="method">
                <div class="method-content">
                  <a name="TestAboutShare49">
                  </a> <!-- TestAboutShare49 -->
                  <span class="method-name">TestAboutShare49</span>
                  <div class="stack-trace">java.lang.AssertionError: The following asserts failed:
	expected [             ,   : , ,  ,      .      ,     ?] but found [     ,    ,         ?        3- ,     ?],
	expected [http://dev2.mycredit.com.ua/ru/blog/gde-vzyat-kredit-studentam-na-obuchenie/] but found [http://dev2.mycredit.com.ua/ru/blog/kak-ne-platit-kredit-kollektoram-v-ukraine/]
	at Tests.BlogTest.TestAboutShare49(BlogTest.java:676)
... Removed 36 stack frames
</div> <!-- stack-trace -->
                </div> <!-- method-content -->
              </div> <!-- method -->
              <div class="method">
                <div class="method-content">
                  <a name="TestAboutShare5">
                  </a> <!-- TestAboutShare5 -->
                  <span class="method-name">TestAboutShare5</span>
                  <div class="stack-trace">org.openqa.selenium.NoSuchElementException: no such element: Unable to locate element: {&quot;method&quot;:&quot;xpath&quot;,&quot;selector&quot;:&quot;/html/body/div[1]/div[4]/div/div[2]/div/div[2]/div/div[1]/div[2]/p[1]&quot;}
  (Session info: chrome=61.0.3163.100)
  (Driver info: chromedriver=2.33.506120 (e3e53437346286c0bc2d2dc9aa4915ba81d9023f),platform=Windows NT 10.0.15063 x86_64) (WARNING: The server did not provide any stacktrace information)
Command duration or timeout: 7.05 seconds
For documentation on this error, please visit: http://seleniumhq.org/exceptions/no_such_element.html
Build info: version: &apos;2.53.1&apos;, revision: &apos;a36b8b1cd5757287168e54b817830adce9b0158d&apos;, time: &apos;2016-06-30 19:26:09&apos;
System info: host: &apos;DESKTOP-2VD0QVH&apos;, ip: &apos;192.168.1.118&apos;, os.name: &apos;Windows 10&apos;, os.arch: &apos;amd64&apos;, os.version: &apos;10.0&apos;, java.version: &apos;1.8.0_144&apos;
Driver info: org.openqa.selenium.chrome.ChromeDriver
Capabilities [{applicationCacheEnabled=false, rotatable=false, mobileEmulationEnabled=false, networkConnectionEnabled=false, chrome={chromedriverVersion=2.33.506120 (e3e53437346286c0bc2d2dc9aa4915ba81d9023f), userDataDir=C:\Users\user\AppData\Local\Temp\scoped_dir51096_23193}, takesHeapSnapshot=true, pageLoadStrategy=normal, databaseEnabled=false, handlesAlerts=true, hasTouchScreen=false, version=61.0.3163.100, platform=XP, browserConnectionEnabled=false, nativeEvents=true, acceptSslCerts=true, locationContextEnabled=true, webStorageEnabled=true, browserName=chrome, takesScreenshot=true, javascriptEnabled=true, cssSelectorsEnabled=true, setWindowRect=true, unexpectedAlertBehaviour=}]
Session ID: 3fb7fe4d91a211b6eda11b6c4514f329
*** Element info: {Using=xpath, value=/html/body/div[1]/div[4]/div/div[2]/div/div[2]/div/div[1]/div[2]/p[1]}
	at org.openqa.selenium.remote.ErrorHandler.createThrowable(ErrorHandler.java:206)
	at org.openqa.selenium.remote.ErrorHandler.throwIfResponseFailed(ErrorHandler.java:158)
	at org.openqa.selenium.remote.RemoteWebDriver.execute(RemoteWebDriver.java:678)
	at org.openqa.selenium.remote.RemoteWebDriver.findElement(RemoteWebDriver.java:363)
	at org.openqa.selenium.remote.RemoteWebDriver.findElementByXPath(RemoteWebDriver.java:500)
	at org.openqa.selenium.By$ByXPath.findElement(By.java:361)
	at org.openqa.selenium.remote.RemoteWebDriver.findElement(RemoteWebDriver.java:355)
	at Pages.BlogPage.Gettext(BlogPage.java:105)
	at Tests.BlogTest.TestAboutShare5(BlogTest.java:94)
... Removed 39 stack frames
</div> <!-- stack-trace -->
                </div> <!-- method-content -->
              </div> <!-- method -->
              <div class="method">
                <div class="method-content">
                  <a name="TestAboutShare50">
                  </a> <!-- TestAboutShare50 -->
                  <span class="method-name">TestAboutShare50</span>
                  <div class="stack-trace">org.openqa.selenium.NoSuchElementException: no such element: Unable to locate element: {&quot;method&quot;:&quot;xpath&quot;,&quot;selector&quot;:&quot;/html/body/div[1]/div[4]/div/div[2]/div/div[2]/div/div[1]/div[2]/p[1]&quot;}
  (Session info: chrome=61.0.3163.100)
  (Driver info: chromedriver=2.33.506120 (e3e53437346286c0bc2d2dc9aa4915ba81d9023f),platform=Windows NT 10.0.15063 x86_64) (WARNING: The server did not provide any stacktrace information)
Command duration or timeout: 14.57 seconds
For documentation on this error, please visit: http://seleniumhq.org/exceptions/no_such_element.html
Build info: version: &apos;2.53.1&apos;, revision: &apos;a36b8b1cd5757287168e54b817830adce9b0158d&apos;, time: &apos;2016-06-30 19:26:09&apos;
System info: host: &apos;DESKTOP-2VD0QVH&apos;, ip: &apos;192.168.1.118&apos;, os.name: &apos;Windows 10&apos;, os.arch: &apos;amd64&apos;, os.version: &apos;10.0&apos;, java.version: &apos;1.8.0_144&apos;
Driver info: org.openqa.selenium.chrome.ChromeDriver
Capabilities [{applicationCacheEnabled=false, rotatable=false, mobileEmulationEnabled=false, networkConnectionEnabled=false, chrome={chromedriverVersion=2.33.506120 (e3e53437346286c0bc2d2dc9aa4915ba81d9023f), userDataDir=C:\Users\user\AppData\Local\Temp\scoped_dir51096_23193}, takesHeapSnapshot=true, pageLoadStrategy=normal, databaseEnabled=false, handlesAlerts=true, hasTouchScreen=false, version=61.0.3163.100, platform=XP, browserConnectionEnabled=false, nativeEvents=true, acceptSslCerts=true, locationContextEnabled=true, webStorageEnabled=true, browserName=chrome, takesScreenshot=true, javascriptEnabled=true, cssSelectorsEnabled=true, setWindowRect=true, unexpectedAlertBehaviour=}]
Session ID: 3fb7fe4d91a211b6eda11b6c4514f329
*** Element info: {Using=xpath, value=/html/body/div[1]/div[4]/div/div[2]/div/div[2]/div/div[1]/div[2]/p[1]}
	at org.openqa.selenium.remote.ErrorHandler.createThrowable(ErrorHandler.java:206)
	at org.openqa.selenium.remote.ErrorHandler.throwIfResponseFailed(ErrorHandler.java:158)
	at org.openqa.selenium.remote.RemoteWebDriver.execute(RemoteWebDriver.java:678)
	at org.openqa.selenium.remote.RemoteWebDriver.findElement(RemoteWebDriver.java:363)
	at org.openqa.selenium.remote.RemoteWebDriver.findElementByXPath(RemoteWebDriver.java:500)
	at org.openqa.selenium.By$ByXPath.findElement(By.java:361)
	at org.openqa.selenium.remote.RemoteWebDriver.findElement(RemoteWebDriver.java:355)
	at Pages.BlogPage.Gettext(BlogPage.java:105)
	at Tests.BlogTest.TestAboutShare50(BlogTest.java:684)
... Removed 39 stack frames
</div> <!-- stack-trace -->
                </div> <!-- method-content -->
              </div> <!-- method -->
              <div class="method">
                <div class="method-content">
                  <a name="TestAboutShare51">
                  </a> <!-- TestAboutShare51 -->
                  <span class="method-name">TestAboutShare51</span>
                  <div class="stack-trace">java.lang.AssertionError: The following asserts failed:
	expected [             ,   : , ,  ,      .      ,     ?] but found [     ,    ,         ?        3- ,     ?],
	expected [http://dev2.mycredit.com.ua/ru/blog/gde-vzyat-kredit-studentam-na-obuchenie/] but found [http://dev2.mycredit.com.ua/ru/blog/kak-ne-platit-kredit-kollektoram-v-ukraine/]
	at Tests.BlogTest.TestAboutShare51(BlogTest.java:698)
... Removed 36 stack frames
</div> <!-- stack-trace -->
                </div> <!-- method-content -->
              </div> <!-- method -->
              <div class="method">
                <div class="method-content">
                  <a name="TestAboutShare52">
                  </a> <!-- TestAboutShare52 -->
                  <span class="method-name">TestAboutShare52</span>
                  <div class="stack-trace">java.lang.AssertionError: The following asserts failed:
	expected [             ,   : , ,  ,      .      ,     ?] but found [     ,    ,         ?        3- ,     ?],
	expected [http://dev2.mycredit.com.ua/ru/blog/gde-vzyat-kredit-studentam-na-obuchenie/] but found [http://dev2.mycredit.com.ua/ru/blog/kak-ne-platit-kredit-kollektoram-v-ukraine/]
	at Tests.BlogTest.TestAboutShare52(BlogTest.java:709)
... Removed 36 stack frames
</div> <!-- stack-trace -->
                </div> <!-- method-content -->
              </div> <!-- method -->
              <div class="method">
                <div class="method-content">
                  <a name="TestAboutShare53">
                  </a> <!-- TestAboutShare53 -->
                  <span class="method-name">TestAboutShare53</span>
                  <div class="stack-trace">java.lang.AssertionError: The following asserts failed:
	expected [             ,   : , ,  ,      .      ,     ?] but found [     ,    ,         ?        3- ,     ?],
	expected [http://dev2.mycredit.com.ua/ru/blog/gde-vzyat-kredit-studentam-na-obuchenie/] but found [http://dev2.mycredit.com.ua/ru/blog/kak-ne-platit-kredit-kollektoram-v-ukraine/]
	at Tests.BlogTest.TestAboutShare53(BlogTest.java:720)
... Removed 36 stack frames
</div> <!-- stack-trace -->
                </div> <!-- method-content -->
              </div> <!-- method -->
              <div class="method">
                <div class="method-content">
                  <a name="TestAboutShare54">
                  </a> <!-- TestAboutShare54 -->
                  <span class="method-name">TestAboutShare54</span>
                  <div class="stack-trace">java.lang.AssertionError: The following asserts failed:
	expected [             ,   : , ,  ,      .      ,     ?] but found [     ,    ,         ?        3- ,     ?],
	expected [http://dev2.mycredit.com.ua/ru/blog/gde-vzyat-kredit-studentam-na-obuchenie/] but found [http://dev2.mycredit.com.ua/ru/blog/kak-ne-platit-kredit-kollektoram-v-ukraine/]
	at Tests.BlogTest.TestAboutShare54(BlogTest.java:731)
... Removed 36 stack frames
</div> <!-- stack-trace -->
                </div> <!-- method-content -->
              </div> <!-- method -->
              <div class="method">
                <div class="method-content">
                  <a name="TestAboutShare55">
                  </a> <!-- TestAboutShare55 -->
                  <span class="method-name">TestAboutShare55</span>
                  <div class="stack-trace">java.lang.AssertionError: The following asserts failed:
	expected [             ,   : , ,  ,      .      ,     ?] but found [     ,    ,         ?        3- ,     ?],
	expected [http://dev2.mycredit.com.ua/ru/blog/gde-vzyat-kredit-studentam-na-obuchenie/] but found [http://dev2.mycredit.com.ua/ru/blog/kak-ne-platit-kredit-kollektoram-v-ukraine/]
	at Tests.BlogTest.TestAboutShare55(BlogTest.java:751)
... Removed 36 stack frames
</div> <!-- stack-trace -->
                </div> <!-- method-content -->
              </div> <!-- method -->
              <div class="method">
                <div class="method-content">
                  <a name="TestAboutShare56">
                  </a> <!-- TestAboutShare56 -->
                  <span class="method-name">TestAboutShare56</span>
                  <div class="stack-trace">java.lang.AssertionError: The following asserts failed:
	expected [             ,   : , ,  ,      .      ,     ?] but found [     ,    ,         ?        3- ,     ?],
	expected [http://dev2.mycredit.com.ua/ru/blog/gde-vzyat-kredit-studentam-na-obuchenie/] but found [http://dev2.mycredit.com.ua/ru/blog/kak-ne-platit-kredit-kollektoram-v-ukraine/]
	at Tests.BlogTest.TestAboutShare56(BlogTest.java:762)
... Removed 36 stack frames
</div> <!-- stack-trace -->
                </div> <!-- method-content -->
              </div> <!-- method -->
              <div class="method">
                <div class="method-content">
                  <a name="TestAboutShare57">
                  </a> <!-- TestAboutShare57 -->
                  <span class="method-name">TestAboutShare57</span>
                  <div class="stack-trace">java.lang.AssertionError: The following asserts failed:
	expected [             ,   : , ,  ,      .      ,     ?] but found [     ,    ,         ?        3- ,     ?],
	expected [http://dev2.mycredit.com.ua/ru/blog/gde-vzyat-kredit-studentam-na-obuchenie/] but found [http://dev2.mycredit.com.ua/ru/blog/kak-ne-platit-kredit-kollektoram-v-ukraine/]
	at Tests.BlogTest.TestAboutShare57(BlogTest.java:773)
... Removed 36 stack frames
</div> <!-- stack-trace -->
                </div> <!-- method-content -->
              </div> <!-- method -->
              <div class="method">
                <div class="method-content">
                  <a name="TestAboutShare58">
                  </a> <!-- TestAboutShare58 -->
                  <span class="method-name">TestAboutShare58</span>
                  <div class="stack-trace">java.lang.AssertionError: The following asserts failed:
	expected [             ,   : , ,  ,      .      ,     ?] but found [     ,    ,         ?        3- ,     ?],
	expected [http://dev2.mycredit.com.ua/ru/blog/gde-vzyat-kredit-studentam-na-obuchenie/] but found [http://dev2.mycredit.com.ua/ru/blog/kak-ne-platit-kredit-kollektoram-v-ukraine/]
	at Tests.BlogTest.TestAboutShare58(BlogTest.java:784)
... Removed 36 stack frames
</div> <!-- stack-trace -->
                </div> <!-- method-content -->
              </div> <!-- method -->
              <div class="method">
                <div class="method-content">
                  <a name="TestAboutShare59">
                  </a> <!-- TestAboutShare59 -->
                  <span class="method-name">TestAboutShare59</span>
                  <div class="stack-trace">java.lang.AssertionError: The following asserts failed:
	expected [             ,   : , ,  ,      .      ,     ?] but found [     ,    ,         ?        3- ,     ?],
	expected [http://dev2.mycredit.com.ua/ru/blog/gde-vzyat-kredit-studentam-na-obuchenie/] but found [http://dev2.mycredit.com.ua/ru/blog/kak-ne-platit-kredit-kollektoram-v-ukraine/]
	at Tests.BlogTest.TestAboutShare59(BlogTest.java:795)
... Removed 36 stack frames
</div> <!-- stack-trace -->
                </div> <!-- method-content -->
              </div> <!-- method -->
              <div class="method">
                <div class="method-content">
                  <a name="TestAboutShare6">
                  </a> <!-- TestAboutShare6 -->
                  <span class="method-name">TestAboutShare6</span>
                  <div class="stack-trace">java.lang.AssertionError: The following asserts failed:
	expected [             ,   : , ,  ,      .      ,     ?] but found [     ,    ,         ?        3- ,     ?],
	expected [http://dev2.mycredit.com.ua/ru/blog/gde-vzyat-kredit-studentam-na-obuchenie/] but found [http://dev2.mycredit.com.ua/ru/blog/kak-ne-platit-kredit-kollektoram-v-ukraine/]
	at Tests.BlogTest.TestAboutShare6(BlogTest.java:108)
... Removed 36 stack frames
</div> <!-- stack-trace -->
                </div> <!-- method-content -->
              </div> <!-- method -->
              <div class="method">
                <div class="method-content">
                  <a name="TestAboutShare60">
                  </a> <!-- TestAboutShare60 -->
                  <span class="method-name">TestAboutShare60</span>
                  <div class="stack-trace">java.lang.AssertionError: The following asserts failed:
	expected [             ,   : , ,  ,      .      ,     ?] but found [     ,    ,         ?        3- ,     ?],
	expected [http://dev2.mycredit.com.ua/ru/blog/gde-vzyat-kredit-studentam-na-obuchenie/] but found [http://dev2.mycredit.com.ua/ru/blog/kak-ne-platit-kredit-kollektoram-v-ukraine/]
	at Tests.BlogTest.TestAboutShare60(BlogTest.java:806)
... Removed 36 stack frames
</div> <!-- stack-trace -->
                </div> <!-- method-content -->
              </div> <!-- method -->
              <div class="method">
                <div class="method-content">
                  <a name="TestAboutShare61">
                  </a> <!-- TestAboutShare61 -->
                  <span class="method-name">TestAboutShare61</span>
                  <div class="stack-trace">java.lang.AssertionError: The following asserts failed:
	expected [             ,   : , ,  ,      .      ,     ?] but found [     ,    ,         ?        3- ,     ?],
	expected [http://dev2.mycredit.com.ua/ru/blog/gde-vzyat-kredit-studentam-na-obuchenie/] but found [http://dev2.mycredit.com.ua/ru/blog/kak-ne-platit-kredit-kollektoram-v-ukraine/]
	at Tests.BlogTest.TestAboutShare61(BlogTest.java:826)
... Removed 36 stack frames
</div> <!-- stack-trace -->
                </div> <!-- method-content -->
              </div> <!-- method -->
              <div class="method">
                <div class="method-content">
                  <a name="TestAboutShare62">
                  </a> <!-- TestAboutShare62 -->
                  <span class="method-name">TestAboutShare62</span>
                  <div class="stack-trace">java.lang.AssertionError: The following asserts failed:
	expected [             ,   : , ,  ,      .      ,     ?] but found [     ,    ,         ?        3- ,     ?],
	expected [http://dev2.mycredit.com.ua/ru/blog/gde-vzyat-kredit-studentam-na-obuchenie/] but found [http://dev2.mycredit.com.ua/ru/blog/kak-ne-platit-kredit-kollektoram-v-ukraine/]
	at Tests.BlogTest.TestAboutShare62(BlogTest.java:837)
... Removed 36 stack frames
</div> <!-- stack-trace -->
                </div> <!-- method-content -->
              </div> <!-- method -->
              <div class="method">
                <div class="method-content">
                  <a name="TestAboutShare63">
                  </a> <!-- TestAboutShare63 -->
                  <span class="method-name">TestAboutShare63</span>
                  <div class="stack-trace">java.lang.AssertionError: The following asserts failed:
	expected [             ,   : , ,  ,      .      ,     ?] but found [     ,    ,         ?        3- ,     ?],
	expected [http://dev2.mycredit.com.ua/ru/blog/gde-vzyat-kredit-studentam-na-obuchenie/] but found [http://dev2.mycredit.com.ua/ru/blog/kak-ne-platit-kredit-kollektoram-v-ukraine/]
	at Tests.BlogTest.TestAboutShare63(BlogTest.java:848)
... Removed 36 stack frames
</div> <!-- stack-trace -->
                </div> <!-- method-content -->
              </div> <!-- method -->
              <div class="method">
                <div class="method-content">
                  <a name="TestAboutShare64">
                  </a> <!-- TestAboutShare64 -->
                  <span class="method-name">TestAboutShare64</span>
                  <div class="stack-trace">java.lang.AssertionError: The following asserts failed:
	expected [             ,   : , ,  ,      .      ,     ?] but found [     ,    ,         ?        3- ,     ?],
	expected [http://dev2.mycredit.com.ua/ru/blog/gde-vzyat-kredit-studentam-na-obuchenie/] but found [http://dev2.mycredit.com.ua/ru/blog/kak-ne-platit-kredit-kollektoram-v-ukraine/]
	at Tests.BlogTest.TestAboutShare64(BlogTest.java:859)
... Removed 36 stack frames
</div> <!-- stack-trace -->
                </div> <!-- method-content -->
              </div> <!-- method -->
              <div class="method">
                <div class="method-content">
                  <a name="TestAboutShare65">
                  </a> <!-- TestAboutShare65 -->
                  <span class="method-name">TestAboutShare65</span>
                  <div class="stack-trace">java.lang.AssertionError: The following asserts failed:
	expected [             ,   : , ,  ,      .      ,     ?] but found [     ,    ,         ?        3- ,     ?],
	expected [http://dev2.mycredit.com.ua/ru/blog/gde-vzyat-kredit-studentam-na-obuchenie/] but found [http://dev2.mycredit.com.ua/ru/blog/kak-ne-platit-kredit-kollektoram-v-ukraine/]
	at Tests.BlogTest.TestAboutShare65(BlogTest.java:870)
... Removed 36 stack frames
</div> <!-- stack-trace -->
                </div> <!-- method-content -->
              </div> <!-- method -->
              <div class="method">
                <div class="method-content">
                  <a name="TestAboutShare66">
                  </a> <!-- TestAboutShare66 -->
                  <span class="method-name">TestAboutShare66</span>
                  <div class="stack-trace">java.lang.AssertionError: The following asserts failed:
	expected [             ,   : , ,  ,      .      ,     ?] but found [     ,    ,         ?        3- ,     ?],
	expected [http://dev2.mycredit.com.ua/ru/blog/gde-vzyat-kredit-studentam-na-obuchenie/] but found [http://dev2.mycredit.com.ua/ru/blog/kak-ne-platit-kredit-kollektoram-v-ukraine/]
	at Tests.BlogTest.TestAboutShare66(BlogTest.java:881)
... Removed 36 stack frames
</div> <!-- stack-trace -->
                </div> <!-- method-content -->
              </div> <!-- method -->
              <div class="method">
                <div class="method-content">
                  <a name="TestAboutShare67">
                  </a> <!-- TestAboutShare67 -->
                  <span class="method-name">TestAboutShare67</span>
                  <div class="stack-trace">java.lang.AssertionError: The following asserts failed:
	expected [             ,   : , ,  ,      .      ,     ?] but found [     ,    ,         ?        3- ,     ?],
	expected [http://dev2.mycredit.com.ua/ru/blog/gde-vzyat-kredit-studentam-na-obuchenie/] but found [http://dev2.mycredit.com.ua/ru/blog/kak-ne-platit-kredit-kollektoram-v-ukraine/]
	at Tests.BlogTest.TestAboutShare67(BlogTest.java:901)
... Removed 36 stack frames
</div> <!-- stack-trace -->
                </div> <!-- method-content -->
              </div> <!-- method -->
              <div class="method">
                <div class="method-content">
                  <a name="TestAboutShare68">
                  </a> <!-- TestAboutShare68 -->
                  <span class="method-name">TestAboutShare68</span>
                  <div class="stack-trace">java.lang.AssertionError: The following asserts failed:
	expected [             ,   : , ,  ,      .      ,     ?] but found [     ,    ,         ?        3- ,     ?],
	expected [http://dev2.mycredit.com.ua/ru/blog/gde-vzyat-kredit-studentam-na-obuchenie/] but found [http://dev2.mycredit.com.ua/ru/blog/kak-ne-platit-kredit-kollektoram-v-ukraine/]
	at Tests.BlogTest.TestAboutShare68(BlogTest.java:912)
... Removed 36 stack frames
</div> <!-- stack-trace -->
                </div> <!-- method-content -->
              </div> <!-- method -->
              <div class="method">
                <div class="method-content">
                  <a name="TestAboutShare69">
                  </a> <!-- TestAboutShare69 -->
                  <span class="method-name">TestAboutShare69</span>
                  <div class="stack-trace">java.lang.AssertionError: The following asserts failed:
	expected [             ,   : , ,  ,      .      ,     ?] but found [     ,    ,         ?        3- ,     ?],
	expected [http://dev2.mycredit.com.ua/ru/blog/gde-vzyat-kredit-studentam-na-obuchenie/] but found [http://dev2.mycredit.com.ua/ru/blog/kak-ne-platit-kredit-kollektoram-v-ukraine/]
	at Tests.BlogTest.TestAboutShare69(BlogTest.java:923)
... Removed 36 stack frames
</div> <!-- stack-trace -->
                </div> <!-- method-content -->
              </div> <!-- method -->
              <div class="method">
                <div class="method-content">
                  <a name="TestAboutShare7">
                  </a> <!-- TestAboutShare7 -->
                  <span class="method-name">TestAboutShare7</span>
                  <div class="stack-trace">java.lang.AssertionError: The following asserts failed:
	expected [             ,   : , ,  ,      .      ,     ?] but found [     ,    ,         ?        3- ,     ?],
	expected [http://dev2.mycredit.com.ua/ru/blog/gde-vzyat-kredit-studentam-na-obuchenie/] but found [http://dev2.mycredit.com.ua/ru/blog/kak-ne-platit-kredit-kollektoram-v-ukraine/]
	at Tests.BlogTest.TestAboutShare7(BlogTest.java:151)
... Removed 36 stack frames
</div> <!-- stack-trace -->
                </div> <!-- method-content -->
              </div> <!-- method -->
              <div class="method">
                <div class="method-content">
                  <a name="TestAboutShare70">
                  </a> <!-- TestAboutShare70 -->
                  <span class="method-name">TestAboutShare70</span>
                  <div class="stack-trace">java.lang.AssertionError: The following asserts failed:
	expected [             ,   : , ,  ,      .      ,     ?] but found [     ,    ,         ?        3- ,     ?],
	expected [http://dev2.mycredit.com.ua/ru/blog/gde-vzyat-kredit-studentam-na-obuchenie/] but found [http://dev2.mycredit.com.ua/ru/blog/kak-ne-platit-kredit-kollektoram-v-ukraine/]
	at Tests.BlogTest.TestAboutShare70(BlogTest.java:934)
... Removed 36 stack frames
</div> <!-- stack-trace -->
                </div> <!-- method-content -->
              </div> <!-- method -->
              <div class="method">
                <div class="method-content">
                  <a name="TestAboutShare71">
                  </a> <!-- TestAboutShare71 -->
                  <span class="method-name">TestAboutShare71</span>
                  <div class="stack-trace">java.lang.AssertionError: The following asserts failed:
	expected [             ,   : , ,  ,      .      ,     ?] but found [     ,    ,         ?        3- ,     ?],
	expected [http://dev2.mycredit.com.ua/ru/blog/gde-vzyat-kredit-studentam-na-obuchenie/] but found [http://dev2.mycredit.com.ua/ru/blog/kak-ne-platit-kredit-kollektoram-v-ukraine/]
	at Tests.BlogTest.TestAboutShare71(BlogTest.java:945)
... Removed 36 stack frames
</div> <!-- stack-trace -->
                </div> <!-- method-content -->
              </div> <!-- method -->
              <div class="method">
                <div class="method-content">
                  <a name="TestAboutShare72">
                  </a> <!-- TestAboutShare72 -->
                  <span class="method-name">TestAboutShare72</span>
                  <div class="stack-trace">java.lang.AssertionError: The following asserts failed:
	expected [             ,   : , ,  ,      .      ,     ?] but found [     ,    ,         ?        3- ,     ?],
	expected [http://dev2.mycredit.com.ua/ru/blog/gde-vzyat-kredit-studentam-na-obuchenie/] but found [http://dev2.mycredit.com.ua/ru/blog/kak-ne-platit-kredit-kollektoram-v-ukraine/]
	at Tests.BlogTest.TestAboutShare72(BlogTest.java:956)
... Removed 36 stack frames
</div> <!-- stack-trace -->
                </div> <!-- method-content -->
              </div> <!-- method -->
              <div class="method">
                <div class="method-content">
                  <a name="TestAboutShare73">
                  </a> <!-- TestAboutShare73 -->
                  <span class="method-name">TestAboutShare73</span>
                  <div class="stack-trace">java.lang.AssertionError: The following asserts failed:
	expected [             ,   : , ,  ,      .      ,     ?] but found [     ,    ,         ?        3- ,     ?],
	expected [http://dev2.mycredit.com.ua/ru/blog/gde-vzyat-kredit-studentam-na-obuchenie/] but found [http://dev2.mycredit.com.ua/ru/blog/kak-ne-platit-kredit-kollektoram-v-ukraine/]
	at Tests.BlogTest.TestAboutShare73(BlogTest.java:976)
... Removed 36 stack frames
</div> <!-- stack-trace -->
                </div> <!-- method-content -->
              </div> <!-- method -->
              <div class="method">
                <div class="method-content">
                  <a name="TestAboutShare74">
                  </a> <!-- TestAboutShare74 -->
                  <span class="method-name">TestAboutShare74</span>
                  <div class="stack-trace">java.lang.AssertionError: The following asserts failed:
	expected [             ,   : , ,  ,      .      ,     ?] but found [     ,    ,         ?        3- ,     ?],
	expected [http://dev2.mycredit.com.ua/ru/blog/gde-vzyat-kredit-studentam-na-obuchenie/] but found [http://dev2.mycredit.com.ua/ru/blog/kak-ne-platit-kredit-kollektoram-v-ukraine/]
	at Tests.BlogTest.TestAboutShare74(BlogTest.java:987)
... Removed 36 stack frames
</div> <!-- stack-trace -->
                </div> <!-- method-content -->
              </div> <!-- method -->
              <div class="method">
                <div class="method-content">
                  <a name="TestAboutShare75">
                  </a> <!-- TestAboutShare75 -->
                  <span class="method-name">TestAboutShare75</span>
                  <div class="stack-trace">java.lang.AssertionError: The following asserts failed:
	expected [             ,   : , ,  ,      .      ,     ?] but found [     ,    ,         ?        3- ,     ?],
	expected [http://dev2.mycredit.com.ua/ru/blog/gde-vzyat-kredit-studentam-na-obuchenie/] but found [http://dev2.mycredit.com.ua/ru/blog/kak-ne-platit-kredit-kollektoram-v-ukraine/]
	at Tests.BlogTest.TestAboutShare75(BlogTest.java:998)
... Removed 36 stack frames
</div> <!-- stack-trace -->
                </div> <!-- method-content -->
              </div> <!-- method -->
              <div class="method">
                <div class="method-content">
                  <a name="TestAboutShare76">
                  </a> <!-- TestAboutShare76 -->
                  <span class="method-name">TestAboutShare76</span>
                  <div class="stack-trace">java.lang.AssertionError: The following asserts failed:
	expected [             ,   : , ,  ,      .      ,     ?] but found [     ,    ,         ?        3- ,     ?],
	expected [http://dev2.mycredit.com.ua/ru/blog/gde-vzyat-kredit-studentam-na-obuchenie/] but found [http://dev2.mycredit.com.ua/ru/blog/kak-ne-platit-kredit-kollektoram-v-ukraine/]
	at Tests.BlogTest.TestAboutShare76(BlogTest.java:1009)
... Removed 36 stack frames
</div> <!-- stack-trace -->
                </div> <!-- method-content -->
              </div> <!-- method -->
              <div class="method">
                <div class="method-content">
                  <a name="TestAboutShare77">
                  </a> <!-- TestAboutShare77 -->
                  <span class="method-name">TestAboutShare77</span>
                  <div class="stack-trace">java.lang.AssertionError: The following asserts failed:
	expected [             ,   : , ,  ,      .      ,     ?] but found [     ,    ,         ?        3- ,     ?],
	expected [http://dev2.mycredit.com.ua/ru/blog/gde-vzyat-kredit-studentam-na-obuchenie/] but found [http://dev2.mycredit.com.ua/ru/blog/kak-ne-platit-kredit-kollektoram-v-ukraine/]
	at Tests.BlogTest.TestAboutShare77(BlogTest.java:1020)
... Removed 36 stack frames
</div> <!-- stack-trace -->
                </div> <!-- method-content -->
              </div> <!-- method -->
              <div class="method">
                <div class="method-content">
                  <a name="TestAboutShare78">
                  </a> <!-- TestAboutShare78 -->
                  <span class="method-name">TestAboutShare78</span>
                  <div class="stack-trace">java.lang.AssertionError: The following asserts failed:
	expected [             ,   : , ,  ,      .      ,     ?] but found [     ,    ,         ?        3- ,     ?],
	expected [http://dev2.mycredit.com.ua/ru/blog/gde-vzyat-kredit-studentam-na-obuchenie/] but found [http://dev2.mycredit.com.ua/ru/blog/kak-ne-platit-kredit-kollektoram-v-ukraine/]
	at Tests.BlogTest.TestAboutShare78(BlogTest.java:1031)
... Removed 36 stack frames
</div> <!-- stack-trace -->
                </div> <!-- method-content -->
              </div> <!-- method -->
              <div class="method">
                <div class="method-content">
                  <a name="TestAboutShare79">
                  </a> <!-- TestAboutShare79 -->
                  <span class="method-name">TestAboutShare79</span>
                  <div class="stack-trace">java.lang.AssertionError: The following asserts failed:
	expected [             ,   : , ,  ,      .      ,     ?] but found [     ,    ,         ?        3- ,     ?],
	expected [http://dev2.mycredit.com.ua/ru/blog/gde-vzyat-kredit-studentam-na-obuchenie/] but found [http://dev2.mycredit.com.ua/ru/blog/kak-ne-platit-kredit-kollektoram-v-ukraine/]
	at Tests.BlogTest.TestAboutShare79(BlogTest.java:1051)
... Removed 36 stack frames
</div> <!-- stack-trace -->
                </div> <!-- method-content -->
              </div> <!-- method -->
              <div class="method">
                <div class="method-content">
                  <a name="TestAboutShare8">
                  </a> <!-- TestAboutShare8 -->
                  <span class="method-name">TestAboutShare8</span>
                  <div class="stack-trace">java.lang.AssertionError: The following asserts failed:
	expected [             ,   : , ,  ,      .      ,     ?] but found [     ,    ,         ?        3- ,     ?],
	expected [http://dev2.mycredit.com.ua/ru/blog/gde-vzyat-kredit-studentam-na-obuchenie/] but found [http://dev2.mycredit.com.ua/ru/blog/kak-ne-platit-kredit-kollektoram-v-ukraine/]
	at Tests.BlogTest.TestAboutShare8(BlogTest.java:162)
... Removed 36 stack frames
</div> <!-- stack-trace -->
                </div> <!-- method-content -->
              </div> <!-- method -->
              <div class="method">
                <div class="method-content">
                  <a name="TestAboutShare80">
                  </a> <!-- TestAboutShare80 -->
                  <span class="method-name">TestAboutShare80</span>
                  <div class="stack-trace">java.lang.AssertionError: The following asserts failed:
	expected [             ,   : , ,  ,      .      ,     ?] but found [     ,    ,         ?        3- ,     ?],
	expected [http://dev2.mycredit.com.ua/ru/blog/gde-vzyat-kredit-studentam-na-obuchenie/] but found [http://dev2.mycredit.com.ua/ru/blog/kak-ne-platit-kredit-kollektoram-v-ukraine/]
	at Tests.BlogTest.TestAboutShare80(BlogTest.java:1062)
... Removed 36 stack frames
</div> <!-- stack-trace -->
                </div> <!-- method-content -->
              </div> <!-- method -->
              <div class="method">
                <div class="method-content">
                  <a name="TestAboutShare81">
                  </a> <!-- TestAboutShare81 -->
                  <span class="method-name">TestAboutShare81</span>
                  <div class="stack-trace">java.lang.AssertionError: The following asserts failed:
	expected [             ,   : , ,  ,      .      ,     ?] but found [     ,    ,         ?        3- ,     ?],
	expected [http://dev2.mycredit.com.ua/ru/blog/gde-vzyat-kredit-studentam-na-obuchenie/] but found [http://dev2.mycredit.com.ua/ru/blog/kak-ne-platit-kredit-kollektoram-v-ukraine/]
	at Tests.BlogTest.TestAboutShare81(BlogTest.java:1073)
... Removed 36 stack frames
</div> <!-- stack-trace -->
                </div> <!-- method-content -->
              </div> <!-- method -->
              <div class="method">
                <div class="method-content">
                  <a name="TestAboutShare82">
                  </a> <!-- TestAboutShare82 -->
                  <span class="method-name">TestAboutShare82</span>
                  <div class="stack-trace">java.lang.AssertionError: The following asserts failed:
	expected [             ,   : , ,  ,      .      ,     ?] but found [     ,    ,         ?        3- ,     ?],
	expected [http://dev2.mycredit.com.ua/ru/blog/gde-vzyat-kredit-studentam-na-obuchenie/] but found [http://dev2.mycredit.com.ua/ru/blog/kak-ne-platit-kredit-kollektoram-v-ukraine/]
	at Tests.BlogTest.TestAboutShare82(BlogTest.java:1084)
... Removed 36 stack frames
</div> <!-- stack-trace -->
                </div> <!-- method-content -->
              </div> <!-- method -->
              <div class="method">
                <div class="method-content">
                  <a name="TestAboutShare83">
                  </a> <!-- TestAboutShare83 -->
                  <span class="method-name">TestAboutShare83</span>
                  <div class="stack-trace">java.lang.AssertionError: The following asserts failed:
	expected [             ,   : , ,  ,      .      ,     ?] but found [     ,    ,         ?        3- ,     ?],
	expected [http://dev2.mycredit.com.ua/ru/blog/gde-vzyat-kredit-studentam-na-obuchenie/] but found [http://dev2.mycredit.com.ua/ru/blog/kak-ne-platit-kredit-kollektoram-v-ukraine/]
	at Tests.BlogTest.TestAboutShare83(BlogTest.java:1095)
... Removed 36 stack frames
</div> <!-- stack-trace -->
                </div> <!-- method-content -->
              </div> <!-- method -->
              <div class="method">
                <div class="method-content">
                  <a name="TestAboutShare84">
                  </a> <!-- TestAboutShare84 -->
                  <span class="method-name">TestAboutShare84</span>
                  <div class="stack-trace">java.lang.AssertionError: The following asserts failed:
	expected [             ,   : , ,  ,      .      ,     ?] but found [     ,    ,         ?        3- ,     ?],
	expected [http://dev2.mycredit.com.ua/ru/blog/gde-vzyat-kredit-studentam-na-obuchenie/] but found [http://dev2.mycredit.com.ua/ru/blog/kak-ne-platit-kredit-kollektoram-v-ukraine/]
	at Tests.BlogTest.TestAboutShare84(BlogTest.java:1106)
... Removed 36 stack frames
</div> <!-- stack-trace -->
                </div> <!-- method-content -->
              </div> <!-- method -->
              <div class="method">
                <div class="method-content">
                  <a name="TestAboutShare9">
                  </a> <!-- TestAboutShare9 -->
                  <span class="method-name">TestAboutShare9</span>
                  <div class="stack-trace">java.lang.AssertionError: The following asserts failed:
	expected [             ,   : , ,  ,      .      ,     ?] but found [     ,    ,         ?        3- ,     ?],
	expected [http://dev2.mycredit.com.ua/ru/blog/gde-vzyat-kredit-studentam-na-obuchenie/] but found [http://dev2.mycredit.com.ua/ru/blog/kak-ne-platit-kredit-kollektoram-v-ukraine/]
	at Tests.BlogTest.TestAboutShare9(BlogTest.java:173)
... Removed 36 stack frames
</div> <!-- stack-trace -->
                </div> <!-- method-content -->
              </div> <!-- method -->
              <div class="method">
                <div class="method-content">
                  <a name="TestButtonEight">
                  </a> <!-- TestButtonEight -->
                  <span class="method-name">TestButtonEight</span>
                  <div class="stack-trace">java.lang.AssertionError: The following asserts failed:
	expected [             ,   : , ,  ,      .      ,     ?] but found [     ,    ,         ?        3- ,     ?],
	expected [http://dev2.mycredit.com.ua/ru/blog/gde-vzyat-kredit-studentam-na-obuchenie/] but found [http://dev2.mycredit.com.ua/ru/blog/kak-ne-platit-kredit-kollektoram-v-ukraine/]
	at Tests.BlogTest.TestButtonEight(BlogTest.java:590)
... Removed 36 stack frames
</div> <!-- stack-trace -->
                </div> <!-- method-content -->
              </div> <!-- method -->
              <div class="method">
                <div class="method-content">
                  <a name="TestButtonEleven">
                  </a> <!-- TestButtonEleven -->
                  <span class="method-name">TestButtonEleven</span>
                  <div class="stack-trace">java.lang.AssertionError: The following asserts failed:
	expected [             ,   : , ,  ,      .      ,     ?] but found [     ,    ,         ?        3- ,     ?],
	expected [http://dev2.mycredit.com.ua/ru/blog/gde-vzyat-kredit-studentam-na-obuchenie/] but found [http://dev2.mycredit.com.ua/ru/blog/kak-ne-platit-kredit-kollektoram-v-ukraine/]
	at Tests.BlogTest.TestButtonEleven(BlogTest.java:815)
... Removed 36 stack frames
</div> <!-- stack-trace -->
                </div> <!-- method-content -->
              </div> <!-- method -->
              <div class="method">
                <div class="method-content">
                  <a name="TestButtonFive">
                  </a> <!-- TestButtonFive -->
                  <span class="method-name">TestButtonFive</span>
                  <div class="stack-trace">java.lang.AssertionError: The following asserts failed:
	expected [             ,   : , ,  ,      .      ,     ?] but found [     ,    ,         ?        3- ,     ?],
	expected [http://dev2.mycredit.com.ua/ru/blog/gde-vzyat-kredit-studentam-na-obuchenie/] but found [http://dev2.mycredit.com.ua/ru/blog/kak-ne-platit-kredit-kollektoram-v-ukraine/]
	at Tests.BlogTest.TestButtonFive(BlogTest.java:365)
... Removed 36 stack frames
</div> <!-- stack-trace -->
                </div> <!-- method-content -->
              </div> <!-- method -->
              <div class="method">
                <div class="method-content">
                  <a name="TestButtonFour">
                  </a> <!-- TestButtonFour -->
                  <span class="method-name">TestButtonFour</span>
                  <div class="stack-trace">java.lang.AssertionError: The following asserts failed:
	expected [             ,   : , ,  ,      .      ,     ?] but found [     ,    ,         ?        3- ,     ?],
	expected [http://dev2.mycredit.com.ua/ru/blog/gde-vzyat-kredit-studentam-na-obuchenie/] but found [http://dev2.mycredit.com.ua/ru/blog/kak-ne-platit-kredit-kollektoram-v-ukraine/]
	at Tests.BlogTest.TestButtonFour(BlogTest.java:290)
... Removed 36 stack frames
</div> <!-- stack-trace -->
                </div> <!-- method-content -->
              </div> <!-- method -->
              <div class="method">
                <div class="method-content">
                  <a name="TestButtonFourteen">
                  </a> <!-- TestButtonFourteen -->
                  <span class="method-name">TestButtonFourteen</span>
                  <div class="stack-trace">java.lang.AssertionError: The following asserts failed:
	expected [             ,   : , ,  ,      .      ,     ?] but found [     ,    ,         ?        3- ,     ?],
	expected [http://dev2.mycredit.com.ua/ru/blog/gde-vzyat-kredit-studentam-na-obuchenie/] but found [http://dev2.mycredit.com.ua/ru/blog/kak-ne-platit-kredit-kollektoram-v-ukraine/]
	at Tests.BlogTest.TestButtonFourteen(BlogTest.java:1040)
... Removed 36 stack frames
</div> <!-- stack-trace -->
                </div> <!-- method-content -->
              </div> <!-- method -->
              <div class="method">
                <div class="method-content">
                  <a name="TestButtonNine">
                  </a> <!-- TestButtonNine -->
                  <span class="method-name">TestButtonNine</span>
                  <div class="stack-trace">java.lang.AssertionError: The following asserts failed:
	expected [             ,   : , ,  ,      .      ,     ?] but found [     ,    ,         ?        3- ,     ?],
	expected [http://dev2.mycredit.com.ua/ru/blog/gde-vzyat-kredit-studentam-na-obuchenie/] but found [http://dev2.mycredit.com.ua/ru/blog/kak-ne-platit-kredit-kollektoram-v-ukraine/]
	at Tests.BlogTest.TestButtonNine(BlogTest.java:665)
... Removed 36 stack frames
</div> <!-- stack-trace -->
                </div> <!-- method-content -->
              </div> <!-- method -->
              <div class="method">
                <div class="method-content">
                  <a name="TestButtonSeven">
                  </a> <!-- TestButtonSeven -->
                  <span class="method-name">TestButtonSeven</span>
                  <div class="stack-trace">java.lang.AssertionError: The following asserts failed:
	expected [             ,   : , ,  ,      .      ,     ?] but found [     ,    ,         ?        3- ,     ?],
	expected [http://dev2.mycredit.com.ua/ru/blog/gde-vzyat-kredit-studentam-na-obuchenie/] but found [http://dev2.mycredit.com.ua/ru/blog/kak-ne-platit-kredit-kollektoram-v-ukraine/]
	at Tests.BlogTest.TestButtonSeven(BlogTest.java:515)
... Removed 36 stack frames
</div> <!-- stack-trace -->
                </div> <!-- method-content -->
              </div> <!-- method -->
              <div class="method">
                <div class="method-content">
                  <a name="TestButtonSix">
                  </a> <!-- TestButtonSix -->
                  <span class="method-name">TestButtonSix</span>
                  <div class="stack-trace">java.lang.AssertionError: The following asserts failed:
	expected [             ,   : , ,  ,      .      ,     ?] but found [     ,    ,         ?        3- ,     ?],
	expected [http://dev2.mycredit.com.ua/ru/blog/gde-vzyat-kredit-studentam-na-obuchenie/] but found [http://dev2.mycredit.com.ua/ru/blog/kak-ne-platit-kredit-kollektoram-v-ukraine/]
	at Tests.BlogTest.TestButtonSix(BlogTest.java:440)
... Removed 36 stack frames
</div> <!-- stack-trace -->
                </div> <!-- method-content -->
              </div> <!-- method -->
              <div class="method">
                <div class="method-content">
                  <a name="TestButtonTen">
                  </a> <!-- TestButtonTen -->
                  <span class="method-name">TestButtonTen</span>
                  <div class="stack-trace">java.lang.AssertionError: The following asserts failed:
	expected [             ,   : , ,  ,      .      ,     ?] but found [     ,    ,         ?        3- ,     ?],
	expected [http://dev2.mycredit.com.ua/ru/blog/gde-vzyat-kredit-studentam-na-obuchenie/] but found [http://dev2.mycredit.com.ua/ru/blog/kak-ne-platit-kredit-kollektoram-v-ukraine/]
	at Tests.BlogTest.TestButtonTen(BlogTest.java:740)
... Removed 36 stack frames
</div> <!-- stack-trace -->
                </div> <!-- method-content -->
              </div> <!-- method -->
              <div class="method">
                <div class="method-content">
                  <a name="TestButtonThirteen">
                  </a> <!-- TestButtonThirteen -->
                  <span class="method-name">TestButtonThirteen</span>
                  <div class="stack-trace">java.lang.AssertionError: The following asserts failed:
	expected [             ,   : , ,  ,      .      ,     ?] but found [     ,    ,         ?        3- ,     ?],
	expected [http://dev2.mycredit.com.ua/ru/blog/gde-vzyat-kredit-studentam-na-obuchenie/] but found [http://dev2.mycredit.com.ua/ru/blog/kak-ne-platit-kredit-kollektoram-v-ukraine/]
	at Tests.BlogTest.TestButtonThirteen(BlogTest.java:965)
... Removed 36 stack frames
</div> <!-- stack-trace -->
                </div> <!-- method-content -->
              </div> <!-- method -->
              <div class="method">
                <div class="method-content">
                  <a name="TestButtonThree">
                  </a> <!-- TestButtonThree -->
                  <span class="method-name">TestButtonThree</span>
                  <div class="stack-trace">java.lang.AssertionError: The following asserts failed:
	expected [             ,   : , ,  ,      .      ,     ?] but found [     ,    ,         ?        3- ,     ?],
	expected [http://dev2.mycredit.com.ua/ru/blog/gde-vzyat-kredit-studentam-na-obuchenie/] but found [http://dev2.mycredit.com.ua/ru/blog/kak-ne-platit-kredit-kollektoram-v-ukraine/]
	at Tests.BlogTest.TestButtonThree(BlogTest.java:215)
... Removed 36 stack frames
</div> <!-- stack-trace -->
                </div> <!-- method-content -->
              </div> <!-- method -->
              <div class="method">
                <div class="method-content">
                  <a name="TestButtonTwelwe">
                  </a> <!-- TestButtonTwelwe -->
                  <span class="method-name">TestButtonTwelwe</span>
                  <div class="stack-trace">java.lang.AssertionError: The following asserts failed:
	expected [             ,   : , ,  ,      .      ,     ?] but found [     ,    ,         ?        3- ,     ?],
	expected [http://dev2.mycredit.com.ua/ru/blog/gde-vzyat-kredit-studentam-na-obuchenie/] but found [http://dev2.mycredit.com.ua/ru/blog/kak-ne-platit-kredit-kollektoram-v-ukraine/]
	at Tests.BlogTest.TestButtonTwelwe(BlogTest.java:890)
... Removed 36 stack frames
</div> <!-- stack-trace -->
                </div> <!-- method-content -->
              </div> <!-- method -->
              <div class="method">
                <div class="method-content">
                  <a name="TestButtonTwo">
                  </a> <!-- TestButtonTwo -->
                  <span class="method-name">TestButtonTwo</span>
                  <div class="stack-trace">java.lang.AssertionError: The following asserts failed:
	expected [             ,   : , ,  ,      .      ,     ?] but found [     ,    ,         ?        3- ,     ?],
	expected [http://dev2.mycredit.com.ua/ru/blog/gde-vzyat-kredit-studentam-na-obuchenie/] but found [http://dev2.mycredit.com.ua/ru/blog/kak-ne-platit-kredit-kollektoram-v-ukraine/]
	at Tests.BlogTest.TestButtonTwo(BlogTest.java:140)
... Removed 36 stack frames
</div> <!-- stack-trace -->
                </div> <!-- method-content -->
              </div> <!-- method -->
              <div class="method">
                <div class="method-content">
                  <a name="TestButtonsbar">
                  </a> <!-- TestButtonsbar -->
                  <span class="method-name">TestButtonsbar</span>
                  <div class="stack-trace">java.lang.AssertionError: The following asserts failed:
	expected [             ,   : , ,  ,      .      ,     ?] but found [     ,    ,         ?        3- ,     ?],
	expected [http://dev2.mycredit.com.ua/ru/blog/gde-vzyat-kredit-studentam-na-obuchenie/] but found [http://dev2.mycredit.com.ua/ru/blog/kak-ne-platit-kredit-kollektoram-v-ukraine/]
	at Tests.BlogTest.TestButtonsbar(BlogTest.java:131)
... Removed 36 stack frames
</div> <!-- stack-trace -->
                </div> <!-- method-content -->
              </div> <!-- method -->
              <div class="method">
                <div class="method-content">
                  <a name="TestCalculator">
                  </a> <!-- TestCalculator -->
                  <span class="method-name">TestCalculator</span>
                  <div class="stack-trace">java.lang.AssertionError: The following asserts failed:
	expected [             ,   : , ,  ,      .      ,     ?] but found [     ,    ,         ?        3- ,     ?],
	expected [http://dev2.mycredit.com.ua/ru/blog/gde-vzyat-kredit-studentam-na-obuchenie/] but found [http://dev2.mycredit.com.ua/ru/blog/kak-ne-platit-kredit-kollektoram-v-ukraine/]
	at Tests.BlogTest.TestCalculator(BlogTest.java:1215)
... Removed 36 stack frames
</div> <!-- stack-trace -->
                </div> <!-- method-content -->
              </div> <!-- method -->
              <div class="method">
                <div class="method-content">
                  <a name="TestShareSitebar">
                  </a> <!-- TestShareSitebar -->
                  <span class="method-name">TestShareSitebar</span>
                  <div class="stack-trace">java.lang.AssertionError: The following asserts failed:
	expected [             ,   : , ,  ,      .      ,     ?] but found [     ,    ,         ?        3- ,     ?],
	expected [http://dev2.mycredit.com.ua/ru/blog/gde-vzyat-kredit-studentam-na-obuchenie/] but found [http://dev2.mycredit.com.ua/ru/blog/kak-ne-platit-kredit-kollektoram-v-ukraine/]
	at Tests.BlogTest.TestShareSitebar(BlogTest.java:1204)
... Removed 36 stack frames
</div> <!-- stack-trace -->
                </div> <!-- method-content -->
              </div> <!-- method -->
              <div class="method">
                <div class="method-content">
                  <a name="TestSharesHeader">
                  </a> <!-- TestSharesHeader -->
                  <span class="method-name">TestSharesHeader</span>
                  <div class="stack-trace">java.lang.AssertionError: The following asserts failed:
	expected [             ,   : , ,  ,      .      ,     ?] but found [     ,    ,         ?        3- ,     ?],
	expected [http://dev2.mycredit.com.ua/ru/blog/gde-vzyat-kredit-studentam-na-obuchenie/] but found [http://dev2.mycredit.com.ua/ru/blog/kak-ne-platit-kredit-kollektoram-v-ukraine/]
	at Tests.BlogTest.TestSharesHeader(BlogTest.java:42)
... Removed 36 stack frames
</div> <!-- stack-trace -->
                </div> <!-- method-content -->
              </div> <!-- method -->
            </div> <!-- main-panel-content rounded-window-bottom -->
          </div> <!-- suite-Command_line_suite-class-failed -->
          <div class="suite-Command_line_suite-class-passed">
            <div class="main-panel-header rounded-window-top">
              <img src="passed.png"/>
              <span class="class-name">Tests.BlogTest</span>
            </div> <!-- main-panel-header rounded-window-top -->
            <div class="main-panel-content rounded-window-bottom">
              <div class="method">
                <div class="method-content">
                  <a name="TestAboutShare1">
                  </a> <!-- TestAboutShare1 -->
                  <span class="method-name">TestAboutShare1</span>
                </div> <!-- method-content -->
              </div> <!-- method -->
              <div class="method">
                <div class="method-content">
                  <a name="TestAboutShare10">
                  </a> <!-- TestAboutShare10 -->
                  <span class="method-name">TestAboutShare10</span>
                </div> <!-- method-content -->
              </div> <!-- method -->
              <div class="method">
                <div class="method-content">
                  <a name="TestAboutShare11">
                  </a> <!-- TestAboutShare11 -->
                  <span class="method-name">TestAboutShare11</span>
                </div> <!-- method-content -->
              </div> <!-- method -->
              <div class="method">
                <div class="method-content">
                  <a name="TestAboutShare12">
                  </a> <!-- TestAboutShare12 -->
                  <span class="method-name">TestAboutShare12</span>
                </div> <!-- method-content -->
              </div> <!-- method -->
              <div class="method">
                <div class="method-content">
                  <a name="TestAboutShare13">
                  </a> <!-- TestAboutShare13 -->
                  <span class="method-name">TestAboutShare13</span>
                </div> <!-- method-content -->
              </div> <!-- method -->
              <div class="method">
                <div class="method-content">
                  <a name="TestAboutShare14">
                  </a> <!-- TestAboutShare14 -->
                  <span class="method-name">TestAboutShare14</span>
                </div> <!-- method-content -->
              </div> <!-- method -->
              <div class="method">
                <div class="method-content">
                  <a name="TestAboutShare15">
                  </a> <!-- TestAboutShare15 -->
                  <span class="method-name">TestAboutShare15</span>
                </div> <!-- method-content -->
              </div> <!-- method -->
              <div class="method">
                <div class="method-content">
                  <a name="TestAboutShare16">
                  </a> <!-- TestAboutShare16 -->
                  <span class="method-name">TestAboutShare16</span>
                </div> <!-- method-content -->
              </div> <!-- method -->
              <div class="method">
                <div class="method-content">
                  <a name="TestAboutShare17">
                  </a> <!-- TestAboutShare17 -->
                  <span class="method-name">TestAboutShare17</span>
                </div> <!-- method-content -->
              </div> <!-- method -->
              <div class="method">
                <div class="method-content">
                  <a name="TestAboutShare18">
                  </a> <!-- TestAboutShare18 -->
                  <span class="method-name">TestAboutShare18</span>
                </div> <!-- method-content -->
              </div> <!-- method -->
              <div class="method">
                <div class="method-content">
                  <a name="TestAboutShare19">
                  </a> <!-- TestAboutShare19 -->
                  <span class="method-name">TestAboutShare19</span>
                </div> <!-- method-content -->
              </div> <!-- method -->
              <div class="method">
                <div class="method-content">
                  <a name="TestAboutShare2">
                  </a> <!-- TestAboutShare2 -->
                  <span class="method-name">TestAboutShare2</span>
                </div> <!-- method-content -->
              </div> <!-- method -->
              <div class="method">
                <div class="method-content">
                  <a name="TestAboutShare20">
                  </a> <!-- TestAboutShare20 -->
                  <span class="method-name">TestAboutShare20</span>
                </div> <!-- method-content -->
              </div> <!-- method -->
              <div class="method">
                <div class="method-content">
                  <a name="TestAboutShare21">
                  </a> <!-- TestAboutShare21 -->
                  <span class="method-name">TestAboutShare21</span>
                </div> <!-- method-content -->
              </div> <!-- method -->
              <div class="method">
                <div class="method-content">
                  <a name="TestAboutShare22">
                  </a> <!-- TestAboutShare22 -->
                  <span class="method-name">TestAboutShare22</span>
                </div> <!-- method-content -->
              </div> <!-- method -->
              <div class="method">
                <div class="method-content">
                  <a name="TestAboutShare23">
                  </a> <!-- TestAboutShare23 -->
                  <span class="method-name">TestAboutShare23</span>
                </div> <!-- method-content -->
              </div> <!-- method -->
              <div class="method">
                <div class="method-content">
                  <a name="TestAboutShare24">
                  </a> <!-- TestAboutShare24 -->
                  <span class="method-name">TestAboutShare24</span>
                </div> <!-- method-content -->
              </div> <!-- method -->
              <div class="method">
                <div class="method-content">
                  <a name="TestAboutShare25">
                  </a> <!-- TestAboutShare25 -->
                  <span class="method-name">TestAboutShare25</span>
                </div> <!-- method-content -->
              </div> <!-- method -->
              <div class="method">
                <div class="method-content">
                  <a name="TestAboutShare26">
                  </a> <!-- TestAboutShare26 -->
                  <span class="method-name">TestAboutShare26</span>
                </div> <!-- method-content -->
              </div> <!-- method -->
              <div class="method">
                <div class="method-content">
                  <a name="TestAboutShare27">
                  </a> <!-- TestAboutShare27 -->
                  <span class="method-name">TestAboutShare27</span>
                </div> <!-- method-content -->
              </div> <!-- method -->
              <div class="method">
                <div class="method-content">
                  <a name="TestAboutShare28">
                  </a> <!-- TestAboutShare28 -->
                  <span class="method-name">TestAboutShare28</span>
                </div> <!-- method-content -->
              </div> <!-- method -->
              <div class="method">
                <div class="method-content">
                  <a name="TestAboutShare29">
                  </a> <!-- TestAboutShare29 -->
                  <span class="method-name">TestAboutShare29</span>
                </div> <!-- method-content -->
              </div> <!-- method -->
              <div class="method">
                <div class="method-content">
                  <a name="TestAboutShare3">
                  </a> <!-- TestAboutShare3 -->
                  <span class="method-name">TestAboutShare3</span>
                </div> <!-- method-content -->
              </div> <!-- method -->
              <div class="method">
                <div class="method-content">
                  <a name="TestAboutShare30">
                  </a> <!-- TestAboutShare30 -->
                  <span class="method-name">TestAboutShare30</span>
                </div> <!-- method-content -->
              </div> <!-- method -->
              <div class="method">
                <div class="method-content">
                  <a name="TestAboutShare31">
                  </a> <!-- TestAboutShare31 -->
                  <span class="method-name">TestAboutShare31</span>
                </div> <!-- method-content -->
              </div> <!-- method -->
              <div class="method">
                <div class="method-content">
                  <a name="TestAboutShare32">
                  </a> <!-- TestAboutShare32 -->
                  <span class="method-name">TestAboutShare32</span>
                </div> <!-- method-content -->
              </div> <!-- method -->
              <div class="method">
                <div class="method-content">
                  <a name="TestAboutShare33">
                  </a> <!-- TestAboutShare33 -->
                  <span class="method-name">TestAboutShare33</span>
                </div> <!-- method-content -->
              </div> <!-- method -->
              <div class="method">
                <div class="method-content">
                  <a name="TestAboutShare34">
                  </a> <!-- TestAboutShare34 -->
                  <span class="method-name">TestAboutShare34</span>
                </div> <!-- method-content -->
              </div> <!-- method -->
            </div> <!-- main-panel-content rounded-window-bottom -->
          </div> <!-- suite-Command_line_suite-class-passed -->
          <div class="suite-Command_line_suite-class-passed">
            <div class="main-panel-header rounded-window-top">
              <img src="passed.png"/>
              <span class="class-name">Tests.SharesTest</span>
            </div> <!-- main-panel-header rounded-window-top -->
            <div class="main-panel-content rounded-window-bottom">
              <div class="method">
                <div class="method-content">
                  <a name="TestAboutShare1">
                  </a> <!-- TestAboutShare1 -->
                  <span class="method-name">TestAboutShare1</span>
                </div> <!-- method-content -->
              </div> <!-- method -->
              <div class="method">
                <div class="method-content">
                  <a name="TestAboutShare10">
                  </a> <!-- TestAboutShare10 -->
                  <span class="method-name">TestAboutShare10</span>
                </div> <!-- method-content -->
              </div> <!-- method -->
              <div class="method">
                <div class="method-content">
                  <a name="TestAboutShare11">
                  </a> <!-- TestAboutShare11 -->
                  <span class="method-name">TestAboutShare11</span>
                </div> <!-- method-content -->
              </div> <!-- method -->
              <div class="method">
                <div class="method-content">
                  <a name="TestAboutShare12">
                  </a> <!-- TestAboutShare12 -->
                  <span class="method-name">TestAboutShare12</span>
                </div> <!-- method-content -->
              </div> <!-- method -->
              <div class="method">
                <div class="method-content">
                  <a name="TestAboutShare13">
                  </a> <!-- TestAboutShare13 -->
                  <span class="method-name">TestAboutShare13</span>
                </div> <!-- method-content -->
              </div> <!-- method -->
              <div class="method">
                <div class="method-content">
                  <a name="TestAboutShare14">
                  </a> <!-- TestAboutShare14 -->
                  <span class="method-name">TestAboutShare14</span>
                </div> <!-- method-content -->
              </div> <!-- method -->
              <div class="method">
                <div class="method-content">
                  <a name="TestAboutShare15">
                  </a> <!-- TestAboutShare15 -->
                  <span class="method-name">TestAboutShare15</span>
                </div> <!-- method-content -->
              </div> <!-- method -->
              <div class="method">
                <div class="method-content">
                  <a name="TestAboutShare16">
                  </a> <!-- TestAboutShare16 -->
                  <span class="method-name">TestAboutShare16</span>
                </div> <!-- method-content -->
              </div> <!-- method -->
              <div class="method">
                <div class="method-content">
                  <a name="TestAboutShare17">
                  </a> <!-- TestAboutShare17 -->
                  <span class="method-name">TestAboutShare17</span>
                </div> <!-- method-content -->
              </div> <!-- method -->
              <div class="method">
                <div class="method-content">
                  <a name="TestAboutShare18">
                  </a> <!-- TestAboutShare18 -->
                  <span class="method-name">TestAboutShare18</span>
                </div> <!-- method-content -->
              </div> <!-- method -->
              <div class="method">
                <div class="method-content">
                  <a name="TestAboutShare19">
                  </a> <!-- TestAboutShare19 -->
                  <span class="method-name">TestAboutShare19</span>
                </div> <!-- method-content -->
              </div> <!-- method -->
              <div class="method">
                <div class="method-content">
                  <a name="TestAboutShare2">
                  </a> <!-- TestAboutShare2 -->
                  <span class="method-name">TestAboutShare2</span>
                </div> <!-- method-content -->
              </div> <!-- method -->
              <div class="method">
                <div class="method-content">
                  <a name="TestAboutShare20">
                  </a> <!-- TestAboutShare20 -->
                  <span class="method-name">TestAboutShare20</span>
                </div> <!-- method-content -->
              </div> <!-- method -->
              <div class="method">
                <div class="method-content">
                  <a name="TestAboutShare21">
                  </a> <!-- TestAboutShare21 -->
                  <span class="method-name">TestAboutShare21</span>
                </div> <!-- method-content -->
              </div> <!-- method -->
              <div class="method">
                <div class="method-content">
                  <a name="TestAboutShare3">
                  </a> <!-- TestAboutShare3 -->
                  <span class="method-name">TestAboutShare3</span>
                </div> <!-- method-content -->
              </div> <!-- method -->
              <div class="method">
                <div class="method-content">
                  <a name="TestAboutShare4">
                  </a> <!-- TestAboutShare4 -->
                  <span class="method-name">TestAboutShare4</span>
                </div> <!-- method-content -->
              </div> <!-- method -->
              <div class="method">
                <div class="method-content">
                  <a name="TestAboutShare5">
                  </a> <!-- TestAboutShare5 -->
                  <span class="method-name">TestAboutShare5</span>
                </div> <!-- method-content -->
              </div> <!-- method -->
              <div class="method">
                <div class="method-content">
                  <a name="TestAboutShare6">
                  </a> <!-- TestAboutShare6 -->
                  <span class="method-name">TestAboutShare6</span>
                </div> <!-- method-content -->
              </div> <!-- method -->
              <div class="method">
                <div class="method-content">
                  <a name="TestAboutShare7">
                  </a> <!-- TestAboutShare7 -->
                  <span class="method-name">TestAboutShare7</span>
                </div> <!-- method-content -->
              </div> <!-- method -->
              <div class="method">
                <div class="method-content">
                  <a name="TestAboutShare8">
                  </a> <!-- TestAboutShare8 -->
                  <span class="method-name">TestAboutShare8</span>
                </div> <!-- method-content -->
              </div> <!-- method -->
              <div class="method">
                <div class="method-content">
                  <a name="TestAboutShare9">
                  </a> <!-- TestAboutShare9 -->
                  <span class="method-name">TestAboutShare9</span>
                </div> <!-- method-content -->
              </div> <!-- method -->
              <div class="method">
                <div class="method-content">
                  <a name="TestButtonFour">
                  </a> <!-- TestButtonFour -->
                  <span class="method-name">TestButtonFour</span>
                </div> <!-- method-content -->
              </div> <!-- method -->
              <div class="method">
                <div class="method-content">
                  <a name="TestButtonThree">
                  </a> <!-- TestButtonThree -->
                  <span class="method-name">TestButtonThree</span>
                </div> <!-- method-content -->
              </div> <!-- method -->
              <div class="method">
                <div class="method-content">
                  <a name="TestButtonsbar">
                  </a> <!-- TestButtonsbar -->
                  <span class="method-name">TestButtonsbar</span>
                </div> <!-- method-content -->
              </div> <!-- method -->
              <div class="method">
                <div class="method-content">
                  <a name="TestButtontwo">
                  </a> <!-- TestButtontwo -->
                  <span class="method-name">TestButtontwo</span>
                </div> <!-- method-content -->
              </div> <!-- method -->
              <div class="method">
                <div class="method-content">
                  <a name="TestCalculator">
                  </a> <!-- TestCalculator -->
                  <span class="method-name">TestCalculator</span>
                </div> <!-- method-content -->
              </div> <!-- method -->
              <div class="method">
                <div class="method-content">
                  <a name="TestShareSitebar">
                  </a> <!-- TestShareSitebar -->
                  <span class="method-name">TestShareSitebar</span>
                </div> <!-- method-content -->
              </div> <!-- method -->
              <div class="method">
                <div class="method-content">
                  <a name="TestSharesHeader">
                  </a> <!-- TestSharesHeader -->
                  <span class="method-name">TestSharesHeader</span>
                </div> <!-- method-content -->
              </div> <!-- method -->
            </div> <!-- main-panel-content rounded-window-bottom -->
          </div> <!-- suite-Command_line_suite-class-passed -->
        </div> <!-- panel Command_line_suite -->
        <div panel-name="test-xml-Command_line_suite" class="panel">
          <div class="main-panel-header rounded-window-top">
          </div> <!-- main-panel-header rounded-window-top -->
          <div class="main-panel-content rounded-window-bottom">
            <pre>
&lt;?xml version=&quot;1.0&quot; encoding=&quot;UTF-8&quot;?&gt;
&lt;!DOCTYPE suite SYSTEM &quot;http://testng.org/testng-1.0.dtd&quot;&gt;
&lt;suite verbose=&quot;0&quot; name=&quot;Command line suite&quot;&gt;
  &lt;test name=&quot;Command line test&quot;&gt;
    &lt;classes&gt;
      &lt;class name=&quot;Tests.BlogTest&quot;/&gt;
      &lt;class name=&quot;Tests.SharesTest&quot;/&gt;
    &lt;/classes&gt;
  &lt;/test&gt; &lt;!-- Command line test --&gt;
&lt;/suite&gt; &lt;!-- Command line suite --&gt;
            </pre>
          </div> <!-- main-panel-content rounded-window-bottom -->
        </div> <!-- panel -->
        <div panel-name="testlist-Command_line_suite" class="panel">
          <div class="main-panel-header rounded-window-top">
            <span class="header-content">Tests for Command line suite</span>
          </div> <!-- main-panel-header rounded-window-top -->
          <div class="main-panel-content rounded-window-bottom">
            <ul>
              <li>
                <span class="test-name">Command line test (2 classes)</span>
              </li>
            </ul>
          </div> <!-- main-panel-content rounded-window-bottom -->
        </div> <!-- panel -->
        <div panel-name="group-Command_line_suite" class="panel">
          <div class="main-panel-header rounded-window-top">
            <span class="header-content">Groups for Command line suite</span>
          </div> <!-- main-panel-header rounded-window-top -->
          <div class="main-panel-content rounded-window-bottom">
          </div> <!-- main-panel-content rounded-window-bottom -->
        </div> <!-- panel -->
        <div panel-name="times-Command_line_suite" class="panel">
          <div class="main-panel-header rounded-window-top">
            <span class="header-content">Times for Command line suite</span>
          </div> <!-- main-panel-header rounded-window-top -->
          <div class="main-panel-content rounded-window-bottom">
            <div class="times-div">
              <script type="text/javascript">
suiteTableInitFunctions.push('tableData_Command_line_suite');
function tableData_Command_line_suite() {
var data = new google.visualization.DataTable();
data.addColumn('number', 'Number');
data.addColumn('string', 'Method');
data.addColumn('string', 'Class');
data.addColumn('number', 'Time (ms)');
data.addRows(129);
data.setCell(0, 0, 0)
data.setCell(0, 1, 'TestAboutShare50')
data.setCell(0, 2, 'Tests.BlogTest')
data.setCell(0, 3, 26204);
data.setCell(1, 0, 1)
data.setCell(1, 1, 'TestAboutShare62')
data.setCell(1, 2, 'Tests.BlogTest')
data.setCell(1, 3, 24946);
data.setCell(2, 0, 2)
data.setCell(2, 1, 'TestAboutShare38')
data.setCell(2, 2, 'Tests.BlogTest')
data.setCell(2, 3, 18677);
data.setCell(3, 0, 3)
data.setCell(3, 1, 'TestAboutShare37')
data.setCell(3, 2, 'Tests.BlogTest')
data.setCell(3, 3, 18644);
data.setCell(4, 0, 4)
data.setCell(4, 1, 'TestAboutShare36')
data.setCell(4, 2, 'Tests.BlogTest')
data.setCell(4, 3, 18492);
data.setCell(5, 0, 5)
data.setCell(5, 1, 'TestAboutShare71')
data.setCell(5, 2, 'Tests.BlogTest')
data.setCell(5, 3, 17944);
data.setCell(6, 0, 6)
data.setCell(6, 1, 'TestAboutShare35')
data.setCell(6, 2, 'Tests.BlogTest')
data.setCell(6, 3, 13959);
data.setCell(7, 0, 7)
data.setCell(7, 1, 'TestAboutShare49')
data.setCell(7, 2, 'Tests.BlogTest')
data.setCell(7, 3, 13579);
data.setCell(8, 0, 8)
data.setCell(8, 1, 'TestAboutShare5')
data.setCell(8, 2, 'Tests.BlogTest')
data.setCell(8, 3, 13247);
data.setCell(9, 0, 9)
data.setCell(9, 1, 'TestAboutShare34')
data.setCell(9, 2, 'Tests.BlogTest')
data.setCell(9, 3, 13031);
data.setCell(10, 0, 10)
data.setCell(10, 1, 'TestAboutShare33')
data.setCell(10, 2, 'Tests.BlogTest')
data.setCell(10, 3, 13024);
data.setCell(11, 0, 11)
data.setCell(11, 1, 'TestAboutShare32')
data.setCell(11, 2, 'Tests.BlogTest')
data.setCell(11, 3, 9690);
data.setCell(12, 0, 12)
data.setCell(12, 1, 'TestAboutShare39')
data.setCell(12, 2, 'Tests.BlogTest')
data.setCell(12, 3, 8242);
data.setCell(13, 0, 13)
data.setCell(13, 1, 'TestShareSitebar')
data.setCell(13, 2, 'Tests.BlogTest')
data.setCell(13, 3, 5379);
data.setCell(14, 0, 14)
data.setCell(14, 1, 'TestAboutShare16')
data.setCell(14, 2, 'Tests.BlogTest')
data.setCell(14, 3, 4969);
data.setCell(15, 0, 15)
data.setCell(15, 1, 'TestAboutShare19')
data.setCell(15, 2, 'Tests.SharesTest')
data.setCell(15, 3, 4936);
data.setCell(16, 0, 16)
data.setCell(16, 1, 'TestAboutShare61')
data.setCell(16, 2, 'Tests.BlogTest')
data.setCell(16, 3, 4845);
data.setCell(17, 0, 17)
data.setCell(17, 1, 'TestAboutShare51')
data.setCell(17, 2, 'Tests.BlogTest')
data.setCell(17, 3, 4503);
data.setCell(18, 0, 18)
data.setCell(18, 1, 'TestAboutShare73')
data.setCell(18, 2, 'Tests.BlogTest')
data.setCell(18, 3, 4418);
data.setCell(19, 0, 19)
data.setCell(19, 1, 'TestAboutShare72')
data.setCell(19, 2, 'Tests.BlogTest')
data.setCell(19, 3, 4369);
data.setCell(20, 0, 20)
data.setCell(20, 1, 'TestAboutShare7')
data.setCell(20, 2, 'Tests.BlogTest')
data.setCell(20, 3, 4358);
data.setCell(21, 0, 21)
data.setCell(21, 1, 'TestAboutShare15')
data.setCell(21, 2, 'Tests.SharesTest')
data.setCell(21, 3, 4349);
data.setCell(22, 0, 22)
data.setCell(22, 1, 'TestAboutShare29')
data.setCell(22, 2, 'Tests.BlogTest')
data.setCell(22, 3, 4345);
data.setCell(23, 0, 23)
data.setCell(23, 1, 'TestAboutShare75')
data.setCell(23, 2, 'Tests.BlogTest')
data.setCell(23, 3, 4316);
data.setCell(24, 0, 24)
data.setCell(24, 1, 'TestAboutShare24')
data.setCell(24, 2, 'Tests.BlogTest')
data.setCell(24, 3, 4313);
data.setCell(25, 0, 25)
data.setCell(25, 1, 'TestAboutShare31')
data.setCell(25, 2, 'Tests.BlogTest')
data.setCell(25, 3, 4309);
data.setCell(26, 0, 26)
data.setCell(26, 1, 'TestAboutShare27')
data.setCell(26, 2, 'Tests.BlogTest')
data.setCell(26, 3, 4302);
data.setCell(27, 0, 27)
data.setCell(27, 1, 'TestAboutShare63')
data.setCell(27, 2, 'Tests.BlogTest')
data.setCell(27, 3, 4294);
data.setCell(28, 0, 28)
data.setCell(28, 1, 'TestAboutShare17')
data.setCell(28, 2, 'Tests.BlogTest')
data.setCell(28, 3, 4287);
data.setCell(29, 0, 29)
data.setCell(29, 1, 'TestAboutShare78')
data.setCell(29, 2, 'Tests.BlogTest')
data.setCell(29, 3, 4277);
data.setCell(30, 0, 30)
data.setCell(30, 1, 'TestAboutShare13')
data.setCell(30, 2, 'Tests.BlogTest')
data.setCell(30, 3, 4267);
data.setCell(31, 0, 31)
data.setCell(31, 1, 'TestAboutShare43')
data.setCell(31, 2, 'Tests.BlogTest')
data.setCell(31, 3, 4266);
data.setCell(32, 0, 32)
data.setCell(32, 1, 'TestAboutShare44')
data.setCell(32, 2, 'Tests.BlogTest')
data.setCell(32, 3, 4261);
data.setCell(33, 0, 33)
data.setCell(33, 1, 'TestAboutShare74')
data.setCell(33, 2, 'Tests.BlogTest')
data.setCell(33, 3, 4260);
data.setCell(34, 0, 34)
data.setCell(34, 1, 'TestAboutShare55')
data.setCell(34, 2, 'Tests.BlogTest')
data.setCell(34, 3, 4255);
data.setCell(35, 0, 35)
data.setCell(35, 1, 'TestAboutShare28')
data.setCell(35, 2, 'Tests.BlogTest')
data.setCell(35, 3, 4253);
data.setCell(36, 0, 36)
data.setCell(36, 1, 'TestAboutShare14')
data.setCell(36, 2, 'Tests.BlogTest')
data.setCell(36, 3, 4251);
data.setCell(37, 0, 37)
data.setCell(37, 1, 'TestAboutShare41')
data.setCell(37, 2, 'Tests.BlogTest')
data.setCell(37, 3, 4239);
data.setCell(38, 0, 38)
data.setCell(38, 1, 'TestAboutShare21')
data.setCell(38, 2, 'Tests.BlogTest')
data.setCell(38, 3, 4226);
data.setCell(39, 0, 39)
data.setCell(39, 1, 'TestAboutShare12')
data.setCell(39, 2, 'Tests.SharesTest')
data.setCell(39, 3, 4226);
data.setCell(40, 0, 40)
data.setCell(40, 1, 'TestAboutShare12')
data.setCell(40, 2, 'Tests.BlogTest')
data.setCell(40, 3, 4223);
data.setCell(41, 0, 41)
data.setCell(41, 1, 'TestAboutShare42')
data.setCell(41, 2, 'Tests.BlogTest')
data.setCell(41, 3, 4222);
data.setCell(42, 0, 42)
data.setCell(42, 1, 'TestAboutShare9')
data.setCell(42, 2, 'Tests.SharesTest')
data.setCell(42, 3, 4215);
data.setCell(43, 0, 43)
data.setCell(43, 1, 'TestAboutShare66')
data.setCell(43, 2, 'Tests.BlogTest')
data.setCell(43, 3, 4215);
data.setCell(44, 0, 44)
data.setCell(44, 1, 'TestAboutShare52')
data.setCell(44, 2, 'Tests.BlogTest')
data.setCell(44, 3, 4213);
data.setCell(45, 0, 45)
data.setCell(45, 1, 'TestAboutShare20')
data.setCell(45, 2, 'Tests.SharesTest')
data.setCell(45, 3, 4209);
data.setCell(46, 0, 46)
data.setCell(46, 1, 'TestAboutShare48')
data.setCell(46, 2, 'Tests.BlogTest')
data.setCell(46, 3, 4208);
data.setCell(47, 0, 47)
data.setCell(47, 1, 'TestAboutShare83')
data.setCell(47, 2, 'Tests.BlogTest')
data.setCell(47, 3, 4206);
data.setCell(48, 0, 48)
data.setCell(48, 1, 'TestAboutShare45')
data.setCell(48, 2, 'Tests.BlogTest')
data.setCell(48, 3, 4178);
data.setCell(49, 0, 49)
data.setCell(49, 1, 'TestAboutShare8')
data.setCell(49, 2, 'Tests.SharesTest')
data.setCell(49, 3, 4173);
data.setCell(50, 0, 50)
data.setCell(50, 1, 'TestAboutShare7')
data.setCell(50, 2, 'Tests.SharesTest')
data.setCell(50, 3, 4173);
data.setCell(51, 0, 51)
data.setCell(51, 1, 'TestAboutShare59')
data.setCell(51, 2, 'Tests.BlogTest')
data.setCell(51, 3, 4172);
data.setCell(52, 0, 52)
data.setCell(52, 1, 'TestAboutShare76')
data.setCell(52, 2, 'Tests.BlogTest')
data.setCell(52, 3, 4170);
data.setCell(53, 0, 53)
data.setCell(53, 1, 'TestAboutShare68')
data.setCell(53, 2, 'Tests.BlogTest')
data.setCell(53, 3, 4166);
data.setCell(54, 0, 54)
data.setCell(54, 1, 'TestAboutShare65')
data.setCell(54, 2, 'Tests.BlogTest')
data.setCell(54, 3, 4161);
data.setCell(55, 0, 55)
data.setCell(55, 1, 'TestAboutShare15')
data.setCell(55, 2, 'Tests.BlogTest')
data.setCell(55, 3, 4159);
data.setCell(56, 0, 56)
data.setCell(56, 1, 'TestAboutShare67')
data.setCell(56, 2, 'Tests.BlogTest')
data.setCell(56, 3, 4157);
data.setCell(57, 0, 57)
data.setCell(57, 1, 'TestAboutShare79')
data.setCell(57, 2, 'Tests.BlogTest')
data.setCell(57, 3, 4155);
data.setCell(58, 0, 58)
data.setCell(58, 1, 'TestAboutShare9')
data.setCell(58, 2, 'Tests.BlogTest')
data.setCell(58, 3, 4155);
data.setCell(59, 0, 59)
data.setCell(59, 1, 'TestAboutShare19')
data.setCell(59, 2, 'Tests.BlogTest')
data.setCell(59, 3, 4136);
data.setCell(60, 0, 60)
data.setCell(60, 1, 'TestAboutShare56')
data.setCell(60, 2, 'Tests.BlogTest')
data.setCell(60, 3, 4135);
data.setCell(61, 0, 61)
data.setCell(61, 1, 'TestAboutShare80')
data.setCell(61, 2, 'Tests.BlogTest')
data.setCell(61, 3, 4134);
data.setCell(62, 0, 62)
data.setCell(62, 1, 'TestAboutShare77')
data.setCell(62, 2, 'Tests.BlogTest')
data.setCell(62, 3, 4128);
data.setCell(63, 0, 63)
data.setCell(63, 1, 'TestAboutShare14')
data.setCell(63, 2, 'Tests.SharesTest')
data.setCell(63, 3, 4127);
data.setCell(64, 0, 64)
data.setCell(64, 1, 'TestAboutShare26')
data.setCell(64, 2, 'Tests.BlogTest')
data.setCell(64, 3, 4125);
data.setCell(65, 0, 65)
data.setCell(65, 1, 'TestAboutShare54')
data.setCell(65, 2, 'Tests.BlogTest')
data.setCell(65, 3, 4112);
data.setCell(66, 0, 66)
data.setCell(66, 1, 'TestAboutShare70')
data.setCell(66, 2, 'Tests.BlogTest')
data.setCell(66, 3, 4110);
data.setCell(67, 0, 67)
data.setCell(67, 1, 'TestAboutShare46')
data.setCell(67, 2, 'Tests.BlogTest')
data.setCell(67, 3, 4106);
data.setCell(68, 0, 68)
data.setCell(68, 1, 'TestAboutShare11')
data.setCell(68, 2, 'Tests.BlogTest')
data.setCell(68, 3, 4105);
data.setCell(69, 0, 69)
data.setCell(69, 1, 'TestAboutShare60')
data.setCell(69, 2, 'Tests.BlogTest')
data.setCell(69, 3, 4104);
data.setCell(70, 0, 70)
data.setCell(70, 1, 'TestAboutShare22')
data.setCell(70, 2, 'Tests.BlogTest')
data.setCell(70, 3, 4099);
data.setCell(71, 0, 71)
data.setCell(71, 1, 'TestAboutShare84')
data.setCell(71, 2, 'Tests.BlogTest')
data.setCell(71, 3, 4099);
data.setCell(72, 0, 72)
data.setCell(72, 1, 'TestAboutShare81')
data.setCell(72, 2, 'Tests.BlogTest')
data.setCell(72, 3, 4097);
data.setCell(73, 0, 73)
data.setCell(73, 1, 'TestAboutShare23')
data.setCell(73, 2, 'Tests.BlogTest')
data.setCell(73, 3, 4093);
data.setCell(74, 0, 74)
data.setCell(74, 1, 'TestAboutShare58')
data.setCell(74, 2, 'Tests.BlogTest')
data.setCell(74, 3, 4091);
data.setCell(75, 0, 75)
data.setCell(75, 1, 'TestAboutShare57')
data.setCell(75, 2, 'Tests.BlogTest')
data.setCell(75, 3, 4091);
data.setCell(76, 0, 76)
data.setCell(76, 1, 'TestAboutShare17')
data.setCell(76, 2, 'Tests.SharesTest')
data.setCell(76, 3, 4082);
data.setCell(77, 0, 77)
data.setCell(77, 1, 'TestAboutShare8')
data.setCell(77, 2, 'Tests.BlogTest')
data.setCell(77, 3, 4070);
data.setCell(78, 0, 78)
data.setCell(78, 1, 'TestAboutShare10')
data.setCell(78, 2, 'Tests.BlogTest')
data.setCell(78, 3, 4068);
data.setCell(79, 0, 79)
data.setCell(79, 1, 'TestAboutShare16')
data.setCell(79, 2, 'Tests.SharesTest')
data.setCell(79, 3, 4055);
data.setCell(80, 0, 80)
data.setCell(80, 1, 'TestAboutShare20')
data.setCell(80, 2, 'Tests.BlogTest')
data.setCell(80, 3, 4046);
data.setCell(81, 0, 81)
data.setCell(81, 1, 'TestAboutShare11')
data.setCell(81, 2, 'Tests.SharesTest')
data.setCell(81, 3, 4042);
data.setCell(82, 0, 82)
data.setCell(82, 1, 'TestAboutShare82')
data.setCell(82, 2, 'Tests.BlogTest')
data.setCell(82, 3, 4029);
data.setCell(83, 0, 83)
data.setCell(83, 1, 'TestAboutShare30')
data.setCell(83, 2, 'Tests.BlogTest')
data.setCell(83, 3, 4019);
data.setCell(84, 0, 84)
data.setCell(84, 1, 'TestAboutShare40')
data.setCell(84, 2, 'Tests.BlogTest')
data.setCell(84, 3, 4006);
data.setCell(85, 0, 85)
data.setCell(85, 1, 'TestAboutShare18')
data.setCell(85, 2, 'Tests.BlogTest')
data.setCell(85, 3, 3992);
data.setCell(86, 0, 86)
data.setCell(86, 1, 'TestAboutShare18')
data.setCell(86, 2, 'Tests.SharesTest')
data.setCell(86, 3, 3939);
data.setCell(87, 0, 87)
data.setCell(87, 1, 'TestAboutShare10')
data.setCell(87, 2, 'Tests.SharesTest')
data.setCell(87, 3, 3939);
data.setCell(88, 0, 88)
data.setCell(88, 1, 'TestAboutShare21')
data.setCell(88, 2, 'Tests.SharesTest')
data.setCell(88, 3, 3889);
data.setCell(89, 0, 89)
data.setCell(89, 1, 'TestAboutShare13')
data.setCell(89, 2, 'Tests.SharesTest')
data.setCell(89, 3, 3869);
data.setCell(90, 0, 90)
data.setCell(90, 1, 'TestAboutShare64')
data.setCell(90, 2, 'Tests.BlogTest')
data.setCell(90, 3, 3805);
data.setCell(91, 0, 91)
data.setCell(91, 1, 'TestAboutShare69')
data.setCell(91, 2, 'Tests.BlogTest')
data.setCell(91, 3, 3802);
data.setCell(92, 0, 92)
data.setCell(92, 1, 'TestAboutShare25')
data.setCell(92, 2, 'Tests.BlogTest')
data.setCell(92, 3, 3728);
data.setCell(93, 0, 93)
data.setCell(93, 1, 'TestAboutShare47')
data.setCell(93, 2, 'Tests.BlogTest')
data.setCell(93, 3, 3578);
data.setCell(94, 0, 94)
data.setCell(94, 1, 'TestButtonsbar')
data.setCell(94, 2, 'Tests.BlogTest')
data.setCell(94, 3, 3562);
data.setCell(95, 0, 95)
data.setCell(95, 1, 'TestAboutShare53')
data.setCell(95, 2, 'Tests.BlogTest')
data.setCell(95, 3, 3542);
data.setCell(96, 0, 96)
data.setCell(96, 1, 'TestCalculator')
data.setCell(96, 2, 'Tests.SharesTest')
data.setCell(96, 3, 3485);
data.setCell(97, 0, 97)
data.setCell(97, 1, 'TestAboutShare1')
data.setCell(97, 2, 'Tests.BlogTest')
data.setCell(97, 3, 3448);
data.setCell(98, 0, 98)
data.setCell(98, 1, 'TestAboutShare1')
data.setCell(98, 2, 'Tests.SharesTest')
data.setCell(98, 3, 3422);
data.setCell(99, 0, 99)
data.setCell(99, 1, 'TestShareSitebar')
data.setCell(99, 2, 'Tests.SharesTest')
data.setCell(99, 3, 3323);
data.setCell(100, 0, 100)
data.setCell(100, 1, 'TestAboutShare4')
data.setCell(100, 2, 'Tests.BlogTest')
data.setCell(100, 3, 3257);
data.setCell(101, 0, 101)
data.setCell(101, 1, 'TestButtonsbar')
data.setCell(101, 2, 'Tests.SharesTest')
data.setCell(101, 3, 3078);
data.setCell(102, 0, 102)
data.setCell(102, 1, 'TestButtonEleven')
data.setCell(102, 2, 'Tests.BlogTest')
data.setCell(102, 3, 3045);
data.setCell(103, 0, 103)
data.setCell(103, 1, 'TestButtonFour')
data.setCell(103, 2, 'Tests.SharesTest')
data.setCell(103, 3, 2999);
data.setCell(104, 0, 104)
data.setCell(104, 1, 'TestButtonThree')
data.setCell(104, 2, 'Tests.SharesTest')
data.setCell(104, 3, 2977);
data.setCell(105, 0, 105)
data.setCell(105, 1, 'TestButtontwo')
data.setCell(105, 2, 'Tests.SharesTest')
data.setCell(105, 3, 2940);
data.setCell(106, 0, 106)
data.setCell(106, 1, 'TestButtonTwelwe')
data.setCell(106, 2, 'Tests.BlogTest')
data.setCell(106, 3, 2938);
data.setCell(107, 0, 107)
data.setCell(107, 1, 'TestAboutShare3')
data.setCell(107, 2, 'Tests.BlogTest')
data.setCell(107, 3, 2751);
data.setCell(108, 0, 108)
data.setCell(108, 1, 'TestCalculator')
data.setCell(108, 2, 'Tests.BlogTest')
data.setCell(108, 3, 2751);
data.setCell(109, 0, 109)
data.setCell(109, 1, 'TestAboutShare4')
data.setCell(109, 2, 'Tests.SharesTest')
data.setCell(109, 3, 2655);
data.setCell(110, 0, 110)
data.setCell(110, 1, 'TestAboutShare5')
data.setCell(110, 2, 'Tests.SharesTest')
data.setCell(110, 3, 2644);
data.setCell(111, 0, 111)
data.setCell(111, 1, 'TestButtonEight')
data.setCell(111, 2, 'Tests.BlogTest')
data.setCell(111, 3, 2620);
data.setCell(112, 0, 112)
data.setCell(112, 1, 'TestAboutShare6')
data.setCell(112, 2, 'Tests.BlogTest')
data.setCell(112, 3, 2614);
data.setCell(113, 0, 113)
data.setCell(113, 1, 'TestAboutShare3')
data.setCell(113, 2, 'Tests.SharesTest')
data.setCell(113, 3, 2574);
data.setCell(114, 0, 114)
data.setCell(114, 1, 'TestAboutShare2')
data.setCell(114, 2, 'Tests.SharesTest')
data.setCell(114, 3, 2565);
data.setCell(115, 0, 115)
data.setCell(115, 1, 'TestButtonFourteen')
data.setCell(115, 2, 'Tests.BlogTest')
data.setCell(115, 3, 2548);
data.setCell(116, 0, 116)
data.setCell(116, 1, 'TestButtonTen')
data.setCell(116, 2, 'Tests.BlogTest')
data.setCell(116, 3, 2507);
data.setCell(117, 0, 117)
data.setCell(117, 1, 'TestAboutShare2')
data.setCell(117, 2, 'Tests.BlogTest')
data.setCell(117, 3, 2487);
data.setCell(118, 0, 118)
data.setCell(118, 1, 'TestButtonThree')
data.setCell(118, 2, 'Tests.BlogTest')
data.setCell(118, 3, 2453);
data.setCell(119, 0, 119)
data.setCell(119, 1, 'TestButtonFour')
data.setCell(119, 2, 'Tests.BlogTest')
data.setCell(119, 3, 2441);
data.setCell(120, 0, 120)
data.setCell(120, 1, 'TestButtonTwo')
data.setCell(120, 2, 'Tests.BlogTest')
data.setCell(120, 3, 2434);
data.setCell(121, 0, 121)
data.setCell(121, 1, 'TestButtonFive')
data.setCell(121, 2, 'Tests.BlogTest')
data.setCell(121, 3, 2434);
data.setCell(122, 0, 122)
data.setCell(122, 1, 'TestButtonSeven')
data.setCell(122, 2, 'Tests.BlogTest')
data.setCell(122, 3, 2400);
data.setCell(123, 0, 123)
data.setCell(123, 1, 'TestButtonNine')
data.setCell(123, 2, 'Tests.BlogTest')
data.setCell(123, 3, 2398);
data.setCell(124, 0, 124)
data.setCell(124, 1, 'TestButtonThirteen')
data.setCell(124, 2, 'Tests.BlogTest')
data.setCell(124, 3, 2366);
data.setCell(125, 0, 125)
data.setCell(125, 1, 'TestButtonSix')
data.setCell(125, 2, 'Tests.BlogTest')
data.setCell(125, 3, 2357);
data.setCell(126, 0, 126)
data.setCell(126, 1, 'TestAboutShare6')
data.setCell(126, 2, 'Tests.SharesTest')
data.setCell(126, 3, 1969);
data.setCell(127, 0, 127)
data.setCell(127, 1, 'TestSharesHeader')
data.setCell(127, 2, 'Tests.BlogTest')
data.setCell(127, 3, 1603);
data.setCell(128, 0, 128)
data.setCell(128, 1, 'TestSharesHeader')
data.setCell(128, 2, 'Tests.SharesTest')
data.setCell(128, 3, 1501);
window.suiteTableData['Command_line_suite']= { tableData: data, tableDiv: 'times-div-Command_line_suite'}
return data;
}
              </script>
              <span class="suite-total-time">Total running time: 10 minutes</span>
              <div id="times-div-Command_line_suite">
              </div> <!-- times-div-Command_line_suite -->
            </div> <!-- times-div -->
          </div> <!-- main-panel-content rounded-window-bottom -->
        </div> <!-- panel -->
        <div panel-name="reporter-Command_line_suite" class="panel">
          <div class="main-panel-header rounded-window-top">
            <span class="header-content">Reporter output for Command line suite</span>
          </div> <!-- main-panel-header rounded-window-top -->
          <div class="main-panel-content rounded-window-bottom">
          </div> <!-- main-panel-content rounded-window-bottom -->
        </div> <!-- panel -->
        <div panel-name="ignored-methods-Command_line_suite" class="panel">
          <div class="main-panel-header rounded-window-top">
            <span class="header-content">0 ignored methods</span>
          </div> <!-- main-panel-header rounded-window-top -->
          <div class="main-panel-content rounded-window-bottom">
          </div> <!-- main-panel-content rounded-window-bottom -->
        </div> <!-- panel -->
        <div panel-name="chronological-Command_line_suite" class="panel">
          <div class="main-panel-header rounded-window-top">
            <span class="header-content">Methods in chronological order</span>
          </div> <!-- main-panel-header rounded-window-top -->
          <div class="main-panel-content rounded-window-bottom">
            <div class="chronological-class">
              <div class="chronological-class-name">Tests.BlogTest</div> <!-- chronological-class-name -->
              <div class="configuration-test before">
                <span class="method-name">getDriver</span>
                <span class="method-start">0 ms</span>
              </div> <!-- configuration-test before -->
            </div> <!-- chronological-class -->
            <div class="chronological-class">
              <div class="chronological-class-name">Tests.SharesTest</div> <!-- chronological-class-name -->
              <div class="configuration-test before">
                <span class="method-name">getDriver</span>
                <span class="method-start">3695 ms</span>
              </div> <!-- configuration-test before -->
            </div> <!-- chronological-class -->
            <div class="chronological-class">
              <div class="chronological-class-name">Tests.BlogTest</div> <!-- chronological-class-name -->
              <div class="test-method">
                <span class="method-name">TestAboutShare1</span>
                <span class="method-start">6923 ms</span>
              </div> <!-- test-method -->
              <div class="test-method">
                <span class="method-name">TestAboutShare10</span>
                <span class="method-start">10371 ms</span>
              </div> <!-- test-method -->
              <div class="test-method">
                <span class="method-name">TestAboutShare11</span>
                <span class="method-start">14439 ms</span>
              </div> <!-- test-method -->
              <div class="test-method">
                <span class="method-name">TestAboutShare12</span>
                <span class="method-start">18544 ms</span>
              </div> <!-- test-method -->
              <div class="test-method">
                <span class="method-name">TestAboutShare13</span>
                <span class="method-start">22768 ms</span>
              </div> <!-- test-method -->
              <div class="test-method">
                <span class="method-name">TestAboutShare14</span>
                <span class="method-start">27035 ms</span>
              </div> <!-- test-method -->
              <div class="test-method">
                <span class="method-name">TestAboutShare15</span>
                <span class="method-start">31287 ms</span>
              </div> <!-- test-method -->
              <div class="test-method">
                <span class="method-name">TestAboutShare16</span>
                <span class="method-start">35446 ms</span>
              </div> <!-- test-method -->
              <div class="test-method">
                <span class="method-name">TestAboutShare17</span>
                <span class="method-start">40415 ms</span>
              </div> <!-- test-method -->
              <div class="test-method">
                <span class="method-name">TestAboutShare18</span>
                <span class="method-start">44702 ms</span>
              </div> <!-- test-method -->
              <div class="test-method">
                <span class="method-name">TestAboutShare19</span>
                <span class="method-start">48694 ms</span>
              </div> <!-- test-method -->
              <div class="test-method">
                <span class="method-name">TestAboutShare2</span>
                <span class="method-start">52830 ms</span>
              </div> <!-- test-method -->
              <div class="test-method">
                <span class="method-name">TestAboutShare20</span>
                <span class="method-start">55318 ms</span>
              </div> <!-- test-method -->
              <div class="test-method">
                <span class="method-name">TestAboutShare21</span>
                <span class="method-start">59365 ms</span>
              </div> <!-- test-method -->
              <div class="test-method">
                <span class="method-name">TestAboutShare22</span>
                <span class="method-start">63591 ms</span>
              </div> <!-- test-method -->
              <div class="test-method">
                <span class="method-name">TestAboutShare23</span>
                <span class="method-start">67690 ms</span>
              </div> <!-- test-method -->
              <div class="test-method">
                <span class="method-name">TestAboutShare24</span>
                <span class="method-start">71783 ms</span>
              </div> <!-- test-method -->
              <div class="test-method">
                <span class="method-name">TestAboutShare25</span>
                <span class="method-start">76096 ms</span>
              </div> <!-- test-method -->
              <div class="test-method">
                <span class="method-name">TestAboutShare26</span>
                <span class="method-start">79825 ms</span>
              </div> <!-- test-method -->
              <div class="test-method">
                <span class="method-name">TestAboutShare27</span>
                <span class="method-start">83950 ms</span>
              </div> <!-- test-method -->
              <div class="test-method">
                <span class="method-name">TestAboutShare28</span>
                <span class="method-start">88252 ms</span>
              </div> <!-- test-method -->
              <div class="test-method">
                <span class="method-name">TestAboutShare29</span>
                <span class="method-start">92505 ms</span>
              </div> <!-- test-method -->
              <div class="test-method">
                <span class="method-name">TestAboutShare3</span>
                <span class="method-start">96850 ms</span>
              </div> <!-- test-method -->
              <div class="test-method">
                <span class="method-name">TestAboutShare30</span>
                <span class="method-start">99601 ms</span>
              </div> <!-- test-method -->
              <div class="test-method">
                <span class="method-name">TestAboutShare31</span>
                <span class="method-start">103620 ms</span>
              </div> <!-- test-method -->
              <div class="test-method">
                <span class="method-name">TestAboutShare32</span>
                <span class="method-start">107929 ms</span>
              </div> <!-- test-method -->
              <div class="test-method">
                <span class="method-name">TestAboutShare33</span>
                <span class="method-start">117619 ms</span>
              </div> <!-- test-method -->
              <div class="test-method">
                <span class="method-name">TestAboutShare34</span>
                <span class="method-start">130643 ms</span>
              </div> <!-- test-method -->
              <div class="test-method">
                <img src="failed.png">
                </img>
                <span class="method-name">TestAboutShare35</span>
                <span class="method-start">143675 ms</span>
              </div> <!-- test-method -->
              <div class="test-method">
                <img src="failed.png">
                </img>
                <span class="method-name">TestAboutShare36</span>
                <span class="method-start">157637 ms</span>
              </div> <!-- test-method -->
              <div class="test-method">
                <img src="failed.png">
                </img>
                <span class="method-name">TestAboutShare37</span>
                <span class="method-start">176141 ms</span>
              </div> <!-- test-method -->
              <div class="test-method">
                <img src="failed.png">
                </img>
                <span class="method-name">TestAboutShare38</span>
                <span class="method-start">194789 ms</span>
              </div> <!-- test-method -->
              <div class="test-method">
                <img src="failed.png">
                </img>
                <span class="method-name">TestAboutShare39</span>
                <span class="method-start">213468 ms</span>
              </div> <!-- test-method -->
              <div class="test-method">
                <img src="failed.png">
                </img>
                <span class="method-name">TestAboutShare4</span>
                <span class="method-start">221710 ms</span>
              </div> <!-- test-method -->
              <div class="test-method">
                <img src="failed.png">
                </img>
                <span class="method-name">TestAboutShare40</span>
                <span class="method-start">224968 ms</span>
              </div> <!-- test-method -->
              <div class="test-method">
                <img src="failed.png">
                </img>
                <span class="method-name">TestAboutShare41</span>
                <span class="method-start">228975 ms</span>
              </div> <!-- test-method -->
              <div class="test-method">
                <img src="failed.png">
                </img>
                <span class="method-name">TestAboutShare42</span>
                <span class="method-start">233214 ms</span>
              </div> <!-- test-method -->
              <div class="test-method">
                <img src="failed.png">
                </img>
                <span class="method-name">TestAboutShare43</span>
                <span class="method-start">237436 ms</span>
              </div> <!-- test-method -->
              <div class="test-method">
                <img src="failed.png">
                </img>
                <span class="method-name">TestAboutShare44</span>
                <span class="method-start">241703 ms</span>
              </div> <!-- test-method -->
              <div class="test-method">
                <img src="failed.png">
                </img>
                <span class="method-name">TestAboutShare45</span>
                <span class="method-start">245965 ms</span>
              </div> <!-- test-method -->
              <div class="test-method">
                <img src="failed.png">
                </img>
                <span class="method-name">TestAboutShare46</span>
                <span class="method-start">250144 ms</span>
              </div> <!-- test-method -->
              <div class="test-method">
                <img src="failed.png">
                </img>
                <span class="method-name">TestAboutShare47</span>
                <span class="method-start">254251 ms</span>
              </div> <!-- test-method -->
              <div class="test-method">
                <img src="failed.png">
                </img>
                <span class="method-name">TestAboutShare48</span>
                <span class="method-start">257829 ms</span>
              </div> <!-- test-method -->
              <div class="test-method">
                <img src="failed.png">
                </img>
                <span class="method-name">TestAboutShare49</span>
                <span class="method-start">262038 ms</span>
              </div> <!-- test-method -->
              <div class="test-method">
                <img src="failed.png">
                </img>
                <span class="method-name">TestAboutShare5</span>
                <span class="method-start">275617 ms</span>
              </div> <!-- test-method -->
              <div class="test-method">
                <img src="failed.png">
                </img>
                <span class="method-name">TestAboutShare50</span>
                <span class="method-start">288868 ms</span>
              </div> <!-- test-method -->
              <div class="test-method">
                <img src="failed.png">
                </img>
                <span class="method-name">TestAboutShare51</span>
                <span class="method-start">315076 ms</span>
              </div> <!-- test-method -->
              <div class="test-method">
                <img src="failed.png">
                </img>
                <span class="method-name">TestAboutShare52</span>
                <span class="method-start">319580 ms</span>
              </div> <!-- test-method -->
              <div class="test-method">
                <img src="failed.png">
                </img>
                <span class="method-name">TestAboutShare53</span>
                <span class="method-start">323794 ms</span>
              </div> <!-- test-method -->
              <div class="test-method">
                <img src="failed.png">
                </img>
                <span class="method-name">TestAboutShare54</span>
                <span class="method-start">327336 ms</span>
              </div> <!-- test-method -->
              <div class="test-method">
                <img src="failed.png">
                </img>
                <span class="method-name">TestAboutShare55</span>
                <span class="method-start">331448 ms</span>
              </div> <!-- test-method -->
              <div class="test-method">
                <img src="failed.png">
                </img>
                <span class="method-name">TestAboutShare56</span>
                <span class="method-start">335703 ms</span>
              </div> <!-- test-method -->
              <div class="test-method">
                <img src="failed.png">
                </img>
                <span class="method-name">TestAboutShare57</span>
                <span class="method-start">339839 ms</span>
              </div> <!-- test-method -->
              <div class="test-method">
                <img src="failed.png">
                </img>
                <span class="method-name">TestAboutShare58</span>
                <span class="method-start">343931 ms</span>
              </div> <!-- test-method -->
              <div class="test-method">
                <img src="failed.png">
                </img>
                <span class="method-name">TestAboutShare59</span>
                <span class="method-start">348023 ms</span>
              </div> <!-- test-method -->
              <div class="test-method">
                <img src="failed.png">
                </img>
                <span class="method-name">TestAboutShare6</span>
                <span class="method-start">352195 ms</span>
              </div> <!-- test-method -->
              <div class="test-method">
                <img src="failed.png">
                </img>
                <span class="method-name">TestAboutShare60</span>
                <span class="method-start">354809 ms</span>
              </div> <!-- test-method -->
              <div class="test-method">
                <img src="failed.png">
                </img>
                <span class="method-name">TestAboutShare61</span>
                <span class="method-start">358913 ms</span>
              </div> <!-- test-method -->
              <div class="test-method">
                <img src="failed.png">
                </img>
                <span class="method-name">TestAboutShare62</span>
                <span class="method-start">363759 ms</span>
              </div> <!-- test-method -->
              <div class="test-method">
                <img src="failed.png">
                </img>
                <span class="method-name">TestAboutShare63</span>
                <span class="method-start">388706 ms</span>
              </div> <!-- test-method -->
              <div class="test-method">
                <img src="failed.png">
                </img>
                <span class="method-name">TestAboutShare64</span>
                <span class="method-start">393000 ms</span>
              </div> <!-- test-method -->
              <div class="test-method">
                <img src="failed.png">
                </img>
                <span class="method-name">TestAboutShare65</span>
                <span class="method-start">396806 ms</span>
              </div> <!-- test-method -->
              <div class="test-method">
                <img src="failed.png">
                </img>
                <span class="method-name">TestAboutShare66</span>
                <span class="method-start">400968 ms</span>
              </div> <!-- test-method -->
              <div class="test-method">
                <img src="failed.png">
                </img>
                <span class="method-name">TestAboutShare67</span>
                <span class="method-start">405184 ms</span>
              </div> <!-- test-method -->
              <div class="test-method">
                <img src="failed.png">
                </img>
                <span class="method-name">TestAboutShare68</span>
                <span class="method-start">409342 ms</span>
              </div> <!-- test-method -->
              <div class="test-method">
                <img src="failed.png">
                </img>
                <span class="method-name">TestAboutShare69</span>
                <span class="method-start">413508 ms</span>
              </div> <!-- test-method -->
              <div class="test-method">
                <img src="failed.png">
                </img>
                <span class="method-name">TestAboutShare7</span>
                <span class="method-start">417311 ms</span>
              </div> <!-- test-method -->
              <div class="test-method">
                <img src="failed.png">
                </img>
                <span class="method-name">TestAboutShare70</span>
                <span class="method-start">421670 ms</span>
              </div> <!-- test-method -->
              <div class="test-method">
                <img src="failed.png">
                </img>
                <span class="method-name">TestAboutShare71</span>
                <span class="method-start">425781 ms</span>
              </div> <!-- test-method -->
              <div class="test-method">
                <img src="failed.png">
                </img>
                <span class="method-name">TestAboutShare72</span>
                <span class="method-start">443725 ms</span>
              </div> <!-- test-method -->
              <div class="test-method">
                <img src="failed.png">
                </img>
                <span class="method-name">TestAboutShare73</span>
                <span class="method-start">448095 ms</span>
              </div> <!-- test-method -->
              <div class="test-method">
                <img src="failed.png">
                </img>
                <span class="method-name">TestAboutShare74</span>
                <span class="method-start">452513 ms</span>
              </div> <!-- test-method -->
              <div class="test-method">
                <img src="failed.png">
                </img>
                <span class="method-name">TestAboutShare75</span>
                <span class="method-start">456774 ms</span>
              </div> <!-- test-method -->
              <div class="test-method">
                <img src="failed.png">
                </img>
                <span class="method-name">TestAboutShare76</span>
                <span class="method-start">461090 ms</span>
              </div> <!-- test-method -->
              <div class="test-method">
                <img src="failed.png">
                </img>
                <span class="method-name">TestAboutShare77</span>
                <span class="method-start">465261 ms</span>
              </div> <!-- test-method -->
              <div class="test-method">
                <img src="failed.png">
                </img>
                <span class="method-name">TestAboutShare78</span>
                <span class="method-start">469389 ms</span>
              </div> <!-- test-method -->
              <div class="test-method">
                <img src="failed.png">
                </img>
                <span class="method-name">TestAboutShare79</span>
                <span class="method-start">473666 ms</span>
              </div> <!-- test-method -->
              <div class="test-method">
                <img src="failed.png">
                </img>
                <span class="method-name">TestAboutShare8</span>
                <span class="method-start">477823 ms</span>
              </div> <!-- test-method -->
              <div class="test-method">
                <img src="failed.png">
                </img>
                <span class="method-name">TestAboutShare80</span>
                <span class="method-start">481894 ms</span>
              </div> <!-- test-method -->
              <div class="test-method">
                <img src="failed.png">
                </img>
                <span class="method-name">TestAboutShare81</span>
                <span class="method-start">486029 ms</span>
              </div> <!-- test-method -->
              <div class="test-method">
                <img src="failed.png">
                </img>
                <span class="method-name">TestAboutShare82</span>
                <span class="method-start">490126 ms</span>
              </div> <!-- test-method -->
              <div class="test-method">
                <img src="failed.png">
                </img>
                <span class="method-name">TestAboutShare83</span>
                <span class="method-start">494155 ms</span>
              </div> <!-- test-method -->
              <div class="test-method">
                <img src="failed.png">
                </img>
                <span class="method-name">TestAboutShare84</span>
                <span class="method-start">498361 ms</span>
              </div> <!-- test-method -->
              <div class="test-method">
                <img src="failed.png">
                </img>
                <span class="method-name">TestAboutShare9</span>
                <span class="method-start">502461 ms</span>
              </div> <!-- test-method -->
              <div class="test-method">
                <img src="failed.png">
                </img>
                <span class="method-name">TestButtonEight</span>
                <span class="method-start">506616 ms</span>
              </div> <!-- test-method -->
              <div class="test-method">
                <img src="failed.png">
                </img>
                <span class="method-name">TestButtonEleven</span>
                <span class="method-start">509236 ms</span>
              </div> <!-- test-method -->
              <div class="test-method">
                <img src="failed.png">
                </img>
                <span class="method-name">TestButtonFive</span>
                <span class="method-start">512282 ms</span>
              </div> <!-- test-method -->
              <div class="test-method">
                <img src="failed.png">
                </img>
                <span class="method-name">TestButtonFour</span>
                <span class="method-start">514717 ms</span>
              </div> <!-- test-method -->
              <div class="test-method">
                <img src="failed.png">
                </img>
                <span class="method-name">TestButtonFourteen</span>
                <span class="method-start">517158 ms</span>
              </div> <!-- test-method -->
              <div class="test-method">
                <img src="failed.png">
                </img>
                <span class="method-name">TestButtonNine</span>
                <span class="method-start">519706 ms</span>
              </div> <!-- test-method -->
              <div class="test-method">
                <img src="failed.png">
                </img>
                <span class="method-name">TestButtonSeven</span>
                <span class="method-start">522105 ms</span>
              </div> <!-- test-method -->
              <div class="test-method">
                <img src="failed.png">
                </img>
                <span class="method-name">TestButtonSix</span>
                <span class="method-start">524505 ms</span>
              </div> <!-- test-method -->
              <div class="test-method">
                <img src="failed.png">
                </img>
                <span class="method-name">TestButtonTen</span>
                <span class="method-start">526863 ms</span>
              </div> <!-- test-method -->
              <div class="test-method">
                <img src="failed.png">
                </img>
                <span class="method-name">TestButtonThirteen</span>
                <span class="method-start">529370 ms</span>
              </div> <!-- test-method -->
              <div class="test-method">
                <img src="failed.png">
                </img>
                <span class="method-name">TestButtonThree</span>
                <span class="method-start">531736 ms</span>
              </div> <!-- test-method -->
              <div class="test-method">
                <img src="failed.png">
                </img>
                <span class="method-name">TestButtonTwelwe</span>
                <span class="method-start">534190 ms</span>
              </div> <!-- test-method -->
              <div class="test-method">
                <img src="failed.png">
                </img>
                <span class="method-name">TestButtonTwo</span>
                <span class="method-start">537129 ms</span>
              </div> <!-- test-method -->
              <div class="test-method">
                <img src="failed.png">
                </img>
                <span class="method-name">TestButtonsbar</span>
                <span class="method-start">539564 ms</span>
              </div> <!-- test-method -->
              <div class="test-method">
                <img src="failed.png">
                </img>
                <span class="method-name">TestCalculator</span>
                <span class="method-start">543127 ms</span>
              </div> <!-- test-method -->
              <div class="test-method">
                <img src="failed.png">
                </img>
                <span class="method-name">TestShareSitebar</span>
                <span class="method-start">545878 ms</span>
              </div> <!-- test-method -->
              <div class="test-method">
                <img src="failed.png">
                </img>
                <span class="method-name">TestSharesHeader</span>
                <span class="method-start">551257 ms</span>
              </div> <!-- test-method -->
            </div> <!-- chronological-class -->
            <div class="chronological-class">
              <div class="chronological-class-name">Tests.SharesTest</div> <!-- chronological-class-name -->
              <div class="test-method">
                <span class="method-name">TestAboutShare1</span>
                <span class="method-start">552872 ms</span>
              </div> <!-- test-method -->
              <div class="test-method">
                <span class="method-name">TestAboutShare10</span>
                <span class="method-start">556294 ms</span>
              </div> <!-- test-method -->
              <div class="test-method">
                <span class="method-name">TestAboutShare11</span>
                <span class="method-start">560233 ms</span>
              </div> <!-- test-method -->
              <div class="test-method">
                <span class="method-name">TestAboutShare12</span>
                <span class="method-start">564275 ms</span>
              </div> <!-- test-method -->
              <div class="test-method">
                <span class="method-name">TestAboutShare13</span>
                <span class="method-start">568501 ms</span>
              </div> <!-- test-method -->
              <div class="test-method">
                <span class="method-name">TestAboutShare14</span>
                <span class="method-start">572370 ms</span>
              </div> <!-- test-method -->
              <div class="test-method">
                <span class="method-name">TestAboutShare15</span>
                <span class="method-start">576497 ms</span>
              </div> <!-- test-method -->
              <div class="test-method">
                <span class="method-name">TestAboutShare16</span>
                <span class="method-start">580846 ms</span>
              </div> <!-- test-method -->
              <div class="test-method">
                <span class="method-name">TestAboutShare17</span>
                <span class="method-start">584901 ms</span>
              </div> <!-- test-method -->
              <div class="test-method">
                <span class="method-name">TestAboutShare18</span>
                <span class="method-start">588983 ms</span>
              </div> <!-- test-method -->
              <div class="test-method">
                <span class="method-name">TestAboutShare19</span>
                <span class="method-start">592922 ms</span>
              </div> <!-- test-method -->
              <div class="test-method">
                <span class="method-name">TestAboutShare2</span>
                <span class="method-start">597858 ms</span>
              </div> <!-- test-method -->
              <div class="test-method">
                <span class="method-name">TestAboutShare20</span>
                <span class="method-start">600423 ms</span>
              </div> <!-- test-method -->
              <div class="test-method">
                <span class="method-name">TestAboutShare21</span>
                <span class="method-start">604632 ms</span>
              </div> <!-- test-method -->
              <div class="test-method">
                <span class="method-name">TestAboutShare3</span>
                <span class="method-start">608521 ms</span>
              </div> <!-- test-method -->
              <div class="test-method">
                <span class="method-name">TestAboutShare4</span>
                <span class="method-start">611096 ms</span>
              </div> <!-- test-method -->
              <div class="test-method">
                <span class="method-name">TestAboutShare5</span>
                <span class="method-start">613751 ms</span>
              </div> <!-- test-method -->
              <div class="test-method">
                <span class="method-name">TestAboutShare6</span>
                <span class="method-start">616396 ms</span>
              </div> <!-- test-method -->
              <div class="test-method">
                <span class="method-name">TestAboutShare7</span>
                <span class="method-start">618365 ms</span>
              </div> <!-- test-method -->
              <div class="test-method">
                <span class="method-name">TestAboutShare8</span>
                <span class="method-start">622538 ms</span>
              </div> <!-- test-method -->
              <div class="test-method">
                <span class="method-name">TestAboutShare9</span>
                <span class="method-start">626711 ms</span>
              </div> <!-- test-method -->
              <div class="test-method">
                <span class="method-name">TestButtonFour</span>
                <span class="method-start">630926 ms</span>
              </div> <!-- test-method -->
              <div class="test-method">
                <span class="method-name">TestButtonThree</span>
                <span class="method-start">633926 ms</span>
              </div> <!-- test-method -->
              <div class="test-method">
                <span class="method-name">TestButtonsbar</span>
                <span class="method-start">636903 ms</span>
              </div> <!-- test-method -->
              <div class="test-method">
                <span class="method-name">TestButtontwo</span>
                <span class="method-start">639981 ms</span>
              </div> <!-- test-method -->
              <div class="test-method">
                <span class="method-name">TestCalculator</span>
                <span class="method-start">642922 ms</span>
              </div> <!-- test-method -->
              <div class="test-method">
                <span class="method-name">TestShareSitebar</span>
                <span class="method-start">646407 ms</span>
              </div> <!-- test-method -->
              <div class="test-method">
                <span class="method-name">TestSharesHeader</span>
                <span class="method-start">649730 ms</span>
              </div> <!-- test-method -->
            </div> <!-- chronological-class -->
            <div class="chronological-class">
              <div class="chronological-class-name">Tests.BlogTest</div> <!-- chronological-class-name -->
              <div class="configuration-test after">
                <span class="method-name">Quit</span>
                <span class="method-start">651231 ms</span>
              </div> <!-- configuration-test after -->
            </div> <!-- chronological-class -->
            <div class="chronological-class">
              <div class="chronological-class-name">Tests.SharesTest</div> <!-- chronological-class-name -->
              <div class="configuration-test after">
                <span class="method-name">Quit</span>
                <span class="method-start">652614 ms</span>
              </div> <!-- configuration-test after -->
          </div> <!-- main-panel-content rounded-window-bottom -->
        </div> <!-- panel -->
      </div> <!-- main-panel-root -->
    </div> <!-- wrapper -->
  </body>
</html>
