<?xml version="1.0" encoding="UTF-8"?>
<testng-results skipped="0" failed="73" ignored="0" total="129" passed="56">
  <reporter-output>
  </reporter-output>
  <suite name="Command line suite" duration-ms="653692" started-at="2017-10-10T13:59:45Z" finished-at="2017-10-10T14:10:39Z">
    <groups>
    </groups>
    <test name="Command line test" duration-ms="653692" started-at="2017-10-10T13:59:45Z" finished-at="2017-10-10T14:10:39Z">
      <class name="Tests.BlogTest">
        <test-method status="PASS" signature="getDriver()[pri:0, instance:Tests.BlogTest@4157f54e]" name="getDriver" is-config="true" duration-ms="3695" started-at="2017-10-10T16:59:45Z" finished-at="2017-10-10T16:59:49Z">
          <reporter-output>
          </reporter-output>
        </test-method> <!-- getDriver -->
        <test-method status="PASS" signature="getDriver()[pri:0, instance:Tests.SharesTest@90f6bfd]" name="getDriver" is-config="true" duration-ms="3187" started-at="2017-10-10T16:59:49Z" finished-at="2017-10-10T16:59:52Z">
          <reporter-output>
          </reporter-output>
        </test-method> <!-- getDriver -->
        <test-method status="PASS" signature="TestAboutShare1()[pri:0, instance:Tests.BlogTest@4157f54e]" name="TestAboutShare1" duration-ms="3448" started-at="2017-10-10T16:59:52Z" finished-at="2017-10-10T16:59:56Z">
          <reporter-output>
          </reporter-output>
        </test-method> <!-- TestAboutShare1 -->
        <test-method status="PASS" signature="TestAboutShare10()[pri:0, instance:Tests.BlogTest@4157f54e]" name="TestAboutShare10" duration-ms="4068" started-at="2017-10-10T16:59:56Z" finished-at="2017-10-10T17:00:00Z">
          <reporter-output>
          </reporter-output>
        </test-method> <!-- TestAboutShare10 -->
        <test-method status="PASS" signature="TestAboutShare11()[pri:0, instance:Tests.BlogTest@4157f54e]" name="TestAboutShare11" duration-ms="4105" started-at="2017-10-10T17:00:00Z" finished-at="2017-10-10T17:00:04Z">
          <reporter-output>
          </reporter-output>
        </test-method> <!-- TestAboutShare11 -->
        <test-method status="PASS" signature="TestAboutShare12()[pri:0, instance:Tests.BlogTest@4157f54e]" name="TestAboutShare12" duration-ms="4223" started-at="2017-10-10T17:00:04Z" finished-at="2017-10-10T17:00:08Z">
          <reporter-output>
          </reporter-output>
        </test-method> <!-- TestAboutShare12 -->
        <test-method status="PASS" signature="TestAboutShare13()[pri:0, instance:Tests.BlogTest@4157f54e]" name="TestAboutShare13" duration-ms="4267" started-at="2017-10-10T17:00:08Z" finished-at="2017-10-10T17:00:12Z">
          <reporter-output>
          </reporter-output>
        </test-method> <!-- TestAboutShare13 -->
        <test-method status="PASS" signature="TestAboutShare14()[pri:0, instance:Tests.BlogTest@4157f54e]" name="TestAboutShare14" duration-ms="4251" started-at="2017-10-10T17:00:12Z" finished-at="2017-10-10T17:00:17Z">
          <reporter-output>
          </reporter-output>
        </test-method> <!-- TestAboutShare14 -->
        <test-method status="PASS" signature="TestAboutShare15()[pri:0, instance:Tests.BlogTest@4157f54e]" name="TestAboutShare15" duration-ms="4159" started-at="2017-10-10T17:00:17Z" finished-at="2017-10-10T17:00:21Z">
          <reporter-output>
          </reporter-output>
        </test-method> <!-- TestAboutShare15 -->
        <test-method status="PASS" signature="TestAboutShare16()[pri:0, instance:Tests.BlogTest@4157f54e]" name="TestAboutShare16" duration-ms="4969" started-at="2017-10-10T17:00:21Z" finished-at="2017-10-10T17:00:26Z">
          <reporter-output>
          </reporter-output>
        </test-method> <!-- TestAboutShare16 -->
        <test-method status="PASS" signature="TestAboutShare17()[pri:0, instance:Tests.BlogTest@4157f54e]" name="TestAboutShare17" duration-ms="4287" started-at="2017-10-10T17:00:26Z" finished-at="2017-10-10T17:00:30Z">
          <reporter-output>
          </reporter-output>
        </test-method> <!-- TestAboutShare17 -->
        <test-method status="PASS" signature="TestAboutShare18()[pri:0, instance:Tests.BlogTest@4157f54e]" name="TestAboutShare18" duration-ms="3992" started-at="2017-10-10T17:00:30Z" finished-at="2017-10-10T17:00:34Z">
          <reporter-output>
          </reporter-output>
        </test-method> <!-- TestAboutShare18 -->
        <test-method status="PASS" signature="TestAboutShare19()[pri:0, instance:Tests.BlogTest@4157f54e]" name="TestAboutShare19" duration-ms="4136" started-at="2017-10-10T17:00:34Z" finished-at="2017-10-10T17:00:38Z">
          <reporter-output>
          </reporter-output>
        </test-method> <!-- TestAboutShare19 -->
        <test-method status="PASS" signature="TestAboutShare2()[pri:0, instance:Tests.BlogTest@4157f54e]" name="TestAboutShare2" duration-ms="2487" started-at="2017-10-10T17:00:38Z" finished-at="2017-10-10T17:00:41Z">
          <reporter-output>
          </reporter-output>
        </test-method> <!-- TestAboutShare2 -->
        <test-method status="PASS" signature="TestAboutShare20()[pri:0, instance:Tests.BlogTest@4157f54e]" name="TestAboutShare20" duration-ms="4046" started-at="2017-10-10T17:00:41Z" finished-at="2017-10-10T17:00:45Z">
          <reporter-output>
          </reporter-output>
        </test-method> <!-- TestAboutShare20 -->
        <test-method status="PASS" signature="TestAboutShare21()[pri:0, instance:Tests.BlogTest@4157f54e]" name="TestAboutShare21" duration-ms="4226" started-at="2017-10-10T17:00:45Z" finished-at="2017-10-10T17:00:49Z">
          <reporter-output>
          </reporter-output>
        </test-method> <!-- TestAboutShare21 -->
        <test-method status="PASS" signature="TestAboutShare22()[pri:0, instance:Tests.BlogTest@4157f54e]" name="TestAboutShare22" duration-ms="4099" started-at="2017-10-10T17:00:49Z" finished-at="2017-10-10T17:00:53Z">
          <reporter-output>
          </reporter-output>
        </test-method> <!-- TestAboutShare22 -->
        <test-method status="PASS" signature="TestAboutShare23()[pri:0, instance:Tests.BlogTest@4157f54e]" name="TestAboutShare23" duration-ms="4093" started-at="2017-10-10T17:00:53Z" finished-at="2017-10-10T17:00:57Z">
          <reporter-output>
          </reporter-output>
        </test-method> <!-- TestAboutShare23 -->
        <test-method status="PASS" signature="TestAboutShare24()[pri:0, instance:Tests.BlogTest@4157f54e]" name="TestAboutShare24" duration-ms="4313" started-at="2017-10-10T17:00:57Z" finished-at="2017-10-10T17:01:01Z">
          <reporter-output>
          </reporter-output>
        </test-method> <!-- TestAboutShare24 -->
        <test-method status="PASS" signature="TestAboutShare25()[pri:0, instance:Tests.BlogTest@4157f54e]" name="TestAboutShare25" duration-ms="3728" started-at="2017-10-10T17:01:01Z" finished-at="2017-10-10T17:01:05Z">
          <reporter-output>
          </reporter-output>
        </test-method> <!-- TestAboutShare25 -->
        <test-method status="PASS" signature="TestAboutShare26()[pri:0, instance:Tests.BlogTest@4157f54e]" name="TestAboutShare26" duration-ms="4125" started-at="2017-10-10T17:01:05Z" finished-at="2017-10-10T17:01:09Z">
          <reporter-output>
          </reporter-output>
        </test-method> <!-- TestAboutShare26 -->
        <test-method status="PASS" signature="TestAboutShare27()[pri:0, instance:Tests.BlogTest@4157f54e]" name="TestAboutShare27" duration-ms="4302" started-at="2017-10-10T17:01:09Z" finished-at="2017-10-10T17:01:14Z">
          <reporter-output>
          </reporter-output>
        </test-method> <!-- TestAboutShare27 -->
        <test-method status="PASS" signature="TestAboutShare28()[pri:0, instance:Tests.BlogTest@4157f54e]" name="TestAboutShare28" duration-ms="4253" started-at="2017-10-10T17:01:14Z" finished-at="2017-10-10T17:01:18Z">
          <reporter-output>
          </reporter-output>
        </test-method> <!-- TestAboutShare28 -->
        <test-method status="PASS" signature="TestAboutShare29()[pri:0, instance:Tests.BlogTest@4157f54e]" name="TestAboutShare29" duration-ms="4345" started-at="2017-10-10T17:01:18Z" finished-at="2017-10-10T17:01:22Z">
          <reporter-output>
          </reporter-output>
        </test-method> <!-- TestAboutShare29 -->
        <test-method status="PASS" signature="TestAboutShare3()[pri:0, instance:Tests.BlogTest@4157f54e]" name="TestAboutShare3" duration-ms="2751" started-at="2017-10-10T17:01:22Z" finished-at="2017-10-10T17:01:25Z">
          <reporter-output>
          </reporter-output>
        </test-method> <!-- TestAboutShare3 -->
        <test-method status="PASS" signature="TestAboutShare30()[pri:0, instance:Tests.BlogTest@4157f54e]" name="TestAboutShare30" duration-ms="4019" started-at="2017-10-10T17:01:25Z" finished-at="2017-10-10T17:01:29Z">
          <reporter-output>
          </reporter-output>
        </test-method> <!-- TestAboutShare30 -->
        <test-method status="PASS" signature="TestAboutShare31()[pri:0, instance:Tests.BlogTest@4157f54e]" name="TestAboutShare31" duration-ms="4309" started-at="2017-10-10T17:01:29Z" finished-at="2017-10-10T17:01:33Z">
          <reporter-output>
          </reporter-output>
        </test-method> <!-- TestAboutShare31 -->
        <test-method status="PASS" signature="TestAboutShare32()[pri:0, instance:Tests.BlogTest@4157f54e]" name="TestAboutShare32" duration-ms="9690" started-at="2017-10-10T17:01:33Z" finished-at="2017-10-10T17:01:43Z">
          <reporter-output>
          </reporter-output>
        </test-method> <!-- TestAboutShare32 -->
        <test-method status="PASS" signature="TestAboutShare33()[pri:0, instance:Tests.BlogTest@4157f54e]" name="TestAboutShare33" duration-ms="13024" started-at="2017-10-10T17:01:43Z" finished-at="2017-10-10T17:01:56Z">
          <reporter-output>
          </reporter-output>
        </test-method> <!-- TestAboutShare33 -->
        <test-method status="PASS" signature="TestAboutShare34()[pri:0, instance:Tests.BlogTest@4157f54e]" name="TestAboutShare34" duration-ms="13031" started-at="2017-10-10T17:01:56Z" finished-at="2017-10-10T17:02:09Z">
          <reporter-output>
          </reporter-output>
        </test-method> <!-- TestAboutShare34 -->
        <test-method status="FAIL" signature="TestAboutShare35()[pri:0, instance:Tests.BlogTest@4157f54e]" name="TestAboutShare35" duration-ms="13959" started-at="2017-10-10T17:02:09Z" finished-at="2017-10-10T17:02:23Z">
          <exception class="java.lang.AssertionError">
            <message>
              <![CDATA[The following asserts failed:
	expected [Семестр университета в Украине стоит недешево и даже если речь идет о бюджетной форме, расходов не избежать: канцелярия, учебники, аренда жилья, оплата курсов и даже проезд домой. Где взять деньги и что делать, если они нужны уже сегодня?] but found [Когда начинают звонить сотрудники коллекторской компании, начинаешь думать о том, насколько законны их действия и стоит ли им платить? Имеет ли банк право «подключить» к работе 3-х лиц, если процесс взыскания станет эффективнее?],
	expected [http://dev2.mycredit.com.ua/ru/blog/gde-vzyat-kredit-studentam-na-obuchenie/] but found [http://dev2.mycredit.com.ua/ru/blog/kak-ne-platit-kredit-kollektoram-v-ukraine/]]]>
            </message>
            <full-stacktrace>
              <![CDATA[java.lang.AssertionError: The following asserts failed:
	expected [Семестр университета в Украине стоит недешево и даже если речь идет о бюджетной форме, расходов не избежать: канцелярия, учебники, аренда жилья, оплата курсов и даже проезд домой. Где взять деньги и что делать, если они нужны уже сегодня?] but found [Когда начинают звонить сотрудники коллекторской компании, начинаешь думать о том, насколько законны их действия и стоит ли им платить? Имеет ли банк право «подключить» к работе 3-х лиц, если процесс взыскания станет эффективнее?],
	expected [http://dev2.mycredit.com.ua/ru/blog/gde-vzyat-kredit-studentam-na-obuchenie/] but found [http://dev2.mycredit.com.ua/ru/blog/kak-ne-platit-kredit-kollektoram-v-ukraine/]
	at org.testng.asserts.SoftAssert.assertAll(SoftAssert.java:43)
	at Tests.BlogTest.TestAboutShare35(BlogTest.java:495)
	at sun.reflect.NativeMethodAccessorImpl.invoke0(Native Method)
	at sun.reflect.NativeMethodAccessorImpl.invoke(NativeMethodAccessorImpl.java:62)
	at sun.reflect.DelegatingMethodAccessorImpl.invoke(DelegatingMethodAccessorImpl.java:43)
	at java.lang.reflect.Method.invoke(Method.java:498)
	at org.testng.internal.MethodInvocationHelper.invokeMethod(MethodInvocationHelper.java:108)
	at org.testng.internal.Invoker.invokeMethod(Invoker.java:661)
	at org.testng.internal.Invoker.invokeTestMethod(Invoker.java:869)
	at org.testng.internal.Invoker.invokeTestMethods(Invoker.java:1193)
	at org.testng.internal.TestMethodWorker.invokeTestMethods(TestMethodWorker.java:126)
	at org.testng.internal.TestMethodWorker.run(TestMethodWorker.java:109)
	at org.testng.TestRunner.privateRun(TestRunner.java:744)
	at org.testng.TestRunner.run(TestRunner.java:602)
	at org.testng.SuiteRunner.runTest(SuiteRunner.java:380)
	at org.testng.SuiteRunner.runSequentially(SuiteRunner.java:375)
	at org.testng.SuiteRunner.privateRun(SuiteRunner.java:340)
	at org.testng.SuiteRunner.run(SuiteRunner.java:289)
	at org.testng.SuiteRunnerWorker.runSuite(SuiteRunnerWorker.java:52)
	at org.testng.SuiteRunnerWorker.run(SuiteRunnerWorker.java:86)
	at org.testng.TestNG.runSuitesSequentially(TestNG.java:1301)
	at org.testng.TestNG.runSuitesLocally(TestNG.java:1226)
	at org.testng.TestNG.runSuites(TestNG.java:1144)
	at org.testng.TestNG.run(TestNG.java:1115)
	at org.apache.maven.surefire.testng.TestNGExecutor.run(TestNGExecutor.java:77)
	at org.apache.maven.surefire.testng.TestNGDirectoryTestSuite.executeMulti(TestNGDirectoryTestSuite.java:159)
	at org.apache.maven.surefire.testng.TestNGDirectoryTestSuite.execute(TestNGDirectoryTestSuite.java:99)
	at org.apache.maven.surefire.testng.TestNGProvider.invoke(TestNGProvider.java:106)
	at sun.reflect.NativeMethodAccessorImpl.invoke0(Native Method)
	at sun.reflect.NativeMethodAccessorImpl.invoke(NativeMethodAccessorImpl.java:62)
	at sun.reflect.DelegatingMethodAccessorImpl.invoke(DelegatingMethodAccessorImpl.java:43)
	at java.lang.reflect.Method.invoke(Method.java:498)
	at org.apache.maven.surefire.util.ReflectionUtils.invokeMethodWithArray(ReflectionUtils.java:189)
	at org.apache.maven.surefire.booter.ProviderFactory$ProviderProxy.invoke(ProviderFactory.java:165)
	at org.apache.maven.surefire.booter.ProviderFactory.invokeProvider(ProviderFactory.java:85)
	at org.apache.maven.surefire.booter.ForkedBooter.runSuitesInProcess(ForkedBooter.java:115)
	at org.apache.maven.surefire.booter.ForkedBooter.main(ForkedBooter.java:75)
]]>
            </full-stacktrace>
          </exception> <!-- java.lang.AssertionError -->
          <reporter-output>
          </reporter-output>
        </test-method> <!-- TestAboutShare35 -->
        <test-method status="FAIL" signature="TestAboutShare36()[pri:0, instance:Tests.BlogTest@4157f54e]" name="TestAboutShare36" duration-ms="18492" started-at="2017-10-10T17:02:23Z" finished-at="2017-10-10T17:02:41Z">
          <exception class="org.openqa.selenium.NoSuchElementException">
            <message>
              <![CDATA[no such element: Unable to locate element: {"method":"xpath","selector":"/html/body/div[1]/div[4]/div/div[2]/div/div[2]/div/div[1]/div[2]/p[1]"}
  (Session info: chrome=61.0.3163.100)
  (Driver info: chromedriver=2.33.506120 (e3e53437346286c0bc2d2dc9aa4915ba81d9023f),platform=Windows NT 10.0.15063 x86_64) (WARNING: The server did not provide any stacktrace information)
Command duration or timeout: 7.03 seconds
For documentation on this error, please visit: http://seleniumhq.org/exceptions/no_such_element.html
Build info: version: '2.53.1', revision: 'a36b8b1cd5757287168e54b817830adce9b0158d', time: '2016-06-30 19:26:09'
System info: host: 'DESKTOP-2VD0QVH', ip: '192.168.1.118', os.name: 'Windows 10', os.arch: 'amd64', os.version: '10.0', java.version: '1.8.0_144'
Driver info: org.openqa.selenium.chrome.ChromeDriver
Capabilities [{applicationCacheEnabled=false, rotatable=false, mobileEmulationEnabled=false, networkConnectionEnabled=false, chrome={chromedriverVersion=2.33.506120 (e3e53437346286c0bc2d2dc9aa4915ba81d9023f), userDataDir=C:\Users\user\AppData\Local\Temp\scoped_dir51096_23193}, takesHeapSnapshot=true, pageLoadStrategy=normal, databaseEnabled=false, handlesAlerts=true, hasTouchScreen=false, version=61.0.3163.100, platform=XP, browserConnectionEnabled=false, nativeEvents=true, acceptSslCerts=true, locationContextEnabled=true, webStorageEnabled=true, browserName=chrome, takesScreenshot=true, javascriptEnabled=true, cssSelectorsEnabled=true, setWindowRect=true, unexpectedAlertBehaviour=}]
Session ID: 3fb7fe4d91a211b6eda11b6c4514f329
*** Element info: {Using=xpath, value=/html/body/div[1]/div[4]/div/div[2]/div/div[2]/div/div[1]/div[2]/p[1]}]]>
            </message>
            <full-stacktrace>
              <![CDATA[org.openqa.selenium.NoSuchElementException: no such element: Unable to locate element: {"method":"xpath","selector":"/html/body/div[1]/div[4]/div/div[2]/div/div[2]/div/div[1]/div[2]/p[1]"}
  (Session info: chrome=61.0.3163.100)
  (Driver info: chromedriver=2.33.506120 (e3e53437346286c0bc2d2dc9aa4915ba81d9023f),platform=Windows NT 10.0.15063 x86_64) (WARNING: The server did not provide any stacktrace information)
Command duration or timeout: 7.03 seconds
For documentation on this error, please visit: http://seleniumhq.org/exceptions/no_such_element.html
Build info: version: '2.53.1', revision: 'a36b8b1cd5757287168e54b817830adce9b0158d', time: '2016-06-30 19:26:09'
System info: host: 'DESKTOP-2VD0QVH', ip: '192.168.1.118', os.name: 'Windows 10', os.arch: 'amd64', os.version: '10.0', java.version: '1.8.0_144'
Driver info: org.openqa.selenium.chrome.ChromeDriver
Capabilities [{applicationCacheEnabled=false, rotatable=false, mobileEmulationEnabled=false, networkConnectionEnabled=false, chrome={chromedriverVersion=2.33.506120 (e3e53437346286c0bc2d2dc9aa4915ba81d9023f), userDataDir=C:\Users\user\AppData\Local\Temp\scoped_dir51096_23193}, takesHeapSnapshot=true, pageLoadStrategy=normal, databaseEnabled=false, handlesAlerts=true, hasTouchScreen=false, version=61.0.3163.100, platform=XP, browserConnectionEnabled=false, nativeEvents=true, acceptSslCerts=true, locationContextEnabled=true, webStorageEnabled=true, browserName=chrome, takesScreenshot=true, javascriptEnabled=true, cssSelectorsEnabled=true, setWindowRect=true, unexpectedAlertBehaviour=}]
Session ID: 3fb7fe4d91a211b6eda11b6c4514f329
*** Element info: {Using=xpath, value=/html/body/div[1]/div[4]/div/div[2]/div/div[2]/div/div[1]/div[2]/p[1]}
	at sun.reflect.NativeConstructorAccessorImpl.newInstance0(Native Method)
	at sun.reflect.NativeConstructorAccessorImpl.newInstance(NativeConstructorAccessorImpl.java:62)
	at sun.reflect.DelegatingConstructorAccessorImpl.newInstance(DelegatingConstructorAccessorImpl.java:45)
	at java.lang.reflect.Constructor.newInstance(Constructor.java:423)
	at org.openqa.selenium.remote.ErrorHandler.createThrowable(ErrorHandler.java:206)
	at org.openqa.selenium.remote.ErrorHandler.throwIfResponseFailed(ErrorHandler.java:158)
	at org.openqa.selenium.remote.RemoteWebDriver.execute(RemoteWebDriver.java:678)
	at org.openqa.selenium.remote.RemoteWebDriver.findElement(RemoteWebDriver.java:363)
	at org.openqa.selenium.remote.RemoteWebDriver.findElementByXPath(RemoteWebDriver.java:500)
	at org.openqa.selenium.By$ByXPath.findElement(By.java:361)
	at org.openqa.selenium.remote.RemoteWebDriver.findElement(RemoteWebDriver.java:355)
	at Pages.BlogPage.Gettext(BlogPage.java:105)
	at Tests.BlogTest.TestAboutShare36(BlogTest.java:503)
	at sun.reflect.NativeMethodAccessorImpl.invoke0(Native Method)
	at sun.reflect.NativeMethodAccessorImpl.invoke(NativeMethodAccessorImpl.java:62)
	at sun.reflect.DelegatingMethodAccessorImpl.invoke(DelegatingMethodAccessorImpl.java:43)
	at java.lang.reflect.Method.invoke(Method.java:498)
	at org.testng.internal.MethodInvocationHelper.invokeMethod(MethodInvocationHelper.java:108)
	at org.testng.internal.Invoker.invokeMethod(Invoker.java:661)
	at org.testng.internal.Invoker.invokeTestMethod(Invoker.java:869)
	at org.testng.internal.Invoker.invokeTestMethods(Invoker.java:1193)
	at org.testng.internal.TestMethodWorker.invokeTestMethods(TestMethodWorker.java:126)
	at org.testng.internal.TestMethodWorker.run(TestMethodWorker.java:109)
	at org.testng.TestRunner.privateRun(TestRunner.java:744)
	at org.testng.TestRunner.run(TestRunner.java:602)
	at org.testng.SuiteRunner.runTest(SuiteRunner.java:380)
	at org.testng.SuiteRunner.runSequentially(SuiteRunner.java:375)
	at org.testng.SuiteRunner.privateRun(SuiteRunner.java:340)
	at org.testng.SuiteRunner.run(SuiteRunner.java:289)
	at org.testng.SuiteRunnerWorker.runSuite(SuiteRunnerWorker.java:52)
	at org.testng.SuiteRunnerWorker.run(SuiteRunnerWorker.java:86)
	at org.testng.TestNG.runSuitesSequentially(TestNG.java:1301)
	at org.testng.TestNG.runSuitesLocally(TestNG.java:1226)
	at org.testng.TestNG.runSuites(TestNG.java:1144)
	at org.testng.TestNG.run(TestNG.java:1115)
	at org.apache.maven.surefire.testng.TestNGExecutor.run(TestNGExecutor.java:77)
	at org.apache.maven.surefire.testng.TestNGDirectoryTestSuite.executeMulti(TestNGDirectoryTestSuite.java:159)
	at org.apache.maven.surefire.testng.TestNGDirectoryTestSuite.execute(TestNGDirectoryTestSuite.java:99)
	at org.apache.maven.surefire.testng.TestNGProvider.invoke(TestNGProvider.java:106)
	at sun.reflect.NativeMethodAccessorImpl.invoke0(Native Method)
	at sun.reflect.NativeMethodAccessorImpl.invoke(NativeMethodAccessorImpl.java:62)
	at sun.reflect.DelegatingMethodAccessorImpl.invoke(DelegatingMethodAccessorImpl.java:43)
	at java.lang.reflect.Method.invoke(Method.java:498)
	at org.apache.maven.surefire.util.ReflectionUtils.invokeMethodWithArray(ReflectionUtils.java:189)
	at org.apache.maven.surefire.booter.ProviderFactory$ProviderProxy.invoke(ProviderFactory.java:165)
	at org.apache.maven.surefire.booter.ProviderFactory.invokeProvider(ProviderFactory.java:85)
	at org.apache.maven.surefire.booter.ForkedBooter.runSuitesInProcess(ForkedBooter.java:115)
	at org.apache.maven.surefire.booter.ForkedBooter.main(ForkedBooter.java:75)
]]>
            </full-stacktrace>
          </exception> <!-- org.openqa.selenium.NoSuchElementException -->
          <reporter-output>
          </reporter-output>
        </test-method> <!-- TestAboutShare36 -->
        <test-method status="FAIL" signature="TestAboutShare37()[pri:0, instance:Tests.BlogTest@4157f54e]" name="TestAboutShare37" duration-ms="18644" started-at="2017-10-10T17:02:41Z" finished-at="2017-10-10T17:03:00Z">
          <exception class="org.openqa.selenium.NoSuchElementException">
            <message>
              <![CDATA[no such element: Unable to locate element: {"method":"xpath","selector":"/html/body/div[1]/div[4]/div/div[2]/div/div[2]/div/div[1]/div[2]/p[1]"}
  (Session info: chrome=61.0.3163.100)
  (Driver info: chromedriver=2.33.506120 (e3e53437346286c0bc2d2dc9aa4915ba81d9023f),platform=Windows NT 10.0.15063 x86_64) (WARNING: The server did not provide any stacktrace information)
Command duration or timeout: 7.07 seconds
For documentation on this error, please visit: http://seleniumhq.org/exceptions/no_such_element.html
Build info: version: '2.53.1', revision: 'a36b8b1cd5757287168e54b817830adce9b0158d', time: '2016-06-30 19:26:09'
System info: host: 'DESKTOP-2VD0QVH', ip: '192.168.1.118', os.name: 'Windows 10', os.arch: 'amd64', os.version: '10.0', java.version: '1.8.0_144'
Driver info: org.openqa.selenium.chrome.ChromeDriver
Capabilities [{applicationCacheEnabled=false, rotatable=false, mobileEmulationEnabled=false, networkConnectionEnabled=false, chrome={chromedriverVersion=2.33.506120 (e3e53437346286c0bc2d2dc9aa4915ba81d9023f), userDataDir=C:\Users\user\AppData\Local\Temp\scoped_dir51096_23193}, takesHeapSnapshot=true, pageLoadStrategy=normal, databaseEnabled=false, handlesAlerts=true, hasTouchScreen=false, version=61.0.3163.100, platform=XP, browserConnectionEnabled=false, nativeEvents=true, acceptSslCerts=true, locationContextEnabled=true, webStorageEnabled=true, browserName=chrome, takesScreenshot=true, javascriptEnabled=true, cssSelectorsEnabled=true, setWindowRect=true, unexpectedAlertBehaviour=}]
Session ID: 3fb7fe4d91a211b6eda11b6c4514f329
*** Element info: {Using=xpath, value=/html/body/div[1]/div[4]/div/div[2]/div/div[2]/div/div[1]/div[2]/p[1]}]]>
            </message>
            <full-stacktrace>
              <![CDATA[org.openqa.selenium.NoSuchElementException: no such element: Unable to locate element: {"method":"xpath","selector":"/html/body/div[1]/div[4]/div/div[2]/div/div[2]/div/div[1]/div[2]/p[1]"}
  (Session info: chrome=61.0.3163.100)
  (Driver info: chromedriver=2.33.506120 (e3e53437346286c0bc2d2dc9aa4915ba81d9023f),platform=Windows NT 10.0.15063 x86_64) (WARNING: The server did not provide any stacktrace information)
Command duration or timeout: 7.07 seconds
For documentation on this error, please visit: http://seleniumhq.org/exceptions/no_such_element.html
Build info: version: '2.53.1', revision: 'a36b8b1cd5757287168e54b817830adce9b0158d', time: '2016-06-30 19:26:09'
System info: host: 'DESKTOP-2VD0QVH', ip: '192.168.1.118', os.name: 'Windows 10', os.arch: 'amd64', os.version: '10.0', java.version: '1.8.0_144'
Driver info: org.openqa.selenium.chrome.ChromeDriver
Capabilities [{applicationCacheEnabled=false, rotatable=false, mobileEmulationEnabled=false, networkConnectionEnabled=false, chrome={chromedriverVersion=2.33.506120 (e3e53437346286c0bc2d2dc9aa4915ba81d9023f), userDataDir=C:\Users\user\AppData\Local\Temp\scoped_dir51096_23193}, takesHeapSnapshot=true, pageLoadStrategy=normal, databaseEnabled=false, handlesAlerts=true, hasTouchScreen=false, version=61.0.3163.100, platform=XP, browserConnectionEnabled=false, nativeEvents=true, acceptSslCerts=true, locationContextEnabled=true, webStorageEnabled=true, browserName=chrome, takesScreenshot=true, javascriptEnabled=true, cssSelectorsEnabled=true, setWindowRect=true, unexpectedAlertBehaviour=}]
Session ID: 3fb7fe4d91a211b6eda11b6c4514f329
*** Element info: {Using=xpath, value=/html/body/div[1]/div[4]/div/div[2]/div/div[2]/div/div[1]/div[2]/p[1]}
	at sun.reflect.NativeConstructorAccessorImpl.newInstance0(Native Method)
	at sun.reflect.NativeConstructorAccessorImpl.newInstance(NativeConstructorAccessorImpl.java:62)
	at sun.reflect.DelegatingConstructorAccessorImpl.newInstance(DelegatingConstructorAccessorImpl.java:45)
	at java.lang.reflect.Constructor.newInstance(Constructor.java:423)
	at org.openqa.selenium.remote.ErrorHandler.createThrowable(ErrorHandler.java:206)
	at org.openqa.selenium.remote.ErrorHandler.throwIfResponseFailed(ErrorHandler.java:158)
	at org.openqa.selenium.remote.RemoteWebDriver.execute(RemoteWebDriver.java:678)
	at org.openqa.selenium.remote.RemoteWebDriver.findElement(RemoteWebDriver.java:363)
	at org.openqa.selenium.remote.RemoteWebDriver.findElementByXPath(RemoteWebDriver.java:500)
	at org.openqa.selenium.By$ByXPath.findElement(By.java:361)
	at org.openqa.selenium.remote.RemoteWebDriver.findElement(RemoteWebDriver.java:355)
	at Pages.BlogPage.Gettext(BlogPage.java:105)
	at Tests.BlogTest.TestAboutShare37(BlogTest.java:523)
	at sun.reflect.NativeMethodAccessorImpl.invoke0(Native Method)
	at sun.reflect.NativeMethodAccessorImpl.invoke(NativeMethodAccessorImpl.java:62)
	at sun.reflect.DelegatingMethodAccessorImpl.invoke(DelegatingMethodAccessorImpl.java:43)
	at java.lang.reflect.Method.invoke(Method.java:498)
	at org.testng.internal.MethodInvocationHelper.invokeMethod(MethodInvocationHelper.java:108)
	at org.testng.internal.Invoker.invokeMethod(Invoker.java:661)
	at org.testng.internal.Invoker.invokeTestMethod(Invoker.java:869)
	at org.testng.internal.Invoker.invokeTestMethods(Invoker.java:1193)
	at org.testng.internal.TestMethodWorker.invokeTestMethods(TestMethodWorker.java:126)
	at org.testng.internal.TestMethodWorker.run(TestMethodWorker.java:109)
	at org.testng.TestRunner.privateRun(TestRunner.java:744)
	at org.testng.TestRunner.run(TestRunner.java:602)
	at org.testng.SuiteRunner.runTest(SuiteRunner.java:380)
	at org.testng.SuiteRunner.runSequentially(SuiteRunner.java:375)
	at org.testng.SuiteRunner.privateRun(SuiteRunner.java:340)
	at org.testng.SuiteRunner.run(SuiteRunner.java:289)
	at org.testng.SuiteRunnerWorker.runSuite(SuiteRunnerWorker.java:52)
	at org.testng.SuiteRunnerWorker.run(SuiteRunnerWorker.java:86)
	at org.testng.TestNG.runSuitesSequentially(TestNG.java:1301)
	at org.testng.TestNG.runSuitesLocally(TestNG.java:1226)
	at org.testng.TestNG.runSuites(TestNG.java:1144)
	at org.testng.TestNG.run(TestNG.java:1115)
	at org.apache.maven.surefire.testng.TestNGExecutor.run(TestNGExecutor.java:77)
	at org.apache.maven.surefire.testng.TestNGDirectoryTestSuite.executeMulti(TestNGDirectoryTestSuite.java:159)
	at org.apache.maven.surefire.testng.TestNGDirectoryTestSuite.execute(TestNGDirectoryTestSuite.java:99)
	at org.apache.maven.surefire.testng.TestNGProvider.invoke(TestNGProvider.java:106)
	at sun.reflect.NativeMethodAccessorImpl.invoke0(Native Method)
	at sun.reflect.NativeMethodAccessorImpl.invoke(NativeMethodAccessorImpl.java:62)
	at sun.reflect.DelegatingMethodAccessorImpl.invoke(DelegatingMethodAccessorImpl.java:43)
	at java.lang.reflect.Method.invoke(Method.java:498)
	at org.apache.maven.surefire.util.ReflectionUtils.invokeMethodWithArray(ReflectionUtils.java:189)
	at org.apache.maven.surefire.booter.ProviderFactory$ProviderProxy.invoke(ProviderFactory.java:165)
	at org.apache.maven.surefire.booter.ProviderFactory.invokeProvider(ProviderFactory.java:85)
	at org.apache.maven.surefire.booter.ForkedBooter.runSuitesInProcess(ForkedBooter.java:115)
	at org.apache.maven.surefire.booter.ForkedBooter.main(ForkedBooter.java:75)
]]>
            </full-stacktrace>
          </exception> <!-- org.openqa.selenium.NoSuchElementException -->
          <reporter-output>
          </reporter-output>
        </test-method> <!-- TestAboutShare37 -->
        <test-method status="FAIL" signature="TestAboutShare38()[pri:0, instance:Tests.BlogTest@4157f54e]" name="TestAboutShare38" duration-ms="18677" started-at="2017-10-10T17:03:00Z" finished-at="2017-10-10T17:03:19Z">
          <exception class="org.openqa.selenium.NoSuchElementException">
            <message>
              <![CDATA[no such element: Unable to locate element: {"method":"xpath","selector":"/html/body/div[1]/div[4]/div/div[2]/div/div[2]/div/div[1]/div[2]/p[1]"}
  (Session info: chrome=61.0.3163.100)
  (Driver info: chromedriver=2.33.506120 (e3e53437346286c0bc2d2dc9aa4915ba81d9023f),platform=Windows NT 10.0.15063 x86_64) (WARNING: The server did not provide any stacktrace information)
Command duration or timeout: 7.01 seconds
For documentation on this error, please visit: http://seleniumhq.org/exceptions/no_such_element.html
Build info: version: '2.53.1', revision: 'a36b8b1cd5757287168e54b817830adce9b0158d', time: '2016-06-30 19:26:09'
System info: host: 'DESKTOP-2VD0QVH', ip: '192.168.1.118', os.name: 'Windows 10', os.arch: 'amd64', os.version: '10.0', java.version: '1.8.0_144'
Driver info: org.openqa.selenium.chrome.ChromeDriver
Capabilities [{applicationCacheEnabled=false, rotatable=false, mobileEmulationEnabled=false, networkConnectionEnabled=false, chrome={chromedriverVersion=2.33.506120 (e3e53437346286c0bc2d2dc9aa4915ba81d9023f), userDataDir=C:\Users\user\AppData\Local\Temp\scoped_dir51096_23193}, takesHeapSnapshot=true, pageLoadStrategy=normal, databaseEnabled=false, handlesAlerts=true, hasTouchScreen=false, version=61.0.3163.100, platform=XP, browserConnectionEnabled=false, nativeEvents=true, acceptSslCerts=true, locationContextEnabled=true, webStorageEnabled=true, browserName=chrome, takesScreenshot=true, javascriptEnabled=true, cssSelectorsEnabled=true, setWindowRect=true, unexpectedAlertBehaviour=}]
Session ID: 3fb7fe4d91a211b6eda11b6c4514f329
*** Element info: {Using=xpath, value=/html/body/div[1]/div[4]/div/div[2]/div/div[2]/div/div[1]/div[2]/p[1]}]]>
            </message>
            <full-stacktrace>
              <![CDATA[org.openqa.selenium.NoSuchElementException: no such element: Unable to locate element: {"method":"xpath","selector":"/html/body/div[1]/div[4]/div/div[2]/div/div[2]/div/div[1]/div[2]/p[1]"}
  (Session info: chrome=61.0.3163.100)
  (Driver info: chromedriver=2.33.506120 (e3e53437346286c0bc2d2dc9aa4915ba81d9023f),platform=Windows NT 10.0.15063 x86_64) (WARNING: The server did not provide any stacktrace information)
Command duration or timeout: 7.01 seconds
For documentation on this error, please visit: http://seleniumhq.org/exceptions/no_such_element.html
Build info: version: '2.53.1', revision: 'a36b8b1cd5757287168e54b817830adce9b0158d', time: '2016-06-30 19:26:09'
System info: host: 'DESKTOP-2VD0QVH', ip: '192.168.1.118', os.name: 'Windows 10', os.arch: 'amd64', os.version: '10.0', java.version: '1.8.0_144'
Driver info: org.openqa.selenium.chrome.ChromeDriver
Capabilities [{applicationCacheEnabled=false, rotatable=false, mobileEmulationEnabled=false, networkConnectionEnabled=false, chrome={chromedriverVersion=2.33.506120 (e3e53437346286c0bc2d2dc9aa4915ba81d9023f), userDataDir=C:\Users\user\AppData\Local\Temp\scoped_dir51096_23193}, takesHeapSnapshot=true, pageLoadStrategy=normal, databaseEnabled=false, handlesAlerts=true, hasTouchScreen=false, version=61.0.3163.100, platform=XP, browserConnectionEnabled=false, nativeEvents=true, acceptSslCerts=true, locationContextEnabled=true, webStorageEnabled=true, browserName=chrome, takesScreenshot=true, javascriptEnabled=true, cssSelectorsEnabled=true, setWindowRect=true, unexpectedAlertBehaviour=}]
Session ID: 3fb7fe4d91a211b6eda11b6c4514f329
*** Element info: {Using=xpath, value=/html/body/div[1]/div[4]/div/div[2]/div/div[2]/div/div[1]/div[2]/p[1]}
	at sun.reflect.NativeConstructorAccessorImpl.newInstance0(Native Method)
	at sun.reflect.NativeConstructorAccessorImpl.newInstance(NativeConstructorAccessorImpl.java:62)
	at sun.reflect.DelegatingConstructorAccessorImpl.newInstance(DelegatingConstructorAccessorImpl.java:45)
	at java.lang.reflect.Constructor.newInstance(Constructor.java:423)
	at org.openqa.selenium.remote.ErrorHandler.createThrowable(ErrorHandler.java:206)
	at org.openqa.selenium.remote.ErrorHandler.throwIfResponseFailed(ErrorHandler.java:158)
	at org.openqa.selenium.remote.RemoteWebDriver.execute(RemoteWebDriver.java:678)
	at org.openqa.selenium.remote.RemoteWebDriver.findElement(RemoteWebDriver.java:363)
	at org.openqa.selenium.remote.RemoteWebDriver.findElementByXPath(RemoteWebDriver.java:500)
	at org.openqa.selenium.By$ByXPath.findElement(By.java:361)
	at org.openqa.selenium.remote.RemoteWebDriver.findElement(RemoteWebDriver.java:355)
	at Pages.BlogPage.Gettext(BlogPage.java:105)
	at Tests.BlogTest.TestAboutShare38(BlogTest.java:534)
	at sun.reflect.NativeMethodAccessorImpl.invoke0(Native Method)
	at sun.reflect.NativeMethodAccessorImpl.invoke(NativeMethodAccessorImpl.java:62)
	at sun.reflect.DelegatingMethodAccessorImpl.invoke(DelegatingMethodAccessorImpl.java:43)
	at java.lang.reflect.Method.invoke(Method.java:498)
	at org.testng.internal.MethodInvocationHelper.invokeMethod(MethodInvocationHelper.java:108)
	at org.testng.internal.Invoker.invokeMethod(Invoker.java:661)
	at org.testng.internal.Invoker.invokeTestMethod(Invoker.java:869)
	at org.testng.internal.Invoker.invokeTestMethods(Invoker.java:1193)
	at org.testng.internal.TestMethodWorker.invokeTestMethods(TestMethodWorker.java:126)
	at org.testng.internal.TestMethodWorker.run(TestMethodWorker.java:109)
	at org.testng.TestRunner.privateRun(TestRunner.java:744)
	at org.testng.TestRunner.run(TestRunner.java:602)
	at org.testng.SuiteRunner.runTest(SuiteRunner.java:380)
	at org.testng.SuiteRunner.runSequentially(SuiteRunner.java:375)
	at org.testng.SuiteRunner.privateRun(SuiteRunner.java:340)
	at org.testng.SuiteRunner.run(SuiteRunner.java:289)
	at org.testng.SuiteRunnerWorker.runSuite(SuiteRunnerWorker.java:52)
	at org.testng.SuiteRunnerWorker.run(SuiteRunnerWorker.java:86)
	at org.testng.TestNG.runSuitesSequentially(TestNG.java:1301)
	at org.testng.TestNG.runSuitesLocally(TestNG.java:1226)
	at org.testng.TestNG.runSuites(TestNG.java:1144)
	at org.testng.TestNG.run(TestNG.java:1115)
	at org.apache.maven.surefire.testng.TestNGExecutor.run(TestNGExecutor.java:77)
	at org.apache.maven.surefire.testng.TestNGDirectoryTestSuite.executeMulti(TestNGDirectoryTestSuite.java:159)
	at org.apache.maven.surefire.testng.TestNGDirectoryTestSuite.execute(TestNGDirectoryTestSuite.java:99)
	at org.apache.maven.surefire.testng.TestNGProvider.invoke(TestNGProvider.java:106)
	at sun.reflect.NativeMethodAccessorImpl.invoke0(Native Method)
	at sun.reflect.NativeMethodAccessorImpl.invoke(NativeMethodAccessorImpl.java:62)
	at sun.reflect.DelegatingMethodAccessorImpl.invoke(DelegatingMethodAccessorImpl.java:43)
	at java.lang.reflect.Method.invoke(Method.java:498)
	at org.apache.maven.surefire.util.ReflectionUtils.invokeMethodWithArray(ReflectionUtils.java:189)
	at org.apache.maven.surefire.booter.ProviderFactory$ProviderProxy.invoke(ProviderFactory.java:165)
	at org.apache.maven.surefire.booter.ProviderFactory.invokeProvider(ProviderFactory.java:85)
	at org.apache.maven.surefire.booter.ForkedBooter.runSuitesInProcess(ForkedBooter.java:115)
	at org.apache.maven.surefire.booter.ForkedBooter.main(ForkedBooter.java:75)
]]>
            </full-stacktrace>
          </exception> <!-- org.openqa.selenium.NoSuchElementException -->
          <reporter-output>
          </reporter-output>
        </test-method> <!-- TestAboutShare38 -->
        <test-method status="FAIL" signature="TestAboutShare39()[pri:0, instance:Tests.BlogTest@4157f54e]" name="TestAboutShare39" duration-ms="8242" started-at="2017-10-10T17:03:19Z" finished-at="2017-10-10T17:03:27Z">
          <exception class="java.lang.AssertionError">
            <message>
              <![CDATA[The following asserts failed:
	expected [Семестр университета в Украине стоит недешево и даже если речь идет о бюджетной форме, расходов не избежать: канцелярия, учебники, аренда жилья, оплата курсов и даже проезд домой. Где взять деньги и что делать, если они нужны уже сегодня?] but found [Когда начинают звонить сотрудники коллекторской компании, начинаешь думать о том, насколько законны их действия и стоит ли им платить? Имеет ли банк право «подключить» к работе 3-х лиц, если процесс взыскания станет эффективнее?],
	expected [http://dev2.mycredit.com.ua/ru/blog/gde-vzyat-kredit-studentam-na-obuchenie/] but found [http://dev2.mycredit.com.ua/ru/blog/kak-ne-platit-kredit-kollektoram-v-ukraine/]]]>
            </message>
            <full-stacktrace>
              <![CDATA[java.lang.AssertionError: The following asserts failed:
	expected [Семестр университета в Украине стоит недешево и даже если речь идет о бюджетной форме, расходов не избежать: канцелярия, учебники, аренда жилья, оплата курсов и даже проезд домой. Где взять деньги и что делать, если они нужны уже сегодня?] but found [Когда начинают звонить сотрудники коллекторской компании, начинаешь думать о том, насколько законны их действия и стоит ли им платить? Имеет ли банк право «подключить» к работе 3-х лиц, если процесс взыскания станет эффективнее?],
	expected [http://dev2.mycredit.com.ua/ru/blog/gde-vzyat-kredit-studentam-na-obuchenie/] but found [http://dev2.mycredit.com.ua/ru/blog/kak-ne-platit-kredit-kollektoram-v-ukraine/]
	at org.testng.asserts.SoftAssert.assertAll(SoftAssert.java:43)
	at Tests.BlogTest.TestAboutShare39(BlogTest.java:548)
	at sun.reflect.NativeMethodAccessorImpl.invoke0(Native Method)
	at sun.reflect.NativeMethodAccessorImpl.invoke(NativeMethodAccessorImpl.java:62)
	at sun.reflect.DelegatingMethodAccessorImpl.invoke(DelegatingMethodAccessorImpl.java:43)
	at java.lang.reflect.Method.invoke(Method.java:498)
	at org.testng.internal.MethodInvocationHelper.invokeMethod(MethodInvocationHelper.java:108)
	at org.testng.internal.Invoker.invokeMethod(Invoker.java:661)
	at org.testng.internal.Invoker.invokeTestMethod(Invoker.java:869)
	at org.testng.internal.Invoker.invokeTestMethods(Invoker.java:1193)
	at org.testng.internal.TestMethodWorker.invokeTestMethods(TestMethodWorker.java:126)
	at org.testng.internal.TestMethodWorker.run(TestMethodWorker.java:109)
	at org.testng.TestRunner.privateRun(TestRunner.java:744)
	at org.testng.TestRunner.run(TestRunner.java:602)
	at org.testng.SuiteRunner.runTest(SuiteRunner.java:380)
	at org.testng.SuiteRunner.runSequentially(SuiteRunner.java:375)
	at org.testng.SuiteRunner.privateRun(SuiteRunner.java:340)
	at org.testng.SuiteRunner.run(SuiteRunner.java:289)
	at org.testng.SuiteRunnerWorker.runSuite(SuiteRunnerWorker.java:52)
	at org.testng.SuiteRunnerWorker.run(SuiteRunnerWorker.java:86)
	at org.testng.TestNG.runSuitesSequentially(TestNG.java:1301)
	at org.testng.TestNG.runSuitesLocally(TestNG.java:1226)
	at org.testng.TestNG.runSuites(TestNG.java:1144)
	at org.testng.TestNG.run(TestNG.java:1115)
	at org.apache.maven.surefire.testng.TestNGExecutor.run(TestNGExecutor.java:77)
	at org.apache.maven.surefire.testng.TestNGDirectoryTestSuite.executeMulti(TestNGDirectoryTestSuite.java:159)
	at org.apache.maven.surefire.testng.TestNGDirectoryTestSuite.execute(TestNGDirectoryTestSuite.java:99)
	at org.apache.maven.surefire.testng.TestNGProvider.invoke(TestNGProvider.java:106)
	at sun.reflect.NativeMethodAccessorImpl.invoke0(Native Method)
	at sun.reflect.NativeMethodAccessorImpl.invoke(NativeMethodAccessorImpl.java:62)
	at sun.reflect.DelegatingMethodAccessorImpl.invoke(DelegatingMethodAccessorImpl.java:43)
	at java.lang.reflect.Method.invoke(Method.java:498)
	at org.apache.maven.surefire.util.ReflectionUtils.invokeMethodWithArray(ReflectionUtils.java:189)
	at org.apache.maven.surefire.booter.ProviderFactory$ProviderProxy.invoke(ProviderFactory.java:165)
	at org.apache.maven.surefire.booter.ProviderFactory.invokeProvider(ProviderFactory.java:85)
	at org.apache.maven.surefire.booter.ForkedBooter.runSuitesInProcess(ForkedBooter.java:115)
	at org.apache.maven.surefire.booter.ForkedBooter.main(ForkedBooter.java:75)
]]>
            </full-stacktrace>
          </exception> <!-- java.lang.AssertionError -->
          <reporter-output>
          </reporter-output>
        </test-method> <!-- TestAboutShare39 -->
        <test-method status="FAIL" signature="TestAboutShare4()[pri:0, instance:Tests.BlogTest@4157f54e]" name="TestAboutShare4" duration-ms="3257" started-at="2017-10-10T17:03:27Z" finished-at="2017-10-10T17:03:30Z">
          <exception class="java.lang.AssertionError">
            <message>
              <![CDATA[The following asserts failed:
	expected [Семестр университета в Украине стоит недешево и даже если речь идет о бюджетной форме, расходов не избежать: канцелярия, учебники, аренда жилья, оплата курсов и даже проезд домой. Где взять деньги и что делать, если они нужны уже сегодня?] but found [Когда начинают звонить сотрудники коллекторской компании, начинаешь думать о том, насколько законны их действия и стоит ли им платить? Имеет ли банк право «подключить» к работе 3-х лиц, если процесс взыскания станет эффективнее?],
	expected [http://dev2.mycredit.com.ua/ru/blog/gde-vzyat-kredit-studentam-na-obuchenie/] but found [http://dev2.mycredit.com.ua/ru/blog/kak-ne-platit-kredit-kollektoram-v-ukraine/]]]>
            </message>
            <full-stacktrace>
              <![CDATA[java.lang.AssertionError: The following asserts failed:
	expected [Семестр университета в Украине стоит недешево и даже если речь идет о бюджетной форме, расходов не избежать: канцелярия, учебники, аренда жилья, оплата курсов и даже проезд домой. Где взять деньги и что делать, если они нужны уже сегодня?] but found [Когда начинают звонить сотрудники коллекторской компании, начинаешь думать о том, насколько законны их действия и стоит ли им платить? Имеет ли банк право «подключить» к работе 3-х лиц, если процесс взыскания станет эффективнее?],
	expected [http://dev2.mycredit.com.ua/ru/blog/gde-vzyat-kredit-studentam-na-obuchenie/] but found [http://dev2.mycredit.com.ua/ru/blog/kak-ne-platit-kredit-kollektoram-v-ukraine/]
	at org.testng.asserts.SoftAssert.assertAll(SoftAssert.java:43)
	at Tests.BlogTest.TestAboutShare4(BlogTest.java:86)
	at sun.reflect.NativeMethodAccessorImpl.invoke0(Native Method)
	at sun.reflect.NativeMethodAccessorImpl.invoke(NativeMethodAccessorImpl.java:62)
	at sun.reflect.DelegatingMethodAccessorImpl.invoke(DelegatingMethodAccessorImpl.java:43)
	at java.lang.reflect.Method.invoke(Method.java:498)
	at org.testng.internal.MethodInvocationHelper.invokeMethod(MethodInvocationHelper.java:108)
	at org.testng.internal.Invoker.invokeMethod(Invoker.java:661)
	at org.testng.internal.Invoker.invokeTestMethod(Invoker.java:869)
	at org.testng.internal.Invoker.invokeTestMethods(Invoker.java:1193)
	at org.testng.internal.TestMethodWorker.invokeTestMethods(TestMethodWorker.java:126)
	at org.testng.internal.TestMethodWorker.run(TestMethodWorker.java:109)
	at org.testng.TestRunner.privateRun(TestRunner.java:744)
	at org.testng.TestRunner.run(TestRunner.java:602)
	at org.testng.SuiteRunner.runTest(SuiteRunner.java:380)
	at org.testng.SuiteRunner.runSequentially(SuiteRunner.java:375)
	at org.testng.SuiteRunner.privateRun(SuiteRunner.java:340)
	at org.testng.SuiteRunner.run(SuiteRunner.java:289)
	at org.testng.SuiteRunnerWorker.runSuite(SuiteRunnerWorker.java:52)
	at org.testng.SuiteRunnerWorker.run(SuiteRunnerWorker.java:86)
	at org.testng.TestNG.runSuitesSequentially(TestNG.java:1301)
	at org.testng.TestNG.runSuitesLocally(TestNG.java:1226)
	at org.testng.TestNG.runSuites(TestNG.java:1144)
	at org.testng.TestNG.run(TestNG.java:1115)
	at org.apache.maven.surefire.testng.TestNGExecutor.run(TestNGExecutor.java:77)
	at org.apache.maven.surefire.testng.TestNGDirectoryTestSuite.executeMulti(TestNGDirectoryTestSuite.java:159)
	at org.apache.maven.surefire.testng.TestNGDirectoryTestSuite.execute(TestNGDirectoryTestSuite.java:99)
	at org.apache.maven.surefire.testng.TestNGProvider.invoke(TestNGProvider.java:106)
	at sun.reflect.NativeMethodAccessorImpl.invoke0(Native Method)
	at sun.reflect.NativeMethodAccessorImpl.invoke(NativeMethodAccessorImpl.java:62)
	at sun.reflect.DelegatingMethodAccessorImpl.invoke(DelegatingMethodAccessorImpl.java:43)
	at java.lang.reflect.Method.invoke(Method.java:498)
	at org.apache.maven.surefire.util.ReflectionUtils.invokeMethodWithArray(ReflectionUtils.java:189)
	at org.apache.maven.surefire.booter.ProviderFactory$ProviderProxy.invoke(ProviderFactory.java:165)
	at org.apache.maven.surefire.booter.ProviderFactory.invokeProvider(ProviderFactory.java:85)
	at org.apache.maven.surefire.booter.ForkedBooter.runSuitesInProcess(ForkedBooter.java:115)
	at org.apache.maven.surefire.booter.ForkedBooter.main(ForkedBooter.java:75)
]]>
            </full-stacktrace>
          </exception> <!-- java.lang.AssertionError -->
          <reporter-output>
          </reporter-output>
        </test-method> <!-- TestAboutShare4 -->
        <test-method status="FAIL" signature="TestAboutShare40()[pri:0, instance:Tests.BlogTest@4157f54e]" name="TestAboutShare40" duration-ms="4006" started-at="2017-10-10T17:03:30Z" finished-at="2017-10-10T17:03:34Z">
          <exception class="java.lang.AssertionError">
            <message>
              <![CDATA[The following asserts failed:
	expected [Семестр университета в Украине стоит недешево и даже если речь идет о бюджетной форме, расходов не избежать: канцелярия, учебники, аренда жилья, оплата курсов и даже проезд домой. Где взять деньги и что делать, если они нужны уже сегодня?] but found [Когда начинают звонить сотрудники коллекторской компании, начинаешь думать о том, насколько законны их действия и стоит ли им платить? Имеет ли банк право «подключить» к работе 3-х лиц, если процесс взыскания станет эффективнее?],
	expected [http://dev2.mycredit.com.ua/ru/blog/gde-vzyat-kredit-studentam-na-obuchenie/] but found [http://dev2.mycredit.com.ua/ru/blog/kak-ne-platit-kredit-kollektoram-v-ukraine/]]]>
            </message>
            <full-stacktrace>
              <![CDATA[java.lang.AssertionError: The following asserts failed:
	expected [Семестр университета в Украине стоит недешево и даже если речь идет о бюджетной форме, расходов не избежать: канцелярия, учебники, аренда жилья, оплата курсов и даже проезд домой. Где взять деньги и что делать, если они нужны уже сегодня?] but found [Когда начинают звонить сотрудники коллекторской компании, начинаешь думать о том, насколько законны их действия и стоит ли им платить? Имеет ли банк право «подключить» к работе 3-х лиц, если процесс взыскания станет эффективнее?],
	expected [http://dev2.mycredit.com.ua/ru/blog/gde-vzyat-kredit-studentam-na-obuchenie/] but found [http://dev2.mycredit.com.ua/ru/blog/kak-ne-platit-kredit-kollektoram-v-ukraine/]
	at org.testng.asserts.SoftAssert.assertAll(SoftAssert.java:43)
	at Tests.BlogTest.TestAboutShare40(BlogTest.java:559)
	at sun.reflect.NativeMethodAccessorImpl.invoke0(Native Method)
	at sun.reflect.NativeMethodAccessorImpl.invoke(NativeMethodAccessorImpl.java:62)
	at sun.reflect.DelegatingMethodAccessorImpl.invoke(DelegatingMethodAccessorImpl.java:43)
	at java.lang.reflect.Method.invoke(Method.java:498)
	at org.testng.internal.MethodInvocationHelper.invokeMethod(MethodInvocationHelper.java:108)
	at org.testng.internal.Invoker.invokeMethod(Invoker.java:661)
	at org.testng.internal.Invoker.invokeTestMethod(Invoker.java:869)
	at org.testng.internal.Invoker.invokeTestMethods(Invoker.java:1193)
	at org.testng.internal.TestMethodWorker.invokeTestMethods(TestMethodWorker.java:126)
	at org.testng.internal.TestMethodWorker.run(TestMethodWorker.java:109)
	at org.testng.TestRunner.privateRun(TestRunner.java:744)
	at org.testng.TestRunner.run(TestRunner.java:602)
	at org.testng.SuiteRunner.runTest(SuiteRunner.java:380)
	at org.testng.SuiteRunner.runSequentially(SuiteRunner.java:375)
	at org.testng.SuiteRunner.privateRun(SuiteRunner.java:340)
	at org.testng.SuiteRunner.run(SuiteRunner.java:289)
	at org.testng.SuiteRunnerWorker.runSuite(SuiteRunnerWorker.java:52)
	at org.testng.SuiteRunnerWorker.run(SuiteRunnerWorker.java:86)
	at org.testng.TestNG.runSuitesSequentially(TestNG.java:1301)
	at org.testng.TestNG.runSuitesLocally(TestNG.java:1226)
	at org.testng.TestNG.runSuites(TestNG.java:1144)
	at org.testng.TestNG.run(TestNG.java:1115)
	at org.apache.maven.surefire.testng.TestNGExecutor.run(TestNGExecutor.java:77)
	at org.apache.maven.surefire.testng.TestNGDirectoryTestSuite.executeMulti(TestNGDirectoryTestSuite.java:159)
	at org.apache.maven.surefire.testng.TestNGDirectoryTestSuite.execute(TestNGDirectoryTestSuite.java:99)
	at org.apache.maven.surefire.testng.TestNGProvider.invoke(TestNGProvider.java:106)
	at sun.reflect.NativeMethodAccessorImpl.invoke0(Native Method)
	at sun.reflect.NativeMethodAccessorImpl.invoke(NativeMethodAccessorImpl.java:62)
	at sun.reflect.DelegatingMethodAccessorImpl.invoke(DelegatingMethodAccessorImpl.java:43)
	at java.lang.reflect.Method.invoke(Method.java:498)
	at org.apache.maven.surefire.util.ReflectionUtils.invokeMethodWithArray(ReflectionUtils.java:189)
	at org.apache.maven.surefire.booter.ProviderFactory$ProviderProxy.invoke(ProviderFactory.java:165)
	at org.apache.maven.surefire.booter.ProviderFactory.invokeProvider(ProviderFactory.java:85)
	at org.apache.maven.surefire.booter.ForkedBooter.runSuitesInProcess(ForkedBooter.java:115)
	at org.apache.maven.surefire.booter.ForkedBooter.main(ForkedBooter.java:75)
]]>
            </full-stacktrace>
          </exception> <!-- java.lang.AssertionError -->
          <reporter-output>
          </reporter-output>
        </test-method> <!-- TestAboutShare40 -->
        <test-method status="FAIL" signature="TestAboutShare41()[pri:0, instance:Tests.BlogTest@4157f54e]" name="TestAboutShare41" duration-ms="4239" started-at="2017-10-10T17:03:34Z" finished-at="2017-10-10T17:03:39Z">
          <exception class="java.lang.AssertionError">
            <message>
              <![CDATA[The following asserts failed:
	expected [Семестр университета в Украине стоит недешево и даже если речь идет о бюджетной форме, расходов не избежать: канцелярия, учебники, аренда жилья, оплата курсов и даже проезд домой. Где взять деньги и что делать, если они нужны уже сегодня?] but found [Когда начинают звонить сотрудники коллекторской компании, начинаешь думать о том, насколько законны их действия и стоит ли им платить? Имеет ли банк право «подключить» к работе 3-х лиц, если процесс взыскания станет эффективнее?],
	expected [http://dev2.mycredit.com.ua/ru/blog/gde-vzyat-kredit-studentam-na-obuchenie/] but found [http://dev2.mycredit.com.ua/ru/blog/kak-ne-platit-kredit-kollektoram-v-ukraine/]]]>
            </message>
            <full-stacktrace>
              <![CDATA[java.lang.AssertionError: The following asserts failed:
	expected [Семестр университета в Украине стоит недешево и даже если речь идет о бюджетной форме, расходов не избежать: канцелярия, учебники, аренда жилья, оплата курсов и даже проезд домой. Где взять деньги и что делать, если они нужны уже сегодня?] but found [Когда начинают звонить сотрудники коллекторской компании, начинаешь думать о том, насколько законны их действия и стоит ли им платить? Имеет ли банк право «подключить» к работе 3-х лиц, если процесс взыскания станет эффективнее?],
	expected [http://dev2.mycredit.com.ua/ru/blog/gde-vzyat-kredit-studentam-na-obuchenie/] but found [http://dev2.mycredit.com.ua/ru/blog/kak-ne-platit-kredit-kollektoram-v-ukraine/]
	at org.testng.asserts.SoftAssert.assertAll(SoftAssert.java:43)
	at Tests.BlogTest.TestAboutShare41(BlogTest.java:570)
	at sun.reflect.NativeMethodAccessorImpl.invoke0(Native Method)
	at sun.reflect.NativeMethodAccessorImpl.invoke(NativeMethodAccessorImpl.java:62)
	at sun.reflect.DelegatingMethodAccessorImpl.invoke(DelegatingMethodAccessorImpl.java:43)
	at java.lang.reflect.Method.invoke(Method.java:498)
	at org.testng.internal.MethodInvocationHelper.invokeMethod(MethodInvocationHelper.java:108)
	at org.testng.internal.Invoker.invokeMethod(Invoker.java:661)
	at org.testng.internal.Invoker.invokeTestMethod(Invoker.java:869)
	at org.testng.internal.Invoker.invokeTestMethods(Invoker.java:1193)
	at org.testng.internal.TestMethodWorker.invokeTestMethods(TestMethodWorker.java:126)
	at org.testng.internal.TestMethodWorker.run(TestMethodWorker.java:109)
	at org.testng.TestRunner.privateRun(TestRunner.java:744)
	at org.testng.TestRunner.run(TestRunner.java:602)
	at org.testng.SuiteRunner.runTest(SuiteRunner.java:380)
	at org.testng.SuiteRunner.runSequentially(SuiteRunner.java:375)
	at org.testng.SuiteRunner.privateRun(SuiteRunner.java:340)
	at org.testng.SuiteRunner.run(SuiteRunner.java:289)
	at org.testng.SuiteRunnerWorker.runSuite(SuiteRunnerWorker.java:52)
	at org.testng.SuiteRunnerWorker.run(SuiteRunnerWorker.java:86)
	at org.testng.TestNG.runSuitesSequentially(TestNG.java:1301)
	at org.testng.TestNG.runSuitesLocally(TestNG.java:1226)
	at org.testng.TestNG.runSuites(TestNG.java:1144)
	at org.testng.TestNG.run(TestNG.java:1115)
	at org.apache.maven.surefire.testng.TestNGExecutor.run(TestNGExecutor.java:77)
	at org.apache.maven.surefire.testng.TestNGDirectoryTestSuite.executeMulti(TestNGDirectoryTestSuite.java:159)
	at org.apache.maven.surefire.testng.TestNGDirectoryTestSuite.execute(TestNGDirectoryTestSuite.java:99)
	at org.apache.maven.surefire.testng.TestNGProvider.invoke(TestNGProvider.java:106)
	at sun.reflect.NativeMethodAccessorImpl.invoke0(Native Method)
	at sun.reflect.NativeMethodAccessorImpl.invoke(NativeMethodAccessorImpl.java:62)
	at sun.reflect.DelegatingMethodAccessorImpl.invoke(DelegatingMethodAccessorImpl.java:43)
	at java.lang.reflect.Method.invoke(Method.java:498)
	at org.apache.maven.surefire.util.ReflectionUtils.invokeMethodWithArray(ReflectionUtils.java:189)
	at org.apache.maven.surefire.booter.ProviderFactory$ProviderProxy.invoke(ProviderFactory.java:165)
	at org.apache.maven.surefire.booter.ProviderFactory.invokeProvider(ProviderFactory.java:85)
	at org.apache.maven.surefire.booter.ForkedBooter.runSuitesInProcess(ForkedBooter.java:115)
	at org.apache.maven.surefire.booter.ForkedBooter.main(ForkedBooter.java:75)
]]>
            </full-stacktrace>
          </exception> <!-- java.lang.AssertionError -->
          <reporter-output>
          </reporter-output>
        </test-method> <!-- TestAboutShare41 -->
        <test-method status="FAIL" signature="TestAboutShare42()[pri:0, instance:Tests.BlogTest@4157f54e]" name="TestAboutShare42" duration-ms="4222" started-at="2017-10-10T17:03:39Z" finished-at="2017-10-10T17:03:43Z">
          <exception class="java.lang.AssertionError">
            <message>
              <![CDATA[The following asserts failed:
	expected [Семестр университета в Украине стоит недешево и даже если речь идет о бюджетной форме, расходов не избежать: канцелярия, учебники, аренда жилья, оплата курсов и даже проезд домой. Где взять деньги и что делать, если они нужны уже сегодня?] but found [Когда начинают звонить сотрудники коллекторской компании, начинаешь думать о том, насколько законны их действия и стоит ли им платить? Имеет ли банк право «подключить» к работе 3-х лиц, если процесс взыскания станет эффективнее?],
	expected [http://dev2.mycredit.com.ua/ru/blog/gde-vzyat-kredit-studentam-na-obuchenie/] but found [http://dev2.mycredit.com.ua/ru/blog/kak-ne-platit-kredit-kollektoram-v-ukraine/]]]>
            </message>
            <full-stacktrace>
              <![CDATA[java.lang.AssertionError: The following asserts failed:
	expected [Семестр университета в Украине стоит недешево и даже если речь идет о бюджетной форме, расходов не избежать: канцелярия, учебники, аренда жилья, оплата курсов и даже проезд домой. Где взять деньги и что делать, если они нужны уже сегодня?] but found [Когда начинают звонить сотрудники коллекторской компании, начинаешь думать о том, насколько законны их действия и стоит ли им платить? Имеет ли банк право «подключить» к работе 3-х лиц, если процесс взыскания станет эффективнее?],
	expected [http://dev2.mycredit.com.ua/ru/blog/gde-vzyat-kredit-studentam-na-obuchenie/] but found [http://dev2.mycredit.com.ua/ru/blog/kak-ne-platit-kredit-kollektoram-v-ukraine/]
	at org.testng.asserts.SoftAssert.assertAll(SoftAssert.java:43)
	at Tests.BlogTest.TestAboutShare42(BlogTest.java:581)
	at sun.reflect.NativeMethodAccessorImpl.invoke0(Native Method)
	at sun.reflect.NativeMethodAccessorImpl.invoke(NativeMethodAccessorImpl.java:62)
	at sun.reflect.DelegatingMethodAccessorImpl.invoke(DelegatingMethodAccessorImpl.java:43)
	at java.lang.reflect.Method.invoke(Method.java:498)
	at org.testng.internal.MethodInvocationHelper.invokeMethod(MethodInvocationHelper.java:108)
	at org.testng.internal.Invoker.invokeMethod(Invoker.java:661)
	at org.testng.internal.Invoker.invokeTestMethod(Invoker.java:869)
	at org.testng.internal.Invoker.invokeTestMethods(Invoker.java:1193)
	at org.testng.internal.TestMethodWorker.invokeTestMethods(TestMethodWorker.java:126)
	at org.testng.internal.TestMethodWorker.run(TestMethodWorker.java:109)
	at org.testng.TestRunner.privateRun(TestRunner.java:744)
	at org.testng.TestRunner.run(TestRunner.java:602)
	at org.testng.SuiteRunner.runTest(SuiteRunner.java:380)
	at org.testng.SuiteRunner.runSequentially(SuiteRunner.java:375)
	at org.testng.SuiteRunner.privateRun(SuiteRunner.java:340)
	at org.testng.SuiteRunner.run(SuiteRunner.java:289)
	at org.testng.SuiteRunnerWorker.runSuite(SuiteRunnerWorker.java:52)
	at org.testng.SuiteRunnerWorker.run(SuiteRunnerWorker.java:86)
	at org.testng.TestNG.runSuitesSequentially(TestNG.java:1301)
	at org.testng.TestNG.runSuitesLocally(TestNG.java:1226)
	at org.testng.TestNG.runSuites(TestNG.java:1144)
	at org.testng.TestNG.run(TestNG.java:1115)
	at org.apache.maven.surefire.testng.TestNGExecutor.run(TestNGExecutor.java:77)
	at org.apache.maven.surefire.testng.TestNGDirectoryTestSuite.executeMulti(TestNGDirectoryTestSuite.java:159)
	at org.apache.maven.surefire.testng.TestNGDirectoryTestSuite.execute(TestNGDirectoryTestSuite.java:99)
	at org.apache.maven.surefire.testng.TestNGProvider.invoke(TestNGProvider.java:106)
	at sun.reflect.NativeMethodAccessorImpl.invoke0(Native Method)
	at sun.reflect.NativeMethodAccessorImpl.invoke(NativeMethodAccessorImpl.java:62)
	at sun.reflect.DelegatingMethodAccessorImpl.invoke(DelegatingMethodAccessorImpl.java:43)
	at java.lang.reflect.Method.invoke(Method.java:498)
	at org.apache.maven.surefire.util.ReflectionUtils.invokeMethodWithArray(ReflectionUtils.java:189)
	at org.apache.maven.surefire.booter.ProviderFactory$ProviderProxy.invoke(ProviderFactory.java:165)
	at org.apache.maven.surefire.booter.ProviderFactory.invokeProvider(ProviderFactory.java:85)
	at org.apache.maven.surefire.booter.ForkedBooter.runSuitesInProcess(ForkedBooter.java:115)
	at org.apache.maven.surefire.booter.ForkedBooter.main(ForkedBooter.java:75)
]]>
            </full-stacktrace>
          </exception> <!-- java.lang.AssertionError -->
          <reporter-output>
          </reporter-output>
        </test-method> <!-- TestAboutShare42 -->
        <test-method status="FAIL" signature="TestAboutShare43()[pri:0, instance:Tests.BlogTest@4157f54e]" name="TestAboutShare43" duration-ms="4266" started-at="2017-10-10T17:03:43Z" finished-at="2017-10-10T17:03:47Z">
          <exception class="java.lang.AssertionError">
            <message>
              <![CDATA[The following asserts failed:
	expected [Семестр университета в Украине стоит недешево и даже если речь идет о бюджетной форме, расходов не избежать: канцелярия, учебники, аренда жилья, оплата курсов и даже проезд домой. Где взять деньги и что делать, если они нужны уже сегодня?] but found [Когда начинают звонить сотрудники коллекторской компании, начинаешь думать о том, насколько законны их действия и стоит ли им платить? Имеет ли банк право «подключить» к работе 3-х лиц, если процесс взыскания станет эффективнее?],
	expected [http://dev2.mycredit.com.ua/ru/blog/gde-vzyat-kredit-studentam-na-obuchenie/] but found [http://dev2.mycredit.com.ua/ru/blog/kak-ne-platit-kredit-kollektoram-v-ukraine/]]]>
            </message>
            <full-stacktrace>
              <![CDATA[java.lang.AssertionError: The following asserts failed:
	expected [Семестр университета в Украине стоит недешево и даже если речь идет о бюджетной форме, расходов не избежать: канцелярия, учебники, аренда жилья, оплата курсов и даже проезд домой. Где взять деньги и что делать, если они нужны уже сегодня?] but found [Когда начинают звонить сотрудники коллекторской компании, начинаешь думать о том, насколько законны их действия и стоит ли им платить? Имеет ли банк право «подключить» к работе 3-х лиц, если процесс взыскания станет эффективнее?],
	expected [http://dev2.mycredit.com.ua/ru/blog/gde-vzyat-kredit-studentam-na-obuchenie/] but found [http://dev2.mycredit.com.ua/ru/blog/kak-ne-platit-kredit-kollektoram-v-ukraine/]
	at org.testng.asserts.SoftAssert.assertAll(SoftAssert.java:43)
	at Tests.BlogTest.TestAboutShare43(BlogTest.java:601)
	at sun.reflect.NativeMethodAccessorImpl.invoke0(Native Method)
	at sun.reflect.NativeMethodAccessorImpl.invoke(NativeMethodAccessorImpl.java:62)
	at sun.reflect.DelegatingMethodAccessorImpl.invoke(DelegatingMethodAccessorImpl.java:43)
	at java.lang.reflect.Method.invoke(Method.java:498)
	at org.testng.internal.MethodInvocationHelper.invokeMethod(MethodInvocationHelper.java:108)
	at org.testng.internal.Invoker.invokeMethod(Invoker.java:661)
	at org.testng.internal.Invoker.invokeTestMethod(Invoker.java:869)
	at org.testng.internal.Invoker.invokeTestMethods(Invoker.java:1193)
	at org.testng.internal.TestMethodWorker.invokeTestMethods(TestMethodWorker.java:126)
	at org.testng.internal.TestMethodWorker.run(TestMethodWorker.java:109)
	at org.testng.TestRunner.privateRun(TestRunner.java:744)
	at org.testng.TestRunner.run(TestRunner.java:602)
	at org.testng.SuiteRunner.runTest(SuiteRunner.java:380)
	at org.testng.SuiteRunner.runSequentially(SuiteRunner.java:375)
	at org.testng.SuiteRunner.privateRun(SuiteRunner.java:340)
	at org.testng.SuiteRunner.run(SuiteRunner.java:289)
	at org.testng.SuiteRunnerWorker.runSuite(SuiteRunnerWorker.java:52)
	at org.testng.SuiteRunnerWorker.run(SuiteRunnerWorker.java:86)
	at org.testng.TestNG.runSuitesSequentially(TestNG.java:1301)
	at org.testng.TestNG.runSuitesLocally(TestNG.java:1226)
	at org.testng.TestNG.runSuites(TestNG.java:1144)
	at org.testng.TestNG.run(TestNG.java:1115)
	at org.apache.maven.surefire.testng.TestNGExecutor.run(TestNGExecutor.java:77)
	at org.apache.maven.surefire.testng.TestNGDirectoryTestSuite.executeMulti(TestNGDirectoryTestSuite.java:159)
	at org.apache.maven.surefire.testng.TestNGDirectoryTestSuite.execute(TestNGDirectoryTestSuite.java:99)
	at org.apache.maven.surefire.testng.TestNGProvider.invoke(TestNGProvider.java:106)
	at sun.reflect.NativeMethodAccessorImpl.invoke0(Native Method)
	at sun.reflect.NativeMethodAccessorImpl.invoke(NativeMethodAccessorImpl.java:62)
	at sun.reflect.DelegatingMethodAccessorImpl.invoke(DelegatingMethodAccessorImpl.java:43)
	at java.lang.reflect.Method.invoke(Method.java:498)
	at org.apache.maven.surefire.util.ReflectionUtils.invokeMethodWithArray(ReflectionUtils.java:189)
	at org.apache.maven.surefire.booter.ProviderFactory$ProviderProxy.invoke(ProviderFactory.java:165)
	at org.apache.maven.surefire.booter.ProviderFactory.invokeProvider(ProviderFactory.java:85)
	at org.apache.maven.surefire.booter.ForkedBooter.runSuitesInProcess(ForkedBooter.java:115)
	at org.apache.maven.surefire.booter.ForkedBooter.main(ForkedBooter.java:75)
]]>
            </full-stacktrace>
          </exception> <!-- java.lang.AssertionError -->
          <reporter-output>
          </reporter-output>
        </test-method> <!-- TestAboutShare43 -->
        <test-method status="FAIL" signature="TestAboutShare44()[pri:0, instance:Tests.BlogTest@4157f54e]" name="TestAboutShare44" duration-ms="4261" started-at="2017-10-10T17:03:47Z" finished-at="2017-10-10T17:03:51Z">
          <exception class="java.lang.AssertionError">
            <message>
              <![CDATA[The following asserts failed:
	expected [Семестр университета в Украине стоит недешево и даже если речь идет о бюджетной форме, расходов не избежать: канцелярия, учебники, аренда жилья, оплата курсов и даже проезд домой. Где взять деньги и что делать, если они нужны уже сегодня?] but found [Когда начинают звонить сотрудники коллекторской компании, начинаешь думать о том, насколько законны их действия и стоит ли им платить? Имеет ли банк право «подключить» к работе 3-х лиц, если процесс взыскания станет эффективнее?],
	expected [http://dev2.mycredit.com.ua/ru/blog/gde-vzyat-kredit-studentam-na-obuchenie/] but found [http://dev2.mycredit.com.ua/ru/blog/kak-ne-platit-kredit-kollektoram-v-ukraine/]]]>
            </message>
            <full-stacktrace>
              <![CDATA[java.lang.AssertionError: The following asserts failed:
	expected [Семестр университета в Украине стоит недешево и даже если речь идет о бюджетной форме, расходов не избежать: канцелярия, учебники, аренда жилья, оплата курсов и даже проезд домой. Где взять деньги и что делать, если они нужны уже сегодня?] but found [Когда начинают звонить сотрудники коллекторской компании, начинаешь думать о том, насколько законны их действия и стоит ли им платить? Имеет ли банк право «подключить» к работе 3-х лиц, если процесс взыскания станет эффективнее?],
	expected [http://dev2.mycredit.com.ua/ru/blog/gde-vzyat-kredit-studentam-na-obuchenie/] but found [http://dev2.mycredit.com.ua/ru/blog/kak-ne-platit-kredit-kollektoram-v-ukraine/]
	at org.testng.asserts.SoftAssert.assertAll(SoftAssert.java:43)
	at Tests.BlogTest.TestAboutShare44(BlogTest.java:612)
	at sun.reflect.NativeMethodAccessorImpl.invoke0(Native Method)
	at sun.reflect.NativeMethodAccessorImpl.invoke(NativeMethodAccessorImpl.java:62)
	at sun.reflect.DelegatingMethodAccessorImpl.invoke(DelegatingMethodAccessorImpl.java:43)
	at java.lang.reflect.Method.invoke(Method.java:498)
	at org.testng.internal.MethodInvocationHelper.invokeMethod(MethodInvocationHelper.java:108)
	at org.testng.internal.Invoker.invokeMethod(Invoker.java:661)
	at org.testng.internal.Invoker.invokeTestMethod(Invoker.java:869)
	at org.testng.internal.Invoker.invokeTestMethods(Invoker.java:1193)
	at org.testng.internal.TestMethodWorker.invokeTestMethods(TestMethodWorker.java:126)
	at org.testng.internal.TestMethodWorker.run(TestMethodWorker.java:109)
	at org.testng.TestRunner.privateRun(TestRunner.java:744)
	at org.testng.TestRunner.run(TestRunner.java:602)
	at org.testng.SuiteRunner.runTest(SuiteRunner.java:380)
	at org.testng.SuiteRunner.runSequentially(SuiteRunner.java:375)
	at org.testng.SuiteRunner.privateRun(SuiteRunner.java:340)
	at org.testng.SuiteRunner.run(SuiteRunner.java:289)
	at org.testng.SuiteRunnerWorker.runSuite(SuiteRunnerWorker.java:52)
	at org.testng.SuiteRunnerWorker.run(SuiteRunnerWorker.java:86)
	at org.testng.TestNG.runSuitesSequentially(TestNG.java:1301)
	at org.testng.TestNG.runSuitesLocally(TestNG.java:1226)
	at org.testng.TestNG.runSuites(TestNG.java:1144)
	at org.testng.TestNG.run(TestNG.java:1115)
	at org.apache.maven.surefire.testng.TestNGExecutor.run(TestNGExecutor.java:77)
	at org.apache.maven.surefire.testng.TestNGDirectoryTestSuite.executeMulti(TestNGDirectoryTestSuite.java:159)
	at org.apache.maven.surefire.testng.TestNGDirectoryTestSuite.execute(TestNGDirectoryTestSuite.java:99)
	at org.apache.maven.surefire.testng.TestNGProvider.invoke(TestNGProvider.java:106)
	at sun.reflect.NativeMethodAccessorImpl.invoke0(Native Method)
	at sun.reflect.NativeMethodAccessorImpl.invoke(NativeMethodAccessorImpl.java:62)
	at sun.reflect.DelegatingMethodAccessorImpl.invoke(DelegatingMethodAccessorImpl.java:43)
	at java.lang.reflect.Method.invoke(Method.java:498)
	at org.apache.maven.surefire.util.ReflectionUtils.invokeMethodWithArray(ReflectionUtils.java:189)
	at org.apache.maven.surefire.booter.ProviderFactory$ProviderProxy.invoke(ProviderFactory.java:165)
	at org.apache.maven.surefire.booter.ProviderFactory.invokeProvider(ProviderFactory.java:85)
	at org.apache.maven.surefire.booter.ForkedBooter.runSuitesInProcess(ForkedBooter.java:115)
	at org.apache.maven.surefire.booter.ForkedBooter.main(ForkedBooter.java:75)
]]>
            </full-stacktrace>
          </exception> <!-- java.lang.AssertionError -->
          <reporter-output>
          </reporter-output>
        </test-method> <!-- TestAboutShare44 -->
        <test-method status="FAIL" signature="TestAboutShare45()[pri:0, instance:Tests.BlogTest@4157f54e]" name="TestAboutShare45" duration-ms="4178" started-at="2017-10-10T17:03:51Z" finished-at="2017-10-10T17:03:55Z">
          <exception class="java.lang.AssertionError">
            <message>
              <![CDATA[The following asserts failed:
	expected [Семестр университета в Украине стоит недешево и даже если речь идет о бюджетной форме, расходов не избежать: канцелярия, учебники, аренда жилья, оплата курсов и даже проезд домой. Где взять деньги и что делать, если они нужны уже сегодня?] but found [Когда начинают звонить сотрудники коллекторской компании, начинаешь думать о том, насколько законны их действия и стоит ли им платить? Имеет ли банк право «подключить» к работе 3-х лиц, если процесс взыскания станет эффективнее?],
	expected [http://dev2.mycredit.com.ua/ru/blog/gde-vzyat-kredit-studentam-na-obuchenie/] but found [http://dev2.mycredit.com.ua/ru/blog/kak-ne-platit-kredit-kollektoram-v-ukraine/]]]>
            </message>
            <full-stacktrace>
              <![CDATA[java.lang.AssertionError: The following asserts failed:
	expected [Семестр университета в Украине стоит недешево и даже если речь идет о бюджетной форме, расходов не избежать: канцелярия, учебники, аренда жилья, оплата курсов и даже проезд домой. Где взять деньги и что делать, если они нужны уже сегодня?] but found [Когда начинают звонить сотрудники коллекторской компании, начинаешь думать о том, насколько законны их действия и стоит ли им платить? Имеет ли банк право «подключить» к работе 3-х лиц, если процесс взыскания станет эффективнее?],
	expected [http://dev2.mycredit.com.ua/ru/blog/gde-vzyat-kredit-studentam-na-obuchenie/] but found [http://dev2.mycredit.com.ua/ru/blog/kak-ne-platit-kredit-kollektoram-v-ukraine/]
	at org.testng.asserts.SoftAssert.assertAll(SoftAssert.java:43)
	at Tests.BlogTest.TestAboutShare45(BlogTest.java:623)
	at sun.reflect.NativeMethodAccessorImpl.invoke0(Native Method)
	at sun.reflect.NativeMethodAccessorImpl.invoke(NativeMethodAccessorImpl.java:62)
	at sun.reflect.DelegatingMethodAccessorImpl.invoke(DelegatingMethodAccessorImpl.java:43)
	at java.lang.reflect.Method.invoke(Method.java:498)
	at org.testng.internal.MethodInvocationHelper.invokeMethod(MethodInvocationHelper.java:108)
	at org.testng.internal.Invoker.invokeMethod(Invoker.java:661)
	at org.testng.internal.Invoker.invokeTestMethod(Invoker.java:869)
	at org.testng.internal.Invoker.invokeTestMethods(Invoker.java:1193)
	at org.testng.internal.TestMethodWorker.invokeTestMethods(TestMethodWorker.java:126)
	at org.testng.internal.TestMethodWorker.run(TestMethodWorker.java:109)
	at org.testng.TestRunner.privateRun(TestRunner.java:744)
	at org.testng.TestRunner.run(TestRunner.java:602)
	at org.testng.SuiteRunner.runTest(SuiteRunner.java:380)
	at org.testng.SuiteRunner.runSequentially(SuiteRunner.java:375)
	at org.testng.SuiteRunner.privateRun(SuiteRunner.java:340)
	at org.testng.SuiteRunner.run(SuiteRunner.java:289)
	at org.testng.SuiteRunnerWorker.runSuite(SuiteRunnerWorker.java:52)
	at org.testng.SuiteRunnerWorker.run(SuiteRunnerWorker.java:86)
	at org.testng.TestNG.runSuitesSequentially(TestNG.java:1301)
	at org.testng.TestNG.runSuitesLocally(TestNG.java:1226)
	at org.testng.TestNG.runSuites(TestNG.java:1144)
	at org.testng.TestNG.run(TestNG.java:1115)
	at org.apache.maven.surefire.testng.TestNGExecutor.run(TestNGExecutor.java:77)
	at org.apache.maven.surefire.testng.TestNGDirectoryTestSuite.executeMulti(TestNGDirectoryTestSuite.java:159)
	at org.apache.maven.surefire.testng.TestNGDirectoryTestSuite.execute(TestNGDirectoryTestSuite.java:99)
	at org.apache.maven.surefire.testng.TestNGProvider.invoke(TestNGProvider.java:106)
	at sun.reflect.NativeMethodAccessorImpl.invoke0(Native Method)
	at sun.reflect.NativeMethodAccessorImpl.invoke(NativeMethodAccessorImpl.java:62)
	at sun.reflect.DelegatingMethodAccessorImpl.invoke(DelegatingMethodAccessorImpl.java:43)
	at java.lang.reflect.Method.invoke(Method.java:498)
	at org.apache.maven.surefire.util.ReflectionUtils.invokeMethodWithArray(ReflectionUtils.java:189)
	at org.apache.maven.surefire.booter.ProviderFactory$ProviderProxy.invoke(ProviderFactory.java:165)
	at org.apache.maven.surefire.booter.ProviderFactory.invokeProvider(ProviderFactory.java:85)
	at org.apache.maven.surefire.booter.ForkedBooter.runSuitesInProcess(ForkedBooter.java:115)
	at org.apache.maven.surefire.booter.ForkedBooter.main(ForkedBooter.java:75)
]]>
            </full-stacktrace>
          </exception> <!-- java.lang.AssertionError -->
          <reporter-output>
          </reporter-output>
        </test-method> <!-- TestAboutShare45 -->
        <test-method status="FAIL" signature="TestAboutShare46()[pri:0, instance:Tests.BlogTest@4157f54e]" name="TestAboutShare46" duration-ms="4106" started-at="2017-10-10T17:03:55Z" finished-at="2017-10-10T17:04:00Z">
          <exception class="java.lang.AssertionError">
            <message>
              <![CDATA[The following asserts failed:
	expected [Семестр университета в Украине стоит недешево и даже если речь идет о бюджетной форме, расходов не избежать: канцелярия, учебники, аренда жилья, оплата курсов и даже проезд домой. Где взять деньги и что делать, если они нужны уже сегодня?] but found [Когда начинают звонить сотрудники коллекторской компании, начинаешь думать о том, насколько законны их действия и стоит ли им платить? Имеет ли банк право «подключить» к работе 3-х лиц, если процесс взыскания станет эффективнее?],
	expected [http://dev2.mycredit.com.ua/ru/blog/gde-vzyat-kredit-studentam-na-obuchenie/] but found [http://dev2.mycredit.com.ua/ru/blog/kak-ne-platit-kredit-kollektoram-v-ukraine/]]]>
            </message>
            <full-stacktrace>
              <![CDATA[java.lang.AssertionError: The following asserts failed:
	expected [Семестр университета в Украине стоит недешево и даже если речь идет о бюджетной форме, расходов не избежать: канцелярия, учебники, аренда жилья, оплата курсов и даже проезд домой. Где взять деньги и что делать, если они нужны уже сегодня?] but found [Когда начинают звонить сотрудники коллекторской компании, начинаешь думать о том, насколько законны их действия и стоит ли им платить? Имеет ли банк право «подключить» к работе 3-х лиц, если процесс взыскания станет эффективнее?],
	expected [http://dev2.mycredit.com.ua/ru/blog/gde-vzyat-kredit-studentam-na-obuchenie/] but found [http://dev2.mycredit.com.ua/ru/blog/kak-ne-platit-kredit-kollektoram-v-ukraine/]
	at org.testng.asserts.SoftAssert.assertAll(SoftAssert.java:43)
	at Tests.BlogTest.TestAboutShare46(BlogTest.java:634)
	at sun.reflect.NativeMethodAccessorImpl.invoke0(Native Method)
	at sun.reflect.NativeMethodAccessorImpl.invoke(NativeMethodAccessorImpl.java:62)
	at sun.reflect.DelegatingMethodAccessorImpl.invoke(DelegatingMethodAccessorImpl.java:43)
	at java.lang.reflect.Method.invoke(Method.java:498)
	at org.testng.internal.MethodInvocationHelper.invokeMethod(MethodInvocationHelper.java:108)
	at org.testng.internal.Invoker.invokeMethod(Invoker.java:661)
	at org.testng.internal.Invoker.invokeTestMethod(Invoker.java:869)
	at org.testng.internal.Invoker.invokeTestMethods(Invoker.java:1193)
	at org.testng.internal.TestMethodWorker.invokeTestMethods(TestMethodWorker.java:126)
	at org.testng.internal.TestMethodWorker.run(TestMethodWorker.java:109)
	at org.testng.TestRunner.privateRun(TestRunner.java:744)
	at org.testng.TestRunner.run(TestRunner.java:602)
	at org.testng.SuiteRunner.runTest(SuiteRunner.java:380)
	at org.testng.SuiteRunner.runSequentially(SuiteRunner.java:375)
	at org.testng.SuiteRunner.privateRun(SuiteRunner.java:340)
	at org.testng.SuiteRunner.run(SuiteRunner.java:289)
	at org.testng.SuiteRunnerWorker.runSuite(SuiteRunnerWorker.java:52)
	at org.testng.SuiteRunnerWorker.run(SuiteRunnerWorker.java:86)
	at org.testng.TestNG.runSuitesSequentially(TestNG.java:1301)
	at org.testng.TestNG.runSuitesLocally(TestNG.java:1226)
	at org.testng.TestNG.runSuites(TestNG.java:1144)
	at org.testng.TestNG.run(TestNG.java:1115)
	at org.apache.maven.surefire.testng.TestNGExecutor.run(TestNGExecutor.java:77)
	at org.apache.maven.surefire.testng.TestNGDirectoryTestSuite.executeMulti(TestNGDirectoryTestSuite.java:159)
	at org.apache.maven.surefire.testng.TestNGDirectoryTestSuite.execute(TestNGDirectoryTestSuite.java:99)
	at org.apache.maven.surefire.testng.TestNGProvider.invoke(TestNGProvider.java:106)
	at sun.reflect.NativeMethodAccessorImpl.invoke0(Native Method)
	at sun.reflect.NativeMethodAccessorImpl.invoke(NativeMethodAccessorImpl.java:62)
	at sun.reflect.DelegatingMethodAccessorImpl.invoke(DelegatingMethodAccessorImpl.java:43)
	at java.lang.reflect.Method.invoke(Method.java:498)
	at org.apache.maven.surefire.util.ReflectionUtils.invokeMethodWithArray(ReflectionUtils.java:189)
	at org.apache.maven.surefire.booter.ProviderFactory$ProviderProxy.invoke(ProviderFactory.java:165)
	at org.apache.maven.surefire.booter.ProviderFactory.invokeProvider(ProviderFactory.java:85)
	at org.apache.maven.surefire.booter.ForkedBooter.runSuitesInProcess(ForkedBooter.java:115)
	at org.apache.maven.surefire.booter.ForkedBooter.main(ForkedBooter.java:75)
]]>
            </full-stacktrace>
[...]
	at org.apache.maven.surefire.util.ReflectionUtils.invokeMethodWithArray(ReflectionUtils.java:189)
	at org.apache.maven.surefire.booter.ProviderFactory$ProviderProxy.invoke(ProviderFactory.java:165)
	at org.apache.maven.surefire.booter.ProviderFactory.invokeProvider(ProviderFactory.java:85)
	at org.apache.maven.surefire.booter.ForkedBooter.runSuitesInProcess(ForkedBooter.java:115)
	at org.apache.maven.surefire.booter.ForkedBooter.main(ForkedBooter.java:75)
]]>
            </full-stacktrace>
          </exception> <!-- java.lang.AssertionError -->
          <reporter-output>
          </reporter-output>
        </test-method> <!-- TestCalculator -->
        <test-method status="FAIL" signature="TestShareSitebar()[pri:0, instance:Tests.BlogTest@4157f54e]" name="TestShareSitebar" duration-ms="5379" started-at="2017-10-10T17:08:51Z" finished-at="2017-10-10T17:08:57Z">
          <exception class="java.lang.AssertionError">
            <message>
              <![CDATA[The following asserts failed:
	expected [Семестр университета в Украине стоит недешево и даже если речь идет о бюджетной форме, расходов не избежать: канцелярия, учебники, аренда жилья, оплата курсов и даже проезд домой. Где взять деньги и что делать, если они нужны уже сегодня?] but found [Когда начинают звонить сотрудники коллекторской компании, начинаешь думать о том, насколько законны их действия и стоит ли им платить? Имеет ли банк право «подключить» к работе 3-х лиц, если процесс взыскания станет эффективнее?],
	expected [http://dev2.mycredit.com.ua/ru/blog/gde-vzyat-kredit-studentam-na-obuchenie/] but found [http://dev2.mycredit.com.ua/ru/blog/kak-ne-platit-kredit-kollektoram-v-ukraine/]]]>
            </message>
            <full-stacktrace>
              <![CDATA[java.lang.AssertionError: The following asserts failed:
	expected [Семестр университета в Украине стоит недешево и даже если речь идет о бюджетной форме, расходов не избежать: канцелярия, учебники, аренда жилья, оплата курсов и даже проезд домой. Где взять деньги и что делать, если они нужны уже сегодня?] but found [Когда начинают звонить сотрудники коллекторской компании, начинаешь думать о том, насколько законны их действия и стоит ли им платить? Имеет ли банк право «подключить» к работе 3-х лиц, если процесс взыскания станет эффективнее?],
	expected [http://dev2.mycredit.com.ua/ru/blog/gde-vzyat-kredit-studentam-na-obuchenie/] but found [http://dev2.mycredit.com.ua/ru/blog/kak-ne-platit-kredit-kollektoram-v-ukraine/]
	at org.testng.asserts.SoftAssert.assertAll(SoftAssert.java:43)
	at Tests.BlogTest.TestShareSitebar(BlogTest.java:1204)
	at sun.reflect.NativeMethodAccessorImpl.invoke0(Native Method)
	at sun.reflect.NativeMethodAccessorImpl.invoke(NativeMethodAccessorImpl.java:62)
	at sun.reflect.DelegatingMethodAccessorImpl.invoke(DelegatingMethodAccessorImpl.java:43)
	at java.lang.reflect.Method.invoke(Method.java:498)
	at org.testng.internal.MethodInvocationHelper.invokeMethod(MethodInvocationHelper.java:108)
	at org.testng.internal.Invoker.invokeMethod(Invoker.java:661)
	at org.testng.internal.Invoker.invokeTestMethod(Invoker.java:869)
	at org.testng.internal.Invoker.invokeTestMethods(Invoker.java:1193)
	at org.testng.internal.TestMethodWorker.invokeTestMethods(TestMethodWorker.java:126)
	at org.testng.internal.TestMethodWorker.run(TestMethodWorker.java:109)
	at org.testng.TestRunner.privateRun(TestRunner.java:744)
	at org.testng.TestRunner.run(TestRunner.java:602)
	at org.testng.SuiteRunner.runTest(SuiteRunner.java:380)
	at org.testng.SuiteRunner.runSequentially(SuiteRunner.java:375)
	at org.testng.SuiteRunner.privateRun(SuiteRunner.java:340)
	at org.testng.SuiteRunner.run(SuiteRunner.java:289)
	at org.testng.SuiteRunnerWorker.runSuite(SuiteRunnerWorker.java:52)
	at org.testng.SuiteRunnerWorker.run(SuiteRunnerWorker.java:86)
	at org.testng.TestNG.runSuitesSequentially(TestNG.java:1301)
	at org.testng.TestNG.runSuitesLocally(TestNG.java:1226)
	at org.testng.TestNG.runSuites(TestNG.java:1144)
	at org.testng.TestNG.run(TestNG.java:1115)
	at org.apache.maven.surefire.testng.TestNGExecutor.run(TestNGExecutor.java:77)
	at org.apache.maven.surefire.testng.TestNGDirectoryTestSuite.executeMulti(TestNGDirectoryTestSuite.java:159)
	at org.apache.maven.surefire.testng.TestNGDirectoryTestSuite.execute(TestNGDirectoryTestSuite.java:99)
	at org.apache.maven.surefire.testng.TestNGProvider.invoke(TestNGProvider.java:106)
	at sun.reflect.NativeMethodAccessorImpl.invoke0(Native Method)
	at sun.reflect.NativeMethodAccessorImpl.invoke(NativeMethodAccessorImpl.java:62)
	at sun.reflect.DelegatingMethodAccessorImpl.invoke(DelegatingMethodAccessorImpl.java:43)
	at java.lang.reflect.Method.invoke(Method.java:498)
	at org.apache.maven.surefire.util.ReflectionUtils.invokeMethodWithArray(ReflectionUtils.java:189)
	at org.apache.maven.surefire.booter.ProviderFactory$ProviderProxy.invoke(ProviderFactory.java:165)
	at org.apache.maven.surefire.booter.ProviderFactory.invokeProvider(ProviderFactory.java:85)
	at org.apache.maven.surefire.booter.ForkedBooter.runSuitesInProcess(ForkedBooter.java:115)
	at org.apache.maven.surefire.booter.ForkedBooter.main(ForkedBooter.java:75)
]]>
            </full-stacktrace>
          </exception> <!-- java.lang.AssertionError -->
          <reporter-output>
          </reporter-output>
        </test-method> <!-- TestShareSitebar -->
        <test-method status="FAIL" signature="TestSharesHeader()[pri:0, instance:Tests.BlogTest@4157f54e]" name="TestSharesHeader" duration-ms="1603" started-at="2017-10-10T17:08:57Z" finished-at="2017-10-10T17:08:58Z">
          <exception class="java.lang.AssertionError">
            <message>
              <![CDATA[The following asserts failed:
	expected [Семестр университета в Украине стоит недешево и даже если речь идет о бюджетной форме, расходов не избежать: канцелярия, учебники, аренда жилья, оплата курсов и даже проезд домой. Где взять деньги и что делать, если они нужны уже сегодня?] but found [Когда начинают звонить сотрудники коллекторской компании, начинаешь думать о том, насколько законны их действия и стоит ли им платить? Имеет ли банк право «подключить» к работе 3-х лиц, если процесс взыскания станет эффективнее?],
	expected [http://dev2.mycredit.com.ua/ru/blog/gde-vzyat-kredit-studentam-na-obuchenie/] but found [http://dev2.mycredit.com.ua/ru/blog/kak-ne-platit-kredit-kollektoram-v-ukraine/]]]>
            </message>
            <full-stacktrace>
              <![CDATA[java.lang.AssertionError: The following asserts failed:
	expected [Семестр университета в Украине стоит недешево и даже если речь идет о бюджетной форме, расходов не избежать: канцелярия, учебники, аренда жилья, оплата курсов и даже проезд домой. Где взять деньги и что делать, если они нужны уже сегодня?] but found [Когда начинают звонить сотрудники коллекторской компании, начинаешь думать о том, насколько законны их действия и стоит ли им платить? Имеет ли банк право «подключить» к работе 3-х лиц, если процесс взыскания станет эффективнее?],
	expected [http://dev2.mycredit.com.ua/ru/blog/gde-vzyat-kredit-studentam-na-obuchenie/] but found [http://dev2.mycredit.com.ua/ru/blog/kak-ne-platit-kredit-kollektoram-v-ukraine/]
	at org.testng.asserts.SoftAssert.assertAll(SoftAssert.java:43)
	at Tests.BlogTest.TestSharesHeader(BlogTest.java:42)
	at sun.reflect.NativeMethodAccessorImpl.invoke0(Native Method)
	at sun.reflect.NativeMethodAccessorImpl.invoke(NativeMethodAccessorImpl.java:62)
	at sun.reflect.DelegatingMethodAccessorImpl.invoke(DelegatingMethodAccessorImpl.java:43)
	at java.lang.reflect.Method.invoke(Method.java:498)
	at org.testng.internal.MethodInvocationHelper.invokeMethod(MethodInvocationHelper.java:108)
	at org.testng.internal.Invoker.invokeMethod(Invoker.java:661)
	at org.testng.internal.Invoker.invokeTestMethod(Invoker.java:869)
	at org.testng.internal.Invoker.invokeTestMethods(Invoker.java:1193)
	at org.testng.internal.TestMethodWorker.invokeTestMethods(TestMethodWorker.java:126)
	at org.testng.internal.TestMethodWorker.run(TestMethodWorker.java:109)
	at org.testng.TestRunner.privateRun(TestRunner.java:744)
	at org.testng.TestRunner.run(TestRunner.java:602)
	at org.testng.SuiteRunner.runTest(SuiteRunner.java:380)
	at org.testng.SuiteRunner.runSequentially(SuiteRunner.java:375)
	at org.testng.SuiteRunner.privateRun(SuiteRunner.java:340)
	at org.testng.SuiteRunner.run(SuiteRunner.java:289)
	at org.testng.SuiteRunnerWorker.runSuite(SuiteRunnerWorker.java:52)
	at org.testng.SuiteRunnerWorker.run(SuiteRunnerWorker.java:86)
	at org.testng.TestNG.runSuitesSequentially(TestNG.java:1301)
	at org.testng.TestNG.runSuitesLocally(TestNG.java:1226)
	at org.testng.TestNG.runSuites(TestNG.java:1144)
	at org.testng.TestNG.run(TestNG.java:1115)
	at org.apache.maven.surefire.testng.TestNGExecutor.run(TestNGExecutor.java:77)
	at org.apache.maven.surefire.testng.TestNGDirectoryTestSuite.executeMulti(TestNGDirectoryTestSuite.java:159)
	at org.apache.maven.surefire.testng.TestNGDirectoryTestSuite.execute(TestNGDirectoryTestSuite.java:99)
	at org.apache.maven.surefire.testng.TestNGProvider.invoke(TestNGProvider.java:106)
	at sun.reflect.NativeMethodAccessorImpl.invoke0(Native Method)
	at sun.reflect.NativeMethodAccessorImpl.invoke(NativeMethodAccessorImpl.java:62)
	at sun.reflect.DelegatingMethodAccessorImpl.invoke(DelegatingMethodAccessorImpl.java:43)
	at java.lang.reflect.Method.invoke(Method.java:498)
	at org.apache.maven.surefire.util.ReflectionUtils.invokeMethodWithArray(ReflectionUtils.java:189)
	at org.apache.maven.surefire.booter.ProviderFactory$ProviderProxy.invoke(ProviderFactory.java:165)
	at org.apache.maven.surefire.booter.ProviderFactory.invokeProvider(ProviderFactory.java:85)
	at org.apache.maven.surefire.booter.ForkedBooter.runSuitesInProcess(ForkedBooter.java:115)
	at org.apache.maven.surefire.booter.ForkedBooter.main(ForkedBooter.java:75)
]]>
            </full-stacktrace>
          </exception> <!-- java.lang.AssertionError -->
          <reporter-output>
          </reporter-output>
        </test-method> <!-- TestSharesHeader -->
        <test-method status="PASS" signature="Quit()[pri:0, instance:Tests.BlogTest@4157f54e]" name="Quit" is-config="true" duration-ms="1383" started-at="2017-10-10T17:10:37Z" finished-at="2017-10-10T17:10:38Z">
          <reporter-output>
          </reporter-output>
        </test-method> <!-- Quit -->
        <test-method status="PASS" signature="Quit()[pri:0, instance:Tests.SharesTest@90f6bfd]" name="Quit" is-config="true" duration-ms="1077" started-at="2017-10-10T17:10:38Z" finished-at="2017-10-10T17:10:39Z">
          <reporter-output>
          </reporter-output>
        </test-method> <!-- Quit -->
      </class> <!-- Tests.BlogTest -->
      <class name="Tests.SharesTest">
        <test-method status="PASS" signature="TestAboutShare1()[pri:0, instance:Tests.SharesTest@90f6bfd]" name="TestAboutShare1" duration-ms="3422" started-at="2017-10-10T17:08:58Z" finished-at="2017-10-10T17:09:02Z">
          <reporter-output>
          </reporter-output>
        </test-method> <!-- TestAboutShare1 -->
        <test-method status="PASS" signature="TestAboutShare10()[pri:0, instance:Tests.SharesTest@90f6bfd]" name="TestAboutShare10" duration-ms="3939" started-at="2017-10-10T17:09:02Z" finished-at="2017-10-10T17:09:06Z">
          <reporter-output>
          </reporter-output>
        </test-method> <!-- TestAboutShare10 -->
        <test-method status="PASS" signature="TestAboutShare11()[pri:0, instance:Tests.SharesTest@90f6bfd]" name="TestAboutShare11" duration-ms="4042" started-at="2017-10-10T17:09:06Z" finished-at="2017-10-10T17:09:10Z">
          <reporter-output>
          </reporter-output>
        </test-method> <!-- TestAboutShare11 -->
        <test-method status="PASS" signature="TestAboutShare12()[pri:0, instance:Tests.SharesTest@90f6bfd]" name="TestAboutShare12" duration-ms="4226" started-at="2017-10-10T17:09:10Z" finished-at="2017-10-10T17:09:14Z">
          <reporter-output>
          </reporter-output>
        </test-method> <!-- TestAboutShare12 -->
        <test-method status="PASS" signature="TestAboutShare13()[pri:0, instance:Tests.SharesTest@90f6bfd]" name="TestAboutShare13" duration-ms="3869" started-at="2017-10-10T17:09:14Z" finished-at="2017-10-10T17:09:18Z">
          <reporter-output>
          </reporter-output>
        </test-method> <!-- TestAboutShare13 -->
        <test-method status="PASS" signature="TestAboutShare14()[pri:0, instance:Tests.SharesTest@90f6bfd]" name="TestAboutShare14" duration-ms="4127" started-at="2017-10-10T17:09:18Z" finished-at="2017-10-10T17:09:22Z">
          <reporter-output>
          </reporter-output>
        </test-method> <!-- TestAboutShare14 -->
        <test-method status="PASS" signature="TestAboutShare15()[pri:0, instance:Tests.SharesTest@90f6bfd]" name="TestAboutShare15" duration-ms="4349" started-at="2017-10-10T17:09:22Z" finished-at="2017-10-10T17:09:26Z">
          <reporter-output>
          </reporter-output>
        </test-method> <!-- TestAboutShare15 -->
        <test-method status="PASS" signature="TestAboutShare16()[pri:0, instance:Tests.SharesTest@90f6bfd]" name="TestAboutShare16" duration-ms="4055" started-at="2017-10-10T17:09:26Z" finished-at="2017-10-10T17:09:30Z">
          <reporter-output>
          </reporter-output>
        </test-method> <!-- TestAboutShare16 -->
        <test-method status="PASS" signature="TestAboutShare17()[pri:0, instance:Tests.SharesTest@90f6bfd]" name="TestAboutShare17" duration-ms="4082" started-at="2017-10-10T17:09:30Z" finished-at="2017-10-10T17:09:34Z">
          <reporter-output>
          </reporter-output>
        </test-method> <!-- TestAboutShare17 -->
        <test-method status="PASS" signature="TestAboutShare18()[pri:0, instance:Tests.SharesTest@90f6bfd]" name="TestAboutShare18" duration-ms="3939" started-at="2017-10-10T17:09:34Z" finished-at="2017-10-10T17:09:38Z">
          <reporter-output>
          </reporter-output>
        </test-method> <!-- TestAboutShare18 -->
        <test-method status="PASS" signature="TestAboutShare19()[pri:0, instance:Tests.SharesTest@90f6bfd]" name="TestAboutShare19" duration-ms="4936" started-at="2017-10-10T17:09:38Z" finished-at="2017-10-10T17:09:43Z">
          <reporter-output>
          </reporter-output>
        </test-method> <!-- TestAboutShare19 -->
        <test-method status="PASS" signature="TestAboutShare2()[pri:0, instance:Tests.SharesTest@90f6bfd]" name="TestAboutShare2" duration-ms="2565" started-at="2017-10-10T17:09:43Z" finished-at="2017-10-10T17:09:46Z">
          <reporter-output>
          </reporter-output>
        </test-method> <!-- TestAboutShare2 -->
        <test-method status="PASS" signature="TestAboutShare20()[pri:0, instance:Tests.SharesTest@90f6bfd]" name="TestAboutShare20" duration-ms="4209" started-at="2017-10-10T17:09:46Z" finished-at="2017-10-10T17:09:50Z">
          <reporter-output>
          </reporter-output>
        </test-method> <!-- TestAboutShare20 -->
        <test-method status="PASS" signature="TestAboutShare21()[pri:0, instance:Tests.SharesTest@90f6bfd]" name="TestAboutShare21" duration-ms="3889" started-at="2017-10-10T17:09:50Z" finished-at="2017-10-10T17:09:54Z">
          <reporter-output>
          </reporter-output>
        </test-method> <!-- TestAboutShare21 -->
        <test-method status="PASS" signature="TestAboutShare3()[pri:0, instance:Tests.SharesTest@90f6bfd]" name="TestAboutShare3" duration-ms="2574" started-at="2017-10-10T17:09:54Z" finished-at="2017-10-10T17:09:56Z">
          <reporter-output>
          </reporter-output>
        </test-method> <!-- TestAboutShare3 -->
        <test-method status="PASS" signature="TestAboutShare4()[pri:0, instance:Tests.SharesTest@90f6bfd]" name="TestAboutShare4" duration-ms="2655" started-at="2017-10-10T17:09:56Z" finished-at="2017-10-10T17:09:59Z">
          <reporter-output>
          </reporter-output>
        </test-method> <!-- TestAboutShare4 -->
        <test-method status="PASS" signature="TestAboutShare5()[pri:0, instance:Tests.SharesTest@90f6bfd]" name="TestAboutShare5" duration-ms="2644" started-at="2017-10-10T17:09:59Z" finished-at="2017-10-10T17:10:02Z">
          <reporter-output>
          </reporter-output>
        </test-method> <!-- TestAboutShare5 -->
        <test-method status="PASS" signature="TestAboutShare6()[pri:0, instance:Tests.SharesTest@90f6bfd]" name="TestAboutShare6" duration-ms="1969" started-at="2017-10-10T17:10:02Z" finished-at="2017-10-10T17:10:04Z">
          <reporter-output>
          </reporter-output>
        </test-method> <!-- TestAboutShare6 -->
        <test-method status="PASS" signature="TestAboutShare7()[pri:0, instance:Tests.SharesTest@90f6bfd]" name="TestAboutShare7" duration-ms="4173" started-at="2017-10-10T17:10:04Z" finished-at="2017-10-10T17:10:08Z">
          <reporter-output>
          </reporter-output>
        </test-method> <!-- TestAboutShare7 -->
        <test-method status="PASS" signature="TestAboutShare8()[pri:0, instance:Tests.SharesTest@90f6bfd]" name="TestAboutShare8" duration-ms="4173" started-at="2017-10-10T17:10:08Z" finished-at="2017-10-10T17:10:12Z">
          <reporter-output>
          </reporter-output>
        </test-method> <!-- TestAboutShare8 -->
        <test-method status="PASS" signature="TestAboutShare9()[pri:0, instance:Tests.SharesTest@90f6bfd]" name="TestAboutShare9" duration-ms="4215" started-at="2017-10-10T17:10:12Z" finished-at="2017-10-10T17:10:16Z">
          <reporter-output>
          </reporter-output>
        </test-method> <!-- TestAboutShare9 -->
        <test-method status="PASS" signature="TestButtonFour()[pri:0, instance:Tests.SharesTest@90f6bfd]" name="TestButtonFour" duration-ms="2999" started-at="2017-10-10T17:10:16Z" finished-at="2017-10-10T17:10:19Z">
          <reporter-output>
          </reporter-output>
        </test-method> <!-- TestButtonFour -->
        <test-method status="PASS" signature="TestButtonThree()[pri:0, instance:Tests.SharesTest@90f6bfd]" name="TestButtonThree" duration-ms="2977" started-at="2017-10-10T17:10:19Z" finished-at="2017-10-10T17:10:22Z">
          <reporter-output>
          </reporter-output>
        </test-method> <!-- TestButtonThree -->
        <test-method status="PASS" signature="TestButtonsbar()[pri:0, instance:Tests.SharesTest@90f6bfd]" name="TestButtonsbar" duration-ms="3078" started-at="2017-10-10T17:10:22Z" finished-at="2017-10-10T17:10:25Z">
          <reporter-output>
          </reporter-output>
        </test-method> <!-- TestButtonsbar -->
        <test-method status="PASS" signature="TestButtontwo()[pri:0, instance:Tests.SharesTest@90f6bfd]" name="TestButtontwo" duration-ms="2940" started-at="2017-10-10T17:10:25Z" finished-at="2017-10-10T17:10:28Z">
          <reporter-output>
          </reporter-output>
        </test-method> <!-- TestButtontwo -->
        <test-method status="PASS" signature="TestCalculator()[pri:0, instance:Tests.SharesTest@90f6bfd]" name="TestCalculator" duration-ms="3485" started-at="2017-10-10T17:10:28Z" finished-at="2017-10-10T17:10:32Z">
          <reporter-output>
          </reporter-output>
        </test-method> <!-- TestCalculator -->
        <test-method status="PASS" signature="TestShareSitebar()[pri:0, instance:Tests.SharesTest@90f6bfd]" name="TestShareSitebar" duration-ms="3323" started-at="2017-10-10T17:10:32Z" finished-at="2017-10-10T17:10:35Z">
          <reporter-output>
          </reporter-output>
        </test-method> <!-- TestShareSitebar -->
        <test-method status="PASS" signature="TestSharesHeader()[pri:0, instance:Tests.SharesTest@90f6bfd]" name="TestSharesHeader" duration-ms="1501" started-at="2017-10-10T17:10:35Z" finished-at="2017-10-10T17:10:37Z">
          <reporter-output>
          </reporter-output>
        </test-method> <!-- TestSharesHeader -->
      </class> <!-- Tests.SharesTest -->
    </test> <!-- Command line test -->
  </suite> <!-- Command line suite -->
</testng-results>
